"report-def-0-rfile"
"Time Step" "cd etc.."
("Time Step" "cd" "flow-time")
0 1.821464219086269e-14 0
1 5.580550320305535 0.1
2 4.572762778115575 0.2
3 3.982462607046721 0.3
4 3.588565922862102 0.4
5 3.29331326205726 0.5
6 3.081255498909786 0.6000000000000001
7 2.921323796545962 0.7000000000000001
8 2.790870137664891 0.8
9 2.681479854468992 0.9
10 2.588837405349263 1
11 2.510803351652119 1.1
12 2.445883176608989 1.2
13 2.392327595785445 1.3
14 2.348121828540116 1.4
15 2.310964082831906 1.5
16 2.278230581299093 1.6
17 2.247792752489641 1.7
18 2.218786623882074 1.8
19 2.190991707316897 1.9
20 2.164270915079362 2
21 2.138422238556241 2.1
22 2.112995849889807 2.2
23 2.087679797130919 2.3
24 2.06244742246998 2.4
25 2.037370947590249 2.5
26 2.012239137826282 2.6
27 1.987597217315419 2.7
28 1.963219508529886 2.8
29 1.939225995556178 2.9
30 1.916160671768095 3
31 1.89551834155207 3.1
32 1.879357817584024 3.2
33 1.869458550530362 3.3
34 1.866506109632681 3.4
35 1.870641393428666 3.5
36 1.880372284516927 3.6
37 1.892761799942489 3.7
38 1.903056283481163 3.8
39 1.905527990557095 3.9
40 1.895270815046569 4
41 1.867123922513965 4.100000000000001
42 1.816443308051698 4.2
43 1.738683019757583 4.3
44 1.633485764341581 4.4
45 1.509181407163365 4.5
46 1.397476408337751 4.600000000000001
47 1.324570078877377 4.7
48 1.285797376443298 4.800000000000001
49 1.295626487561672 4.9
50 1.352017687543878 5
51 1.437827395310829 5.100000000000001
52 1.539192097110312 5.2
53 1.651139039651139 5.300000000000001
54 1.773541126254272 5.4
55 1.90387696917354 5.5
56 2.037508525054676 5.600000000000001
57 2.169633841080116 5.7
58 2.295047865271771 5.800000000000001
59 2.408455763438605 5.9
60 2.504125677917049 6
61 2.577014021429122 6.100000000000001
62 2.622767074714 6.2
63 2.643205483065889 6.300000000000001
64 2.642622880493676 6.4
65 2.624102761668263 6.5
66 2.588596849987562 6.600000000000001
67 2.536803903347929 6.7
68 2.46965607226383 6.800000000000001
69 2.389554265093367 6.9
70 2.299693798069253 7
71 2.203364878110054 7.100000000000001
72 2.103544735712365 7.2
73 2.002835264930443 7.300000000000001
74 1.904112119901685 7.4
75 1.811656394053484 7.5
76 1.731306699748328 7.600000000000001
77 1.670212003158529 7.7
78 1.629169229875354 7.800000000000001
79 1.603220441563945 7.9
80 1.587530874804825 8
81 1.580297462255703 8.1
82 1.580150073584944 8.200000000000001
83 1.586890880140474 8.300000000000001
84 1.6005681642384 8.4
85 1.621964147093651 8.5
86 1.652094917937622 8.6
87 1.692262067689374 8.700000000000001
88 1.74329332399988 8.800000000000001
89 1.804942885091546 8.9
90 1.875655426629673 9
91 1.952065761531429 9.1
92 2.028895715037927 9.200000000000001
93 2.099332896562307 9.300000000000001
94 2.155818619723408 9.4
95 2.19423167216454 9.5
96 2.213808275590189 9.600000000000001
97 2.215141487994322 9.700000000000001
98 2.199907601707513 9.800000000000001
99 2.170392591213765 9.9
100 2.129776073697607 10
101 2.08202411189 10.1
102 2.031918928137553 10.2
103 1.983849834895748 10.3
104 1.941402925347179 10.4
105 1.907165882615059 10.5
106 1.881488954917235 10.6
107 1.863643225342877 10.7
108 1.852302120756564 10.8
109 1.845916659341069 10.9
110 1.844901463235826 11
111 1.850041466773595 11.1
112 1.861929515810593 11.2
113 1.880718832019542 11.3
114 1.90583434985394 11.4
115 1.935924476198832 11.5
116 1.968831080443696 11.6
117 2.00165797310411 11.7
118 2.031222551374618 11.8
119 2.054563627637713 11.9
120 2.069663770932268 12
121 2.075346943873072 12.1
122 2.071078909422426 12.2
123 2.05676665668953 12.3
124 2.032904510174756 12.4
125 2.001164203163868 12.5
126 1.964535320637319 12.6
127 1.926729486240006 12.7
128 1.891876024971367 12.8
129 1.863397836960016 12.9
130 1.842896657581243 13
131 1.830308031789839 13.1
132 1.824686405251531 13.2
133 1.824442091757011 13.3
134 1.829418907332121 13.4
135 1.839851058362457 13.5
136 1.855969338495428 13.6
137 1.877689652208193 13.7
138 1.90440111356067 13.8
139 1.934873452090362 13.9
140 1.967229846818664 14
141 1.998945920737046 14.1
142 2.027351748483309 14.2
143 2.050020052052195 14.3
144 2.065043789289579 14.4
145 2.071454707481943 14.5
146 2.068698243841708 14.6
147 2.056604847640243 14.7
148 2.035884587404708 14.8
149 2.008360918868126 14.9
150 1.97711921712622 15
151 1.945901144149198 15.1
152 1.91849569284979 15.2
153 1.897464605334644 15.3
154 1.883681879999294 15.4
155 1.876961521432763 15.5
156 1.876328391613002 15.6
157 1.880749856524806 15.7
158 1.889537716575714 15.8
159 1.902733562931605 15.9
160 1.920260581659669 16
161 1.941589836647014 16.1
162 1.965686014323906 16.2
163 1.991017811615053 16.3
164 2.015507954062081 16.4
165 2.037108672819154 16.5
166 2.053725819413681 16.6
167 2.064029597910978 16.7
168 2.067072806314892 16.8
169 2.062241221545193 16.9
170 2.049302004091432 17
171 2.0285233516862 17.1
172 2.001361244300944 17.2
173 1.970360656284263 17.3
174 1.938942235810409 17.4
175 1.91081685792197 17.5
176 1.888778053392289 17.6
177 1.874244804932484 17.7
178 1.866957211505479 17.8
179 1.866299697807175 17.9
180 1.870966489546823 18
181 1.880208975422692 18.1
182 1.893674032764766 18.2
183 1.911394355727257 18.3
184 1.933056528557048 18.4
185 1.957728716373299 18.5
186 1.984021472332737 18.6
187 2.009884477437796 18.7
188 2.033024148303261 18.8
189 2.051388181716923 18.9
190 2.063458154851705 19
191 2.068197550248676 19.1
192 2.064932955776164 19.2
193 2.053243469905242 19.3
194 2.033243583958869 19.4
195 2.006038494781209 19.5
196 1.97414075212558 19.6
197 1.94103618485639 19.7
198 1.910664446162452 19.8
199 1.886282930954319 19.9
200 1.869674522765646 20
201 1.860935513565348 20.1
202 1.85945000635145 20.2
203 1.863844077277378 20.3
204 1.873147734466507 20.4
205 1.88685440042204 20.5
206 1.905028962521552 20.6
207 1.927362602375276 20.7
208 1.952995944305398 20.8
209 1.980475118474769 20.9
210 2.007829019862803 21
211 2.032712968594339 21.1
212 2.052939427139471 21.2
213 2.066901785870269 21.3
214 2.07350291337967 21.4
215 2.071965682245802 21.5
216 2.061719874787565 21.6
217 2.042650144956934 21.7
218 2.015736584364928 21.8
219 1.983233574901719 21.9
220 1.948667639926191 22
221 1.916126148099002 22.1
222 1.88926406923939 22.2
223 1.870314715755585 22.3
224 1.859686388061931 22.4
225 1.856747576469395 22.5
226 1.860138732706047 22.6
227 1.868668202111562 22.7
228 1.881794887013498 22.8
229 1.899526385907607 22.9
230 1.921629164360728 23
231 1.947419554263999 23.1
232 1.975566399111989 23.2
233 2.004099047164491 23.3
234 2.030546462605636 23.4
235 2.052647230907103 23.5
236 2.068666403274924 23.6
237 2.077294353933149 23.7
238 2.077760440369467 23.8
239 2.069358148581263 23.9
240 2.05182202530199 24
241 2.02573989109515 24.1
242 1.993233540956584 24.2
243 1.957645899327415 24.3
244 1.923033447769492 24.4
245 1.893553301964267 24.5
246 1.871847931754311 24.6
247 1.858830741204107 24.7
248 1.853853448134102 24.8
249 1.855732679655741 24.9
250 1.863079948134221 25
251 1.875112177246003 25.1
252 1.891929258341825 25.2
253 1.913391012470999 25.3
254 1.938905107030767 25.4
255 1.967321757888354 25.5
256 1.996750686822105 25.6
257 2.024794293007594 25.7
258 2.048975286536939 25.8
259 2.067317014536227 25.9
260 2.078441868142369 26
261 2.081409154046471 26.1
262 2.075507528578909 26.2
263 2.060258343389978 26.3
264 2.035933270050319 26.4
265 2.004310758770209 26.5
266 1.968484864033207 26.6
267 1.932414818818142 26.7
268 1.900590231343701 26.8
269 1.876092300402521 26.9
270 1.860443599688161 27
271 1.853060698833505 27.1
272 1.853149091805102 27.2
273 1.859017770224793 27.3
274 1.869800466508533 27.4
275 1.885360062579238 27.5
276 1.905750898197728 27.6
277 1.930527068955688 27.7
278 1.958692261623222 27.8
279 1.988464221642884 27.9
280 2.017623300568064 28
281 2.043604174285585 28.1
282 2.06413223049029 28.2
283 2.077705861738754 28.3
284 2.083288413679075 28.4
285 2.080050551781832 28.5
286 2.067487715386913 28.6
287 2.04546600630955 28.7
288 2.015438523258504 28.8
289 1.98006081927903 28.9
290 1.943211427424469 29
291 1.909361344973661 29.1
292 1.882193145347528 29.2
293 1.863632726003489 29.3
294 1.853805829479685 29.4
295 1.85179959899451 29.5
296 1.856008974341702 29.6
297 1.865400637483017 29.7
298 1.879500168060598 29.8
299 1.898551982606751 29.9
300 1.922207192204744 30
