"report-def-0-rfile"
"Time Step" "cd etc.."
("Time Step" "cd" "flow-time")
0 -8.673639140195381e-16 0
1 5.141832594620126 0.1
2 4.299758800391479 0.2
3 3.755396908976832 0.3
4 3.371866028314566 0.4
5 3.090405551460291 0.5
6 2.8860108369802 0.6000000000000001
7 2.731572283426071 0.7000000000000001
8 2.606423229573065 0.8
9 2.504143522816504 0.9
10 2.4211836381074 1
11 2.351595703635835 1.1
12 2.291732921944207 1.2
13 2.240575640488808 1.3
14 2.197821611217847 1.4
15 2.162360130112987 1.5
16 2.132261784365817 1.6
17 2.105355798636067 1.7
18 2.080013676275776 1.8
19 2.056138663587695 1.9
20 2.033968759124642 2
21 2.013765869730434 2.1
22 1.995875751249797 2.2
23 1.980405162113375 2.3
24 1.967380016398997 2.4
25 1.956537605451981 2.5
26 1.94751916471948 2.6
27 1.939769687478838 2.7
28 1.932620193327047 2.8
29 1.925455539402741 2.9
30 1.91801843657465 3
31 1.910240040481419 3.1
32 1.902359534869424 3.2
33 1.894909233144858 3.3
34 1.887951985211887 3.4
35 1.881370418093677 3.5
36 1.875009128897973 3.6
37 1.868868906650998 3.7
38 1.862817955719277 3.8
39 1.856465228643283 3.9
40 1.849098929485475 4
41 1.839750867520821 4.100000000000001
42 1.82663500848984 4.2
43 1.807473340297068 4.3
44 1.779576109686931 4.4
45 1.739644389927988 4.5
46 1.683875072268055 4.600000000000001
47 1.610384297809804 4.7
48 1.52139575537467 4.800000000000001
49 1.422991643164 4.9
50 1.325512679554645 5
51 1.244081270971995 5.100000000000001
52 1.186719133732222 5.2
53 1.135325149663986 5.300000000000001
54 1.095932641623951 5.4
55 1.080490327979705 5.5
56 1.092893530019052 5.600000000000001
57 1.129297804724733 5.7
58 1.180674810750823 5.800000000000001
59 1.242527449475467 5.9
60 1.313985087615482 6
61 1.397045417357974 6.100000000000001
62 1.490027205454117 6.2
63 1.592488958343893 6.300000000000001
64 1.702414629324966 6.4
65 1.814756018035309 6.5
66 1.922635038554166 6.600000000000001
67 2.018374177958079 6.7
68 2.09489314113339 6.800000000000001
69 2.147597310563577 6.9
70 2.178321689475009 7
71 2.188568868566039 7.100000000000001
72 2.17957597463558 7.2
73 2.152958513708532 7.300000000000001
74 2.110918380424379 7.4
75 2.056103779318549 7.5
76 1.991443405040693 7.600000000000001
77 1.920095186582673 7.7
78 1.845092731359816 7.800000000000001
79 1.769425451264912 7.9
80 1.696002655527354 8
81 1.627786102282877 8.1
82 1.567264215343471 8.200000000000001
83 1.516545079740331 8.300000000000001
84 1.475872935098694 8.4
85 1.444448077586897 8.5
86 1.421633698899346 8.6
87 1.406198453148458 8.700000000000001
88 1.39761583951999 8.800000000000001
89 1.395985194462307 8.9
90 1.402095947576184 9
91 1.416461889375086 9.1
92 1.439574825086534 9.200000000000001
93 1.471678703493862 9.300000000000001
94 1.512391338486663 9.4
95 1.560738495848567 9.5
96 1.615131565877621 9.600000000000001
97 1.67291278550159 9.700000000000001
98 1.730927179495208 9.800000000000001
99 1.786694988617416 9.9
100 1.838256540970636 10
101 1.884079201281819 10.1
102 1.92260601386737 10.2
103 1.952896075315661 10.3
104 1.974676703235927 10.4
105 1.988030780729237 10.5
106 1.99353150590146 10.6
107 1.992251983284731 10.7
108 1.986052067067336 10.8
109 1.976309138819128 10.9
110 1.964327800599225 11
111 1.952022675208924 11.1
112 1.940071577321842 11.2
113 1.929241472306138 11.3
114 1.920327502644809 11.4
115 1.913729835180646 11.5
116 1.909640786564829 11.6
117 1.908050095148648 11.7
118 1.908666597825249 11.8
119 1.910962549862638 11.9
120 1.914251208525937 12
121 1.917750349324429 12.1
122 1.920710432924469 12.2
123 1.922410889968554 12.3
124 1.922109384492574 12.4
125 1.919054772945681 12.5
126 1.912308931191622 12.6
127 1.900888501986524 12.7
128 1.884047355319267 12.8
129 1.861263453568153 12.9
130 1.832269903850497 13
131 1.79732025553274 13.1
132 1.757110169098606 13.2
133 1.712899393170717 13.3
134 1.666592241128803 13.4
135 1.620558100173094 13.5
136 1.577198443307959 13.6
137 1.537633631685257 13.7
138 1.502909053809991 13.8
139 1.473976820489358 13.9
140 1.450403782926106 14
141 1.431332653424147 14.1
142 1.416603514093181 14.2
143 1.406953694449546 14.3
144 1.403599884882729 14.4
145 1.408254945600219 14.5
146 1.422228932872228 14.6
147 1.445857854394445 14.7
148 1.478635029458712 14.8
149 1.519239686593277 14.9
150 1.565822089400732 15
151 1.616058526940047 15.1
152 1.667389620888236 15.2
153 1.717135790360039 15.3
154 1.762881978950501 15.4
155 1.802472804242891 15.5
156 1.834491620039132 15.6
157 1.858194860218459 15.7
158 1.87372604760349 15.8
159 1.882002794392598 15.9
160 1.884318717594178 16
161 1.882176253602851 16.1
162 1.87725766836063 16.2
163 1.870921129822512 16.3
164 1.864382327854239 16.4
165 1.858778405694665 16.5
166 1.85499594259489 16.6
167 1.85361274856891 16.7
168 1.854983202567788 16.8
169 1.859200128992079 16.9
170 1.866017707263832 17
171 1.874766500272519 17.1
172 1.884830087928271 17.2
173 1.895007493418572 17.3
174 1.90440232257962 17.4
175 1.911886538698225 17.5
176 1.916540901803159 17.6
177 1.917394298941682 17.7
178 1.913386223333294 17.8
179 1.903464950533748 17.9
180 1.886704011095631 18
181 1.862555147493893 18.1
182 1.831141711200293 18.2
183 1.793449362508127 18.3
184 1.751462171492831 18.4
185 1.707577232297575 18.5
186 1.664653995266596 18.6
187 1.625496774990803 18.7
188 1.591248387423024 18.8
189 1.562947361784947 18.9
190 1.541388295872236 19
191 1.526512114655911 19.1
192 1.517980502384946 19.2
193 1.515776632386427 19.3
194 1.520363624951801 19.4
195 1.532044047381095 19.5
196 1.55114629335962 19.6
197 1.577524983510811 19.7
198 1.610152473548075 19.8
199 1.647662389408662 19.9
200 1.687981727268934 20
201 1.728910663597339 20.1
202 1.768089381965683 20.2
203 1.803468505584777 20.3
204 1.833484834632293 20.4
205 1.856829772173138 20.5
206 1.872584506366507 20.6
207 1.88050686723522 20.7
208 1.880979188564965 20.8
209 1.875049724251889 20.9
210 1.864257971051865 21
211 1.850564641405738 21.1
212 1.835862276208323 21.2
213 1.822028722595919 21.3
214 1.810500967961567 21.4
215 1.80235586914496 21.5
216 1.798322010006849 21.6
217 1.798922740445335 21.7
218 1.804300676656558 21.8
219 1.814268509572685 21.9
220 1.828326687636329 22
221 1.845769875622589 22.1
222 1.865395308357796 22.2
223 1.885866032285295 22.3
224 1.905905586931742 22.4
225 1.924246705409 22.5
226 1.939913396382679 22.6
227 1.952009755806518 22.7
228 1.959584452436575 22.8
229 1.961551017254354 22.9
230 1.95683358045917 23
231 1.944195577136152 23.1
232 1.922566642966863 23.2
233 1.891864868300189 23.3
234 1.852885237252673 23.4
235 1.807450213531371 23.5
236 1.758451360904502 23.6
237 1.709140615867159 23.7
238 1.662960224608291 23.8
239 1.62306306560997 23.9
240 1.590700453015846 24
241 1.566327292992727 24.1
242 1.55047168663543 24.2
243 1.54278845321475 24.3
244 1.542474732665782 24.4
245 1.549154364213071 24.5
246 1.562561728457289 24.6
247 1.582612739380533 24.7
248 1.608747832200732 24.8
249 1.640052599392946 24.9
250 1.674768429748563 25
251 1.710999598900898 25.1
252 1.746583673462479 25.2
253 1.779630055138282 25.3
254 1.808708579930718 25.4
255 1.832549637034472 25.5
256 1.850108499917817 25.6
257 1.860650850631425 25.7
258 1.863859526724325 25.8
259 1.859826072582018 25.9
260 1.849499265627128 26
261 1.834445349938674 26.1
262 1.816669939486466 26.2
263 1.79829918788944 26.3
264 1.781541246264819 26.4
265 1.768131161245273 26.5
266 1.759419761824735 26.6
267 1.756094615018825 26.7
268 1.758560687949459 26.8
269 1.766930970982565 26.9
270 1.780775360947396 27
271 1.799498924350928 27.1
272 1.822007072610855 27.2
273 1.847159273300564 27.3
274 1.873510500542736 27.4
275 1.899526718213642 27.5
276 1.923982720215533 27.6
277 1.945645182423454 27.7
278 1.963609064184752 27.8
279 1.976930173567647 27.9
280 1.984595243118913 28
281 1.985386762133868 28.1
282 1.97812004645302 28.2
283 1.961306322209167 28.3
284 1.934544803811088 28.4
285 1.898314508259778 28.5
286 1.854202437638535 28.6
287 1.804990089053764 28.7
288 1.754200094490013 28.8
289 1.705500194353079 28.9
290 1.662356218562405 29
291 1.626904519512766 29.1
292 1.599665055495811 29.2
293 1.581103869137328 29.3
294 1.570988022031678 29.4
295 1.568749635082231 29.5
296 1.57359528968646 29.6
297 1.585090556220855 29.7
298 1.602870851604902 29.8
299 1.626291275773711 29.9
300 1.65443524485732 30
