"report-def-0-rfile"
"Time Step" "cd etc.."
("Time Step" "cd" "flow-time")
0 4.047698264579507e-15 0
1 5.944956425904995 0.1
2 4.957631092564091 0.2
3 4.416796880883374 0.3
4 4.083930429101764 0.4
5 3.848955643570877 0.5
6 3.654130266801726 0.6000000000000001
7 3.482166834040683 0.7000000000000001
8 3.336922213554047 0.8
9 3.204275923569239 0.9
10 3.076544469705211 1
11 2.960092031127012 1.1
12 2.848023235313997 1.2
13 2.732662236244858 1.3
14 2.610408692025296 1.4
15 2.474923576120002 1.5
16 2.317544375678137 1.6
17 2.133418096851861 1.7
18 1.938402819105361 1.8
19 1.762626502904111 1.9
20 1.626648883731549 2
21 1.536037165991649 2.1
22 1.48171430759648 2.2
23 1.461167417571261 2.3
24 1.469347463985762 2.4
25 1.496535805829422 2.5
26 1.511985122083487 2.6
27 1.505753568549388 2.7
28 1.485263997276647 2.8
29 1.457133513255762 2.9
30 1.428119547885611 3
31 1.399867347852715 3.1
32 1.373813575073422 3.2
33 1.351544048887122 3.3
34 1.33452062243275 3.4
35 1.32416443416773 3.5
36 1.321584534146251 3.6
37 1.327844904460663 3.7
38 1.34385754736887 3.8
39 1.371222182948084 3.9
40 1.412150659382874 4
41 1.468663181252119 4.100000000000001
42 1.545740032468626 4.2
43 1.646577899416825 4.3
44 1.771142434115334 4.4
45 1.917080904882119 4.5
46 2.08057602536238 4.600000000000001
47 2.257188497107359 4.7
48 2.442713501264326 4.800000000000001
49 2.634464175577712 4.9
50 2.831248446337511 5
51 3.027159439866514 5.100000000000001
52 3.208103095514905 5.2
53 3.3658504759299 5.300000000000001
54 3.500565482464401 5.4
55 3.615283785905294 5.5
56 3.708845779607712 5.600000000000001
57 3.77896805894664 5.7
58 3.824482670869182 5.800000000000001
59 3.845982889519137 5.9
60 3.843776649738406 6
61 3.818700306124467 6.100000000000001
62 3.774429729921438 6.2
63 3.713169324638087 6.300000000000001
64 3.637941665107767 6.4
65 3.548535923112199 6.5
66 3.446165018550608 6.600000000000001
67 3.331058359527362 6.7
68 3.203845373105114 6.800000000000001
69 3.064847680078373 6.9
70 2.915124393790729 7
71 2.757800357350536 7.100000000000001
72 2.597477795548206 7.2
73 2.440299949811621 7.300000000000001
74 2.293240208645814 7.4
75 2.162871697473023 7.5
76 2.056448868299575 7.600000000000001
77 1.981132417574463 7.7
78 1.941346824050879 7.800000000000001
79 1.937362110925565 7.9
80 1.951193535807391 8
81 1.948862411025074 8.1
82 1.934795047822017 8.200000000000001
83 1.916086599634423 8.300000000000001
84 1.901153322961063 8.4
85 1.891354845951981 8.5
86 1.886953953253901 8.6
87 1.888130694271727 8.700000000000001
88 1.895914682665642 8.800000000000001
89 1.913890812261393 8.9
90 1.948449005388488 9
91 2.003218215469929 9.1
92 2.079781865275453 9.200000000000001
93 2.17347541805213 9.300000000000001
94 2.277533339223802 9.4
95 2.384775474644042 9.5
96 2.488959354915766 9.600000000000001
97 2.585105259497089 9.700000000000001
98 2.667747996733655 9.800000000000001
99 2.730724725815184 9.9
100 2.770069670114278 10
101 2.789770130406072 10.1
102 2.792571827714719 10.2
103 2.780062253267718 10.3
104 2.754379195674054 10.4
105 2.717268487813021 10.5
106 2.66988074333725 10.6
107 2.61292008485753 10.7
108 2.546291284532547 10.8
109 2.470623296971139 10.9
110 2.387031990549403 11
111 2.295330044641994 11.1
112 2.194348538472991 11.2
113 2.084328264184995 11.3
114 1.96625292103247 11.4
115 1.842812575384049 11.5
116 1.719709365423959 11.6
117 1.604831371072991 11.7
118 1.505774927143506 11.8
119 1.427679870481165 11.9
120 1.372785162589422 12
121 1.340971586006961 12.1
122 1.3271325320984 12.2
123 1.323186168553311 12.3
124 1.323085372338632 12.4
125 1.322486736745825 12.5
126 1.320385048459223 12.6
127 1.317984439250615 12.7
128 1.317136366685339 12.8
129 1.319885302723403 12.9
130 1.328316385852509 13
131 1.344456690090155 13.1
132 1.369461079804638 13.2
133 1.404355995053368 13.3
134 1.450478612498775 13.4
135 1.508196527953331 13.5
136 1.578946507955577 13.6
137 1.663223108443676 13.7
138 1.762121156887895 13.8
139 1.877204365540223 13.9
140 2.009015540840287 14
141 2.156916903193953 14.1
142 2.319253828930589 14.2
143 2.495391587484432 14.3
144 2.682938320264783 14.4
145 2.870098543027123 14.5
146 3.039943488166723 14.6
147 3.186099320700136 14.7
148 3.311892506684177 14.8
149 3.419661816622257 14.9
150 3.506867509092987 15
151 3.569969085814271 15.1
152 3.607764468876869 15.2
153 3.618014208356326 15.3
154 3.600597604362076 15.4
155 3.558490115897188 15.5
156 3.494675961327237 15.6
157 3.412236589587208 15.7
158 3.314816549337269 15.8
159 3.205050388519626 15.9
160 3.084674285631334 16
161 2.955321812624991 16.1
162 2.818734607995802 16.2
163 2.678008848312261 16.3
164 2.538185907865528 16.4
165 2.404975325142822 16.5
166 2.283547804552834 16.6
167 2.177806361157395 16.7
168 2.090926716176844 16.8
169 2.027353311646912 16.9
170 1.986225590433119 17
171 1.964941374686644 17.1
172 1.949718412181819 17.2
173 1.926984209640387 17.3
174 1.897956705575669 17.4
175 1.868760159611108 17.5
176 1.844012697858275 17.6
177 1.824644486286163 17.7
178 1.811531526736002 17.8
179 1.806530159624681 17.9
180 1.813245411505282 18
181 1.835470374015924 18.1
182 1.876191825364479 18.2
183 1.937376049623203 18.3
184 2.016793633356824 18.4
185 2.109698838059436 18.5
186 2.210110022906077 18.6
187 2.312216612251969 18.7
188 2.410340283068995 18.8
189 2.498716511363597 18.9
190 2.570668318425749 19
191 2.622643234699037 19.1
192 2.65721700181542 19.2
193 2.676285404388882 19.3
194 2.680895376055991 19.4
195 2.671399305497111 19.5
196 2.648520342291872 19.6
197 2.612548336204425 19.7
198 2.564018681020371 19.8
199 2.505256348576834 19.9
200 2.439127431913068 20
201 2.367083990000535 20.1
202 2.28977950432574 20.2
203 2.208867930084221 20.3
204 2.124421995301788 20.4
205 2.036410130775918 20.5
206 1.945847847379112 20.6
207 1.85526088311164 20.7
208 1.767980423150266 20.8
209 1.687168431518579 20.9
210 1.616177429061019 21
211 1.557583984205527 21.1
212 1.511685365658511 21.2
213 1.476868934815291 21.3
214 1.449134824686858 21.4
215 1.424619638137428 21.5
216 1.399271027362066 21.6
217 1.373731514114295 21.7
218 1.349335814257509 21.8
219 1.327547298568875 21.9
220 1.309323513597022 22
221 1.295069871560499 22.1
222 1.285433473149488 22.2
223 1.281634963210852 22.3
224 1.285585874795968 22.4
225 1.299266523249447 22.5
226 1.324567344155089 22.6
227 1.363498568279941 22.7
228 1.417402064157826 22.8
229 1.487164608763489 22.9
230 1.573518679736882 23
231 1.676619729479774 23.1
232 1.79723254305365 23.2
233 1.93605623475863 23.3
234 2.095662259760517 23.4
235 2.279151895166446 23.5
236 2.487469705977202 23.6
237 2.711501695270293 23.7
238 2.93273010947859 23.8
239 3.134171720682431 23.9
240 3.304329344286817 24
241 3.433464471937023 24.1
242 3.521811814796587 24.2
243 3.571263705977122 24.3
244 3.58433808262778 24.4
245 3.565962611421384 24.5
246 3.517715853004681 24.6
247 3.444550458222443 24.7
248 3.351754361104799 24.8
249 3.244313070259405 24.9
250 3.12649051258943 25
251 3.001766512545581 25.1
252 2.873377484211776 25.2
253 2.744894354414079 25.3
254 2.620306694540493 25.4
255 2.502903193730029 25.5
256 2.394112137823611 25.6
257 2.295052812075396 25.7
258 2.208542827858411 25.8
259 2.135950222137318 25.9
260 2.076838664019998 26
261 2.026505494107705 26.1
262 1.976308333732668 26.2
263 1.923968501966079 26.3
264 1.869519773050486 26.4
265 1.816748489741396 26.5
266 1.774282639093946 26.6
267 1.753016348305367 26.7
268 1.7616819897961 26.8
269 1.802980470346105 26.9
270 1.872517337184065 27
271 1.961086637556914 27.1
272 2.058945761705699 27.2
273 2.158005658860188 27.3
274 2.25352082771109 27.4
275 2.342814075889455 27.5
276 2.423524289352323 27.6
277 2.493789742469669 27.7
278 2.551620111672835 27.8
279 2.594089765888713 27.9
280 2.620272035456658 28
281 2.632652419943119 28.1
282 2.633238882016378 28.2
283 2.623198296929915 28.3
284 2.603488111282251 28.4
285 2.575394239029382 28.5
286 2.539525203175594 28.6
287 2.496484685565116 28.7
288 2.448222509979786 28.8
289 2.396014829102846 28.9
290 2.340336134146196 29
291 2.280900872796182 29.1
292 2.219090340802542 29.2
293 2.155341890692906 29.3
294 2.089873680554147 29.4
295 2.023606529582391 29.5
296 1.958384842468715 29.6
297 1.896822313808588 29.7
298 1.841370160429775 29.8
299 1.794406107619625 29.9
300 1.757276193651913 30
301 1.729638063022742 30.1
302 1.709797772657418 30.2
303 1.695145694786335 30.3
304 1.680156792519791 30.4
305 1.659219047968736 30.5
306 1.626772047355749 30.6
307 1.583806819149177 30.7
308 1.536901942942072 30.8
309 1.491433771441715 30.9
310 1.449942529954438 31
311 1.412385411154772 31.1
312 1.377588088541668 31.2
313 1.345004313042043 31.3
314 1.31533931727228 31.4
315 1.290537763984605 31.5
316 1.27344782675025 31.6
317 1.266968814845035 31.7
318 1.27372730265335 31.8
319 1.295972428939491 31.9
320 1.33509969997299 32
321 1.392374803852794 32.1
322 1.468854853763268 32.2
323 1.565594058232719 32.3
324 1.683395971521192 32.4
325 1.822836067813668 32.5
326 1.98393930873144 32.6
327 2.166178387989371 32.7
328 2.366699677134137 32.8
329 2.578633403912984 32.9
330 2.789916517928321 33
331 2.98467464159799 33.1
332 3.146988896796706 33.2
333 3.265543537436624 33.3
334 3.340508015890531 33.4
335 3.375836776228985 33.5
336 3.376354096209923 33.6
337 3.348509805740374 33.7
338 3.294685427866265 33.8
339 3.22041180768396 33.9
340 3.130821713921886 34
341 3.030977310351697 34.1
342 2.923633064187722 34.2
343 2.809925434525165 34.3
344 2.690316373235611 34.4
345 2.566649454704962 34.5
346 2.442964256939425 34.6
347 2.323610403590778 34.7
348 2.212989042135668 34.8
349 2.114671487160521 34.9
350 2.029672050331757 35
351 1.956477712898042 35.1
352 1.890262520774155 35.2
353 1.828637323873621 35.3
354 1.770299180789839 35.4
355 1.718755877627381 35.5
356 1.682123595509874 35.6
357 1.670421543712444 35.7
358 1.690815924658106 35.8
359 1.744856913717608 35.9
360 1.827509233964842 36
361 1.929029652691508 36.1
362 2.03872969839312 36.2
363 2.148006673405712 36.3
364 2.251789794670487 36.4
365 2.347179613133209 36.5
366 2.432578330335009 36.6
367 2.506890292985679 36.7
368 2.5686151349355 36.8
369 2.616309092809864 36.9
370 2.648765520503323 37
371 2.666860464339674 37.1
372 2.672461250522205 37.2
373 2.666860906181219 37.3
374 2.651855175729709 37.4
375 2.629132624241199 37.5
376 2.599919539824544 37.6
377 2.565516717851345 37.7
378 2.52784077160905 37.8
379 2.487778814031538 37.9
380 2.44536960753552 38
381 2.400499993930847 38.1
382 2.353139689770791 38.2
383 2.304849651584032 38.3
384 2.255936158956721 38.40000000000001
385 2.207725487659362 38.5
386 2.162171255095141 38.6
387 2.121654213022147 38.7
388 2.088386471209522 38.8
389 2.062933265935224 38.90000000000001
390 2.044627592364229 39
391 2.031172295699193 39.1
392 2.019068860919087 39.2
393 2.003822383632323 39.3
394 1.981506261430307 39.40000000000001
395 1.950646301293564 39.5
396 1.910113696384171 39.6
397 1.861223113387481 39.7
398 1.804753912870748 39.8
399 1.740226824061941 39.90000000000001
400 1.668658248045004 40
401 1.595278319605335 40.1
402 1.529423100206878 40.2
403 1.47839850952826 40.3
404 1.443685979146547 40.40000000000001
405 1.422132277127649 40.5
406 1.409195576115894 40.6
407 1.401501934811835 40.7
408 1.397764721142162 40.8
409 1.399183760038583 40.90000000000001
410 1.408388872605115 41
411 1.427874895286228 41.1
412 1.459398068724008 41.2
413 1.503835458569654 41.3
414 1.56184081029623 41.40000000000001
415 1.63383528682562 41.5
416 1.720443644117646 41.6
417 1.822782389881533 41.7
418 1.941680648466843 41.8
419 2.077719742408896 41.90000000000001
420 2.23038232085691 42
421 2.396936645497627 42.1
422 2.572080063007034 42.2
423 2.746540183057363 42.3
424 2.908153200864906 42.40000000000001
425 3.043383914841896 42.5
426 3.143567743733136 42.6
427 3.208017209694454 42.7
428 3.237632208229218 42.8
429 3.23687989129398 42.90000000000001
430 3.208302608245335 43
431 3.155124702248182 43.1
432 3.082041670338124 43.2
433 2.993214922642731 43.3
434 2.891658849773617 43.40000000000001
435 2.779089087363958 43.5
436 2.657355353860762 43.6
437 2.530031199747713 43.7
438 2.402755618443405 43.8
439 2.282498541297035 43.90000000000001
440 2.174451077406248 44
441 2.080552265106527 44.1
442 2.000424499907034 44.2
443 1.931366543704922 44.3
444 1.869904554467362 44.40000000000001
445 1.813356705858511 44.5
446 1.760874383397923 44.6
447 1.714227914844495 44.7
448 1.67865354848494 44.8
449 1.661275885388276 44.90000000000001
450 1.668117185272985 45
451 1.702351449691814 45.1
452 1.763000521785076 45.2
453 1.845103218726163 45.3
454 1.941225246056844 45.40000000000001
455 2.0438655124183 45.5
456 2.147125638537292 45.6
457 2.246481981060819 45.7
458 2.338616829595821 45.8
459 2.421246168802047 45.90000000000001
460 2.492145796010658 46
461 2.549554113819061 46.1
462 2.592025074207686 46.2
463 2.619365798691815 46.3
464 2.633245673590103 46.40000000000001
465 2.635024861250191 46.5
466 2.626478273759338 46.6
467 2.609473206462201 46.7
468 2.584964167017124 46.8
469 2.554226588180074 46.90000000000001
470 2.518676480585912 47
471 2.478957436674566 47.1
472 2.435026181820723 47.2
473 2.386811580550681 47.3
474 2.334720416973781 47.40000000000001
475 2.280084627170357 47.5
476 2.223423284671729 47.6
477 2.166058316120559 47.7
478 2.109366277079086 47.8
479 2.055222124218251 47.90000000000001
480 2.005071378616254 48
481 1.959934916972576 48.1
482 1.919521703648765 48.2
483 1.883224856136582 48.3
484 1.850623242754649 48.40000000000001
485 1.819579890097854 48.5
486 1.788340975282236 48.6
487 1.75428672510374 48.7
488 1.71264950280685 48.8
489 1.661176500531276 48.90000000000001
490 1.601906576795038 49
491 1.542141830785068 49.1
492 1.490931020868407 49.2
493 1.452197372843815 49.3
494 1.425432658908984 49.40000000000001
495 1.408856450849827 49.5
496 1.400322772277238 49.6
497 1.399151434171333 49.7
498 1.405705702004749 49.8
499 1.42108572386996 49.90000000000001
500 1.446446329124994 50
501 1.482481579725024 50.1
502 1.529446639001609 50.2
503 1.587596018844273 50.3
504 1.657485178347394 50.40000000000001
505 1.739951546666144 50.5
506 1.836448318523574 50.6
507 1.948601829433904 50.7
508 2.07743667514692 50.8
509 2.222206981614506 50.90000000000001
510 2.380302058773417 51
511 2.544574729655721 51.1
512 2.704143882335731 51.2
513 2.846687498760534 51.3
514 2.96141275623929 51.40000000000001
515 3.044290496251742 51.5
516 3.095940159890957 51.6
517 3.117027688455266 51.7
518 3.110629963828305 51.8
519 3.078415286056392 51.90000000000001
520 3.021760512559312 52
521 2.944222450735175 52.1
522 2.849535162387598 52.2
523 2.74182036523765 52.3
524 2.625028922049703 52.40000000000001
525 2.502657028915912 52.5
526 2.379324288190158 52.6
527 2.261145716652267 52.7
528 2.154327912537528 52.8
529 2.062998015574661 52.90000000000001
530 1.987909784572961 53
531 1.926380128400332 53.1
532 1.874275876070641 53.2
533 1.827374174625254 53.3
534 1.783996227021538 53.40000000000001
535 1.743779086945016 53.5
536 1.7084132087141 53.6
537 1.680393511660309 53.7
538 1.661940141302386 53.8
539 1.655503951459405 53.90000000000001
540 1.663973701484533 54
541 1.689932790987152 54.1
542 1.734512068346182 54.2
543 1.796121786444458 54.3
544 1.870719973866436 54.40000000000001
545 1.953373835005968 54.5
546 2.039673102694175 54.6
547 2.125108295012455 54.7
548 2.206032929943486 54.8
549 2.279584393209228 54.90000000000001
550 2.342957241333899 55
551 2.394146097169862 55.1
552 2.432039616565921 55.2
553 2.45739925132187 55.3
554 2.471692533514985 55.40000000000001
555 2.475764428310117 55.5
556 2.4707644869803 55.6
557 2.456894406851986 55.7
558 2.434219183384391 55.8
559 2.403108784411297 55.90000000000001
560 2.364464054844172 56
561 2.318552493491257 56.1
562 2.265840437619081 56.2
563 2.208117119767634 56.3
564 2.146620740533263 56.40000000000001
565 2.082678956574697 56.5
566 2.017732210379869 56.6
567 1.953574327462464 56.7
568 1.891924117344038 56.8
569 1.83455991272653 56.90000000000001
570 1.783789741798823 57
571 1.739214681965506 57.1
572 1.699884024347315 57.2
573 1.664030058109446 57.3
574 1.625751296214606 57.40000000000001
575 1.581861265856563 57.5
576 1.533845029951859 57.6
577 1.488866031831161 57.7
578 1.45401192564882 57.8
579 1.431595782360447 57.90000000000001
580 1.420258269024516 58
581 1.418053685282242 58.1
582 1.423519077378719 58.2
583 1.436555041105184 58.3
584 1.458200522348852 58.40000000000001
585 1.490110108715795 58.5
586 1.533812870260347 58.6
587 1.590711647753466 58.7
588 1.662207427186949 58.8
589 1.749921853967576 58.90000000000001
590 1.855864281773933 59
591 1.98202431023508 59.1
592 2.129436479513933 59.2
593 2.29543940746218 59.3
594 2.474040246112238 59.40000000000001
595 2.653304926819945 59.5
596 2.821396100624752 59.6
597 2.967550727157098 59.7
598 3.082914889116324 59.8
599 3.164838564778777 59.90000000000001
600 3.213525298240688 60
601 3.230733301971637 60.1
602 3.219254469934861 60.2
603 3.182035541649205 60.3
604 3.11979734882476 60.40000000000001
605 3.035406065238456 60.5
606 2.932182544974347 60.6
607 2.813153747836708 60.7
608 2.681632747512802 60.8
609 2.541195325224766 60.90000000000001
610 2.397171621471644 61
611 2.257195306018033 61.1
612 2.1306423512833 61.2
613 2.024146849635841 61.3
614 1.941515635599903 61.40000000000001
615 1.883896190711941 61.5
616 1.847840185293213 61.6
617 1.826298924091384 61.7
618 1.808862894557274 61.8
619 1.79245834540789 61.90000000000001
620 1.776755575249595 62
621 1.763945668905061 62.1
622 1.755437806765007 62.2
623 1.752209276494372 62.3
624 1.755781452700478 62.40000000000001
625 1.766039520690564 62.5
626 1.783825593208303 62.6
627 1.810484016289462 62.7
628 1.847686192309796 62.8
629 1.896527589846767 62.90000000000001
630 1.956438551059424 63
631 2.025445462264053 63.1
632 2.100264955186575 63.2
633 2.176751609569568 63.3
634 2.250287185590281 63.40000000000001
635 2.316327588133527 63.5
636 2.370285599774515 63.6
637 2.409969762889755 63.7
638 2.436224265123875 63.8
639 2.450042226514896 63.90000000000001
640 2.452165165691418 64
641 2.442728107003323 64.10000000000001
642 2.421310841426703 64.2
643 2.387306880987341 64.3
644 2.340772271409536 64.40000000000001
645 2.283274379191652 64.5
646 2.216560820554296 64.60000000000001
647 2.142722430097943 64.7
648 2.064950393301977 64.8
649 1.985431007946664 64.90000000000001
650 1.906621812997054 65
651 1.830902565593789 65.10000000000001
652 1.760827040584194 65.2
653 1.699046502484986 65.3
654 1.644978074241144 65.40000000000001
655 1.596610463015397 65.5
656 1.549252686439381 65.60000000000001
657 1.501423176702321 65.7
658 1.458365093035109 65.8
659 1.42511074157721 65.90000000000001
660 1.403076858452488 66
661 1.391144218811372 66.10000000000001
662 1.387438112385631 66.2
663 1.390346509420741 66.3
664 1.399392553212312 66.40000000000001
665 1.415334366613433 66.5
666 1.439538104950324 66.60000000000001
667 1.473553059292866 66.7
668 1.519048171443418 66.8
669 1.577431398595862 66.90000000000001
670 1.65015690553554 67
671 1.738801171549809 67.10000000000001
672 1.845147881474952 67.2
673 1.971548105878784 67.3
674 2.120252775421827 67.40000000000001
675 2.293462257424886 67.5
676 2.487814372315123 67.60000000000001
677 2.690806385902025 67.7
678 2.887455849292467 67.8
679 3.066413762708684 67.90000000000001
680 3.218745834914094 68
681 3.335077702682278 68.10000000000001
682 3.412882562539019 68.2
683 3.452550257130468 68.3
684 3.455021453394624 68.40000000000001
685 3.42480243185983 68.5
686 3.365887488404239 68.60000000000001
687 3.281621401056924 68.7
688 3.177704973085388 68.8
689 3.058585545692742 68.90000000000001
690 2.927831473134081 69
691 2.788166407229283 69.10000000000001
692 2.642834596971662 69.2
693 2.497329618288198 69.3
694 2.359615297017198 69.40000000000001
695 2.23684958496199 69.5
696 2.133640049278189 69.60000000000001
697 2.052993813476157 69.7
698 1.997334874921319 69.8
699 1.964200191996209 69.90000000000001
700 1.947298525583948 70
701 1.93130940849829 70.10000000000001
702 1.911774856437914 70.2
703 1.887299869097855 70.3
704 1.861287929192649 70.40000000000001
705 1.837296775129813 70.5
706 1.817030486862042 70.60000000000001
707 1.802657512151402 70.7
708 1.797370334029851 70.8
709 1.803612946058319 70.90000000000001
710 1.824813007038579 71
711 1.863061549702095 71.10000000000001
712 1.918266537957484 71.2
713 1.988062777333304 71.3
714 2.068574218745293 71.40000000000001
715 2.155497045000997 71.5
716 2.243913361851838 71.60000000000001
717 2.328989316507309 71.7
718 2.405663115849202 71.8
719 2.468567516567399 71.90000000000001
720 2.515165514524892 72
721 2.547135903026851 72.10000000000001
722 2.565635564427905 72.2
723 2.571591361973318 72.3
724 2.565223258581118 72.40000000000001
725 2.546348846249094 72.5
726 2.514397483178787 72.60000000000001
727 2.470220320155083 72.7
728 2.415764164705322 72.8
729 2.352400560784933 72.90000000000001
730 2.281149189417337 73
731 2.20491155075314 73.10000000000001
732 2.125149046276924 73.2
733 2.04326585894803 73.3
734 1.960838465452901 73.40000000000001
735 1.880703433161292 73.5
736 1.806245215314838 73.60000000000001
737 1.740604115416939 73.7
738 1.68515844867655 73.8
739 1.640025768134521 73.90000000000001
740 1.604440946109547 74
741 1.574371978207096 74.10000000000001
742 1.544826769104877 74.2
743 1.512415002113513 74.3
744 1.480062190076403 74.40000000000001
745 1.452087707586849 74.5
746 1.430475356327435 74.60000000000001
747 1.415343721644209 74.7
748 1.405778749351572 74.8
749 1.401075290768576 74.90000000000001
750 1.401397449000979 75
751 1.407794240925702 75.10000000000001
752 1.422020834053365 75.2
753 1.446082753445413 75.3
754 1.481848220964027 75.40000000000001
755 1.53093445081176 75.5
756 1.594726899786522 75.60000000000001
757 1.674439592481574 75.7
758 1.771436499335584 75.8
759 1.887407982754824 75.90000000000001
760 2.024562318179761 76
761 2.184577702043301 76.10000000000001
762 2.368164352139771 76.2
763 2.569063858059004 76.3
764 2.773153047913804 76.40000000000001
765 2.966683079700133 76.5
766 3.139231256052145 76.60000000000001
767 3.281316812360813 76.7
768 3.384800472582476 76.80000000000001
769 3.449120583815233 76.90000000000001
770 3.475160664366268 77
771 3.465584866330999 77.10000000000001
772 3.42582738193754 77.2
773 3.357767809477898 77.30000000000001
774 3.266644979546524 77.40000000000001
775 3.157480397440699 77.5
776 3.034688760585667 77.60000000000001
777 2.90199386601498 77.7
778 2.762770046434823 77.80000000000001
779 2.621584490853915 77.90000000000001
780 2.484951411661623 78
781 2.359309452204634 78.10000000000001
782 2.249203054963647 78.2
783 2.156883708483174 78.30000000000001
784 2.084406287513922 78.40000000000001
785 2.029581937858491 78.5
786 1.989086041025765 78.60000000000001
787 1.953025880723252 78.7
788 1.916385681509151 78.80000000000001
789 1.878246383584821 78.90000000000001
790 1.839682074547369 79
791 1.803989943076172 79.10000000000001
792 1.775205404850065 79.2
793 1.756953613744719 79.30000000000001
794 1.754056132506896 79.40000000000001
795 1.771603695483992 79.5
796 1.811779446045558 79.60000000000001
797 1.873407864208386 79.7
798 1.951470898688209 79.80000000000001
799 2.039632709845051 79.90000000000001
800 2.132378255252684 80
801 2.224867342681554 80.10000000000001
802 2.312743859591361 80.2
803 2.392373451967138 80.30000000000001
804 2.460261246456452 80.40000000000001
805 2.51279558155908 80.5
806 2.548735892607067 80.60000000000001
807 2.570182583588628 80.7
808 2.578619855401846 80.80000000000001
809 2.575182412263718 80.90000000000001
810 2.560496560201216 81
811 2.534976789968426 81.10000000000001
812 2.498378004989253 81.2
813 2.451598791612173 81.30000000000001
814 2.396490804387277 81.40000000000001
815 2.333934041540914 81.5
816 2.264835699576999 81.60000000000001
817 2.191266675101215 81.7
818 2.114697245629634 81.80000000000001
819 2.036602887326934 81.90000000000001
820 1.958441834969254 82
821 1.882888453293976 82.10000000000001
822 1.813168482003785 82.2
823 1.751829673668665 82.30000000000001
824 1.700001301095616 82.40000000000001
825 1.657789784294873 82.5
826 1.622690475829211 82.60000000000001
827 1.590800763274076 82.7
828 1.556328245205966 82.80000000000001
829 1.517826692215005 82.90000000000001
830 1.479980376045869 83
831 1.447002330180827 83.10000000000001
832 1.420437485786525 83.2
833 1.39962266738535 83.30000000000001
834 1.382996506495004 83.40000000000001
835 1.369584798625494 83.5
836 1.359455033012937 83.60000000000001
837 1.353858400298183 83.7
838 1.354935674247159 83.80000000000001
839 1.365052226210417 83.90000000000001
840 1.386313200344264 84
841 1.420402589097476 84.10000000000001
842 1.468863731363521 84.2
843 1.53301901737602 84.30000000000001
844 1.614084594152932 84.40000000000001
845 1.713380279632115 84.5
846 1.832391711164081 84.60000000000001
847 1.972366159806612 84.7
848 2.134047897932172 84.80000000000001
849 2.31719042597198 84.90000000000001
850 2.51781230723009 85
851 2.723612089697763 85.10000000000001
852 2.920047741760196 85.2
853 3.093679287491513 85.30000000000001
854 3.234061403018339 85.40000000000001
855 3.333410839190053 85.5
856 3.392325810304343 85.60000000000001
857 3.413043133495139 85.7
858 3.399718344500987 85.80000000000001
859 3.357758552072037 85.90000000000001
860 3.289508943498248 86
861 3.200548427444143 86.10000000000001
862 3.095500922861068 86.2
863 2.979177422241555 86.30000000000001
864 2.855069904467114 86.40000000000001
865 2.726275424883254 86.5
866 2.596444521791709 86.60000000000001
867 2.470592009406136 86.7
868 2.353339773704777 86.80000000000001
869 2.247988430064701 86.90000000000001
870 2.156994483188436 87
871 2.081164458329047 87.10000000000001
872 2.01878423258559 87.2
873 1.966045911115505 87.30000000000001
874 1.91653425913673 87.40000000000001
875 1.868701302044568 87.5
876 1.821995413585185 87.60000000000001
877 1.778130019596436 87.7
878 1.741319607176373 87.80000000000001
879 1.716822514106023 87.90000000000001
880 1.710403185430683 88
881 1.7270320671301 88.10000000000001
882 1.76888470647199 88.2
883 1.833901327373404 88.30000000000001
884 1.916293966843751 88.40000000000001
885 2.008583957894841 88.5
886 2.104492538074373 88.60000000000001
887 2.199418933203816 88.7
888 2.289369513063293 88.80000000000001
889 2.371322534618308 88.90000000000001
890 2.442864242229437 89
891 2.501241383502491 89.10000000000001
892 2.544428381316542 89.2
893 2.572655120049182 89.30000000000001
894 2.588317793667656 89.40000000000001
895 2.592512934432924 89.5
896 2.586377502985208 89.60000000000001
897 2.570922507128519 89.7
898 2.546668536663045 89.80000000000001
899 2.514121427898927 89.90000000000001
900 2.474998128919651 90
901 2.430368462906663 90.10000000000001
902 2.380728759419161 90.2
903 2.326172407097852 90.30000000000001
904 2.268397367761051 90.40000000000001
905 2.208335718655174 90.5
906 2.146630181924142 90.60000000000001
907 2.084727258226649 90.7
908 2.024566241115887 90.80000000000001
909 1.968349986534937 90.90000000000001
910 1.91846205893027 91
911 1.876528094772961 91.10000000000001
912 1.842656635716674 91.2
913 1.815971545351552 91.30000000000001
914 1.794878219033209 91.40000000000001
915 1.777054570507143 91.5
916 1.758457866983303 91.60000000000001
917 1.734947953963071 91.7
918 1.700175997860138 91.80000000000001
919 1.652848933164252 91.90000000000001
920 1.598326311513588 92
921 1.545159513859612 92.10000000000001
922 1.500344638029647 92.2
923 1.465706369762022 92.30000000000001
924 1.440694583463132 92.40000000000001
925 1.423738288684925 92.5
926 1.413672935707898 92.60000000000001
927 1.410687197604551 92.7
928 1.415878555342151 92.80000000000001
929 1.430770922843896 92.90000000000001
930 1.456698846881864 93
931 1.494555419082868 93.10000000000001
932 1.545159679474619 93.2
933 1.609683115160289 93.30000000000001
934 1.689084064889471 93.40000000000001
935 1.784857177396591 93.5
936 1.898478552301451 93.60000000000001
937 2.031020752797949 93.7
938 2.182831384920866 93.80000000000001
939 2.351419644812915 93.90000000000001
940 2.531329045851385 94
941 2.712957800194114 94.10000000000001
942 2.883828002757774 94.2
943 3.031798583485928 94.30000000000001
944 3.147031654655792 94.40000000000001
945 3.2266675749228 94.5
946 3.271804491367183 94.60000000000001
947 3.283670798256418 94.7
948 3.266351717805593 94.80000000000001
949 3.221831573983675 94.90000000000001
950 3.153010754774231 95
951 3.064783699860426 95.10000000000001
952 2.961588473892329 95.2
953 2.847535001170022 95.30000000000001
954 2.725644894029037 95.40000000000001
955 2.599180845784777 95.5
956 2.472294705422874 95.60000000000001
957 2.350485577667488 95.7
958 2.238883979617016 95.80000000000001
959 2.140715658265311 95.90000000000001
960 2.05687421268901 96
961 1.985763276659927 96.10000000000001
962 1.924480464598019 96.2
963 1.868810839462584 96.30000000000001
964 1.817520645984445 96.40000000000001
965 1.770069740805898 96.5
966 1.727897617478409 96.60000000000001
967 1.694937100978938 96.7
968 1.675670592769298 96.80000000000001
969 1.674474767686422 96.90000000000001
970 1.694955371756815 97
971 1.738706618692615 97.10000000000001
972 1.803287822514536 97.2
973 1.883759043505242 97.30000000000001
974 1.973490771612221 97.40000000000001
975 2.066606738922923 97.5
976 2.158724692835135 97.60000000000001
977 2.245915605380886 97.7
978 2.325357946245786 97.80000000000001
979 2.394861117026197 97.90000000000001
980 2.451998077131889 98
981 2.495329592953855 98.10000000000001
982 2.524377697016319 98.2
983 2.540881472502866 98.30000000000001
984 2.54620986276278 98.40000000000001
985 2.541176428710973 98.5
986 2.526968254962785 98.60000000000001
987 2.50390158347393 98.7
988 2.472524237186404 98.80000000000001
989 2.433793474934267 98.90000000000001
990 2.388669677868925 99
991 2.337730511254954 99.10000000000001
992 2.281117372605458 99.2
993 2.220581929663009 99.30000000000001
994 2.157238295590129 99.40000000000001
995 2.091897829240377 99.5
996 2.026127944098067 99.60000000000001
997 1.961891595810332 99.7
998 1.901322153108472 99.80000000000001
999 1.845964758610469 99.90000000000001
1000 1.796905891625665 100
