"report-def-0-rfile"
"Time Step" "cd etc.."
("Time Step" "cd" "flow-time")
0 -1.99493700248778e-14 0
1 5.038436458669271 0.1
2 4.222012414431184 0.2
3 3.677551948264789 0.3
4 3.298039271583311 0.4
5 3.019192503597671 0.5
6 2.816417830340308 0.6000000000000001
7 2.662658287685324 0.7000000000000001
8 2.537620459797648 0.8
9 2.436778787460796 0.9
10 2.354997317353356 1
11 2.285943926053795 1.1
12 2.226228907705373 1.2
13 2.1754985713699 1.3
14 2.133954181392044 1.4
15 2.100293459509011 1.5
16 2.072460638681383 1.6
17 2.048678449581431 1.7
18 2.02700442960954 1.8
19 2.006726833865976 1.9
20 1.98804000574224 2
21 1.971089738578268 2.1
22 1.956355277852161 2.2
23 1.944188298699733 2.3
24 1.934854661544112 2.4
25 1.928692207333427 2.5
26 1.925610157966563 2.6
27 1.92530036112967 2.7
28 1.927187762721814 2.8
29 1.930721086885128 2.9
30 1.93550571279059 3
31 1.941279628808186 3.1
32 1.947910317829622 3.2
33 1.955472035258469 3.3
34 1.964208537904906 3.4
35 1.973268422858146 3.5
36 1.982099021949103 3.6
37 1.990641012853493 3.7
38 1.998264956186161 3.8
39 2.004492585015027 3.9
40 2.008788913578136 4
41 2.0107717893854 4.100000000000001
42 2.009744638265112 4.2
43 2.004396494357227 4.3
44 1.993863115557409 4.4
45 1.97698125814928 4.5
46 1.952471804086929 4.600000000000001
47 1.919103720301797 4.7
48 1.87521782396388 4.800000000000001
49 1.81840648145343 4.9
50 1.745810277875129 5
51 1.657478590405458 5.100000000000001
52 1.555748171319523 5.2
53 1.446601532602358 5.300000000000001
54 1.339600349572941 5.4
55 1.251020441406683 5.5
56 1.192302059052539 5.600000000000001
57 1.14843495985762 5.7
58 1.107714812794483 5.800000000000001
59 1.079133943776875 5.9
60 1.070525756452345 6
61 1.08291432579033 6.100000000000001
62 1.111147791813838 6.2
63 1.151682451095087 6.300000000000001
64 1.202543345347359 6.4
65 1.264183305980804 6.5
66 1.335477303348951 6.600000000000001
67 1.417732503357336 6.7
68 1.510346440413984 6.800000000000001
69 1.609539050819517 6.9
70 1.70876153864943 7
71 1.799569471792692 7.100000000000001
72 1.873395609027507 7.2
73 1.924441125167628 7.300000000000001
74 1.952986325053532 7.4
75 1.960262481897101 7.5
76 1.946723487696496 7.600000000000001
77 1.913486303445911 7.7
78 1.863286891199792 7.800000000000001
79 1.800296678144865 7.9
80 1.729689636963477 8
81 1.656780248780034 8.1
82 1.586383567106981 8.200000000000001
83 1.522884339090694 8.300000000000001
84 1.469771770639524 8.4
85 1.427568036645096 8.5
86 1.395177089325868 8.6
87 1.371361109095909 8.700000000000001
88 1.354369235038602 8.800000000000001
89 1.343005823912703 8.9
90 1.337495333595889 9
91 1.337946904548753 9.1
92 1.344704784552716 9.200000000000001
93 1.358096055282902 9.300000000000001
94 1.378275232707299 9.4
95 1.405087596341352 9.5
96 1.437930419175674 9.600000000000001
97 1.475473913958615 9.700000000000001
98 1.516057856688774 9.800000000000001
99 1.557335072983747 9.9
100 1.596796608444634 10
101 1.632872728697861 10.1
102 1.664300498175241 10.2
103 1.690464924461881 10.3
104 1.710635212377203 10.4
105 1.724665613750847 10.5
106 1.732909370865298 10.6
107 1.736334664948316 10.7
108 1.736258136882383 10.8
109 1.734421958905489 10.9
110 1.733242943488419 11
111 1.734596236412903 11.1
112 1.739993344681626 11.2
113 1.750493957388852 11.3
114 1.767390012666815 11.4
115 1.790740047631783 11.5
116 1.820455665405303 11.6
117 1.85605820964932 11.7
118 1.896609078253999 11.8
119 1.941156132150946 11.9
120 1.988101288434845 12
121 2.036191523135991 12.1
122 2.084031064127979 12.2
123 2.130466376493304 12.3
124 2.174098103209263 12.4
125 2.213481390859078 12.5
126 2.247067544250958 12.6
127 2.273002962847793 12.7
128 2.28794001705942 12.8
129 2.290024383159012 12.9
130 2.276912253556179 13
131 2.247316111189726 13.1
132 2.200554086262224 13.2
133 2.137880998715305 13.3
134 2.061132014425259 13.4
135 1.973410279950434 13.5
136 1.878994997645188 13.6
137 1.783170695218221 13.7
138 1.691800069454673 13.8
139 1.610424346331182 13.9
140 1.542317394753923 14
141 1.487709679820793 14.1
142 1.443842694215567 14.2
143 1.408874285386978 14.3
144 1.381501383895001 14.4
145 1.360823843094591 14.5
146 1.346778419724067 14.6
147 1.339635185353077 14.7
148 1.339332988676533 14.8
149 1.345237906000157 14.9
150 1.356273085881297 15
151 1.371176019567524 15.1
152 1.388638036069398 15.2
153 1.407441502952411 15.3
154 1.426290433865086 15.4
155 1.44410081063505 15.5
156 1.459995199820354 15.6
157 1.473350327445174 15.7
158 1.48396531064204 15.8
159 1.491873274627735 15.9
160 1.497560057484349 16
161 1.501879976092011 16.1
162 1.505778369665941 16.2
163 1.510353542285534 16.3
164 1.51647007838708 16.4
165 1.524978093375395 16.5
166 1.536453263974234 16.6
167 1.551387483408976 16.7
168 1.570225265648924 16.8
169 1.593327589862944 16.9
170 1.620919143477343 17
171 1.653110404374335 17.1
172 1.689843244801571 17.2
173 1.730733103221962 17.3
174 1.775055374916275 17.4
175 1.821742549096052 17.5
176 1.869198864451171 17.6
177 1.915620706326502 17.7
178 1.959548826494523 17.8
179 1.999174271509684 17.9
180 2.032685261084968 18
181 2.058126307017044 18.1
182 2.074064992323059 18.2
183 2.079299073843498 18.3
184 2.073112234777992 18.4
185 2.054993054164068 18.5
186 2.025037258054713 18.6
187 1.983972445008355 18.7
188 1.933186837872219 18.8
189 1.87448250824281 18.9
190 1.810222657291005 19
191 1.742971499641929 19.1
192 1.675614240280039 19.2
193 1.610861335280726 19.3
194 1.551673491386411 19.4
195 1.50015373915083 19.5
196 1.457009498343637 19.6
197 1.422398450435088 19.7
198 1.395780567364999 19.8
199 1.376231079218074 19.9
200 1.362981882661746 20
201 1.355631827967504 20.1
202 1.353947574570191 20.2
203 1.358056874400182 20.3
204 1.368256507591834 20.4
205 1.384675154127399 20.5
206 1.406911124190793 20.6
207 1.434260757217618 20.7
208 1.465687977049128 20.8
209 1.500022441346288 20.9
210 1.535984878963924 21
211 1.572426945582849 21.1
212 1.608255416187525 21.2
213 1.642611200881988 21.3
214 1.674775022943216 21.4
215 1.704057463594549 21.5
216 1.729959454332139 21.6
217 1.752360999224972 21.7
218 1.77155194748433 21.8
219 1.788136225759736 21.9
220 1.80281468137028 22
221 1.816033211179775 22.1
222 1.828020097394099 22.2
223 1.83899993484515 22.3
224 1.849240454671514 22.4
225 1.858901327232756 22.5
226 1.868156591792156 22.6
227 1.877272426789255 22.7
228 1.886359846769418 22.8
229 1.895198618363333 22.9
230 1.903605479635718 23
231 1.911303574027255 23.1
232 1.917961226575757 23.2
233 1.923056198360361 23.3
234 1.926218943513985 23.4
235 1.926795016443404 23.5
236 1.923430935938284 23.6
237 1.915000664638786 23.7
238 1.900281038915073 23.8
239 1.87805848694208 23.9
240 1.847585042745708 24
241 1.808696943203314 24.1
242 1.762078579936928 24.2
243 1.709414631858781 24.3
244 1.653257763639554 24.4
245 1.596744681597484 24.5
246 1.54329060015721 24.6
247 1.495558783035612 24.7
248 1.454938080679722 24.8
249 1.421802497722591 24.9
250 1.395600739632621 25
251 1.375723254752795 25.1
252 1.361843609307755 25.2
253 1.353681042955725 25.3
254 1.351854548121304 25.4
255 1.357275495829722 25.5
256 1.370544983298459 25.6
257 1.391428189467727 25.7
258 1.419038109725231 25.8
259 1.45184759303504 25.9
260 1.488037203323558 26
261 1.525668308430589 26.1
262 1.562812448137073 26.2
263 1.597652189409746 26.3
264 1.628723722838082 26.4
265 1.655059989870056 26.5
266 1.67631768723352 26.6
267 1.692962204457153 26.7
268 1.705719994622029 26.8
269 1.715620207794169 26.9
270 1.723632279797886 27
271 1.730729196912377 27.1
272 1.737801474494089 27.2
273 1.745688900307126 27.3
274 1.755008905620895 27.4
275 1.766253119895703 27.5
276 1.779825332271099 27.6
277 1.795999770081425 27.7
278 1.814993930866113 27.8
279 1.836756893842114 27.9
280 1.860760492637144 28
281 1.886294097193988 28.1
282 1.912605450470266 28.2
283 1.938623898831677 28.3
284 1.963246240921609 28.4
285 1.985357270915959 28.5
286 2.003660566394774 28.6
287 2.016578420968219 28.7
288 2.022537569034963 28.8
289 2.019552736394555 28.9
290 2.005893977341476 29
291 1.980669957342145 29.1
292 1.943705379276081 29.2
293 1.895696683494617 29.3
294 1.838487143066877 29.4
295 1.774703102034389 29.5
296 1.707883154444427 29.6
297 1.641757276591831 29.7
298 1.580215832807567 29.8
299 1.526052200243525 29.9
300 1.480443987563153 30
