"report-def-0-rfile"
"Time Step" "cd etc.."
("Time Step" "cd" "flow-time")
0 -5.160815287159705e-14 0
1 4.029857712871446 0.1
2 3.25629395647689 0.2
3 2.709881586195618 0.3
4 2.355514289410754 0.4
5 2.102316700704431 0.5
6 1.910520514557853 0.6000000000000001
7 1.769075421043535 0.7000000000000001
8 1.660284441186229 0.8
9 1.571135776815874 0.9
10 1.496461117429157 1
11 1.434748436242279 1.1
12 1.384960388258917 1.2
13 1.345739268434127 1.3
14 1.315651349704499 1.4
15 1.293160575414934 1.5
16 1.276599268743736 1.6
17 1.264812925585734 1.7
18 1.257038112948025 1.8
19 1.25252145063352 1.9
20 1.251525376803594 2
21 1.25308080684335 2.1
22 1.257083459286563 2.2
23 1.263299366065529 2.3
24 1.27109982388368 2.4
25 1.280378864494317 2.5
26 1.290650961249991 2.6
27 1.301875218834397 2.7
28 1.313818356033722 2.8
29 1.326444085464326 2.9
30 1.339732837179117 3
31 1.353495304128109 3.1
32 1.367612749298291 3.2
33 1.38212646069543 3.3
34 1.397361252859832 3.4
35 1.413577036749812 3.5
36 1.431067855002241 3.6
37 1.450029721232142 3.7
38 1.470727626061772 3.8
39 1.49318270258153 3.9
40 1.517440371229916 4
41 1.543450094053197 4.100000000000001
42 1.570996365941418 4.2
43 1.599604008289234 4.3
44 1.628569273120707 4.4
45 1.656871028159434 4.5
46 1.683283001321783 4.600000000000001
47 1.706537654709002 4.7
48 1.725558035095265 4.800000000000001
49 1.739793718590634 4.9
50 1.748913287165203 5
51 1.752854429261064 5.100000000000001
52 1.751802588021336 5.2
53 1.746033226174207 5.300000000000001
54 1.73586712876033 5.4
55 1.721623409996857 5.5
56 1.703601885918623 5.600000000000001
57 1.682056684614826 5.7
58 1.657201565840762 5.800000000000001
59 1.629191053975106 5.9
60 1.598209391813502 6
61 1.564443612669364 6.100000000000001
62 1.528099829256136 6.2
63 1.489416621003256 6.300000000000001
64 1.448657929654542 6.4
65 1.406175881988723 6.5
66 1.362247919735274 6.600000000000001
67 1.317351051696258 6.7
68 1.272084952813472 6.800000000000001
69 1.227219799244927 6.9
70 1.184027876381383 7
71 1.143442620198658 7.100000000000001
72 1.107278445435329 7.2
73 1.077674948421697 7.300000000000001
74 1.056009994551632 7.4
75 1.043165790366052 7.5
76 1.038926993642416 7.600000000000001
77 1.042545666217188 7.7
78 1.05341781296524 7.800000000000001
79 1.071652742302679 7.9
80 1.097198188015817 8
81 1.129805614705342 8.1
82 1.168288840406627 8.200000000000001
83 1.21070850027696 8.300000000000001
84 1.254151462858487 8.4
85 1.295630137658375 8.5
86 1.332516542859463 8.6
87 1.362912844012052 8.700000000000001
88 1.386140584067891 8.800000000000001
89 1.402674720564718 8.9
90 1.413853606974739 9
91 1.421644688739784 9.1
92 1.428528294994177 9.200000000000001
93 1.436805619430928 9.300000000000001
94 1.448069559015138 9.4
95 1.463146529631334 9.5
96 1.481995633883137 9.600000000000001
97 1.50390812419494 9.700000000000001
98 1.527587807457369 9.800000000000001
99 1.551234633555777 9.9
100 1.572963723469294 10
101 1.591109936111789 10.1
102 1.604733179811024 10.2
103 1.613585961286573 10.3
104 1.618013101558824 10.4
105 1.61894570475897 10.5
106 1.617583929745422 10.6
107 1.615227273356241 10.7
108 1.613005368789685 10.8
109 1.611737592358883 10.9
110 1.611710416466492 11
111 1.612736837371174 11.1
112 1.614257608885517 11.2
113 1.615333752809509 11.3
114 1.614953180313632 11.4
115 1.612172220209773 11.5
116 1.606197500074246 11.6
117 1.596596077424532 11.7
118 1.583354326204636 11.8
119 1.566723039566787 11.9
120 1.547341764460055 12
121 1.526016886605168 12.1
122 1.503666106589386 12.2
123 1.481269174484288 12.3
124 1.459672277206573 12.4
125 1.43955240325453 12.5
126 1.421315369106852 12.6
127 1.40508699904282 12.7
128 1.390873862799549 12.8
129 1.378441997642266 12.9
130 1.367547414624287 13
131 1.357910074317482 13.1
132 1.349354328102748 13.2
133 1.341844008821949 13.3
134 1.335401740729191 13.4
135 1.330195395045228 13.5
136 1.326528331901725 13.6
137 1.324650052124527 13.7
138 1.324873096158434 13.8
139 1.327404359723158 13.9
140 1.332361890320456 14
141 1.339708542369773 14.1
142 1.349289521988686 14.2
143 1.360785854254752 14.3
144 1.373816249882745 14.4
145 1.387882566756982 14.5
146 1.402503390492877 14.6
147 1.417208502110854 14.7
148 1.431614958948079 14.8
149 1.44537001672464 14.9
150 1.458300834332907 15
151 1.470334081018532 15.1
152 1.481517291884129 15.2
153 1.492068885125208 15.3
154 1.502137686022543 15.4
155 1.511926180367255 15.5
156 1.521536658123801 15.6
157 1.531044531582997 15.7
158 1.540383045321371 15.8
159 1.549430972982062 15.9
160 1.557887472740689 16
161 1.565420683359325 16.1
162 1.571680382993407 16.2
163 1.57628648586516 16.3
164 1.578944554312838 16.4
165 1.579444864928123 16.5
166 1.577641633658942 16.6
167 1.573572763249293 16.7
168 1.567316749279768 16.8
169 1.559139151980255 16.9
170 1.549321175715378 17
171 1.538168425095978 17.1
172 1.526026773113785 17.2
173 1.513203335204903 17.3
174 1.499933271828776 17.4
175 1.486401918159334 17.5
176 1.472776252253311 17.6
177 1.459127555094986 17.7
178 1.445537044455332 17.8
179 1.432036248372042 17.9
180 1.418715507243599 18
181 1.405680931014502 18.1
182 1.3930829470424 18.2
183 1.381134975332296 18.3
184 1.370097815534311 18.4
185 1.360265010233078 18.5
186 1.351966373461597 18.6
187 1.345452739029415 18.7
188 1.341034214345397 18.8
189 1.338833952228558 18.9
190 1.338920474301972 19
191 1.341274480150358 19.1
192 1.345732632391255 19.2
193 1.352074785779879 19.3
194 1.360001673580548 19.4
195 1.369170254656148 19.5
196 1.379220871474184 19.6
197 1.389770433353992 19.7
198 1.400543925120668 19.8
199 1.411299490415328 19.9
200 1.421828034046366 20
201 1.432018465427479 20.1
202 1.441855275501017 20.2
203 1.451376729982065 20.3
204 1.460631630495342 20.4
205 1.469729051360772 20.5
206 1.478675399512035 20.6
207 1.487514234037807 20.7
208 1.496201995823243 20.8
209 1.504623282746281 20.9
210 1.512613975377964 21
211 1.51994989053638 21.1
212 1.526361215990958 21.2
213 1.53157717074517 21.3
214 1.535348222656728 21.4
215 1.537461855546801 21.5
216 1.537753643471188 21.6
217 1.536192688954768 21.7
218 1.532790157868857 21.8
219 1.527667335282888 21.9
220 1.521021541159668 22
221 1.513103111399542 22.1
222 1.504175202286372 22.2
223 1.494529962364217 22.3
224 1.484427169465636 22.4
225 1.474111406225155 22.5
226 1.463751169250316 22.6
227 1.453452396172015 22.7
228 1.443284358138964 22.8
229 1.433304274027903 22.9
230 1.42348410002352 23
231 1.413853322393459 23.1
232 1.404445203035373 23.2
233 1.39535924579186 23.3
234 1.386691961023591 23.4
235 1.378626563250832 23.5
236 1.37135923082913 23.6
237 1.365147047589048 23.7
238 1.360240340079988 23.8
239 1.356858965083281 23.9
240 1.355155930649246 24
241 1.355256194693713 24.1
242 1.357201759328304 24.2
243 1.360910008962725 24.3
244 1.366219829861991 24.4
245 1.37292811502345 24.5
246 1.38071567748762 24.6
247 1.389262594288937 24.7
248 1.398285861885783 24.8
249 1.407455834318834 24.9
250 1.41650404084895 25
251 1.425252505252691 25.1
252 1.433573421269447 25.2
253 1.441427767680109 25.3
254 1.448824205783746 25.4
255 1.455837602600046 25.5
256 1.462546414231436 25.6
257 1.469040928427026 25.7
258 1.475428306055868 25.8
259 1.481704998774432 25.9
260 1.487871265711396 26
261 1.493797459112193 26.1
262 1.499276528438859 26.2
263 1.504106117290146 26.3
264 1.508026720436886 26.4
265 1.51079072113776 26.5
266 1.512141397203993 26.6
267 1.511909850686436 26.7
268 1.510006812848487 26.8
269 1.506426337462955 26.9
270 1.501275870380556 27
271 1.494740204141676 27.1
272 1.487074443228778 27.2
273 1.478568559786619 27.3
274 1.469606631450189 27.4
275 1.46051132041637 27.5
276 1.451563256526512 27.6
277 1.443006463053227 27.7
278 1.434978153195317 27.8
279 1.427539375847496 27.9
280 1.420706763117706 28
281 1.414390777893176 28.1
282 1.408498711800524 28.2
283 1.402921259690401 28.3
284 1.39756634731739 28.4
285 1.392413890422395 28.5
286 1.387478961949026 28.6
287 1.382887036464409 28.7
288 1.378769810331894 28.8
289 1.375362041913903 28.9
290 1.372882435057512 29
291 1.371573114310715 29.1
292 1.37163322498908 29.2
293 1.373181770785304 29.3
294 1.376252510676254 29.4
295 1.380809990977107 29.5
296 1.386728320788533 29.6
297 1.393760460168311 29.7
298 1.401597372733439 29.8
299 1.40992832035043 29.9
300 1.418391185353191 30
