"report-def-0-rfile"
"Time Step" "cd etc.."
("Time Step" "cd" "flow-time")
0 -3.642928438279881e-15 0
1 5.756726614647377 0.1
2 4.800799746946926 0.2
3 4.269107913774769 0.3
4 3.937381315345684 0.4
5 3.703276080142685 0.5
6 3.509174754250662 0.6000000000000001
7 3.341053819164006 0.7000000000000001
8 3.198876985314856 0.8
9 3.068900209473012 0.9
10 2.944158144848746 1
11 2.831225961858959 1.1
12 2.723490772976647 1.2
13 2.612687846778937 1.3
14 2.495377173538763 1.4
15 2.365226665343275 1.5
16 2.211986671485283 1.6
17 2.029375250531241 1.7
18 1.836110380758888 1.8
19 1.666814826303659 1.9
20 1.544193315571617 2
21 1.462606431326723 2.1
22 1.40671636317786 2.2
23 1.37085965164492 2.3
24 1.362193623902864 2.4
25 1.376254619052258 2.5
26 1.398734807688068 2.6
27 1.39922728027882 2.7
28 1.382923369981852 2.8
29 1.356822854960461 2.9
30 1.328182721583444 3
31 1.299664404005396 3.1
32 1.27246811251068 3.2
33 1.248052758212685 3.3
34 1.228044342838713 3.4
35 1.213915159810922 3.5
36 1.206937821034028 3.6
37 1.208109883730973 3.7
38 1.218431488180861 3.8
39 1.239389833299035 3.9
40 1.272696199883828 4
41 1.322200572802367 4.100000000000001
42 1.389901374959635 4.2
43 1.479075054987549 4.3
44 1.589412130183787 4.4
45 1.716711034886556 4.5
46 1.856707668091433 4.600000000000001
47 2.004729811242731 4.7
48 2.156311024269495 4.800000000000001
49 2.307367646201618 4.9
50 2.455754006664687 5
51 2.60042841485573 5.100000000000001
52 2.736058717065442 5.2
53 2.859445854891494 5.300000000000001
54 2.972674873697246 5.4
55 3.081225253561564 5.5
56 3.188661699324798 5.600000000000001
57 3.296473775339915 5.7
58 3.40387208877376 5.800000000000001
59 3.509341900191465 5.9
60 3.610372832140172 6
61 3.70333664548053 6.100000000000001
62 3.784550671351491 6.2
63 3.845915921907504 6.300000000000001
64 3.887165320611373 6.4
65 3.907135280203094 6.5
66 3.903619178841025 6.600000000000001
67 3.875545080899831 6.7
68 3.822336935589294 6.800000000000001
69 3.74498204059781 6.9
70 3.646075298290864 7
71 3.527670506794105 7.100000000000001
72 3.393697955243515 7.2
73 3.248909377369358 7.300000000000001
74 3.097283055974285 7.4
75 2.941748236387608 7.5
76 2.787096255647237 7.600000000000001
77 2.640115959901888 7.7
78 2.507998911327251 7.800000000000001
79 2.397331202272206 7.9
80 2.314864672439507 8
81 2.264773469302908 8.1
82 2.248498161899645 8.200000000000001
83 2.244830274039701 8.300000000000001
84 2.220344565205739 8.4
85 2.182577877192615 8.5
86 2.13950081039398 8.6
87 2.099996836436462 8.700000000000001
88 2.065011269228793 8.800000000000001
89 2.036370032888857 8.9
90 2.020778987286705 9
91 2.027692397105037 9.1
92 2.062228870241225 9.200000000000001
93 2.121373543331152 9.300000000000001
94 2.197854016356806 9.4
95 2.282260629968194 9.5
96 2.366425975747396 9.600000000000001
97 2.443736608489361 9.700000000000001
98 2.508987370982137 9.800000000000001
99 2.556950766057266 9.9
100 2.582366312679751 10
101 2.584221242700211 10.1
102 2.566873606680364 10.2
103 2.531443465634132 10.3
104 2.478179648148584 10.4
105 2.4072418985595 10.5
106 2.319079714311773 10.6
107 2.215039969014633 10.7
108 2.097278414644784 10.8
109 1.969902595707969 10.9
110 1.838890852991162 11
111 1.712645104329289 11.1
112 1.599751269062044 11.2
113 1.506709877392215 11.3
114 1.435941143680257 11.4
115 1.389166172305234 11.5
116 1.36894482767203 11.6
117 1.370073369459 11.7
118 1.37712067116024 11.8
119 1.377922218817813 11.9
120 1.372281517257499 12
121 1.36341320958792 12.1
122 1.353626986583526 12.2
123 1.344298458634337 12.3
124 1.336731942532409 12.4
125 1.332318697176689 12.5
126 1.332334403331394 12.6
127 1.33802854609149 12.7
128 1.350262688409479 12.8
129 1.370171356173229 12.9
130 1.396279948635399 13
131 1.428977539537512 13.1
132 1.469036141914188 13.2
133 1.517267346673948 13.3
134 1.574317039189943 13.4
135 1.641677613793789 13.5
136 1.720236221343859 13.6
137 1.810327382881977 13.7
138 1.911155484012406 13.8
139 2.019911996103906 13.9
140 2.133062364220276 14
141 2.246703107875068 14.1
142 2.355585912639295 14.2
143 2.454733408426683 14.3
144 2.542782848303359 14.4
145 2.622499071957086 14.5
146 2.697729139017488 14.6
147 2.770736942314237 14.7
148 2.842300459854028 14.8
149 2.912218391265667 14.9
150 2.98133061492037 15
151 3.049739764135306 15.1
152 3.117799108483328 15.2
153 3.183848904856904 15.3
154 3.242972978323259 15.4
155 3.293101752681372 15.5
156 3.33225344730019 15.6
157 3.356829951874863 15.7
158 3.365086201804964 15.8
159 3.354392368870466 15.9
160 3.323841089556313 16
161 3.27347620491177 16.1
162 3.20276389404371 16.2
163 3.112007525627299 16.3
164 3.00213075207516 16.4
165 2.874936709234955 16.5
166 2.734369085007938 16.6
167 2.587059352677143 16.7
168 2.442290655369405 16.8
169 2.310570876318501 16.9
170 2.200788622595865 17
171 2.119543651428585 17.1
172 2.066976998798782 17.2
173 2.040908998785071 17.3
174 2.021557703886786 17.4
175 1.99114224561487 17.5
176 1.956026808238857 17.6
177 1.92448776343332 17.7
178 1.898472716929883 17.8
179 1.878493445749806 17.9
180 1.865123870802949 18
181 1.859491908158143 18.1
182 1.862609926006238 18.2
183 1.877694012672041 18.3
184 1.908606365951862 18.4
185 1.955960792556295 18.5
186 2.017010845673612 18.6
187 2.086248113158506 18.7
188 2.156897619995419 18.8
189 2.222125742591093 18.9
190 2.275526353142857 19
191 2.310892326518773 19.1
192 2.325998037991838 19.2
193 2.323277178281634 19.3
194 2.302776007361737 19.4
195 2.263501380286589 19.5
196 2.20445863954118 19.6
197 2.125419299531484 19.7
198 2.027244214367268 19.8
199 1.912674055022659 19.9
200 1.788716423359701 20
201 1.664854781553019 20.1
202 1.552383200525155 20.2
203 1.461157826983652 20.3
204 1.397012395117327 20.4
205 1.360314720548262 20.5
206 1.34455001957768 20.6
207 1.340878155912118 20.7
208 1.344559659973946 20.8
209 1.34990468144112 20.9
210 1.352788367160276 21
211 1.352459379444102 21.1
212 1.349882979849097 21.2
213 1.346946498189835 21.3
214 1.345561980643588 21.4
215 1.347351277581667 21.5
216 1.354096030213654 21.6
217 1.367032230561537 21.7
218 1.386419508904819 21.8
219 1.413173374734793 21.9
220 1.448183406962528 22
221 1.491947366670511 22.1
222 1.544959769205751 22.2
223 1.608215199876003 22.3
224 1.681953134438604 22.4
225 1.767329686372019 22.5
226 1.863739395943763 22.6
227 1.969748365365124 22.7
228 2.082944323533606 22.8
229 2.201514884367356 22.9
230 2.322031768101642 23
231 2.436287949958943 23.1
232 2.539791834952148 23.2
233 2.634848546988747 23.3
234 2.727397885736638 23.4
235 2.819576633434188 23.5
236 2.910770818861648 23.6
237 3.000390968680914 23.7
238 3.087772496269281 23.8
239 3.171316149556171 23.9
240 3.25033107630858 24
241 3.321071967197951 24.1
242 3.378066703132239 24.2
243 3.420286120143963 24.3
244 3.444963418355863 24.4
245 3.451268499302677 24.5
246 3.437712961340497 24.6
247 3.403990191020175 24.7
248 3.349859985745164 24.8
249 3.276393262891432 24.9
250 3.185065130787665 25
251 3.076999901433704 25.1
252 2.954375020186752 25.2
253 2.819687345348262 25.3
254 2.677025998086476 25.4
255 2.533806825957964 25.5
256 2.399439480247104 25.6
257 2.282967559455086 25.7
258 2.192056634705144 25.8
259 2.129380551512215 25.9
260 2.094451817123957 26
261 2.072978370379753 26.1
262 2.041964353087931 26.2
263 2.004805587098907 26.3
264 1.969765869861106 26.4
265 1.939385779670097 26.5
266 1.913525325889593 26.6
267 1.893061473828012 26.7
268 1.879833187580243 26.8
269 1.875375529910766 26.9
270 1.883411910502591 27
271 1.907820362883194 27.1
272 1.948977658565753 27.2
273 2.004215944772825 27.3
274 2.06810129187517 27.4
275 2.133997670450223 27.5
276 2.195250923878346 27.6
277 2.245726504771954 27.7
278 2.279523946967177 27.8
279 2.294099308412909 27.9
280 2.291473646033033 28
281 2.271889242302603 28.1
282 2.234252775221528 28.2
283 2.177508402135073 28.3
284 2.101259641357461 28.4
285 2.006112527018952 28.5
286 1.89480801675129 28.6
287 1.774071528792373 28.7
288 1.653145685825863 28.8
289 1.543425718970253 28.9
290 1.454540752184784 29
291 1.39262942135704 29.1
292 1.357705629584892 29.2
293 1.342120576936256 29.3
294 1.337974049745799 29.4
295 1.340901759993382 29.5
296 1.345662063280209 29.6
297 1.34835701346071 29.7
298 1.34774000216098 29.8
299 1.344930180330028 29.9
300 1.342081190768166 30
301 1.340953063052637 30.1
302 1.343183448334942 30.2
303 1.350637677053873 30.3
304 1.364162413203694 30.4
305 1.384489410731486 30.5
306 1.412594368023118 30.6
307 1.4492755374585 30.7
308 1.494867296269725 30.8
309 1.550341829988954 30.9
310 1.616125016339081 31
311 1.69301239639523 31.1
312 1.781650219530113 31.2
313 1.881347463976005 31.3
314 1.990378244559331 31.4
315 2.106553429656303 31.5
316 2.228462672359703 31.6
317 2.351811405746293 31.7
318 2.467431347459292 31.8
319 2.572307072439123 31.9
320 2.669820012926051 32
321 2.765774135910348 32.1
322 2.861626597567471 32.2
323 2.95598190053805 32.3
324 3.048338517914235 32.4
325 3.137623182491338 32.5
326 3.221823969622957 32.6
327 3.300139067395586 32.7
328 3.366897215813715 32.8
329 3.418348368129795 32.9
330 3.453036489280655 33
331 3.469206436701478 33.1
332 3.465720822947439 33.2
333 3.442177455461601 33.3
334 3.398270497628606 33.4
335 3.334455657028358 33.5
336 3.25228603892096 33.6
337 3.153165690701712 33.7
338 3.038477162567918 33.8
339 2.910424489979173 33.9
340 2.772592590061328 34
341 2.629722066907978 34.1
342 2.489802171418247 34.2
343 2.361998849959005 34.3
344 2.255348179759308 34.4
345 2.176391650449488 34.5
346 2.124458012981106 34.6
347 2.097563979191323 34.7
348 2.073174601375111 34.8
349 2.039763687432576 34.9
350 2.002473832157691 35
351 1.968648690447013 35.1
352 1.938999752066847 35.2
353 1.913637987644918 35.3
354 1.89396071218994 35.4
355 1.88259541046282 35.5
356 1.881565352475257 35.6
357 1.895312536080811 35.7
358 1.926412369868217 35.8
359 1.973605976000626 35.9
360 2.032890246639377 36
361 2.097971642445426 36.1
362 2.162090335869548 36.2
363 2.218913483658047 36.3
364 2.262352878390438 36.4
365 2.287288872754853 36.5
366 2.293983629395754 36.6
367 2.283927627237576 36.7
368 2.256556434272305 36.8
369 2.210725996920343 36.9
370 2.145609612014791 37
371 2.061190590367111 37.1
372 1.958691193255232 37.2
373 1.84247361520113 37.3
374 1.720557466144506 37.4
375 1.603215837268881 37.5
376 1.501589287923496 37.6
377 1.423874568352795 37.7
378 1.374048023106783 37.8
379 1.348657421364509 37.9
380 1.338550162214747 38
381 1.337993636599216 38.1
382 1.342219298216036 38.2
383 1.346473019395942 38.3
384 1.347692785115106 38.40000000000001
385 1.345903399049992 38.5
386 1.342868184877207 38.6
387 1.340518606080635 38.7
388 1.340609762145934 38.8
389 1.344781372912421 38.90000000000001
390 1.354890533016985 39
391 1.371235832549614 39.1
392 1.394740798524132 39.2
393 1.426427102456487 39.3
394 1.466979940590081 39.40000000000001
395 1.516724623165652 39.5
396 1.576742969606696 39.6
397 1.647237250792903 39.7
398 1.729330151898771 39.8
399 1.82292378994717 39.90000000000001
400 1.927018037862972 40
401 2.039467352605471 40.1
402 2.158568435831184 40.2
403 2.282177707119005 40.3
404 2.4036896239864 40.40000000000001
405 2.514618790320969 40.5
406 2.615851879220572 40.6
407 2.712606892395491 40.7
408 2.808951479663937 40.8
409 2.904606551530032 40.90000000000001
410 2.99840637018055 41
411 3.089738799397148 41.1
412 3.177177401125581 41.2
413 3.259023987347317 41.3
414 3.33322465289382 41.40000000000001
415 3.393172508718906 41.5
416 3.437510060349431 41.6
417 3.463728433679731 41.7
418 3.471087736612615 41.8
419 3.458425961033645 41.90000000000001
420 3.425566986382868 42
421 3.372416285351753 42.1
422 3.299935573170385 42.2
423 3.209947677583172 42.3
424 3.103573853458758 42.40000000000001
425 2.982471339039237 42.5
426 2.849593373018192 42.6
427 2.708821126588242 42.7
428 2.566267137105574 42.8
429 2.430875016609259 42.90000000000001
430 2.311656661159927 43
431 2.216778501056738 43.1
432 2.150154157070061 43.2
433 2.111157322054416 43.3
434 2.089530958381522 43.40000000000001
435 2.060037611297478 43.5
436 2.023473267611087 43.6
437 1.987386735422431 43.7
438 1.95551696929857 43.8
439 1.927578180061461 43.90000000000001
440 1.904498219206546 44
441 1.888198734896275 44.1
442 1.880881277870334 44.2
443 1.885940222403182 44.3
444 1.907419018196021 44.40000000000001
445 1.946061974072296 44.5
446 1.999432865791131 44.6
447 2.062137548568118 44.7
448 2.127594776147601 44.8
449 2.189114684746432 44.90000000000001
450 2.240587307782504 45
451 2.276067854266662 45.1
452 2.292414875832029 45.2
453 2.29148212569557 45.3
454 2.273685270082555 45.40000000000001
455 2.238097734465035 45.5
456 2.183648652062622 45.6
457 2.109768424350018 45.7
458 2.016917759407169 45.8
459 1.907448422172166 45.90000000000001
460 1.787512115379112 46
461 1.666298180031076 46.1
462 1.554754094541475 46.2
463 1.46309269577443 46.3
464 1.397904209791541 46.40000000000001
465 1.360038538924726 46.5
466 1.342585820658639 46.6
467 1.337258587398412 46.7
468 1.339581189315735 46.8
469 1.344343053680717 46.90000000000001
470 1.347386472851229 47
471 1.347120127953681 47.1
472 1.344449172671234 47.2
473 1.34151262013515 47.3
474 1.340081501986214 47.40000000000001
475 1.341825775594254 47.5
476 1.348554135156272 47.6
477 1.361308858931278 47.7
478 1.380782420259707 47.8
479 1.407953622924444 47.90000000000001
480 1.443667994006952 48
481 1.488239941189801 48.1
482 1.542606530891948 48.2
483 1.607259496612855 48.3
484 1.68287649874022 48.40000000000001
485 1.77026639371213 48.5
486 1.868827187565203 48.6
487 1.977042186338222 48.7
488 2.092687745866403 48.8
489 2.214325918607529 48.90000000000001
490 2.338239613734943 49
491 2.455561102353645 49.1
492 2.561901468153561 49.2
493 2.660289379883678 49.3
494 2.756695613863268 49.40000000000001
495 2.853001830862263 49.5
496 2.947941572083902 49.6
497 3.040869390300809 49.7
498 3.130837167231644 49.8
499 3.215773202087127 49.90000000000001
500 3.294816050499779 50
501 3.363106069024151 50.1
502 3.415974580256332 50.2
503 3.452277870980139 50.3
504 3.470089411017258 50.40000000000001
505 3.468236800484382 50.5
506 3.446354905854149 50.6
507 3.404132989242517 50.7
508 3.341895197213709 50.8
509 3.26119858243132 50.90000000000001
510 3.163535511673542 51
511 3.050183855137891 51.1
512 2.92321179877635 51.2
513 2.78621966720488 51.3
514 2.643668541942391 51.40000000000001
515 2.503200032846343 51.5
516 2.374025631600873 51.6
517 2.265170195330299 51.7
518 2.183451353036814 51.8
519 2.129040487176165 51.90000000000001
520 2.100563708212056 52
521 2.077187680714728 52.1
522 2.044356263649143 52.2
523 2.00692749161333 52.3
524 1.972655263796089 52.40000000000001
525 1.942502880569937 52.5
526 1.916575117565705 52.6
527 1.896108642304143 52.7
528 1.88378122378557 52.8
529 1.881492669298641 52.90000000000001
530 1.893717272091419 53
531 1.92320492355995 53.1
532 1.969124933981361 53.2
533 2.027555919116686 53.3
534 2.092414715596761 53.40000000000001
535 2.156819893016997 53.5
536 2.214485324497596 53.6
537 2.259325992674774 53.7
538 2.285947394342661 53.8
539 2.294148551578196 53.90000000000001
540 2.28559157887978 54
541 2.259744345762702 54.1
542 2.215560678478841 54.2
543 2.152192604197845 54.3
544 2.069459275113072 54.40000000000001
545 1.968447964595186 54.5
546 1.853211052218118 54.6
547 1.731351575283088 54.7
548 1.613224827826937 54.8
549 1.509718095747613 54.90000000000001
550 1.429660131807614 55
551 1.377344490758995 55.1
552 1.350155724267446 55.2
553 1.338930307980907 55.3
554 1.337700898093999 55.40000000000001
555 1.341756382100043 55.5
556 1.346174270223017 55.6
557 1.347676838964701 55.7
558 1.346073334338551 55.8
559 1.343061518829324 55.90000000000001
560 1.34057250400243 56
561 1.340366565434248 56.1
562 1.344091757812793 56.2
563 1.353649310318472 56.3
564 1.369389704515202 56.40000000000001
565 1.392190398199937 56.5
566 1.423093674609973 56.6
567 1.462841368313986 56.7
568 1.511718192780493 56.8
569 1.570847150266869 56.90000000000001
570 1.640362974128094 57
571 1.721370718817953 57.1
572 1.813968499670069 57.2
573 1.917202966210314 57.3
574 2.028998771688187 57.40000000000001
575 2.147562207852035 57.5
576 2.270941295518347 57.6
577 2.393112757147958 57.7
578 2.505072719719336 57.8
579 2.607122352337497 57.90000000000001
580 2.703985919602965 58
581 2.800353921853219 58.1
582 2.89618108694039 58.2
583 2.990180959598378 58.3
584 3.081787675341464 58.40000000000001
585 3.169700364855183 58.5
586 3.252068665249546 58.6
587 3.327295666667004 58.7
588 3.388644086643794 58.8
589 3.434392883189629 58.90000000000001
590 3.462326545020736 59
591 3.471392834066955 59.1
592 3.46052985605264 59.2
593 3.429464914177275 59.3
594 3.378076523691314 59.40000000000001
595 3.307284216467845 59.5
596 3.218763410602437 59.6
597 3.11378898008653 59.7
598 2.993904646319665 59.8
599 2.861928097677507 59.90000000000001
600 2.721653130340369 60
601 2.578895535897113 60.1
602 2.442512581247493 60.2
603 2.321461261825125 60.3
604 2.224147981493301 60.40000000000001
605 2.15515004490318 60.5
606 2.113620008753327 60.6
607 2.091419243974739 60.7
608 2.062955206015119 60.8
609 2.026934166840568 60.90000000000001
610 1.990507666980508 61
611 1.958234969305219 61.1
612 1.929929008647471 61.2
613 1.906334953152175 61.3
614 1.889270986491578 61.40000000000001
615 1.881064937069183 61.5
616 1.884824979730254 61.6
617 1.904745752593235 61.7
618 1.941957591981364 61.8
619 1.994183183842934 61.90000000000001
620 2.056305365464979 62
621 2.12179698932886 62.1
622 2.183917539641241 62.2
623 2.236552252335571 62.3
624 2.27364442273843 62.40000000000001
625 2.291660553764518 62.5
626 2.292208933495467 62.6
627 2.275966039675799 62.7
628 2.242021346630926 62.8
629 2.189274393344243 62.90000000000001
630 2.11712911093138 63
631 2.025926750612622 63.1
632 1.917735887933331 63.2
633 1.798387250173236 63.3
634 1.6768566621346 63.40000000000001
635 1.564014288662607 63.5
636 1.470284961518162 63.6
637 1.40259414871683 63.7
638 1.362493417950248 63.8
639 1.343622395725305 63.90000000000001
640 1.337411370121695 64
641 1.339243152330315 64.10000000000001
642 1.3439678098059 64.2
643 1.347290351993779 64.3
644 1.34732234058652 64.40000000000001
645 1.344783380615338 64.5
646 1.341786815412535 64.60000000000001
647 1.340157861808354 64.7
648 1.341543405595238 64.8
649 1.347756043338071 64.90000000000001
650 1.359940922606158 65
651 1.378781269134592 65.10000000000001
652 1.405227430962671 65.2
653 1.440133791120715 65.3
654 1.48392197725403 65.40000000000001
655 1.537323154705223 65.5
656 1.601084136960737 65.60000000000001
657 1.675656197929189 65.7
658 1.762008964291649 65.8
659 1.859607441541498 65.90000000000001
660 1.967041726263207 66
661 2.082075775469071 66.10000000000001
662 2.203239941303133 66.2
663 2.327213749110292 66.3
664 2.445463197710517 66.40000000000001
665 2.552650296477433 66.5
666 2.651438858395184 66.60000000000001
667 2.747900965444741 66.7
668 2.844209255519742 66.8
669 2.939272979932616 66.90000000000001
670 3.032412782845974 67
671 3.122688857272354 67.10000000000001
672 3.208131159264708 67.2
673 3.287732571694311 67.3
674 3.357309321969011 67.40000000000001
675 3.411587644214352 67.5
676 3.449536950556371 67.60000000000001
677 3.46906673330753 67.7
678 3.469003452223831 67.8
679 3.448922527050714 67.90000000000001
680 3.408583297051531 68
681 3.348127006695511 68.10000000000001
682 3.269046169836297 68.2
683 3.172866624016964 68.3
684 3.060867734001984 68.40000000000001
685 2.934974449466659 68.5
686 2.798754223308632 68.60000000000001
687 2.656424778029594 68.7
688 2.515404192707997 68.8
689 2.384876524443988 68.90000000000001
690 2.27385090387502 69
691 2.18946361955736 69.10000000000001
692 2.132518427114452 69.2
693 2.102457594221968 69.3
694 2.079837246579959 69.40000000000001
695 2.047495912904652 69.5
696 2.010036521371733 69.60000000000001
697 1.975392897726049 69.7
698 1.944918342501418 69.8
699 1.918580786150315 69.90000000000001
700 1.897595706989522 70
701 1.884505004683684 70.10000000000001
702 1.881104256394303 70.2
703 1.891815322872862 70.3
704 1.919720295962257 70.40000000000001
705 1.964259933454717 70.5
706 2.021754600478834 70.60000000000001
707 2.086263576639639 70.7
708 2.151006479539142 70.8
709 2.209542519380547 70.90000000000001
710 2.255790077435695 71
711 2.284200311435057 71.10000000000001
712 2.293981282378915 71.2
713 2.286943407380217 71.3
714 2.262713443488208 71.40000000000001
715 2.220290487391477 71.5
716 2.158729743946641 71.60000000000001
717 2.07774148928903 71.7
718 1.978309565417636 71.8
719 1.864079511013975 71.90000000000001
720 1.742493414344841 72
721 1.623552012107367 72.10000000000001
722 1.518308488524974 72.2
723 1.435844583547794 72.3
724 1.380974519102341 72.40000000000001
725 1.351834988907597 72.5
726 1.339450236610964 72.60000000000001
727 1.337501391290538 72.7
728 1.341290039848279 72.8
729 1.345807339092382 72.90000000000001
730 1.347649085380874 73
731 1.346307936994798 73.10000000000001
732 1.343321836159738 73.2
733 1.340704267809807 73.3
734 1.340220137071947 73.40000000000001
735 1.343537512680932 73.5
736 1.352544431767993 73.60000000000001
737 1.367645796213768 73.7
738 1.38977051877803 73.8
739 1.419915299818485 73.90000000000001
740 1.458900543465809 74
741 1.506901135719936 74.10000000000001
742 1.565056918699277 74.2
743 1.633606176732104 74.3
744 1.713520088616819 74.40000000000001
745 1.80510755543828 74.5
746 1.907488246180688 74.60000000000001
747 2.01865582953921 74.7
748 2.136652058196641 74.8
749 2.25979203660021 74.90000000000001
750 2.382528368835115 75
751 2.49556456883083 75.10000000000001
752 2.598462099954812 75.2
753 2.695561736203443 75.3
754 2.791923593326648 75.40000000000001
755 2.887897022655145 75.5
756 2.982080627830942 75.60000000000001
757 3.073950558435401 75.7
758 3.162301015864445 75.8
759 3.245199444459389 75.90000000000001
760 3.321337792055533 76
761 3.384056051647291 76.10000000000001
762 3.431223629041328 76.2
763 3.460741981785165 76.3
764 3.47151390827881 76.40000000000001
765 3.462438525486398 76.5
766 3.433089956679721 76.60000000000001
767 3.38348347249576 76.7
768 3.314302422391592 76.80000000000001
769 3.22731005179508 76.90000000000001
770 3.123714678250745 77
771 3.005069703773581 77.10000000000001
772 2.87402185708912 77.2
773 2.734325055724504 77.30000000000001
774 2.591499943077922 77.40000000000001
775 2.454191958383977 77.5
776 2.331454689727671 77.60000000000001
777 2.2318032934249 77.7
778 2.160403631450461 77.80000000000001
779 2.116361827299984 77.90000000000001
780 2.093367396918425 78
781 2.065833501261509 78.10000000000001
782 2.030426842695383 78.2
783 1.993763514926513 78.30000000000001
784 1.961089425334833 78.40000000000001
785 1.93236362531022 78.5
786 1.908256506044945 78.60000000000001
787 1.890447302603608 78.7
788 1.881393119837729 78.80000000000001
789 1.883892846342347 78.90000000000001
790 1.902290374305248 79
791 1.937998570993913 79.10000000000001
792 1.989063749194146 79.2
793 2.05055091787304 79.30000000000001
794 2.116001829202955 79.40000000000001
795 2.178676710865893 79.5
796 2.232401448566057 79.60000000000001
797 2.27106400572223 79.7
798 2.290735188361892 79.80000000000001
799 2.2927674939777 79.90000000000001
800 2.278065985228621 80
801 2.245726570325132 80.10000000000001
802 2.19471973656055 80.2
803 2.124289674247311 80.30000000000001
804 2.034758033030843 80.40000000000001
805 1.927910075371964 80.5
806 1.8092280840367 80.60000000000001
807 1.687454801279303 80.7
808 1.573437539908369 80.80000000000001
809 1.477625400813116 80.90000000000001
810 1.407441863263927 81
811 1.365033169644347 81.10000000000001
812 1.344648204899724 81.2
813 1.33752091094373 81.30000000000001
814 1.338806973484018 81.40000000000001
815 1.343439241921428 81.5
816 1.347032655959601 81.60000000000001
817 1.347352007568654 81.7
818 1.344963952445102 81.80000000000001
819 1.341941999336406 81.90000000000001
820 1.340124655994028 82
821 1.341161207982722 82.10000000000001
822 1.346821962783 82.2
823 1.358550210273651 82.30000000000001
824 1.37674891140074 82.40000000000001
825 1.402442741043603 82.5
826 1.436599654871606 82.60000000000001
827 1.479573112105898 82.7
828 1.532086748430596 82.80000000000001
829 1.594933453361389 82.90000000000001
830 1.668484065480433 83
831 1.753812775638661 83.10000000000001
832 1.850454551543766 83.2
833 1.957114640806517 83.30000000000001
834 2.071565890899214 83.40000000000001
835 2.192266878980562 83.5
836 2.316295126342087 83.60000000000001
837 2.435480946073222 83.7
838 2.543588924936644 83.80000000000001
839 2.642886305508507 83.90000000000001
840 2.739463874367075 84
841 2.835814533326164 84.10000000000001
842 2.931067982857447 84.2
843 3.024406359558274 84.30000000000001
844 3.115015205761311 84.40000000000001
845 3.200943893647778 84.5
846 3.281116557266444 84.60000000000001
847 3.351897638265276 84.7
848 3.407527279838003 84.80000000000001
849 3.447085135074608 84.90000000000001
850 3.468158304611194 85
851 3.469869657038724 85.10000000000001
852 3.451569520028444 85.2
853 3.41299431646961 85.30000000000001
854 3.354263828457595 85.40000000000001
855 3.276711843386604 85.5
856 3.182031907078944 85.60000000000001
857 3.071350210221659 85.7
858 2.94656357023279 85.80000000000001
859 2.811117487053629 85.90000000000001
860 2.669094617761489 86
861 2.527577696457015 86.10000000000001
862 2.395769926438427 86.2
863 2.282742641100141 86.30000000000001
864 2.195800809627624 86.40000000000001
865 2.136459090529608 86.5
866 2.104600843236648 86.60000000000001
867 2.082549310039063 86.7
868 2.050692754391491 86.80000000000001
869 2.013297254281768 86.90000000000001
870 1.978306400593695 87
871 1.947475499700141 87.10000000000001
872 1.92076845170485 87.2
873 1.899267717081651 87.30000000000001
874 1.885423876194341 87.40000000000001
875 1.880971355752604 87.5
876 1.890255661012037 87.60000000000001
877 1.916653863332943 87.7
878 1.95979569920999 87.80000000000001
879 2.016373076942901 87.90000000000001
880 2.080521265955885 88
881 2.14550919261387 88.10000000000001
882 2.204811535080806 88.2
883 2.252388814690909 88.30000000000001
884 2.282531711190114 88.40000000000001
885 2.293799488593593 88.5
886 2.288214025394863 88.60000000000001
887 2.265551610436217 88.7
888 2.224738743190089 88.80000000000001
889 2.164881283132694 88.90000000000001
890 2.08555962840826 89
891 1.987662877324214 89.10000000000001
892 1.874473683290539 89.2
893 1.753177078588678 89.30000000000001
894 1.633547305067202 89.40000000000001
895 1.526697140252109 89.5
896 1.441970616008976 89.60000000000001
897 1.384645502052713 89.7
898 1.353565688826414 89.80000000000001
899 1.340070737999831 89.90000000000001
900 1.337349493891317 90
901 1.340871088077224 90.10000000000001
902 1.345506715835231 90.2
903 1.347616315759571 90.30000000000001
904 1.34653704563214 90.40000000000001
905 1.343586854595645 90.5
906 1.340880763167197 90.60000000000001
907 1.34014618403224 90.7
908 1.343071574041672 90.80000000000001
909 1.351510124106625 90.90000000000001
910 1.366063015872848 91
911 1.387539523750325 91.10000000000001
912 1.417003575528895 91.2
913 1.45517411818556 91.30000000000001
914 1.502364046081869 91.40000000000001
915 1.559580432353832 91.5
916 1.627200685631436 91.60000000000001
917 1.706072034622339 91.7
918 1.796671771351553 91.80000000000001
919 1.898167064032693 91.90000000000001
920 2.008642645495653 92
921 2.126060544597022 92.10000000000001
922 2.248897272858771 92.2
923 2.372034620377728 92.30000000000001
924 2.486098207200556 92.40000000000001
925 2.58977503066675 92.5
926 2.687057936068997 92.60000000000001
927 2.783418148832987 92.7
928 2.879486908968216 92.80000000000001
929 2.973850265211774 92.90000000000001
930 3.066036392171555 93
931 3.154764474995522 93.10000000000001
932 3.238160635721949 93.2
933 3.315135779735013 93.30000000000001
934 3.379240581237513 93.40000000000001
935 3.427756808449737 93.5
936 3.458924455718516 93.60000000000001
937 3.471408742576016 93.7
938 3.464073547666464 93.80000000000001
939 3.436555165319907 93.90000000000001
940 3.388693800690918 94
941 3.321190131902649 94.10000000000001
942 3.235701432874758 94.2
943 3.133533298394769 94.30000000000001
944 3.016133164096895 94.40000000000001
945 2.886030903913166 94.5
946 2.746911781713714 94.60000000000001
947 2.604019488015183 94.7
948 2.465813748287365 94.80000000000001
949 2.341340278491394 94.90000000000001
950 2.239485314568611 95
951 2.165688158867094 95.10000000000001
952 2.11907568123065 95.2
953 2.09504669490564 95.30000000000001
954 2.068568173611134 95.40000000000001
955 2.033800391404827 95.5
956 1.996870188508633 95.60000000000001
957 1.96382482903908 95.7
958 1.934768351344738 95.80000000000001
959 1.910203140254243 95.90000000000001
960 1.891662790625186 96
961 1.88185287294735 96.10000000000001
962 1.883154019519141 96.2
963 1.900033273091217 96.30000000000001
964 1.934242771968445 96.40000000000001
965 1.984117950498802 96.5
966 2.044950303956564 96.60000000000001
967 2.110332225484856 96.7
968 2.173488321826494 96.80000000000001
969 2.22823947283774 96.90000000000001
970 2.268446215706427 97
971 2.289812615399152 97.10000000000001
972 2.293282626272684 97.2
973 2.280065552126011 97.30000000000001
974 2.249337008766057 97.40000000000001
975 2.199956312109603 97.5
976 2.131227370669651 97.60000000000001
977 2.043315733381584 97.7
978 1.937814192744485 97.80000000000001
979 1.819855988825161 97.90000000000001
980 1.697943589485239 98
981 1.582777834968214 98.10000000000001
982 1.485068126146635 98.2
983 1.412484330279554 98.30000000000001
984 1.367711640497334 98.40000000000001
985 1.345839753595456 98.5
986 1.337762566427563 98.60000000000001
987 1.338500324538823 98.7
988 1.343030995830664 98.80000000000001
989 1.346886302747447 98.90000000000001
990 1.347462038770948 99
991 1.345257419034734 99.10000000000001
992 1.342214682033428 99.2
993 1.340223454941811 99.30000000000001
994 1.340946601287291 99.40000000000001
995 1.346071982213556 99.5
996 1.357331356215143 99.60000000000001
997 1.374927515134918 99.7
998 1.399914508433614 99.80000000000001
999 1.433268281940549 99.90000000000001
1000 1.475462353058289 100
