"report-def-0-rfile"
"Time Step" "cd etc.."
("Time Step" "cd" "flow-time")
0 -3.035773696956533e-15 0
1 4.043916786852778 0.1
2 3.290141703023324 0.2
3 2.744743359287104 0.3
4 2.385359110845991 0.4
5 2.127905426814626 0.5
6 1.934599236468346 0.6000000000000001
7 1.791171781048889 0.7000000000000001
8 1.681441273855109 0.8
9 1.592112420639907 0.9
10 1.51644223967182 1
11 1.453569288396154 1.1
12 1.40269023421651 1.2
13 1.362524559689734 1.3
14 1.331533972514284 1.4
15 1.307745997018808 1.5
16 1.28966336168587 1.6
17 1.276824993979291 1.7
18 1.268093090183423 1.8
19 1.262854448292083 1.9
20 1.261062870646104 2
21 1.262279739056494 2.1
22 1.266205320275966 2.2
23 1.272519132330188 2.3
24 1.280653695509882 2.4
25 1.290113684598915 2.5
26 1.30084546161557 2.6
27 1.312432172806624 2.7
28 1.325011706936527 2.8
29 1.338255389258039 2.9
30 1.352274454337061 3
31 1.367004925746973 3.1
32 1.382298796428436 3.2
33 1.398046644318365 3.3
34 1.414240239121065 3.4
35 1.431111612643418 3.5
36 1.448984696298093 3.6
37 1.468001967597771 3.7
38 1.488255550776543 3.8
39 1.509992793297585 3.9
40 1.533252396835381 4
41 1.558067018459501 4.100000000000001
42 1.584291281803345 4.2
43 1.611553529051542 4.3
44 1.639201724374004 4.4
45 1.666228584674476 4.5
46 1.691440467629585 4.600000000000001
47 1.713398623986107 4.7
48 1.730903242788729 4.800000000000001
49 1.743310164194012 4.9
50 1.750308536601957 5
51 1.75190853324107 5.100000000000001
52 1.748332034838667 5.2
53 1.739861859378121 5.300000000000001
54 1.726774937059775 5.4
55 1.709375814219577 5.5
56 1.688002520666139 5.600000000000001
57 1.662936396121814 5.7
58 1.634475791987914 5.800000000000001
59 1.602811355320325 5.9
60 1.568222192759212 6
61 1.530953014643731 6.100000000000001
62 1.491297015607553 6.2
63 1.449587350950344 6.300000000000001
64 1.406150906246407 6.4
65 1.361397589165611 6.5
66 1.31573835537948 6.600000000000001
67 1.269909759942865 6.7
68 1.224834792746533 6.800000000000001
69 1.18189660603299 6.9
70 1.142245078507236 7
71 1.107776105776068 7.100000000000001
72 1.080500291828552 7.2
73 1.062084159962416 7.300000000000001
74 1.052551985084693 7.4
75 1.051059693231332 7.5
76 1.056925022329656 7.600000000000001
77 1.070357859853362 7.7
78 1.091740630767917 7.800000000000001
79 1.121648807079514 7.9
80 1.160374478556912 8
81 1.20736569258551 8.1
82 1.260496968310222 8.200000000000001
83 1.316133355413203 8.300000000000001
84 1.370175375214211 8.4
85 1.418789338688547 8.5
86 1.458966128387504 8.6
87 1.489500460769272 8.700000000000001
88 1.510727069399492 8.800000000000001
89 1.524095415538363 8.9
90 1.532143024851474 9
91 1.537967778760906 9.1
92 1.544720956193237 9.200000000000001
93 1.55478916824767 9.300000000000001
94 1.569395122348094 9.4
95 1.588560868572163 9.5
96 1.611282139629691 9.600000000000001
97 1.635862860536913 9.700000000000001
98 1.659797350083326 9.800000000000001
99 1.68044861044322 9.9
100 1.695734207196434 10
101 1.704647586925343 10.1
102 1.706832196332868 10.2
103 1.702879098184358 10.3
104 1.694027497076346 10.4
105 1.681952321931241 10.5
106 1.668369956611337 10.6
107 1.654685575277421 10.7
108 1.641735107066282 10.8
109 1.629897803578304 10.9
110 1.618882066215574 11
111 1.608088814396351 11.1
112 1.596568116995326 11.2
113 1.583392872017341 11.3
114 1.567857837364917 11.4
115 1.549534592044738 11.5
116 1.528456202289835 11.6
117 1.505302518298045 11.7
118 1.480240106150568 11.8
119 1.454620373943459 11.9
120 1.429944553883405 12
121 1.407544481399202 12.1
122 1.388545891777843 12.2
123 1.373898984679769 12.3
124 1.364018430407364 12.4
125 1.358943171446984 12.5
126 1.358458717127283 12.6
127 1.361980805339035 12.7
128 1.368741062951682 12.8
129 1.377969738673487 12.9
130 1.388838602870638 13
131 1.400640275848057 13.1
132 1.412782511315759 13.2
133 1.42492558460973 13.3
134 1.436838004338098 13.4
135 1.448532565232402 13.5
136 1.460027582315136 13.6
137 1.47145086529618 13.7
138 1.482938268517363 13.8
139 1.494498471568268 13.9
140 1.506130216799996 14
141 1.517683968851346 14.1
142 1.528999684288906 14.2
143 1.539678963704986 14.3
144 1.549420223371277 14.4
145 1.557844547935088 14.5
146 1.564631635502444 14.6
147 1.569505611068582 14.7
148 1.572433908944295 14.8
149 1.573400687858697 14.9
150 1.572460078607977 15
151 1.569830132447419 15.1
152 1.56580250747991 15.2
153 1.560640002428018 15.3
154 1.554582212865632 15.4
155 1.547852936137835 15.5
156 1.540624445655262 15.6
157 1.532958862321546 15.7
158 1.524846279411444 15.8
159 1.516333922084383 15.9
160 1.507322688493871 16
161 1.497857775588355 16.1
162 1.488023562448218 16.2
163 1.477926072161277 16.3
164 1.467738536319576 16.4
165 1.45780040756331 16.5
166 1.448390130520508 16.6
167 1.439883412608163 16.7
168 1.432607614416975 16.8
169 1.426808689012712 16.9
170 1.422738802821121 17
171 1.420482849568008 17.1
172 1.419999449744373 17.2
173 1.421211243856838 17.3
174 1.423935582417299 17.4
175 1.427917115353385 17.5
176 1.432870195321219 17.6
177 1.438505151233261 17.7
178 1.44454944197165 17.8
179 1.450749546139618 17.9
180 1.456946073771596 18
181 1.463024088819323 18.1
182 1.468911129943655 18.2
183 1.474576600614657 18.3
184 1.480059688690631 18.4
185 1.4853704076515 18.5
186 1.490508196109471 18.6
187 1.495413508560234 18.7
188 1.500072166180509 18.8
189 1.504350067224041 18.9
190 1.508125192049721 19
191 1.511257825440948 19.1
192 1.513644114471656 19.2
193 1.515111896863973 19.3
194 1.515574297629014 19.4
195 1.51500308500414 19.5
196 1.513414474339831 19.6
197 1.510870673796275 19.7
198 1.507498701388474 19.8
199 1.503474016148517 19.9
200 1.498979692158573 20
201 1.494196775518271 20.1
202 1.489290223203421 20.2
203 1.484415794729755 20.3
204 1.479665545475673 20.4
205 1.475107655854439 20.5
206 1.470781032916945 20.6
207 1.466680156569558 20.7
208 1.462797855786257 20.8
209 1.459120080407973 20.9
210 1.455687625676979 21
211 1.452492433420179 21.1
212 1.44959515321037 21.2
213 1.447072308428107 21.3
214 1.445012515545289 21.4
215 1.443530111727807 21.5
216 1.44270179833204 21.6
217 1.442610416279466 21.7
218 1.443285350602449 21.8
219 1.444706991542764 21.9
220 1.446805844527771 22
221 1.449492383694049 22.1
222 1.452661682862352 22.2
223 1.456121453698541 22.3
224 1.459739683254164 22.4
225 1.463350640473024 22.5
226 1.466809551597024 22.6
227 1.470022017841877 22.7
228 1.472910154950816 22.8
229 1.475447305569444 22.9
230 1.477633729085927 23
231 1.479501536661804 23.1
232 1.481091865570697 23.2
233 1.482419451291196 23.3
234 1.48353251707167 23.4
235 1.484457249733941 23.5
236 1.485194324032434 23.6
237 1.485674856726923 23.7
238 1.485886983869247 23.8
239 1.485760391322138 23.9
240 1.485246530326001 24
241 1.484303789509222 24.1
242 1.482907646865995 24.2
243 1.481071446461252 24.3
244 1.478833908131007 24.4
245 1.476278854710246 24.5
246 1.473503416338784 24.6
247 1.470636979491365 24.7
248 1.467792139762843 24.8
249 1.465089113243704 24.9
250 1.46262710923258 25
251 1.460474711317894 25.1
252 1.458681567666827 25.2
253 1.457252526655264 25.3
254 1.456171785810272 25.4
255 1.455386775852225 25.5
256 1.454851128644045 25.6
257 1.454516492433888 25.7
258 1.454327338165045 25.8
259 1.454240287741869 25.9
260 1.454266708671545 26
261 1.454393418700224 26.1
262 1.45465549394809 26.2
263 1.455100483023953 26.3
264 1.455755556378597 26.4
265 1.456664927020518 26.5
266 1.45783727918356 26.6
267 1.459256540706186 26.7
268 1.460897666498504 26.8
269 1.46270200342772 26.9
270 1.464586111405526 27
271 1.466476727536537 27.1
272 1.468274020901451 27.2
273 1.469877943138417 27.3
274 1.471219378981806 27.4
275 1.472268733107135 27.5
276 1.472977747849092 27.6
277 1.473378889732913 27.7
278 1.473488177887564 27.8
279 1.473343003907933 27.9
280 1.473018317546853 28
281 1.472581678043928 28.1
282 1.472081950673037 28.2
283 1.471554756219273 28.3
284 1.471019745068965 28.4
285 1.470475751735013 28.5
286 1.469905719467012 28.6
287 1.46928403580009 28.7
288 1.468568252232699 28.8
289 1.46773523343748 28.9
290 1.466763983310529 29
291 1.465663408853444 29.1
292 1.464438453329064 29.2
293 1.463126968912919 29.3
294 1.461796412706517 29.4
295 1.460510878834352 29.5
296 1.459341687410316 29.6
297 1.458355822814887 29.7
298 1.457602287424488 29.8
299 1.457112800677858 29.9
300 1.456911509129318 30
