"report-def-0-rfile"
"Time Step" "cd etc.."
("Time Step" "cd" "flow-time")
0 4.001478397837779e-28 0
1 6.442807212729722 0.1
2 5.372957804621006 0.2
3 4.801126463043785 0.3
4 4.444386419745116 0.4
5 4.192218906514205 0.5
6 3.988262652610658 0.6000000000000001
7 3.80600125699637 0.7000000000000001
8 3.640148475208293 0.8
9 3.489102379265069 0.9
10 3.351551678103484 1
11 3.223390372994529 1.1
12 3.096088096800966 1.2
13 2.969654424687384 1.3
14 2.843422132435861 1.4
15 2.714322909437605 1.5
16 2.579493601482239 1.6
17 2.437873619191434 1.7
18 2.292541978606039 1.8
19 2.150819582412637 1.9
20 2.02091996788661 2
21 1.908054269078011 2.1
22 1.81568171636353 2.2
23 1.750479197100464 2.3
24 1.724078357692214 2.4
25 1.735811272014984 2.5
26 1.769390540325171 2.6
27 1.808895655959165 2.7
28 1.84131126249041 2.8
29 1.858074047585934 2.9
30 1.858512687059954 3
31 1.846492951993158 3.1
32 1.825861063104357 3.2
33 1.802468441805437 3.3
34 1.782142816233853 3.4
35 1.768756748585562 3.5
36 1.76436797129651 3.6
37 1.769739980291125 3.7
38 1.785812933262616 3.8
39 1.814486897185971 3.9
40 1.860106086734473 4
41 1.930456004097213 4.100000000000001
42 2.030846273506448 4.2
43 2.161684562956499 4.3
44 2.315801714046313 4.4
45 2.482634119278023 4.5
46 2.650993890631518 4.600000000000001
47 2.811460210088157 4.7
48 2.956421257065517 4.800000000000001
49 3.078438424825544 4.9
50 3.169081641592779 5
51 3.22030533980961 5.100000000000001
52 3.235032213352815 5.2
53 3.218886429859837 5.300000000000001
54 3.175369202181304 5.4
55 3.10814609246731 5.5
56 3.021309042549412 5.600000000000001
57 2.918296192610391 5.7
58 2.802869130000743 5.800000000000001
59 2.678069263369683 5.9
60 2.54829905165062 6
61 2.416825518596791 6.100000000000001
62 2.287177444001055 6.2
63 2.162192149155879 6.300000000000001
64 2.045013281548079 6.4
65 1.940898862341333 6.5
66 1.857274175867053 6.600000000000001
67 1.805420234229846 6.7
68 1.782922296009207 6.800000000000001
69 1.778732752767089 6.9
70 1.782897402759536 7
71 1.788392857664346 7.100000000000001
72 1.790750558371603 7.2
73 1.790572394050846 7.300000000000001
74 1.791098281566708 7.4
75 1.794245467060231 7.5
76 1.801224962438324 7.600000000000001
77 1.81333498299655 7.7
78 1.831592209325272 7.800000000000001
79 1.856579459399663 7.9
80 1.889052706499545 8
81 1.928718039796219 8.1
82 1.974658388959272 8.200000000000001
83 2.02642417674717 8.300000000000001
84 2.082996011730246 8.4
85 2.14447030590873 8.5
86 2.210506617276042 8.6
87 2.281580071139248 8.700000000000001
88 2.358459834002317 8.800000000000001
89 2.441515067636652 8.9
90 2.529836027553924 9
91 2.620329257673594 9.1
92 2.70692900862094 9.200000000000001
93 2.780395009078509 9.300000000000001
94 2.82986274717008 9.4
95 2.853250493113797 9.5
96 2.852524713387036 9.600000000000001
97 2.828410580587351 9.700000000000001
98 2.782157323285646 9.800000000000001
99 2.714925491820094 9.9
100 2.628093649159845 10
101 2.523894828084028 10.1
102 2.407910162145421 10.2
103 2.286701284681423 10.3
104 2.168525127325341 10.4
105 2.061859233752696 10.5
106 1.974561640769867 10.6
107 1.914388599121946 10.7
108 1.878834598157974 10.8
109 1.85988760146254 10.9
110 1.850689201318332 11
111 1.84721950378529 11.1
112 1.846204573947272 11.2
113 1.845667271494927 11.3
114 1.847331260620066 11.4
115 1.851865833380993 11.5
116 1.85932729447323 11.6
117 1.870827425606224 11.7
118 1.888020589636394 11.8
119 1.911541882141049 11.9
120 1.941551180247724 12
121 1.978471557272345 12.1
122 2.021664044396374 12.2
123 2.070993946236509 12.3
124 2.126436671614718 12.4
125 2.187957769110776 12.5
126 2.256272721198867 12.6
127 2.332199949047524 12.7
128 2.415868544361151 12.8
129 2.505732277970825 12.9
130 2.598369086057347 13
131 2.68757768704498 13.1
132 2.765031979799502 13.2
133 2.820603868353337 13.3
134 2.849783738038492 13.4
135 2.855534011008268 13.5
136 2.838660524437411 13.6
137 2.800481674742082 13.7
138 2.741982586331614 13.8
139 2.664096503754445 13.9
140 2.568316234050998 14
141 2.45922414242009 14.1
142 2.342968148017937 14.2
143 2.227102764855425 14.3
144 2.119890966928043 14.4
145 2.028992508676234 14.5
146 1.961865914657684 14.6
147 1.918861109566069 14.7
148 1.892555266665046 14.8
149 1.876418550600719 14.9
150 1.866795507738238 15
151 1.860540851891323 15.1
152 1.855674967242758 15.2
153 1.85242994291812 15.3
154 1.852436866244313 15.4
155 1.855850964538216 15.5
156 1.863406714119842 15.6
157 1.876094040362453 15.7
158 1.894948120903265 15.8
159 1.920191779007422 15.9
160 1.952454419216385 16
161 1.991094524048342 16.1
162 2.036147780750179 16.2
163 2.087245763317139 16.3
164 2.143842329959519 16.4
165 2.205871136885445 16.5
166 2.273779772552614 16.6
167 2.348175387447085 16.7
168 2.428648722019577 16.8
169 2.513595696277249 16.9
170 2.599171237248242 17
171 2.679185184766145 17.1
172 2.745307809830681 17.2
173 2.788416922427182 17.3
174 2.807912073298781 17.4
175 2.805352406551201 17.5
176 2.781747396827368 17.6
177 2.738103852563391 17.7
178 2.675309493375298 17.8
179 2.594088217533441 17.9
180 2.4971263111102 18
181 2.389616228082769 18.1
182 2.278366356149717 18.2
183 2.171591628727207 18.3
184 2.077198072217355 18.4
185 2.002855630599717 18.5
186 1.95249743991831 18.6
187 1.92036862719034 18.7
188 1.899729078602024 18.8
189 1.886123772608026 18.9
190 1.87667837560363 19
191 1.869326318649871 19.1
192 1.863465979576624 19.2
193 1.859835385429894 19.3
194 1.859591532151066 19.4
195 1.86300949063662 19.5
196 1.871080557914752 19.6
197 1.884946705657326 19.7
198 1.905395450671395 19.8
199 1.933094138924787 19.9
200 1.967676438826079 20
201 2.009079092459164 20.1
202 2.057079978145124 20.2
203 2.111276456315544 20.3
204 2.171370659190878 20.4
205 2.237960247243346 20.5
206 2.311575954059053 20.6
207 2.392260381295367 20.7
208 2.478352414191666 20.8
209 2.566533256971354 20.9
210 2.651298923399267 21
211 2.724655584075626 21.1
212 2.777440798259736 21.2
213 2.805272247509428 21.3
214 2.810692748737356 21.4
215 2.794530976166701 21.5
216 2.758079921669378 21.6
217 2.702383456602677 21.7
218 2.628080878481684 21.8
219 2.536924804490541 21.9
220 2.433497918170505 22
221 2.323998740769131 22.1
222 2.216277817690635 22.2
223 2.118371911535245 22.3
224 2.037811419788285 22.4
225 1.980794107212362 22.5
226 1.943267089817401 22.6
227 1.919235697425701 22.7
228 1.90275088816796 22.8
229 1.8912409055112 22.9
230 1.88210913136494 23
231 1.8744504614744 23.1
232 1.868325597267617 23.2
233 1.865149217105278 23.3
234 1.86549199830813 23.4
235 1.870178780874507 23.5
236 1.880180780833115 23.6
237 1.896670604226635 23.7
238 1.920274758598207 23.8
239 1.951214407370625 23.9
240 1.989087149632062 24
241 2.03376206293429 24.1
242 2.084936697851957 24.2
243 2.142217369062457 24.3
244 2.205966282544414 24.4
245 2.27692080002509 24.5
246 2.355166320331688 24.6
247 2.439772414377869 24.7
248 2.528088200349805 24.8
249 2.61524600435211 24.9
250 2.694239464670479 25
251 2.756121513208425 25.1
252 2.79353112643525 25.2
253 2.807594310416731 25.3
254 2.799842748312658 25.4
255 2.771352087994849 25.5
256 2.723309036053019 25.6
257 2.656586282495539 25.7
258 2.572050111322149 25.8
259 2.473561725395748 25.9
260 2.366472273017209 26
261 2.258293206277338 26.1
262 2.157045297410659 26.2
263 2.070352216621153 26.3
264 2.00542565562557 26.4
265 1.962198246993369 26.5
266 1.934107501746422 26.6
267 1.915013341416203 26.7
268 1.901495617085695 26.8
269 1.89103589485233 26.9
270 1.882275116517705 27
271 1.874710566698353 27.1
272 1.869463913965483 27.2
273 1.867501708452864 27.3
274 1.869511520997734 27.4
275 1.876401679835074 27.5
276 1.889542836491521 27.6
277 1.909590098730901 27.7
278 1.937199608012989 27.8
279 1.971896604984305 27.9
280 2.013601441491389 28
281 2.062092536796049 28.1
282 2.116995140409236 28.2
283 2.178456887477051 28.3
284 2.247234238530374 28.4
285 2.323642028821421 28.5
286 2.407216482174791 28.6
287 2.495700804932389 28.7
288 2.585001128133732 28.8
289 2.668608956180238 28.9
290 2.738247085316474 29
291 2.784838978284584 29.1
292 2.807052133733354 29.2
293 2.807028212468193 29.3
294 2.785709368678556 29.4
295 2.744453544048238 29.5
296 2.68419538626031 29.6
297 2.605725444725361 29.7
298 2.511748276050638 29.8
299 2.407177947910839 29.9
300 2.298745610963839 30
301 2.194552309927519 30.1
302 2.102255182466964 30.2
303 2.029449862119603 30.3
304 1.97975504575732 30.4
305 1.947136609969226 30.5
306 1.925424429309907 30.6
307 1.910114452373249 30.7
308 1.898571561676942 30.8
309 1.888956866461448 30.9
310 1.880485141681434 31
311 1.873720126483927 31.1
312 1.869927272412438 31.2
313 1.869807899294398 31.3
314 1.874257440697944 31.4
315 1.884494574929968 31.5
316 1.901426026886691 31.6
317 1.925905192726712 31.7
318 1.957710426721909 31.8
319 1.996561793982481 31.9
320 2.042417266585735 32
321 2.094873484526507 32.1
322 2.153873939405225 32.2
323 2.220012050627051 32.3
324 2.293981911365421 32.4
325 2.37558273966708 32.5
326 2.463128517553475 32.6
327 2.553172132227536 32.7
328 2.640052986220934 32.8
329 2.715985378834868 32.9
330 2.77178600931301 33
331 2.802349642720118 33.1
332 2.810109795761432 33.2
333 2.796283957903615 33.3
334 2.761959448169464 33.4
335 2.708329971711137 33.5
336 2.636330094493534 33.6
337 2.54734852225456 33.7
338 2.445941825326037 33.8
339 2.338201527859405 33.9
340 2.231719606335431 34
341 2.134599731585713 34.1
342 2.0544329713159 34.2
343 1.997226721868806 34.3
344 1.959202828349949 34.4
345 1.934468952542734 34.5
346 1.917027491039303 34.6
347 1.904386376369455 34.7
348 1.894053210149724 34.8
349 1.88506467954433 34.9
350 1.877238529447108 35
351 1.872019923125523 35.1
352 1.870176954879659 35.2
353 1.872587445399111 35.3
354 1.880283645653959 35.4
355 1.894544891429207 35.5
356 1.915981436670004 35.6
357 1.945051069306241 35.7
358 1.981280939528714 35.8
359 2.024544762163577 35.9
360 2.074571934215062 36
361 2.1311916044979 36.1
362 2.194829802822573 36.2
363 2.266222377849923 36.3
364 2.345459777025469 36.4
365 2.431574480778861 36.5
366 2.521637177323602 36.6
367 2.610761196502763 36.7
368 2.691750621426199 36.8
369 2.755836887982349 36.9
370 2.795167079360372 37
371 2.810833378156396 37.1
372 2.804384983837744 37.2
373 2.77706166839644 37.3
374 2.730085944535646 37.4
375 2.664414137244899 37.5
376 2.580952147983568 37.6
377 2.483312014036521 37.7
378 2.37696073405488 37.8
379 2.269206525456719 37.9
380 2.16810603434472 38
381 2.081182983739951 38.1
382 2.015784891321194 38.2
383 1.972020158254974 38.3
384 1.943357055834871 38.40000000000001
385 1.923729055997257 38.5
386 1.909622272335125 38.6
387 1.898511519960765 38.7
388 1.888999309812962 38.8
389 1.880550645953072 38.90000000000001
390 1.874102086956486 39
391 1.870843166810507 39.1
392 1.871507286333929 39.2
393 1.877014807422224 39.3
394 1.888756129906877 39.40000000000001
395 1.907469140630013 39.5
396 1.933830489612136 39.6
397 1.96741649141246 39.7
398 2.008138826979172 39.8
399 2.05578668965536 39.90000000000001
400 2.11001445445849 40
401 2.171158268658258 40.1
402 2.239740180444965 40.2
403 2.316446369142708 40.3
404 2.400525817440902 40.40000000000001
405 2.489767561907684 40.5
406 2.580096677317739 40.6
407 2.664986347691004 40.7
408 2.736198723539867 40.8
409 2.784583879865581 40.90000000000001
410 2.808209659382816 41
411 2.809484200745535 41.1
412 2.789369442186116 41.2
413 2.749095769287275 41.3
414 2.689857654362361 41.40000000000001
415 2.612369033628032 41.5
416 2.519175860932116 41.6
417 2.415204141398775 41.7
418 2.307033810488444 41.8
419 2.202683431087897 41.90000000000001
420 2.109978443150201 42
421 2.036420153619355 42.1
422 1.985929406189949 42.2
423 1.952702554572757 42.3
424 1.930508034534327 42.40000000000001
425 1.914778523961003 42.5
426 1.902872912547349 42.6
427 1.892888463232528 42.7
428 1.883951001741529 42.8
429 1.876552103427958 42.90000000000001
430 1.872019064871273 43
431 1.871054713276832 43.1
432 1.874658263439239 43.2
433 1.884057959648166 43.3
434 1.900100643790223 43.40000000000001
435 1.923685261059034 43.5
436 1.954709394255609 43.6
437 1.992923184355899 43.7
438 2.038151744673309 43.8
439 2.090095197614489 43.90000000000001
440 2.148739488332313 44
441 2.214669777416895 44.1
442 2.28864661179235 44.2
443 2.370359079822083 44.3
444 2.458316400689464 44.40000000000001
445 2.548997712763558 44.5
446 2.636712833751679 44.6
447 2.713834401769135 44.7
448 2.771045150616135 44.8
449 2.802945010254076 44.90000000000001
450 2.811841938653024 45
451 2.799056214420277 45.1
452 2.765643769996311 45.2
453 2.712946487119234 45.3
454 2.641710046311049 45.40000000000001
455 2.553415432329432 45.5
456 2.452499818757501 45.6
457 2.344966012163817 45.7
458 2.23836830132835 45.8
459 2.140739772152247 45.90000000000001
460 2.059763670610427 46
461 2.001617747270276 46.1
462 1.962882621588391 46.2
463 1.937651106603824 46.3
464 1.919873595216343 46.40000000000001
465 1.906984239333167 46.5
466 1.89642220162738 46.6
467 1.88715172706842 46.7
468 1.87900013178559 46.8
469 1.873334195225224 46.90000000000001
470 1.871004376036084 47
471 1.872886255319667 47.1
472 1.880008390397428 47.2
473 1.893641757230494 47.3
474 1.914518042676572 47.40000000000001
475 1.94303456400333 47.5
476 1.978701493391506 47.6
477 2.021488528863275 47.7
478 2.071087046384948 47.8
479 2.127350598610521 47.90000000000001
480 2.190699186858938 48
481 2.261807574490437 48.1
482 2.340973672802467 48.2
483 2.427074970086602 48.3
484 2.51733833077212 48.40000000000001
485 2.606922433889167 48.5
486 2.688741840169285 48.6
487 2.75401257310336 48.7
488 2.794621401044005 48.8
489 2.811392486690671 48.90000000000001
490 2.806006432004343 49
491 2.779607092061349 49.1
492 2.733545964325832 49.2
493 2.66865904182133 49.3
494 2.58593687416155 49.40000000000001
495 2.488879128368847 49.5
496 2.382805815262144 49.6
497 2.275001588574554 49.7
498 2.173460121435971 49.8
499 2.085804268199753 49.90000000000001
500 2.019356577731563 50
501 1.974861598694181 50.1
502 1.945631926982145 50.2
503 1.925621237550631 50.3
504 1.911277824367345 50.40000000000001
505 1.900012444079631 50.5
506 1.890384930577272 50.6
507 1.881723622068492 50.7
508 1.875011570988014 50.8
509 1.871425428345211 50.90000000000001
510 1.871710915452233 51
511 1.876865278621431 51.1
512 1.888112297863801 51.2
513 1.906335490285082 51.3
514 1.932269485912361 51.40000000000001
515 1.965421215623316 51.5
516 2.0057207533801 51.6
517 2.053014635899261 51.7
518 2.106940314473313 51.8
519 2.167721107981099 51.90000000000001
520 2.236070319292437 52
521 2.31246015813761 52.1
522 2.396442839411346 52.2
523 2.485665369734197 52.3
524 2.576249859797237 52.40000000000001
525 2.661675430486153 52.5
526 2.733820954407662 52.6
527 2.783410680010387 52.7
528 2.808119328559428 52.8
529 2.810365556702719 52.90000000000001
530 2.79116380381859 53
531 2.75177535064012 53.1
532 2.693368068047401 53.2
533 2.616613952829168 53.3
534 2.524046862329042 53.40000000000001
535 2.420441978294095 53.5
536 2.312276409086051 53.6
537 2.207648452602146 53.7
538 2.114331805023935 53.8
539 2.039801627980021 53.90000000000001
540 1.988409476736374 54
541 1.954520589593679 54.1
542 1.931993426405567 54.2
543 1.916001018012498 54.3
544 1.903940772995137 54.40000000000001
545 1.893851903237721 54.5
546 1.884818631842282 54.6
547 1.877246210507709 54.7
548 1.872472272660022 54.8
549 1.871258342027568 54.90000000000001
550 1.874541305588213 55
551 1.883542438101129 55.1
552 1.899230870378539 55.2
553 1.922437554256356 55.3
554 1.953079518419622 55.40000000000001
555 1.99090543438788 55.5
556 2.035816421885106 55.6
557 2.087456742484757 55.7
558 2.145785473063798 55.8
559 2.211400911744059 55.90000000000001
560 2.285080447032739 56
561 2.366546655519028 56.1
562 2.454401659762393 56.2
563 2.545117503981321 56.3
564 2.633218637066348 56.40000000000001
565 2.711008206184962 56.5
566 2.769309443074525 56.6
567 2.802317801656239 56.7
568 2.812194492445186 56.8
569 2.800305780030781 56.90000000000001
570 2.767756596900472 57
571 2.715856249991834 57.1
572 2.645416667985133 57.2
573 2.557755650969375 57.3
574 2.457285753624891 57.40000000000001
575 2.349887391025708 57.5
576 2.243081039184558 57.6
577 2.144975071445672 57.7
578 2.063150478103545 57.8
579 2.004000062411794 57.90000000000001
580 1.964554911012475 58
581 1.938900439894347 58.1
582 1.920859871661595 58.2
583 1.907819203586894 58.3
584 1.897131541103899 58.40000000000001
585 1.887814452452419 58.5
586 1.879524696884856 58.6
587 1.873701275106715 58.7
588 1.871164338006223 58.8
589 1.87277781853915 58.90000000000001
590 1.879574055616438 59
591 1.892935060796723 59.1
592 1.91347650824891 59.2
593 1.941589979283328 59.3
594 1.976950516059022 59.40000000000001
595 2.019414672455389 59.5
596 2.068698958861424 59.6
597 2.12468348563793 59.7
598 2.187687250311934 59.8
599 2.258470231918711 59.90000000000001
600 2.337327906746986 60
601 2.423252877015249 60.1
602 2.513456280652933 60.2
603 2.603255447398944 60.3
604 2.685607219098317 60.40000000000001
605 2.751803306141629 60.5
606 2.793495044948843 60.6
607 2.811231645827808 60.7
608 2.806777688871114 60.8
609 2.781287564047744 60.90000000000001
610 2.736034011951754 61
611 2.671932280941021 61.1
612 2.589914196976089 61.2
613 2.493378303154493 61.3
614 2.387541985958973 61.40000000000001
615 2.27963445840796 61.5
616 2.177687592528752 61.6
617 2.089335255160193 61.7
618 2.021900703838606 61.8
619 1.976558548369 61.90000000000001
620 1.946879046135254 62
621 1.926544132170273 62.1
622 1.912035216216746 62.2
623 1.900649691804943 62.3
624 1.890944358058472 62.40000000000001
625 1.882226813075138 62.5
626 1.875375952063379 62.6
627 1.871621751351283 62.7
628 1.871707857395227 62.8
629 1.876527427515361 62.90000000000001
630 1.887565297943916 63
631 1.9054455627095 63.1
632 1.930980185161875 63.2
633 1.963827707491852 63.3
634 2.00382408373642 63.40000000000001
635 2.050810924932452 63.5
636 2.104448424704141 63.6
637 2.164906429470693 63.7
638 2.232936450501393 63.8
639 2.309072072464248 63.90000000000001
640 2.392726415612403 64
641 2.481865746080581 64.10000000000001
642 2.572496428211994 64.2
643 2.658350940731911 64.3
644 2.731239297871609 64.40000000000001
645 2.781968832544433 64.5
646 2.807615154189734 64.60000000000001
647 2.810796851723261 64.7
648 2.792526478321029 64.8
649 2.753917011404428 64.90000000000001
650 2.696312402955342 65
651 2.620322528114833 65.10000000000001
652 2.528292394246277 65.2
653 2.425005424879179 65.3
654 2.316894561973199 65.40000000000001
655 2.211952903176702 65.5
656 2.117969045935591 65.60000000000001
657 2.042591889392853 65.7
658 1.990280823154208 65.8
659 1.955738870703691 65.90000000000001
660 1.932857659508472 66
661 1.916642909315738 66.10000000000001
662 1.904496418976855 66.2
663 1.894299576881062 66.3
664 1.885241395217424 66.40000000000001
665 1.877574200271677 66.5
666 1.872652285378164 66.60000000000001
667 1.87129658460348 66.7
668 1.87432463601649 66.8
669 1.883084754446329 66.90000000000001
670 1.898444833590463 67
671 1.921288330785135 67.10000000000001
672 1.95162904401594 67.2
673 1.989142898450163 67.3
674 2.033783975091322 67.40000000000001
675 2.085094981094725 67.5
676 2.143150012981313 67.60000000000001
677 2.208448303680168 67.7
678 2.281778389145185 67.8
679 2.362984497937323 67.90000000000001
680 2.450588627191202 68
681 2.541318009206717 68.10000000000001
682 2.629670853340319 68.2
683 2.708098310226725 68.3
684 2.767407595995361 68.40000000000001
685 2.801451500386935 68.5
686 2.81227813746552 68.60000000000001
687 2.801286380972223 68.7
688 2.769591247994362 68.8
689 2.718463396753543 68.90000000000001
690 2.648784410467042 69
691 2.561780706218766 69.10000000000001
692 2.461784840496849 69.2
693 2.354456044863592 69.3
694 2.247461796441716 69.40000000000001
695 2.148853918245903 69.5
696 2.066213023261223 69.60000000000001
697 2.006069420855138 69.7
698 1.965953622958979 69.8
699 1.939842025206051 69.90000000000001
700 1.921599359246903 70
701 1.908312313772061 70.10000000000001
702 1.897572450925028 70.2
703 1.888196496203065 70.3
704 1.879855753354308 70.40000000000001
705 1.873894612836161 70.5
706 1.871207150170648 70.60000000000001
707 1.872651854857441 70.7
708 1.879213757344432 70.8
709 1.892234159604516 70.90000000000001
710 1.912459164811623 71
711 1.940265912829554 71.10000000000001
712 1.975297410866687 71.2
713 2.017448675725457 71.3
714 2.066507211773779 71.40000000000001
715 2.122146538455281 71.5
716 2.184882914760504 71.60000000000001
717 2.255324666989357 71.7
718 2.333825192276017 71.8
719 2.419499181982871 71.90000000000001
720 2.509633089611095 72
721 2.59956734228477 72.10000000000001
722 2.682391468422432 72.2
723 2.749470646142767 72.3
724 2.792260057301392 72.40000000000001
725 2.810940682793608 72.5
726 2.807415775415858 72.60000000000001
727 2.782781355629397 72.7
728 2.738299430037115 72.8
729 2.675018099526196 72.90000000000001
730 2.593689799521278 73
731 2.497644084734801 73.10000000000001
732 2.392151074159544 73.2
733 2.284142767916575 73.3
734 2.181739043727018 73.40000000000001
735 2.092663143894376 73.5
736 2.024252461351339 73.60000000000001
737 1.978164340732018 73.7
738 1.947877063052957 73.8
739 1.927314420289688 73.90000000000001
740 1.912592722409824 74
741 1.901114600187376 74.10000000000001
742 1.891372931683508 74.2
743 1.882592853341496 74.3
744 1.875631020809898 74.40000000000001
745 1.871719982685526 74.5
746 1.871594748278305 74.60000000000001
747 1.876255098671408 74.7
748 1.886982203709189 74.8
749 1.904481609226428 74.90000000000001
750 1.929737526762448 75
751 1.962275040124814 75.10000000000001
752 2.001968989660193 75.2
753 2.048673643868928 75.3
754 2.102016039129827 75.40000000000001
755 2.162217575301537 75.5
756 2.22990009974479 75.60000000000001
757 2.305631088841782 75.7
758 2.389033229229191 75.8
759 2.478042484546522 75.90000000000001
760 2.568701432450069 76
761 2.654911832459317 76.10000000000001
762 2.728538640723761 76.2
763 2.780358561596007 76.3
764 2.806995718705122 76.40000000000001
765 2.811124603715866 76.5
766 2.793647040649924 76.60000000000001
767 2.755933740794375 76.7
768 2.699070393326636 76.80000000000001
769 2.623834750995766 76.90000000000001
770 2.532409189925128 77
771 2.42950596041412 77.10000000000001
772 2.321442944514342 77.2
773 2.216187885483421 77.30000000000001
774 2.121621776459213 77.40000000000001
775 2.045290606957787 77.5
776 1.992082964212173 77.60000000000001
777 1.956896753461822 77.7
778 1.933681397439483 77.80000000000001
779 1.91720636517966 77.90000000000001
780 1.90493142428106 78
781 1.89469828536878 78.10000000000001
782 1.885575148460516 78.2
783 1.877823625785699 78.30000000000001
784 1.872766361619904 78.40000000000001
785 1.871203608257412 78.5
786 1.8740882515059 78.60000000000001
787 1.88246165386304 78.7
788 1.897583504751318 78.80000000000001
789 1.920155415255368 78.90000000000001
790 1.95015214990362 79
791 1.987372198796191 79.10000000000001
792 2.031702236140362 79.2
793 2.082760041315174 79.30000000000001
794 2.140508904952839 79.40000000000001
795 2.205515481328805 79.5
796 2.278439599301415 79.60000000000001
797 2.359346002872991 79.7
798 2.446766954600289 79.80000000000001
799 2.537417757020955 79.90000000000001
800 2.626034150410437 80
801 2.705026804745189 80.10000000000001
802 2.765344584891374 80.2
803 2.800463729557559 80.30000000000001
804 2.812257638727639 80.40000000000001
805 2.802104822728459 80.5
806 2.771285988624135 80.60000000000001
807 2.720986065968766 80.7
808 2.652095834837447 80.80000000000001
809 2.565762683101553 80.90000000000001
810 2.466184641265868 81
811 2.359060054831261 81.10000000000001
812 2.251918425513372 81.2
813 2.152797666181724 81.30000000000001
814 2.069331346760937 81.40000000000001
815 2.008201896783267 81.5
816 1.96739241220041 81.60000000000001
817 1.940783757032887 81.7
818 1.922257069619882 81.80000000000001
819 1.908825725132232 81.90000000000001
820 1.897988952166636 82
821 1.888558403046088 82.10000000000001
822 1.880162276357897 82.2
823 1.874072863682048 82.30000000000001
824 1.871229357235978 82.40000000000001
825 1.872464602568721 82.5
826 1.878761064075456 82.60000000000001
827 1.891522770243331 82.7
828 1.911433023676286 82.80000000000001
829 1.938926531690295 82.90000000000001
830 1.973645444657939 83
831 2.015498605742944 83.10000000000001
832 2.064265275843641 83.2
833 2.119644890293142 83.30000000000001
834 2.182037745163962 83.40000000000001
835 2.252139741863734 83.5
836 2.330352563797142 83.60000000000001
837 2.415721172433924 83.7
838 2.505732359870566 83.80000000000001
839 2.595840162636543 83.90000000000001
840 2.679118271186938 84
841 2.747048525250376 84.10000000000001
842 2.790951876939477 84.2
843 2.810622759329062 84.30000000000001
844 2.807957846982261 84.40000000000001
845 2.784210837546874 84.5
846 2.740551591142363 84.60000000000001
847 2.677994882197934 84.7
848 2.597472332960052 84.80000000000001
849 2.501931434404923 84.90000000000001
850 2.396664387230669 85
851 2.28865383252859 85.10000000000001
852 2.185882570163521 85.2
853 2.096065041231641 85.30000000000001
854 2.026670858067821 85.40000000000001
855 1.979729694070186 85.5
856 1.948973817435629 85.60000000000001
857 1.92807249382238 85.7
858 1.913118268456811 85.80000000000001
859 1.901590615552943 85.90000000000001
860 1.891756936642446 86
861 1.882941448817112 86.10000000000001
862 1.875852726351256 86.2
863 1.871811416884502 86.30000000000001
864 1.871493003911874 86.40000000000001
865 1.875916542923049 86.5
866 1.88638572509918 86.60000000000001
867 1.903574799121067 86.7
868 1.928475271270735 86.80000000000001
869 1.96072803202479 86.90000000000001
870 2.000130790143122 87
871 2.046522761339422 87.10000000000001
872 2.099599351676031 87.2
873 2.15950388364214 87.30000000000001
874 2.226838576458785 87.40000000000001
875 2.302265147697612 87.5
876 2.385379680474217 87.60000000000001
877 2.47417352762298 87.7
878 2.564875852372111 87.80000000000001
879 2.651446261620996 87.90000000000001
880 2.725773186157181 88
881 2.778663174040674 88.10000000000001
882 2.806319896917498 88.2
883 2.811378529884464 88.30000000000001
884 2.794769347578368 88.40000000000001
885 2.757918557918098 88.5
886 2.701849921969552 88.60000000000001
887 2.627386167571861 88.7
888 2.536540594905927 88.80000000000001
889 2.434012545606715 88.90000000000001
890 2.326019089334442 89
891 2.220484414563626 89.10000000000001
892 2.125296971749539 89.2
893 2.048066063813487 89.30000000000001
894 1.99396232937662 89.40000000000001
895 1.95808592903074 89.5
896 1.934536000428155 89.60000000000001
897 1.917786456223812 89.7
898 1.905425686274826 89.80000000000001
899 1.895107157442073 89.90000000000001
900 1.885949993380423 90
901 1.878099168895238 90.10000000000001
902 1.87291552192341 90.2
903 1.871186771989499 90.30000000000001
904 1.873825526568091 90.40000000000001
905 1.882000162847403 90.5
906 1.896801565975496 90.60000000000001
907 1.919010674584696 90.7
908 1.948751466361003 90.80000000000001
909 1.985651007811965 90.90000000000001
910 2.029679381080262 91
911 2.080444802974473 91.10000000000001
912 2.137943452644589 91.2
913 2.20259022253702 91.30000000000001
914 2.27519716622709 91.40000000000001
915 2.355817039740339 91.5
916 2.442945749761172 91.60000000000001
917 2.533592530874897 91.7
918 2.62244083259671 91.80000000000001
919 2.702009615185294 91.90000000000001
920 2.76328242866851 92
921 2.79949455650247 92.10000000000001
922 2.812222043355509 92.2
923 2.802962957410196 92.30000000000001
924 2.772992706166639 92.40000000000001
925 2.723519603223548 92.5
926 2.655379025229302 92.60000000000001
927 2.569706634498889 92.7
928 2.470599560966152 92.80000000000001
929 2.363659772993947 92.90000000000001
930 2.256323993341891 93
931 2.15674419328645 93.10000000000001
932 2.072431159032264 93.2
933 2.010290664836824 93.30000000000001
934 1.968811148475083 93.40000000000001
935 1.94178526633701 93.5
936 1.922927763952566 93.60000000000001
937 1.909339105261643 93.7
938 1.898401320852626 93.80000000000001
939 1.888946455070344 93.90000000000001
940 1.880474752732759 94
941 1.874260332861426 94.10000000000001
942 1.871273572249422 94.2
943 1.872288186169623 94.30000000000001
944 1.87837611409931 94.40000000000001
945 1.890861638497093 94.5
946 1.910409458443671 94.60000000000001
947 1.93760552206018 94.7
948 1.972023853930516 94.80000000000001
949 2.013605023851532 94.90000000000001
950 2.062039784222216 95
951 2.117159524768971 95.10000000000001
952 2.179238454847041 95.2
953 2.248981763913828 95.30000000000001
954 2.326871439394693 95.40000000000001
955 2.412002161703734 95.5
956 2.501899533250445 95.60000000000001
957 2.592089642137813 95.7
958 2.675819408437305 95.80000000000001
959 2.744614824304473 95.90000000000001
960 2.789604382163204 96
961 2.810224315399112 96.10000000000001
962 2.808542021736801 96.2
963 2.785658579807448 96.30000000000001
964 2.742779507152278 96.40000000000001
965 2.681017333988616 96.5
966 2.601244051754293 96.60000000000001
967 2.506246649275541 96.7
968 2.401303629861305 96.80000000000001
969 2.293165173275645 96.90000000000001
970 2.190006720133606 97
971 2.099512820172134 97.10000000000001
972 2.029103001259524 97.2
973 1.981383775698098 97.30000000000001
974 1.950010687116371 97.40000000000001
975 1.928868701048864 97.5
976 1.913692837152425 97.60000000000001
977 1.902068805393705 97.7
978 1.892200154650939 97.80000000000001
979 1.883329335800105 97.90000000000001
980 1.876148964471583 98
981 1.871957792189985 98.10000000000001
982 1.871461300807684 98.2
983 1.875668989015435 98.30000000000001
984 1.885807906103875 98.40000000000001
985 1.902766437713735 98.5
986 1.927321449976676 98.60000000000001
987 1.95922754597823 98.7
988 1.998344199029981 98.80000000000001
989 2.044433701906603 98.90000000000001
990 2.097275415680934 99
991 2.15684928363718 99.10000000000001
992 2.223882677798471 99.2
993 2.298960217824573 99.30000000000001
994 2.381756679609767 99.40000000000001
995 2.470402854927535 99.5
996 2.561157534565506 99.60000000000001
997 2.648047067529274 99.7
998 2.723067622077509 99.80000000000001
999 2.777036602235843 99.90000000000001
1000 2.805662089573079 100
