"report-def-0-rfile"
"Time Step" "cd etc.."
("Time Step" "cd" "flow-time")
0 9.107321096017267e-15 0
1 4.265695795381291 0.1
2 3.425862093287932 0.2
3 2.850599114064294 0.3
4 2.481443129690716 0.4
5 2.22036984875916 0.5
6 2.024868820400451 0.6000000000000001
7 1.877158237014322 0.7000000000000001
8 1.763670083181676 0.8
9 1.672477031566205 0.9
10 1.597844597978607 1
11 1.537330578790248 1.1
12 1.489628890559445 1.2
13 1.453526524488864 1.3
14 1.427555218891451 1.4
15 1.409708734769295 1.5
16 1.398222614779024 1.6
17 1.39214073780416 1.7
18 1.39063545223345 1.8
19 1.393720986602467 1.9
20 1.400095821539249 2
21 1.40841424694817 2.1
22 1.418194531255417 2.2
23 1.428404798340436 2.3
24 1.438585680063055 2.4
25 1.44869387897127 2.5
26 1.458400838414292 2.6
27 1.467435213157124 2.7
28 1.475542924183631 2.8
29 1.483044100734925 2.9
30 1.490336697906448 3
31 1.497510483778186 3.1
32 1.50477781685165 3.2
33 1.512323928469087 3.3
34 1.520132644940354 3.4
35 1.528437596339957 3.5
36 1.537375451201098 3.6
37 1.547165720525566 3.7
38 1.558082774381719 3.8
39 1.570327387315633 3.9
40 1.584111016918111 4
41 1.599557573877566 4.100000000000001
42 1.616562090687132 4.2
43 1.634882928636561 4.3
44 1.653888887705533 4.4
45 1.67260756337244 4.5
46 1.689734516563985 4.600000000000001
47 1.703720960856666 4.7
48 1.713753091084407 4.800000000000001
49 1.719306192862605 4.9
50 1.720409246175408 5
51 1.717397129986159 5.100000000000001
52 1.710471322514671 5.2
53 1.699724486473621 5.300000000000001
54 1.685075752002906 5.4
55 1.666552291386845 5.5
56 1.64426306180179 5.600000000000001
57 1.618274473426416 5.7
58 1.58874651891511 5.800000000000001
59 1.555978106894156 5.9
60 1.520505014490165 6
61 1.482747128669885 6.100000000000001
62 1.443322211529966 6.2
63 1.402869357601181 6.300000000000001
64 1.362024783775691 6.4
65 1.321485975525973 6.5
66 1.282077331281688 6.600000000000001
67 1.244852269485443 6.7
68 1.21130330784637 6.800000000000001
69 1.183036443362999 6.9
70 1.161940716941525 7
71 1.148829396821241 7.100000000000001
72 1.142520300418518 7.2
73 1.141272534733528 7.300000000000001
74 1.14626931065912 7.4
75 1.15906817816477 7.5
76 1.181193140558018 7.600000000000001
77 1.214587481275899 7.7
78 1.260678018435038 7.800000000000001
79 1.320506973212447 7.9
80 1.393115176987158 8
81 1.47545851916508 8.1
82 1.561842053453342 8.200000000000001
83 1.644001177975815 8.300000000000001
84 1.71459979727395 8.4
85 1.769176690001444 8.5
86 1.80672100515132 8.6
87 1.829356614311033 8.700000000000001
88 1.841071113612985 8.800000000000001
89 1.846533966841839 8.9
90 1.849865952367451 9
91 1.853970164215773 9.1
92 1.859879931605236 9.200000000000001
93 1.867242917391868 9.300000000000001
94 1.874544787139577 9.4
95 1.879255405671296 9.5
96 1.879404788093165 9.600000000000001
97 1.87364048118577 9.700000000000001
98 1.861511708608142 9.800000000000001
99 1.843264378130856 9.9
100 1.819723605444222 10
101 1.792163011687129 10.1
102 1.762159059679941 10.2
103 1.731188412419533 10.3
104 1.700548499265989 10.4
105 1.671352340793182 10.5
106 1.644331756364406 10.6
107 1.619964550245326 10.7
108 1.598395623509806 10.8
109 1.579802996603287 10.9
110 1.564402531482659 11
111 1.55232074656242 11.1
112 1.543490117382315 11.2
113 1.538168037451884 11.3
114 1.536351958789888 11.4
115 1.538013709416768 11.5
116 1.542792347884801 11.6
117 1.550285350582322 11.7
118 1.559878026441386 11.8
119 1.570889021024522 11.9
120 1.582597662032551 12
121 1.594197668657173 12.1
122 1.605129511208168 12.2
123 1.61490570458358 12.3
124 1.623315118280215 12.4
125 1.630377018768806 12.5
126 1.636252617577844 12.6
127 1.64132087089998 12.7
128 1.645992614648488 12.8
129 1.650529216732042 12.9
130 1.655128891108487 13
131 1.65984003893048 13.1
132 1.6644872647114 13.2
133 1.668809531640539 13.3
134 1.672377359355935 13.4
135 1.674772866982813 13.5
136 1.675647454111837 13.6
137 1.674784510661648 13.7
138 1.672138510037031 13.8
139 1.667900415397882 13.9
140 1.662390206716583 14
141 1.656073102840059 14.1
142 1.64950022718952 14.2
143 1.643213818231645 14.3
144 1.63766143089701 14.4
145 1.633170386384386 14.5
146 1.629854982986642 14.6
147 1.627689321399606 14.7
148 1.626488650144743 14.8
149 1.625942510137553 14.9
150 1.625780960285649 15
151 1.625728024585477 15.1
152 1.625526281491715 15.2
153 1.625140124262052 15.3
154 1.624595294235933 15.4
155 1.624021074093154 15.5
156 1.62358697486192 15.6
157 1.62355608293851 15.7
158 1.6240601449442 15.8
159 1.625178585395378 15.9
160 1.626923046588108 16
161 1.629205998794282 16.1
162 1.631750653307056 16.2
163 1.634319539983833 16.3
164 1.636634678763117 16.4
165 1.638391008701149 16.5
166 1.639427029798842 16.6
167 1.639630313975964 16.7
168 1.639032798601647 16.8
169 1.637773769107657 16.9
170 1.636078723693664 17
171 1.634218952415625 17.1
172 1.632430555400485 17.2
173 1.630937226716234 17.3
174 1.629903804564505 17.4
175 1.629328020221272 17.5
176 1.629180863499424 17.6
177 1.629307188768902 17.7
178 1.62951661993863 17.8
179 1.629655692852651 17.9
180 1.629510971545415 18
181 1.629025186551196 18.1
182 1.628165653989694 18.2
183 1.627029106088437 18.3
184 1.625747935205099 18.4
185 1.624511976718501 18.5
186 1.623524328914555 18.6
187 1.622950833279083 18.7
188 1.622893673303349 18.8
189 1.623353617837363 18.9
190 1.624270983516716 19
191 1.625510060844557 19.1
192 1.626864331418567 19.2
193 1.628122408378642 19.3
194 1.629096082512942 19.4
195 1.629631756048996 19.5
196 1.629679013605297 19.6
197 1.629252826499319 19.7
198 1.628459988530126 19.8
199 1.627441722515863 19.9
200 1.626423420656334 20
201 1.625564515630623 20.1
202 1.625028807933157 20.2
203 1.62486829316519 20.3
204 1.625121967223884 20.4
205 1.62567981838483 20.5
206 1.626426779374351 20.6
207 1.627159216818461 20.7
208 1.627768078630522 20.8
209 1.628058987492423 20.9
210 1.627937925892413 21
211 1.627421672855864 21.1
212 1.626573671846571 21.2
213 1.625507591264236 21.3
214 1.624420350485687 21.4
215 1.623474314960595 21.5
216 1.622829287131653 21.6
217 1.622587115037746 21.7
218 1.622772259437267 21.8
219 1.623363031160266 21.9
220 1.624198171733129 22
221 1.625166314128861 22.1
222 1.626078059033795 22.2
223 1.626774628889793 22.3
224 1.627115317466024 22.4
225 1.627040710253128 22.5
226 1.626585439598141 22.6
227 1.625834293317377 22.7
228 1.624929355517343 22.8
229 1.624040482953409 22.9
230 1.623313310746955 23
231 1.62287099681992 23.1
232 1.622817700849676 23.2
233 1.623143664528902 23.3
234 1.6237738654273 23.4
235 1.624571051323158 23.5
236 1.625407263959241 23.6
237 1.62610780855039 23.7
238 1.626539795841503 23.8
239 1.626613843272422 23.9
240 1.626292708857348 24
241 1.625652779281349 24.1
242 1.624786136719374 24.2
243 1.623830431289342 24.3
244 1.62299308244324 24.4
245 1.622364406647344 24.5
246 1.622083824115702 24.6
247 1.622188113924749 24.7
248 1.622651466739719 24.8
249 1.623370391822767 24.9
250 1.624207442643573 25
251 1.625029304607724 25.1
252 1.625678625517147 25.2
253 1.626009820489191 25.3
254 1.625982987489913 25.4
255 1.625597206190374 25.5
256 1.624916833558602 25.6
257 1.624068778353275 25.7
258 1.62320816973386 25.8
259 1.622503371657148 25.9
260 1.622043319227375 26
261 1.621938164702078 26.1
262 1.622205215945801 26.2
263 1.622765734013131 26.3
264 1.623540926281976 26.4
265 1.624349023463144 26.5
266 1.625076378113436 26.6
267 1.625581581951952 26.7
268 1.625776804553458 26.8
269 1.625593726505327 26.9
270 1.62507261606633 27
271 1.624332119453107 27.1
272 1.623468231378433 27.2
273 1.622666537246708 27.3
274 1.622050484598279 27.4
275 1.621705469081853 27.5
276 1.621734174074314 27.6
277 1.622116358637025 27.7
278 1.622767183840161 27.8
279 1.623555857495834 27.9
280 1.624333654033187 28
281 1.624985993381572 28.1
282 1.625376501296431 28.2
283 1.625435038951016 28.3
284 1.625148840078857 28.4
285 1.624557673877198 28.5
286 1.623786265375518 28.6
287 1.62294827114562 28.7
288 1.622232856712437 28.8
289 1.621729881729067 28.9
290 1.621540890530754 29
291 1.621711705535373 29.1
292 1.622195633912874 29.2
293 1.622907232244779 29.3
294 1.623682023896876 29.4
295 1.624427678735874 29.5
296 1.624993727022419 29.6
297 1.625266941632009 29.7
298 1.625195753524611 29.8
299 1.624784999199187 29.9
300 1.62413036791561 30
