"report-def-0-rfile"
"Time Step" "cd etc.."
("Time Step" "cd" "flow-time")
0 -3.215473712548218e-28 0
1 10.16291478151843 0.1
2 7.993428397777321 0.2
3 6.702353425181495 0.3
4 5.835087784986215 0.4
5 5.204229208060868 0.5
6 4.724028538139927 0.6000000000000001
7 4.344782741080153 0.7000000000000001
8 4.031542752311597 0.8
9 3.76504125400649 0.9
10 3.535705434468378 1
11 3.336750645379507 1.1
12 3.163323871975296 1.2
13 3.011405283572467 1.3
14 2.877065599389969 1.4
15 2.757254570586921 1.5
16 2.64988106053799 1.6
17 2.553202948946693 1.7
18 2.466091515297075 1.8
19 2.387503895775577 1.9
20 2.316397129318648 2
21 2.252044725890117 2.1
22 2.194061440466405 2.2
23 2.142476645301531 2.3
24 2.097119479807615 2.4
25 2.057809330825398 2.5
26 2.024556678386405 2.6
27 1.997290547750778 2.7
28 1.9759911221886 2.8
29 1.960972406049234 2.9
30 1.952267007512767 3
31 1.950623823733908 3.1
32 1.956658924818804 3.2
33 1.970805030733181 3.3
34 1.994306305578101 3.4
35 2.02615587324784 3.5
36 2.067433387742795 3.6
37 2.118658554394715 3.7
38 2.180653373705959 3.8
39 2.253327970593761 3.9
40 2.335776645253406 4
41 2.426103476650153 4.100000000000001
42 2.520935805872381 4.2
43 2.615054053756611 4.3
44 2.704090893907741 4.4
45 2.788786401655017 4.5
46 2.862176063526333 4.600000000000001
47 2.91525535922497 4.7
48 2.941146252333898 4.800000000000001
49 2.932874987937641 4.9
50 2.882568872497904 5
51 2.785934351699287 5.100000000000001
52 2.634021986125234 5.2
53 2.420439631984309 5.300000000000001
54 2.162518335334379 5.4
55 1.960890841040903 5.5
56 1.954068166105764 5.600000000000001
57 2.148205867207073 5.7
58 2.435095780842517 5.800000000000001
59 2.701700183576016 5.9
60 2.893062908770253 6
61 3.000418646710422 6.100000000000001
62 3.033698860278189 6.2
63 3.005917695258104 6.300000000000001
64 2.932721933873542 6.4
65 2.830833683162352 6.5
66 2.714218094619731 6.600000000000001
67 2.593054359337577 6.7
68 2.473886190525082 6.800000000000001
69 2.360433697936728 6.9
70 2.254802223627471 7
71 2.158637283586091 7.100000000000001
72 2.073881162416199 7.2
73 2.003400537326726 7.300000000000001
74 1.95108495866936 7.4
75 1.922173091117503 7.5
76 1.917084677696835 7.600000000000001
77 1.93382518804291 7.7
78 1.964451809795969 7.800000000000001
79 1.996253705272413 7.9
80 2.018180988538107 8
81 2.025965182460766 8.1
82 2.020921960477217 8.200000000000001
83 2.007924540479782 8.300000000000001
84 1.992171065413894 8.4
85 1.977319769165745 8.5
86 1.965405652192786 8.6
87 1.957114182401848 8.700000000000001
88 1.9525409528065 8.800000000000001
89 1.951364050146927 8.9
90 1.953149161851096 9
91 1.957356091577558 9.1
92 1.963350897917078 9.200000000000001
93 1.970486210399673 9.300000000000001
94 1.978048788771463 9.4
95 1.985205510859676 9.5
96 1.991030282382129 9.600000000000001
97 1.994765008091012 9.700000000000001
98 1.995660571757113 9.800000000000001
99 1.993280600180834 9.9
100 1.987404565732264 10
101 1.978205254235136 10.1
102 1.966057365160389 10.2
103 1.951553337970366 10.3
104 1.935396358933457 10.4
105 1.918326816178872 10.5
106 1.900956132142796 10.6
107 1.883928450366582 10.7
108 1.86757141288323 10.8
109 1.852153297877183 10.9
110 1.83783769933779 11
111 1.824699275788168 11.1
112 1.812788327701264 11.2
113 1.802184528601226 11.3
114 1.792944746318738 11.4
115 1.785130751001422 11.5
116 1.778778654731326 11.6
117 1.773830569594725 11.7
118 1.770110925480157 11.8
119 1.767350600481874 11.9
120 1.765156218463897 12
121 1.763171674194442 12.1
122 1.761035814152306 12.2
123 1.758489022401037 12.3
124 1.755228343469267 12.4
125 1.751200920458486 12.5
126 1.746244300641204 12.6
127 1.740348555306544 12.7
128 1.733571581401674 12.8
129 1.72604769253332 12.9
130 1.717942356535798 13
131 1.709555498919416 13.1
132 1.701218123147669 13.2
133 1.69329638641272 13.3
134 1.686116314544665 13.4
135 1.679948074995304 13.5
136 1.67493495454287 13.6
137 1.671176474077684 13.7
138 1.668662407495481 13.8
139 1.667304783477857 13.9
140 1.666923383055018 14
141 1.667311458434602 14.1
142 1.668229973384957 14.2
143 1.669348199921639 14.3
144 1.670420218951135 14.4
145 1.671166565894803 14.5
146 1.671371497790618 14.6
147 1.670859837410009 14.7
148 1.669546525963352 14.8
149 1.667345633398563 14.9
150 1.664361578395708 15
151 1.660709007697286 15.1
152 1.65653686937132 15.2
153 1.651991814942727 15.3
154 1.647219719138356 15.4
155 1.642431907998441 15.5
156 1.637653779464946 15.6
157 1.6330271668424 15.7
158 1.628591281796572 15.8
159 1.624297716990025 15.9
160 1.620195275827911 16
161 1.616252330417829 16.1
162 1.612404261462914 16.2
163 1.608673954782659 16.3
164 1.605028096934175 16.4
165 1.601479703636022 16.5
166 1.598033240243806 16.6
167 1.594695240408935 16.7
168 1.591490887945147 16.8
169 1.588424603388507 16.9
170 1.585475132005871 17
171 1.5826250745119 17.1
172 1.579868763743795 17.2
173 1.577139588323291 17.3
174 1.574428280294775 17.4
175 1.571662132147294 17.5
176 1.56880365915259 17.6
177 1.565787626130823 17.7
178 1.562635245636552 17.8
179 1.55932508251744 17.9
180 1.55585267435869 18
181 1.552275362022995 18.1
182 1.54861639381296 18.2
183 1.544952339040107 18.3
184 1.54136045890889 18.4
185 1.537905144613346 18.5
186 1.534653962278946 18.6
187 1.531704010238851 18.7
188 1.529075915494141 18.8
189 1.526809439961531 18.9
190 1.524901436430916 19
191 1.523361911424016 19.1
192 1.522154735740126 19.2
193 1.52126824665494 19.3
194 1.520653793590252 19.4
195 1.520258703684439 19.5
196 1.520010050650438 19.6
197 1.519917089949899 19.7
198 1.519855863883533 19.8
199 1.519814596139722 19.9
200 1.519759818253781 20
201 1.519671595484669 20.1
202 1.519482094317755 20.2
203 1.519187449167785 20.3
204 1.518743708652553 20.4
205 1.518139491724976 20.5
206 1.517415934442229 20.6
207 1.51652701742712 20.7
208 1.51547246298455 20.8
209 1.51431475894462 20.9
210 1.512988674767802 21
211 1.511548654307279 21.1
212 1.510010096577805 21.2
213 1.508402224777087 21.3
214 1.506748548720701 21.4
215 1.505046290616436 21.5
216 1.503300900436784 21.6
217 1.50158261609942 21.7
218 1.499893106159978 21.8
219 1.498192034508619 21.9
220 1.496548668458091 22
221 1.494943196768688 22.1
222 1.493386209400712 22.2
223 1.491885969016256 22.3
224 1.490436360292655 22.4
225 1.489012142513174 22.5
226 1.48764373400349 22.6
227 1.486256062339594 22.7
228 1.484926870969768 22.8
229 1.4836042667647 22.9
230 1.482287058778744 23
231 1.480979606804807 23.1
232 1.47965619447876 23.2
233 1.478352695655416 23.3
234 1.477024170462142 23.4
235 1.475650035398372 23.5
236 1.474279572056471 23.6
237 1.472877110632042 23.7
238 1.471450233684075 23.8
239 1.470010983153194 23.9
240 1.468509657836131 24
241 1.466970926269384 24.1
242 1.465388732089491 24.2
243 1.463799676208892 24.3
244 1.462141053087471 24.4
245 1.460469817674069 24.5
246 1.458770396867026 24.6
247 1.457028379565858 24.7
248 1.455284290836854 24.8
249 1.453530719875063 24.9
250 1.451785978847267 25
251 1.450046725190907 25.1
252 1.448329361674362 25.2
253 1.446648697561672 25.3
254 1.444990594667714 25.4
255 1.443408121959259 25.5
256 1.441885278287767 25.6
257 1.440413445218934 25.7
258 1.439035809371835 25.8
259 1.437728962669429 25.9
260 1.436502605116424 26
261 1.435352539317303 26.1
262 1.434299247368156 26.2
263 1.433332352289948 26.3
264 1.432445165850374 26.4
265 1.431635519382892 26.5
266 1.430927208310351 26.6
267 1.430296574258805 26.7
268 1.429728446214043 26.8
269 1.4292216505581 26.9
270 1.428786750127907 27
271 1.428402633756306 27.1
272 1.428073210418143 27.2
273 1.427781772805151 27.3
274 1.427523770167848 27.4
275 1.427296727740262 27.5
276 1.427087492990643 27.6
277 1.426894162424686 27.7
278 1.426702619722912 27.8
279 1.426494110392365 27.9
280 1.426280550587868 28
281 1.42608697407297 28.1
282 1.425860489649699 28.2
283 1.425601488909437 28.3
284 1.425332581553491 28.4
285 1.425060920762581 28.5
286 1.424759664837127 28.6
287 1.424412181472695 28.7
288 1.424081082548863 28.8
289 1.423725761577165 28.9
290 1.423365030507697 29
291 1.422991761007014 29.1
292 1.422614724138142 29.2
293 1.42224240022447 29.3
294 1.421871977563361 29.4
295 1.421484316564667 29.5
296 1.42114878565966 29.6
297 1.420800133858007 29.7
298 1.420445180001937 29.8
299 1.420130267427601 29.9
300 1.419832192346791 30
301 1.419535394900509 30.1
302 1.419259123624853 30.2
303 1.418994629656536 30.3
304 1.418736430544228 30.4
305 1.418513465850059 30.5
306 1.418290128792516 30.6
307 1.418071364813901 30.7
308 1.417878247281607 30.8
309 1.417665779635538 30.9
310 1.41748218787665 31
311 1.417298972989617 31.1
312 1.417116385971937 31.2
313 1.416929829009127 31.3
314 1.416754216758663 31.4
315 1.416582720609494 31.5
316 1.416388285533865 31.6
317 1.416181395085063 31.7
318 1.41597515369661 31.8
319 1.415761732802309 31.9
320 1.41553681658095 32
321 1.415316969438089 32.1
322 1.415058135687182 32.2
323 1.414797894305759 32.3
324 1.414527780999693 32.4
325 1.414241482500509 32.5
326 1.413948727067067 32.6
327 1.413637158075105 32.7
328 1.413319988106684 32.8
329 1.412991030179451 32.9
330 1.41265449934997 33
331 1.412317343767121 33.1
332 1.411966103029251 33.2
333 1.411619695340562 33.3
334 1.411265419999726 33.4
335 1.4109059275195 33.5
336 1.410547219647186 33.6
337 1.4102052673334 33.7
338 1.409852281418975 33.8
339 1.409508080214013 33.9
340 1.409181120307556 34
341 1.408859315161122 34.1
342 1.408540583747024 34.2
343 1.408239987397206 34.3
344 1.407951178904453 34.4
345 1.407673928358326 34.5
346 1.407416552069017 34.6
347 1.407168692722607 34.7
348 1.406936076210922 34.8
349 1.40671571857748 34.9
350 1.406515449900241 35
351 1.406330842121063 35.1
352 1.406166398362922 35.2
353 1.406001256259792 35.3
354 1.405858135311537 35.4
355 1.405734354737797 35.5
356 1.405618971590181 35.6
357 1.405511406737987 35.7
358 1.405424308271032 35.8
359 1.405346095370275 35.9
360 1.405277590405583 36
361 1.405216283271918 36.1
362 1.405169174649638 36.2
363 1.405127477194513 36.3
364 1.405097082745167 36.4
365 1.405064833108585 36.5
366 1.405048755528048 36.6
367 1.405039816830826 36.7
368 1.405035456286618 36.8
369 1.405034257224786 36.9
370 1.405038999710008 37
371 1.405044781880892 37.1
372 1.405062250212087 37.2
373 1.40508837536571 37.3
374 1.405106251605745 37.4
375 1.405135880049423 37.5
376 1.40517267267069 37.6
377 1.405214376725406 37.7
378 1.405259965945581 37.8
379 1.40530959910382 37.9
380 1.405364535299445 38
381 1.405427068719274 38.1
382 1.405498297411208 38.2
383 1.405571175574441 38.3
384 1.405647720534242 38.40000000000001
385 1.40573562074166 38.5
386 1.405829971225099 38.6
387 1.405933323774307 38.7
388 1.406040366222725 38.8
389 1.406153946759927 38.90000000000001
390 1.406276459284484 39
391 1.406403705912255 39.1
392 1.406539947909021 39.2
393 1.40667947814497 39.3
394 1.406828440783098 39.40000000000001
395 1.406979239880665 39.5
396 1.407142159522148 39.6
397 1.407305275252315 39.7
398 1.407477904222152 39.8
399 1.407652187823144 39.90000000000001
400 1.407829230183822 40
401 1.408015774297896 40.1
402 1.408203738933506 40.2
403 1.408396947138281 40.3
404 1.408581682040809 40.40000000000001
405 1.408778621101498 40.5
406 1.408974948675023 40.6
407 1.409166300239509 40.7
408 1.409366501930553 40.8
409 1.409563679688415 40.90000000000001
410 1.409759760441418 41
411 1.409955101738862 41.1
412 1.410146466166515 41.2
413 1.410346259690575 41.3
414 1.410529909552224 41.40000000000001
415 1.410717633637106 41.5
416 1.410910436133072 41.6
417 1.411089519176492 41.7
418 1.411277683460088 41.8
419 1.411453973756258 41.90000000000001
420 1.411625904577865 42
421 1.411809397731522 42.1
422 1.411976720869571 42.2
423 1.412151710750207 42.3
424 1.412323656973007 42.40000000000001
425 1.412489936224269 42.5
426 1.412658589237105 42.6
427 1.41283440077487 42.7
428 1.413012267914542 42.8
429 1.413181878272448 42.90000000000001
430 1.413360199320835 43
431 1.413546832287646 43.1
432 1.413739061283884 43.2
433 1.413942029378368 43.3
434 1.414152807494084 43.40000000000001
435 1.414368218518099 43.5
436 1.414602051236635 43.6
437 1.414848002450263 43.7
438 1.415111555392167 43.8
439 1.415392592645889 43.90000000000001
440 1.415687463776336 44
441 1.416003613209439 44.1
442 1.416341615350391 44.2
443 1.416703466390338 44.3
444 1.417085009238617 44.40000000000001
445 1.417487813769545 44.5
446 1.417932506936962 44.6
447 1.418385214881581 44.7
448 1.418863252088881 44.8
449 1.419371287698385 44.90000000000001
450 1.419886795394646 45
451 1.420426981379913 45.1
452 1.420997066639187 45.2
453 1.421589022498664 45.3
454 1.422154177043094 45.40000000000001
455 1.422745514543681 45.5
456 1.423337610335748 45.6
457 1.423908633373663 45.7
458 1.424469048165793 45.8
459 1.425002136934393 45.90000000000001
460 1.42550397284157 46
461 1.425954821404644 46.1
462 1.426361107803931 46.2
463 1.426694998581144 46.3
464 1.426963430489095 46.40000000000001
465 1.427143214416951 46.5
466 1.427245984301658 46.6
467 1.427257565898806 46.7
468 1.427159587709462 46.8
469 1.426956820542318 46.90000000000001
470 1.426671887612307 47
471 1.426270847321928 47.1
472 1.425767587146285 47.2
473 1.425174567711789 47.3
474 1.424507134858 47.40000000000001
475 1.423743152055863 47.5
476 1.422916426105265 47.6
477 1.422041179612202 47.7
478 1.421117081478424 47.8
479 1.420172577976355 47.90000000000001
480 1.41921845949209 48
481 1.418276560137186 48.1
482 1.417352714118715 48.2
483 1.416492052779792 48.3
484 1.415702742102109 48.40000000000001
485 1.415000182674382 48.5
486 1.414426307640619 48.6
487 1.413999172042836 48.7
488 1.413707244849502 48.8
489 1.413598970384933 48.90000000000001
490 1.413669748590662 49
491 1.413968123846906 49.1
492 1.414471545539612 49.2
493 1.415191846117512 49.3
494 1.416138373079913 49.40000000000001
495 1.417306361850405 49.5
496 1.418696929746425 49.6
497 1.420293301351544 49.7
498 1.422076398713611 49.8
499 1.424048019288986 49.90000000000001
500 1.426174421623496 50
501 1.428433334209847 50.1
502 1.430792915979642 50.2
503 1.433259642597841 50.3
504 1.435763628358201 50.40000000000001
505 1.438302143211017 50.5
506 1.440842592512743 50.6
507 1.443354155670243 50.7
508 1.445808742312151 50.8
509 1.448180913771927 50.90000000000001
510 1.450450199476915 51
511 1.452599001648642 51.1
512 1.454615201000375 51.2
513 1.456461980826779 51.3
514 1.45815385457135 51.40000000000001
515 1.459666809373338 51.5
516 1.461004927871376 51.6
517 1.462152165566802 51.7
518 1.463118243703017 51.8
519 1.46393242581936 51.90000000000001
520 1.464561447106296 52
521 1.465017592596957 52.1
522 1.465327710782733 52.2
523 1.465482836023889 52.3
524 1.46551695096187 52.40000000000001
525 1.465428110967176 52.5
526 1.465215093738109 52.6
527 1.464922755794405 52.7
528 1.46452840250529 52.8
529 1.464071158102472 52.90000000000001
530 1.463538617467168 53
531 1.462967727816926 53.1
532 1.462350231240403 53.2
533 1.461694630398936 53.3
534 1.461016284298337 53.40000000000001
535 1.460326748262898 53.5
536 1.459615820282741 53.6
537 1.458904297843336 53.7
538 1.458202258841905 53.8
539 1.45751219808544 53.90000000000001
540 1.456822611355391 54
541 1.456128377305448 54.1
542 1.455463244753026 54.2
543 1.45480707987909 54.3
544 1.454158918167106 54.40000000000001
545 1.453508716537558 54.5
546 1.452894637707578 54.6
547 1.452273882042691 54.7
548 1.451676950803533 54.8
549 1.451106212422147 54.90000000000001
550 1.450547415416082 55
551 1.450010486897928 55.1
552 1.449523498533902 55.2
553 1.449069767843031 55.3
554 1.448679802289294 55.40000000000001
555 1.448341567763386 55.5
556 1.448070327631911 55.6
557 1.447893583587652 55.7
558 1.447811546660644 55.8
559 1.447836277323569 55.90000000000001
560 1.447973410245203 56
561 1.448228964636494 56.1
562 1.448606237348029 56.2
563 1.449127100884948 56.3
564 1.449779792473748 56.40000000000001
565 1.450571084417644 56.5
566 1.451501075050328 56.6
567 1.45255607901466 56.7
568 1.453734280751097 56.8
569 1.455041730879216 56.90000000000001
570 1.456475590871363 57
571 1.458013531442545 57.1
572 1.459665269818144 57.2
573 1.461435720210687 57.3
574 1.463282057608609 57.40000000000001
575 1.465217852790827 57.5
576 1.467231042638672 57.6
577 1.469321918364181 57.7
578 1.471485844081109 57.8
579 1.473721665206915 57.90000000000001
580 1.475998715637018 58
581 1.478333002659914 58.1
582 1.480686561912556 58.2
583 1.483073793108758 58.3
584 1.485475776432933 58.40000000000001
585 1.487904867798383 58.5
586 1.490346494365592 58.6
587 1.492813748088273 58.7
588 1.495284837231531 58.8
589 1.497746125068242 58.90000000000001
590 1.500191516600994 59
591 1.50262126847356 59.1
592 1.505010405968184 59.2
593 1.507369115442549 59.3
594 1.509667445282411 59.40000000000001
595 1.511922193906234 59.5
596 1.514135834642753 59.6
597 1.51626875436683 59.7
598 1.518356084783469 59.8
599 1.520365066855892 59.90000000000001
600 1.52229670870914 60
601 1.524152278690629 60.1
602 1.525937048612689 60.2
603 1.52765861023205 60.3
604 1.529274686592837 60.40000000000001
605 1.53082169357463 60.5
606 1.53230752078704 60.6
607 1.533683201560628 60.7
608 1.5350009904983 60.8
609 1.536225664343957 60.90000000000001
610 1.537367757249731 61
611 1.538420599948316 61.1
612 1.539412900164689 61.2
613 1.54033367393779 61.3
614 1.541166378445695 61.40000000000001
615 1.541940602120115 61.5
616 1.542664516495263 61.6
617 1.543300653320081 61.7
618 1.543902878643726 61.8
619 1.544449947663275 61.90000000000001
620 1.544946538149591 62
621 1.545410694727189 62.1
622 1.54584360705856 62.2
623 1.546258199484523 62.3
624 1.54664526714517 62.40000000000001
625 1.547021283871125 62.5
626 1.547411873516095 62.6
627 1.547802052783647 62.7
628 1.548187013781328 62.8
629 1.548607623160125 62.90000000000001
630 1.549065315952577 63
631 1.549555155828112 63.1
632 1.550083212104511 63.2
633 1.550646232242684 63.3
634 1.551279836496239 63.40000000000001
635 1.551990211853512 63.5
636 1.552748306220658 63.6
637 1.553610492128798 63.7
638 1.554555507171472 63.8
639 1.555581319625616 63.90000000000001
640 1.556713211728894 64
641 1.557953727570087 64.10000000000001
642 1.55927539925761 64.2
643 1.560691272788956 64.3
644 1.562188809593731 64.40000000000001
645 1.56376922022265 64.5
646 1.565442452358579 64.60000000000001
647 1.567191204994987 64.7
648 1.568998286313347 64.8
649 1.570895053880597 64.90000000000001
650 1.572840209991873 65
651 1.574845042712881 65.10000000000001
652 1.576867619146246 65.2
653 1.578940243005501 65.3
654 1.58103184178371 65.40000000000001
655 1.583130531904713 65.5
656 1.585219161921037 65.60000000000001
657 1.587282661934753 65.7
658 1.589316294341276 65.8
659 1.591317369489311 65.90000000000001
660 1.59327689137322 66
661 1.595164157299568 66.10000000000001
662 1.596975046277172 66.2
663 1.598725597763671 66.3
664 1.600360381953401 66.40000000000001
665 1.601903101320278 66.5
666 1.603349937764173 66.60000000000001
667 1.604697115906561 66.7
668 1.605919350657218 66.8
669 1.607029702917017 66.90000000000001
670 1.608020987659186 67
671 1.608886877525976 67.10000000000001
672 1.609642447194112 67.2
673 1.610270154184454 67.3
674 1.610793678845115 67.40000000000001
675 1.611192220011426 67.5
676 1.611471415486312 67.60000000000001
677 1.61165971595798 67.7
678 1.611742767930711 67.8
679 1.611742656994971 67.90000000000001
680 1.611650217472864 68
681 1.61148378737925 68.10000000000001
682 1.611235093703599 68.2
683 1.61094051737417 68.3
684 1.610597423724705 68.40000000000001
685 1.610223302446761 68.5
686 1.609816501253225 68.60000000000001
687 1.609375132237995 68.7
688 1.608934833920142 68.8
689 1.608509641036378 68.90000000000001
690 1.608100062443612 69
691 1.607707509427728 69.10000000000001
692 1.607353470072284 69.2
693 1.607048592497585 69.3
694 1.606789015936342 69.40000000000001
695 1.606591273881807 69.5
696 1.606467484817813 69.60000000000001
697 1.60641490709335 69.7
698 1.606446687750292 69.8
699 1.606548876211885 69.90000000000001
700 1.606751869842594 70
701 1.607044645119151 70.10000000000001
702 1.607426576365018 70.2
703 1.607888125392085 70.3
704 1.608444394378367 70.40000000000001
705 1.609095713867697 70.5
706 1.60983762844332 70.60000000000001
707 1.610659414377182 70.7
708 1.611558795695579 70.8
709 1.612526515456415 70.90000000000001
710 1.61356763594363 71
711 1.614674760753299 71.10000000000001
712 1.615840228929169 71.2
713 1.617058370478703 71.3
714 1.618334859399568 71.40000000000001
715 1.61963688225556 71.5
716 1.620975049600489 71.60000000000001
717 1.622330202868039 71.7
718 1.623697990389688 71.8
719 1.625073199187471 71.90000000000001
720 1.626451934405436 72
721 1.627827785541337 72.10000000000001
722 1.629188790034167 72.2
723 1.630526715455256 72.3
724 1.631848166281857 72.40000000000001
725 1.633130008435412 72.5
726 1.634382420863494 72.60000000000001
727 1.63557899645982 72.7
728 1.636737794374849 72.8
729 1.637841495239946 72.90000000000001
730 1.638895013679681 73
731 1.639893780256702 73.10000000000001
732 1.640831066796233 73.2
733 1.641697424628793 73.3
734 1.642526331127432 73.40000000000001
735 1.643267556001926 73.5
736 1.643966245389935 73.60000000000001
737 1.644591878598824 73.7
738 1.645150858918343 73.8
739 1.645638977296464 73.90000000000001
740 1.646075341055989 74
741 1.646457161791842 74.10000000000001
742 1.646786556707611 74.2
743 1.647052929188634 74.3
744 1.647261204642861 74.40000000000001
745 1.647421449811866 74.5
746 1.647541507133456 74.60000000000001
747 1.647605643530211 74.7
748 1.647636615383079 74.8
749 1.647639953801106 74.90000000000001
750 1.647590547356732 75
751 1.647522840354773 75.10000000000001
752 1.647437458557234 75.2
753 1.647321087337078 75.3
754 1.647201370207098 75.40000000000001
755 1.647076550388112 75.5
756 1.646937932580275 75.60000000000001
757 1.646798919644213 75.7
758 1.646671726029584 75.8
759 1.646559652037372 75.90000000000001
760 1.646453248918874 76
761 1.646369438559715 76.10000000000001
762 1.646309916118611 76.2
763 1.646270534024941 76.3
764 1.646261549680086 76.40000000000001
765 1.646285319435191 76.5
766 1.646337488205875 76.60000000000001
767 1.646420814980907 76.7
768 1.646547237340438 76.80000000000001
769 1.646701535471114 76.90000000000001
770 1.646897362097082 77
771 1.647127681553208 77.10000000000001
772 1.647398620961776 77.2
773 1.647696425998507 77.30000000000001
774 1.648026203061933 77.40000000000001
775 1.648394093981787 77.5
776 1.648798729455897 77.60000000000001
777 1.649222365678424 77.7
778 1.649676186728084 77.80000000000001
779 1.650159062527649 77.90000000000001
780 1.650669478692456 78
781 1.651198634779417 78.10000000000001
782 1.651727598414567 78.2
783 1.652276870191529 78.30000000000001
784 1.652851978105468 78.40000000000001
785 1.653424968831435 78.5
786 1.6540101245023 78.60000000000001
787 1.654594748160111 78.7
788 1.655185220110956 78.80000000000001
789 1.655773791850227 78.90000000000001
790 1.656362555557265 79
791 1.656937119508374 79.10000000000001
792 1.657508655217264 79.2
793 1.658086121192485 79.30000000000001
794 1.658635629017391 79.40000000000001
795 1.659173916156996 79.5
796 1.659712964969108 79.60000000000001
797 1.660235235411998 79.7
798 1.66073990373653 79.80000000000001
799 1.661235668790473 79.90000000000001
800 1.661710062793159 80
801 1.662168373949386 80.10000000000001
802 1.662616864828159 80.2
803 1.663046758556983 80.30000000000001
804 1.66345694369088 80.40000000000001
805 1.663861892903151 80.5
806 1.66424513271287 80.60000000000001
807 1.664615110434138 80.7
808 1.664960990739316 80.80000000000001
809 1.665293553935172 80.90000000000001
810 1.665629561640108 81
811 1.665950791403836 81.10000000000001
812 1.666260745287222 81.2
813 1.66654719165547 81.30000000000001
814 1.666831740599019 81.40000000000001
815 1.667118260715811 81.5
816 1.667400737279646 81.60000000000001
817 1.667674221286126 81.7
818 1.667945282577948 81.80000000000001
819 1.668220737341583 81.90000000000001
820 1.66848886186191 82
821 1.668770032308861 82.10000000000001
822 1.669056858707445 82.2
823 1.669354695211388 82.30000000000001
824 1.669650691374044 82.40000000000001
825 1.669955536466395 82.5
826 1.670274250614919 82.60000000000001
827 1.670603484720942 82.7
828 1.670947119406263 82.80000000000001
829 1.671299055312465 82.90000000000001
830 1.671674006024727 83
831 1.672059814819295 83.10000000000001
832 1.672451952785442 83.2
833 1.672877857869866 83.30000000000001
834 1.673306249882291 83.40000000000001
835 1.673746681963345 83.5
836 1.674205774291041 83.60000000000001
837 1.674683274579963 83.7
838 1.675176426021127 83.80000000000001
839 1.675682351647021 83.90000000000001
840 1.676201654449228 84
841 1.676740750110897 84.10000000000001
842 1.677286647512028 84.2
843 1.677845666684494 84.30000000000001
844 1.678415676115983 84.40000000000001
845 1.679001558550367 84.5
846 1.679595355520361 84.60000000000001
847 1.680202676322385 84.7
848 1.680819181706562 84.80000000000001
849 1.681447275691665 84.90000000000001
850 1.682080522664118 85
851 1.682725184432003 85.10000000000001
852 1.68337604624196 85.2
853 1.684033110713459 85.30000000000001
854 1.684704204992072 85.40000000000001
855 1.685375654313848 85.5
856 1.68605735283122 85.60000000000001
857 1.686750314536866 85.7
858 1.68744144694505 85.80000000000001
859 1.688145295716006 85.90000000000001
860 1.688856179737755 86
861 1.68956801086797 86.10000000000001
862 1.690293886984013 86.2
863 1.691012353110865 86.30000000000001
864 1.691746293063132 86.40000000000001
865 1.692485756750622 86.5
866 1.693229144179328 86.60000000000001
867 1.6939796282546 86.7
868 1.694734763764683 86.80000000000001
869 1.695489747737835 86.90000000000001
870 1.696252529148224 87
871 1.697026701279246 87.10000000000001
872 1.69779952567594 87.2
873 1.69857734070045 87.30000000000001
874 1.699357552631274 87.40000000000001
875 1.700149705014727 87.5
876 1.700946509990766 87.60000000000001
877 1.701736109813786 87.7
878 1.702532951934932 87.80000000000001
879 1.703335566527006 87.90000000000001
880 1.704142288121729 88
881 1.704948817188398 88.10000000000001
882 1.705757149910329 88.2
883 1.706572966590613 88.30000000000001
884 1.707386762147001 88.40000000000001
885 1.708204245061899 88.5
886 1.709016424951961 88.60000000000001
887 1.709833838200291 88.7
888 1.710648992368125 88.80000000000001
889 1.711467239975574 88.90000000000001
890 1.712288163093531 89
891 1.713096082686812 89.10000000000001
892 1.713908938042576 89.2
893 1.714717601193537 89.30000000000001
894 1.715521770364526 89.40000000000001
895 1.716326027215036 89.5
896 1.717120097143396 89.60000000000001
897 1.717911712664551 89.7
898 1.718693374021036 89.80000000000001
899 1.719473363646954 89.90000000000001
900 1.720243494170019 90
901 1.721005324177621 90.10000000000001
902 1.72175500831224 90.2
903 1.72249507631128 90.30000000000001
904 1.723226215272066 90.40000000000001
905 1.723944709563608 90.5
906 1.724649813107873 90.60000000000001
907 1.725336967755045 90.7
908 1.726022180404893 90.80000000000001
909 1.726683362162774 90.90000000000001
910 1.727326775562083 91
911 1.727962776374961 91.10000000000001
912 1.728581376347317 91.2
913 1.729177428349836 91.30000000000001
914 1.729757943321298 91.40000000000001
915 1.730324982255098 91.5
916 1.730871483237245 91.60000000000001
917 1.731405053062941 91.7
918 1.731919540092128 91.80000000000001
919 1.732414069207329 91.90000000000001
920 1.732892346978613 92
921 1.73335064156858 92.10000000000001
922 1.733793269840388 92.2
923 1.73422106741289 92.30000000000001
924 1.734631134130463 92.40000000000001
925 1.735026724090991 92.5
926 1.735409723026525 92.60000000000001
927 1.735772269762775 92.7
928 1.736123406632752 92.80000000000001
929 1.736463583375998 92.90000000000001
930 1.736790779529252 93
931 1.737105252473969 93.10000000000001
932 1.737411264118855 93.2
933 1.73771040846574 93.30000000000001
934 1.737995974699401 93.40000000000001
935 1.738272999764467 93.5
936 1.73854558245458 93.60000000000001
937 1.738814461990775 93.7
938 1.739073658964899 93.80000000000001
939 1.739329964236447 93.90000000000001
940 1.739578228625053 94
941 1.739826098521836 94.10000000000001
942 1.740074017468736 94.2
943 1.740315906155047 94.30000000000001
944 1.740556967620821 94.40000000000001
945 1.740803926002818 94.5
946 1.741044980021835 94.60000000000001
947 1.741286626411857 94.7
948 1.741528852273371 94.80000000000001
949 1.741767614719388 94.90000000000001
950 1.742012223413525 95
951 1.742261147440533 95.10000000000001
952 1.742504414236538 95.2
953 1.742754708928178 95.30000000000001
954 1.743009040715156 95.40000000000001
955 1.743261190729767 95.5
956 1.743515023702452 95.60000000000001
957 1.743769716288539 95.7
958 1.744028328806461 95.80000000000001
959 1.744291321611737 95.90000000000001
960 1.744553488148912 96
961 1.74481605180593 96.10000000000001
962 1.745078886415188 96.2
963 1.745342900040525 96.30000000000001
964 1.74560590355482 96.40000000000001
965 1.745873482816266 96.5
966 1.746141615708009 96.60000000000001
967 1.746407259221473 96.7
968 1.74666114265015 96.80000000000001
969 1.746925842217231 96.90000000000001
970 1.747192163752906 97
971 1.74744390892418 97.10000000000001
972 1.747695486145915 97.2
973 1.747953248582792 97.30000000000001
974 1.74820361222724 97.40000000000001
975 1.748447134851257 97.5
976 1.748684246272618 97.60000000000001
977 1.748920034975689 97.7
978 1.749154647867914 97.80000000000001
979 1.749373114064189 97.90000000000001
980 1.74959559451461 98
981 1.749809550170935 98.10000000000001
982 1.750015691895911 98.2
983 1.750217337426781 98.30000000000001
984 1.750409275301144 98.40000000000001
985 1.750600653595487 98.5
986 1.750776728389369 98.60000000000001
987 1.750952265804682 98.7
988 1.751113762892591 98.80000000000001
989 1.751276215339488 98.90000000000001
990 1.751429945900713 99
991 1.751577484087172 99.10000000000001
992 1.751708405264339 99.2
993 1.751841568336415 99.30000000000001
994 1.751965223215346 99.40000000000001
995 1.752082460154213 99.5
996 1.752198023150122 99.60000000000001
997 1.75230257200361 99.7
998 1.752404844112379 99.80000000000001
999 1.752494546499456 99.90000000000001
1000 1.752578096398139 100
