"report-def-0-rfile"
"Time Step" "cd etc.."
("Time Step" "cd" "flow-time")
0 5.001847997297207e-29 0
1 9.356381406242408 0.1
2 7.512175324045706 0.2
3 6.550458047516855 0.3
4 5.935988100293792 0.4
5 5.469878229083258 0.5
6 5.086882195026083 0.6000000000000001
7 4.76098167031708 0.7000000000000001
8 4.477569049390296 0.8
9 4.22737319840503 0.9
10 4.004196616239056 1
11 3.803519418270471 1.1
12 3.621978771355902 1.2
13 3.457157919037486 1.3
14 3.307690063284426 1.4
15 3.172700841363733 1.5
16 3.051504273692781 1.6
17 2.943773528692686 1.7
18 2.849253216420861 1.8
19 2.768063964006985 1.9
20 2.700630441985674 2
21 2.647539467796169 2.1
22 2.609543761365463 2.2
23 2.587189922070739 2.3
24 2.580792929242046 2.4
25 2.590218451469782 2.5
26 2.614727772954546 2.6
27 2.653589464643113 2.7
28 2.706118658178915 2.8
29 2.77230934182981 2.9
30 2.849701868995064 3
31 2.936040254284094 3.1
32 3.027469966073486 3.2
33 3.117533594684602 3.3
34 3.197782615750337 3.4
35 3.25847560747637 3.5
36 3.286290858198428 3.6
37 3.27350107690412 3.7
38 3.211976239779799 3.8
39 3.097425547049817 3.9
40 2.928764250805378 4
41 2.696150806427919 4.100000000000001
42 2.409886556442017 4.2
43 2.15888361333504 4.3
44 2.03289543170142 4.4
45 2.034522944855508 4.5
46 2.101906721379922 4.600000000000001
47 2.17814774665743 4.7
48 2.227503634812868 4.800000000000001
49 2.237023401857726 4.9
50 2.207059250802519 5
51 2.145183279628019 5.100000000000001
52 2.06236400168728 5.2
53 1.971566326636876 5.300000000000001
54 1.887418109736024 5.4
55 1.824754412009744 5.5
56 1.796660806930175 5.600000000000001
57 1.810789163562975 5.7
58 1.865003626261885 5.800000000000001
59 1.949406056158563 5.9
60 2.049625564312976 6
61 2.152418943528352 6.100000000000001
62 2.246989127742176 6.2
63 2.322990901379582 6.300000000000001
64 2.375822652112154 6.4
65 2.402384834343372 6.5
66 2.402828638685616 6.600000000000001
67 2.380575605717435 6.7
68 2.340776729900267 6.800000000000001
69 2.289368316975185 6.9
70 2.232931094278626 7
71 2.177507100712644 7.100000000000001
72 2.127897365320148 7.2
73 2.087541489308069 7.300000000000001
74 2.05821390861915 7.4
75 2.040187533933777 7.5
76 2.032277318194748 7.600000000000001
77 2.032636447573814 7.7
78 2.038966461088007 7.800000000000001
79 2.048902794640784 7.9
80 2.060669524269648 8
81 2.073059726057738 8.1
82 2.084878207061397 8.200000000000001
83 2.09502796309834 8.300000000000001
84 2.102252720330328 8.4
85 2.104845443554951 8.5
86 2.10090259318789 8.6
87 2.089082547839311 8.700000000000001
88 2.069241497112242 8.800000000000001
89 2.042560159303442 8.9
90 2.011596052939392 9
91 1.979525294030354 9.1
92 1.949976921802314 9.200000000000001
93 1.925261934364481 9.300000000000001
94 1.906912873297976 9.4
95 1.895610302170747 9.5
96 1.891451560848051 9.600000000000001
97 1.894268273341384 9.700000000000001
98 1.903792406253909 9.800000000000001
99 1.918852093370604 9.9
100 1.936876868372787 10
101 1.953637222384698 10.1
102 1.963949560222997 10.2
103 1.96374753601389 10.3
104 1.951476992497485 10.4
105 1.928449696061098 10.5
106 1.897957744760282 10.6
107 1.86394319590904 10.7
108 1.831040759489332 10.8
109 1.803814109483456 10.9
110 1.7859973881264 11
111 1.779608719627095 11.1
112 1.784204468857181 11.2
113 1.797615141076588 11.3
114 1.81769493286891 11.4
115 1.842880267255851 11.5
116 1.87130294594927 11.6
117 1.899668830991136 11.7
118 1.923171569549287 11.8
119 1.936761174519859 11.9
120 1.937789614179558 12
121 1.926568607153737 12.1
122 1.905680526050461 12.2
123 1.878572138613532 12.3
124 1.849336800573804 12.4
125 1.822403232314798 12.5
126 1.80169924293949 12.6
127 1.789898388072322 12.7
128 1.787668146114497 12.8
129 1.793728461243533 12.9
130 1.805747186372561 13
131 1.820946549492308 13.1
132 1.836805887735825 13.2
133 1.851024848561575 13.3
134 1.8616199761381 13.4
135 1.86706576548007 13.5
136 1.866755390237737 13.6
137 1.860624800628386 13.7
138 1.849144639963167 13.8
139 1.833036692866021 13.9
140 1.813687422251081 14
141 1.793080245247226 14.1
142 1.77378774074185 14.2
143 1.758181751048582 14.3
144 1.747810155661078 14.4
145 1.743141362196731 14.5
146 1.743490245801422 14.6
147 1.747537363731252 14.7
148 1.75344030869907 14.8
149 1.759285136859251 14.9
150 1.763413527987042 15
151 1.764596496387054 15.1
152 1.762196174109379 15.2
153 1.75617474950342 15.3
154 1.746947062625705 15.4
155 1.735368933683992 15.5
156 1.722640052568733 15.6
157 1.710373322759747 15.7
158 1.699979718966282 15.8
159 1.69259560825573 15.9
160 1.688773715702736 16
161 1.688391816448059 16.1
162 1.690679743557098 16.2
163 1.694605534324707 16.3
164 1.698905743465351 16.4
165 1.702484673652908 16.5
166 1.7043644510427 16.6
167 1.704054887579541 16.7
168 1.70135596037065 16.8
169 1.696579922633791 16.9
170 1.690256543565404 17
171 1.683215295489984 17.1
172 1.676488963120767 17.2
173 1.670990191487584 17.3
174 1.667488194251149 17.4
175 1.666281299984343 17.5
176 1.667392694129809 17.6
177 1.67026069484597 17.7
178 1.674171534464112 17.8
179 1.678230968708404 17.9
180 1.681665471852829 18
181 1.683840900121378 18.1
182 1.684305261768965 18.2
183 1.683012326826071 18.3
184 1.680106742599232 18.4
185 1.676008984618292 18.5
186 1.671282892893024 18.6
187 1.666645220469759 18.7
188 1.662764670446323 18.8
189 1.660208935630209 18.9
190 1.659303330680945 19
191 1.660011756330034 19.1
192 1.662108866735094 19.2
193 1.665088849019633 19.3
194 1.668340696287726 19.4
195 1.671219059879604 19.5
196 1.673224534152497 19.6
197 1.674048538971369 19.7
198 1.673522556426064 19.8
199 1.671746448809758 19.9
200 1.668974939742379 20
201 1.665630430237102 20.1
202 1.662194645038502 20.2
203 1.659170952099245 20.3
204 1.656977285338042 20.4
205 1.655948693605882 20.5
206 1.656105287979459 20.6
207 1.657342422678795 20.7
208 1.65930806044952 20.8
209 1.661586586918014 20.9
210 1.663754051556839 21
211 1.665430887883695 21.1
212 1.666323434360252 21.2
213 1.666278354991733 21.3
214 1.665302180133403 21.4
215 1.663526354899973 21.5
216 1.661177666661152 21.6
217 1.658560424974555 21.7
218 1.655998966856677 21.8
219 1.653838570444123 21.9
220 1.652344441826954 22
221 1.651646158143407 22.1
222 1.651800043990842 22.2
223 1.652670645845975 22.3
224 1.654018030628112 22.4
225 1.655560127658189 22.5
226 1.657019225842949 22.6
227 1.658095279277959 22.7
228 1.658603922988453 22.8
229 1.658427813616582 22.9
230 1.657470760014768 23
231 1.655740845463612 23.1
232 1.653408995694465 23.2
233 1.650546425794998 23.3
234 1.647421340747758 23.4
235 1.644393240397829 23.5
236 1.641698868546767 23.6
237 1.639633055807785 23.7
238 1.638399478409559 23.8
239 1.638170650160984 23.9
240 1.638876508153218 24
241 1.640338373066658 24.1
242 1.642348913783418 24.2
243 1.64456667236651 24.3
244 1.646637055048193 24.4
245 1.648252772597055 24.5
246 1.64910207218331 24.6
247 1.648993522521295 24.7
248 1.647939386298158 24.8
249 1.645767957044117 24.9
250 1.642700304144863 25
251 1.638817660547001 25.1
252 1.634473020753423 25.2
253 1.629899802914066 25.3
254 1.625713734727487 25.4
255 1.622243226448968 25.5
256 1.620027425881823 25.6
257 1.619460949634522 25.7
258 1.620686799604108 25.8
259 1.623720980345563 25.9
260 1.628273356299792 26
261 1.633902838766907 26.1
262 1.639889136574945 26.2
263 1.645622423176844 26.3
264 1.650411765498507 26.4
265 1.653847032429463 26.5
266 1.655632364668544 26.6
267 1.65567068649038 26.7
268 1.654067002639233 26.8
269 1.651120543369247 26.9
270 1.647247495407141 27
271 1.642660133703458 27.1
272 1.637950153842718 27.2
273 1.633493486751408 27.3
274 1.629996861375018 27.4
275 1.627941598338045 27.5
276 1.627894030766775 27.6
277 1.630135669673892 27.7
278 1.634624445569964 27.8
279 1.641053806803223 27.9
280 1.648688470723437 28
281 1.656757320500541 28.1
282 1.664346332626399 28.2
283 1.670729700013455 28.3
284 1.67542914707978 28.4
285 1.678123574317135 28.5
286 1.678662733825209 28.6
287 1.67731305153103 28.7
288 1.67443501677216 28.8
289 1.670326983137377 28.9
290 1.665566761929358 29
291 1.66044954077192 29.1
292 1.655273668792868 29.2
293 1.650441695968299 29.3
294 1.646167864443522 29.4
295 1.643276432157895 29.5
296 1.642104985291851 29.6
297 1.643000720205548 29.7
298 1.645941469454407 29.8
299 1.650649486374782 29.9
300 1.656511270459806 30
301 1.662768117646816 30.1
302 1.668741976418697 30.2
303 1.6736935196472 30.3
304 1.677222825956193 30.4
305 1.678996488506342 30.5
306 1.678953189359349 30.6
307 1.677171415267186 30.7
308 1.674007828436679 30.8
309 1.669759968864926 30.9
310 1.664906491358295 31
311 1.659752021980043 31.1
312 1.654548022438317 31.2
313 1.64958037239136 31.3
314 1.645239327328174 31.4
315 1.641803605957126 31.5
316 1.639781727599911 31.6
317 1.639542982761328 31.7
318 1.641099230093527 31.8
319 1.644265791825034 31.9
320 1.64855470389515 32
321 1.653429500214434 32.1
322 1.658184289795721 32.2
323 1.662286502181731 32.3
324 1.665259711249194 32.4
325 1.666709200180662 32.5
326 1.666643663665686 32.6
327 1.665107438864925 32.7
328 1.662288755187928 32.8
329 1.658572420602673 32.9
330 1.654322092072701 33
331 1.64986762924084 33.1
332 1.645323934022704 33.2
333 1.641099102661366 33.3
334 1.637392804640408 33.4
335 1.634541628445032 33.5
336 1.632951471860772 33.6
337 1.632883056198684 33.7
338 1.63447269581826 33.8
339 1.637601881968531 33.9
340 1.64193443733186 34
341 1.646955681818368 34.1
342 1.652076400800941 34.2
343 1.656760776167846 34.3
344 1.660566556553697 34.4
345 1.663053614967829 34.5
346 1.664083401589801 34.6
347 1.663629523926807 34.7
348 1.661862313492066 34.8
349 1.659128075470862 34.9
350 1.655707111752937 35
351 1.651931122831847 35.1
352 1.648040276439957 35.2
353 1.644222062819714 35.3
354 1.640558382593675 35.4
355 1.637545194174988 35.5
356 1.635303608079375 35.6
357 1.634392980978442 35.7
358 1.634947706065093 35.8
359 1.637328442065608 35.9
360 1.641453211674229 36
361 1.647084598928525 36.1
362 1.653751164259716 36.2
363 1.660956282787619 36.3
364 1.668090239306356 36.4
365 1.674513640926759 36.5
366 1.679665651977743 36.6
367 1.683372761834707 36.7
368 1.685276959532212 36.8
369 1.685356808293875 36.9
370 1.683787882504983 37
371 1.68083715817231 37.1
372 1.67688438491378 37.2
373 1.67240559702194 37.3
374 1.667705927769989 37.4
375 1.663001419417717 37.5
376 1.658451353760614 37.6
377 1.654170187118429 37.7
378 1.650374715450101 37.8
379 1.64737770759177 37.9
380 1.64561085756009 38
381 1.645534774412651 38.1
382 1.647495633205393 38.2
383 1.651768781722392 38.3
384 1.658306977479707 38.40000000000001
385 1.666768920170959 38.5
386 1.676814806168543 38.6
387 1.687665097091205 38.7
388 1.698524965439095 38.8
389 1.708830463759559 38.90000000000001
390 1.717827681513082 39
391 1.725009228351822 39.1
392 1.729912866690069 39.2
393 1.732297464510653 39.3
394 1.732181504545805 39.40000000000001
395 1.729784496178359 39.5
396 1.725405759188548 39.6
397 1.719513335895031 39.7
398 1.712628302268554 39.8
399 1.70526485929507 39.90000000000001
400 1.697910865235583 40
401 1.691009570874652 40.1
402 1.684617085911876 40.2
403 1.678832451222239 40.3
404 1.673625906319112 40.40000000000001
405 1.669124450707957 40.5
406 1.665554306570693 40.6
407 1.663223071322981 40.7
408 1.662529801488742 40.8
409 1.663819466466913 40.90000000000001
410 1.667255939006428 41
411 1.672908442986777 41.1
412 1.680534039208601 41.2
413 1.689762633262066 41.3
414 1.700099679481087 41.40000000000001
415 1.710880461760308 41.5
416 1.721531382671922 41.6
417 1.731436658079305 41.7
418 1.740040720260625 41.8
419 1.746943820707563 41.90000000000001
420 1.751670897256222 42
421 1.754124346774785 42.1
422 1.754126833818828 42.2
423 1.751927925176342 42.3
424 1.747708178297573 42.40000000000001
425 1.7418379531835 42.5
426 1.734662503433938 42.6
427 1.726823540540561 42.7
428 1.718636999964276 42.8
429 1.710612922690044 42.90000000000001
430 1.703113614329232 43
431 1.696306190692186 43.1
432 1.690253921955463 43.2
433 1.685112619067334 43.3
434 1.680890655622041 43.40000000000001
435 1.677699104637439 43.5
436 1.675881764913097 43.6
437 1.67563043077153 43.7
438 1.677161198926493 43.8
439 1.680559171118949 43.90000000000001
440 1.685773556098482 44
441 1.692551301115891 44.1
442 1.700584387425908 44.2
443 1.709397234998788 44.3
444 1.718481423698613 44.40000000000001
445 1.727365229845457 44.5
446 1.735588268506465 44.6
447 1.742742455454067 44.7
448 1.748486748807199 44.8
449 1.752512313399376 44.90000000000001
450 1.754567931036488 45
451 1.754655668396691 45.1
452 1.75281473832662 45.2
453 1.74923659920626 45.3
454 1.744085256392296 45.40000000000001
455 1.737854801853154 45.5
456 1.730807737689066 45.6
457 1.72347310218542 45.7
458 1.716185737856726 45.8
459 1.709332357261291 45.90000000000001
460 1.703082459465937 46
461 1.697601903985701 46.1
462 1.692961344733975 46.2
463 1.689215257751327 46.3
464 1.686580958702401 46.40000000000001
465 1.685238596635503 46.5
466 1.685271598883009 46.6
467 1.6869932789288 46.7
468 1.690344382522836 46.8
469 1.695447690386036 46.90000000000001
470 1.702068328113025 47
471 1.709923792001877 47.1
472 1.718660614262854 47.2
473 1.727857316797532 47.3
474 1.737064898897727 47.40000000000001
475 1.745891316407922 47.5
476 1.753888561134932 47.6
477 1.760764529167305 47.7
478 1.766178507729839 47.8
479 1.769859182531673 47.90000000000001
480 1.771747857930861 48
481 1.77170306809758 48.1
482 1.769857014302702 48.2
483 1.766343330393566 48.3
484 1.761318576579333 48.40000000000001
485 1.755115698803575 48.5
486 1.748233914466908 48.6
487 1.74089169788463 48.7
488 1.733538964888163 48.8
489 1.726492524937408 48.90000000000001
490 1.720035917875375 49
491 1.714287315712147 49.1
492 1.709341072670539 49.2
493 1.705309338156921 49.3
494 1.702279002615376 49.40000000000001
495 1.700374055031612 49.5
496 1.69967109439167 49.6
497 1.700391051760521 49.7
498 1.702568001585028 49.8
499 1.706448828468697 49.90000000000001
500 1.711820004506313 50
501 1.718660209141002 50.1
502 1.726679453043411 50.2
503 1.735650823645189 50.3
504 1.745176959291711 50.40000000000001
505 1.754890669376099 50.5
506 1.764407059912458 50.6
507 1.773348589186366 50.7
508 1.781464421849235 50.8
509 1.788322731334326 50.90000000000001
510 1.793687024869477 51
511 1.797376432410289 51.1
512 1.799321481171431 51.2
513 1.799451845049396 51.3
514 1.797731018072472 51.40000000000001
515 1.794468711646448 51.5
516 1.789747639452213 51.6
517 1.783756349022511 51.7
518 1.776928557485876 51.8
519 1.769529843409511 51.90000000000001
520 1.761896209218505 52
521 1.754381337555483 52.1
522 1.747292357415645 52.2
523 1.740889824262738 52.3
524 1.735306757010567 52.40000000000001
525 1.73064349102874 52.5
526 1.726929193919627 52.6
527 1.724303190027089 52.7
528 1.722810539671417 52.8
529 1.72242392665207 52.90000000000001
530 1.723315727854538 53
531 1.725560931310293 53.1
532 1.729115918779224 53.2
533 1.733979114672709 53.3
534 1.739977775428027 53.40000000000001
535 1.746915860888413 53.5
536 1.754580908096329 53.6
537 1.762636830308288 53.7
538 1.770853157797878 53.8
539 1.778875172395256 53.90000000000001
540 1.786455914445884 54
541 1.793338300833769 54.1
542 1.799286056132432 54.2
543 1.804111556811515 54.3
544 1.807680061917324 54.40000000000001
545 1.809866439757961 54.5
546 1.810532549380931 54.6
547 1.80982014824178 54.7
548 1.807622591815797 54.8
549 1.804205767110738 54.90000000000001
550 1.799656094004873 55
551 1.794173726791681 55.1
552 1.788033101689987 55.2
553 1.781574386768216 55.3
554 1.775013907090923 55.40000000000001
555 1.768677096036112 55.5
556 1.762836277316741 55.6
557 1.757611433973134 55.7
558 1.753227735053723 55.8
559 1.749685921845259 55.90000000000001
560 1.747161696521345 56
561 1.745588580710329 56.1
562 1.745116411222474 56.2
563 1.745743979401704 56.3
564 1.747591705236424 56.40000000000001
565 1.750556405934076 56.5
566 1.7547062720354 56.6
567 1.759835842930978 56.7
568 1.765814674353307 56.8
569 1.772446670922321 56.90000000000001
570 1.779493032092278 57
571 1.786653187704408 57.1
572 1.793682888781312 57.2
573 1.8003339867912 57.3
574 1.806436630759821 57.40000000000001
575 1.811741327176997 57.5
576 1.816144183747271 57.6
577 1.819423165310138 57.7
578 1.821554102003209 57.8
579 1.822527659381672 57.90000000000001
580 1.822209354773369 58
581 1.820688991709773 58.1
582 1.818033878649654 58.2
583 1.814274373685185 58.3
584 1.80971699516841 58.40000000000001
585 1.804478006485804 58.5
586 1.798791626299406 58.6
587 1.792912154775949 58.7
588 1.787116183611509 58.8
589 1.781666898473035 58.90000000000001
590 1.77665129500611 59
591 1.772322237557039 59.1
592 1.768816790240652 59.2
593 1.766134131561003 59.3
594 1.764371743465635 59.40000000000001
595 1.763563656887563 59.5
596 1.76375351704994 59.6
597 1.765016905966522 59.7
598 1.767305698430109 59.8
599 1.770684531389985 59.90000000000001
600 1.774968968312991 60
601 1.780122258478888 60.1
602 1.785965463787839 60.2
603 1.792281905557926 60.3
604 1.798850414385144 60.40000000000001
605 1.805480165554649 60.5
606 1.811964601003825 60.6
607 1.817989820955192 60.7
608 1.823425246617066 60.8
609 1.828255864398536 60.90000000000001
610 1.832088396807074 61
611 1.83513576990843 61.1
612 1.837057049195834 61.2
613 1.837950111569434 61.3
614 1.837707633433168 61.40000000000001
615 1.836382564351021 61.5
616 1.834085456970424 61.6
617 1.83078774764846 61.7
618 1.82670527928496 61.8
619 1.821994138524152 61.90000000000001
620 1.81682427514236 62
621 1.811458555248487 62.1
622 1.806147414377661 62.2
623 1.801118808020098 62.3
624 1.79651813670678 62.40000000000001
625 1.792567002306354 62.5
626 1.789343258201775 62.6
627 1.786965145221754 62.7
628 1.785411519312251 62.8
629 1.784851844151414 62.90000000000001
630 1.785115387463004 63
631 1.786450425923744 63.1
632 1.788664721481681 63.2
633 1.79185043380674 63.3
634 1.795876063510931 63.40000000000001
635 1.800653597300335 63.5
636 1.80604653969268 63.6
637 1.81177525783722 63.7
638 1.81783127857802 63.8
639 1.823842255223983 63.90000000000001
640 1.829696812129273 64
641 1.835150452518632 64.10000000000001
642 1.840130202720671 64.2
643 1.84445020009236 64.3
644 1.848057959660007 64.40000000000001
645 1.850832499861126 64.5
646 1.85269928049746 64.60000000000001
647 1.853631026940504 64.7
648 1.85360312235424 64.8
649 1.852612095165847 64.90000000000001
650 1.850696916754748 65
651 1.847963790132157 65.10000000000001
652 1.844449424334856 65.2
653 1.840349807821906 65.3
654 1.835827811042971 65.40000000000001
655 1.831074712256923 65.5
656 1.826341590176751 65.60000000000001
657 1.821801205390327 65.7
658 1.817677260954104 65.8
659 1.814121608753054 65.90000000000001
660 1.811263947548761 66
661 1.809151612199219 66.10000000000001
662 1.807876794239132 66.2
663 1.807397554055227 66.3
664 1.8078106036108 66.40000000000001
665 1.809096602581481 66.5
666 1.811199099592046 66.60000000000001
667 1.814086650136051 66.7
668 1.817758299361666 66.8
669 1.82207039863103 66.90000000000001
670 1.826813326471036 67
671 1.831888851699146 67.10000000000001
672 1.837190503010379 67.2
673 1.842450851491754 67.3
674 1.847524072642827 67.40000000000001
675 1.852195841982196 67.5
676 1.856475352841645 67.60000000000001
677 1.860220785101426 67.7
678 1.86327051666305 67.8
679 1.865586287444955 67.90000000000001
680 1.867158822914912 68
681 1.86790030062 68.10000000000001
682 1.867836585483107 68.2
683 1.866881394485412 68.3
684 1.865183207236394 68.40000000000001
685 1.862749230202998 68.5
686 1.859653018771717 68.60000000000001
687 1.856040128552069 68.7
688 1.852050575873636 68.8
689 1.847885186665333 68.90000000000001
690 1.843700978855757 69
691 1.839705221236249 69.10000000000001
692 1.836062256857602 69.2
693 1.832904517560531 69.3
694 1.830358124106239 69.40000000000001
695 1.828501332987156 69.5
696 1.827363713711734 69.60000000000001
697 1.826956230583765 69.7
698 1.827331147340468 69.8
699 1.828444896433068 69.90000000000001
700 1.830381865192249 70
701 1.832934720547653 70.10000000000001
702 1.836176166260418 70.2
703 1.839947240101592 70.3
704 1.844144536983684 70.40000000000001
705 1.848711001783743 70.5
706 1.853399954425287 70.60000000000001
707 1.858103121389619 70.7
708 1.862639928328137 70.8
709 1.86696065361823 70.90000000000001
710 1.870895388391582 71
711 1.874326891036317 71.10000000000001
712 1.877248846777398 71.2
713 1.879530304776697 71.3
714 1.881106382590976 71.40000000000001
715 1.881991975851864 71.5
716 1.882110963268137 71.60000000000001
717 1.881506168231659 71.7
718 1.880128111289502 71.8
719 1.878114463683357 71.90000000000001
720 1.875503994993542 72
721 1.872408161488256 72.10000000000001
722 1.868869816927702 72.2
723 1.86516045905232 72.3
724 1.861402215263138 72.40000000000001
725 1.857785612749693 72.5
726 1.854468396867518 72.60000000000001
727 1.851584308026996 72.7
728 1.849251933998545 72.8
729 1.847529301835552 72.90000000000001
730 1.846474436809837 73
731 1.846105700109497 73.10000000000001
732 1.846483482043964 73.2
733 1.847506940426503 73.3
734 1.849214170417963 73.40000000000001
735 1.851615872581394 73.5
736 1.854549154263562 73.60000000000001
737 1.858000240673792 73.7
738 1.861930382191575 73.8
739 1.866115183361814 73.90000000000001
740 1.870467695796164 74
741 1.874834511703669 74.10000000000001
742 1.87909275565313 74.2
743 1.883144650834802 74.3
744 1.886895549187854 74.40000000000001
745 1.890200007607483 74.5
746 1.893021887522139 74.60000000000001
747 1.895239775787015 74.7
748 1.896862650789769 74.8
749 1.897813510709815 74.90000000000001
750 1.89808243871268 75
751 1.897660906050532 75.10000000000001
752 1.896564880210084 75.2
753 1.89482768412935 75.3
754 1.89250692168756 75.40000000000001
755 1.889624702406006 75.5
756 1.88639471285189 75.60000000000001
757 1.882895096477052 75.7
758 1.879348214274058 75.8
759 1.875815585435532 75.90000000000001
760 1.872527535782519 76
761 1.869608348481325 76.10000000000001
762 1.867166241662793 76.2
763 1.86529407265638 76.3
764 1.864040165587208 76.40000000000001
765 1.86343707375204 76.5
766 1.863478581097336 76.60000000000001
767 1.864150058050631 76.7
768 1.865449380495217 76.80000000000001
769 1.867352419114076 76.90000000000001
770 1.869802491521721 77
771 1.872732776924654 77.10000000000001
772 1.876126167961325 77.2
773 1.879762865845377 77.30000000000001
774 1.88354768634842 77.40000000000001
775 1.887480510702806 77.5
776 1.891393168824991 77.60000000000001
777 1.8951574112023 77.7
778 1.898729186263372 77.80000000000001
779 1.90183828093951 77.90000000000001
780 1.904656273098573 78
781 1.906974592864539 78.10000000000001
782 1.908771691512978 78.2
783 1.909963183173978 78.30000000000001
784 1.910627143054619 78.40000000000001
785 1.910677687635424 78.5
786 1.910085398857403 78.60000000000001
787 1.90891099869482 78.7
788 1.907188519041162 78.80000000000001
789 1.90499683516044 78.90000000000001
790 1.902388851215017 79
791 1.899483180505327 79.10000000000001
792 1.896378876500237 79.2
793 1.893209316886793 79.30000000000001
794 1.890141996549684 79.40000000000001
795 1.887299275089017 79.5
796 1.884798892260267 79.60000000000001
797 1.882762469466891 79.7
798 1.881281388538155 79.80000000000001
799 1.880358318600889 79.90000000000001
800 1.880050394848386 80
801 1.880342230215567 80.10000000000001
802 1.881240442079835 80.2
803 1.88271735152302 80.30000000000001
804 1.884726934508915 80.40000000000001
805 1.887253598012111 80.5
806 1.890228702305644 80.60000000000001
807 1.893538917175107 80.7
808 1.897112962198638 80.80000000000001
809 1.900822282931581 80.90000000000001
810 1.904666454313567 81
811 1.908441739358695 81.10000000000001
812 1.912060441973388 81.2
813 1.915499242069494 81.30000000000001
814 1.918577199816492 81.40000000000001
815 1.921238184890955 81.5
816 1.923468772316527 81.60000000000001
817 1.925161922058929 81.7
818 1.926295156832261 81.80000000000001
819 1.92688104410376 81.90000000000001
820 1.926876723703258 82
821 1.926294016163571 82.10000000000001
822 1.925159981720168 82.2
823 1.923463494917311 82.30000000000001
824 1.921264355279853 82.40000000000001
825 1.918646990704155 82.5
826 1.915710257166425 82.60000000000001
827 1.912517616161673 82.7
828 1.909219020950842 82.80000000000001
829 1.905931741130662 82.90000000000001
830 1.902800845610286 83
831 1.899972979479529 83.10000000000001
832 1.897525844450726 83.2
833 1.895583504008758 83.30000000000001
834 1.894187719808659 83.40000000000001
835 1.893359754155095 83.5
836 1.893121955017427 83.60000000000001
837 1.893477822061812 83.7
838 1.89438680029144 83.80000000000001
839 1.895801556886612 83.90000000000001
840 1.897773970953911 84
841 1.900103894734672 84.10000000000001
842 1.902779256824799 84.2
843 1.905791183499096 84.30000000000001
844 1.908963171205261 84.40000000000001
845 1.912284276839194 84.5
846 1.91562467381342 84.60000000000001
847 1.918912463791356 84.7
848 1.922028109882145 84.80000000000001
849 1.924916637413828 84.90000000000001
850 1.927480563902079 85
851 1.929670301394656 85.10000000000001
852 1.931441213276568 85.2
853 1.932712657470965 85.30000000000001
854 1.933508537595244 85.40000000000001
855 1.933813860676399 85.5
856 1.933607611098623 85.60000000000001
857 1.932968392606771 85.7
858 1.93178544045201 85.80000000000001
859 1.930163467128752 85.90000000000001
860 1.92814900152102 86
861 1.925777384558253 86.10000000000001
862 1.923161905666059 86.2
863 1.920351094684523 86.30000000000001
864 1.917485130075542 86.40000000000001
865 1.914637262674138 86.5
866 1.911971420390586 86.60000000000001
867 1.909551036771163 86.7
868 1.907551388607114 86.80000000000001
869 1.905983418317362 86.90000000000001
870 1.904921638574185 87
871 1.904431968189776 87.10000000000001
872 1.904450962534762 87.2
873 1.905124283907381 87.30000000000001
874 1.906229662367289 87.40000000000001
875 1.907960203343096 87.5
876 1.910090475028707 87.60000000000001
877 1.912635772848273 87.7
878 1.915575473072217 87.80000000000001
879 1.918813680598623 87.90000000000001
880 1.922149385667901 88
881 1.92571816052616 88.10000000000001
882 1.929306629919314 88.2
883 1.932819370673962 88.30000000000001
884 1.936168344993421 88.40000000000001
885 1.939270415358441 88.5
886 1.942006186492121 88.60000000000001
887 1.944398125669379 88.7
888 1.946323137129331 88.80000000000001
889 1.947727635523437 88.90000000000001
890 1.948621490654954 89
891 1.948957515147821 89.10000000000001
892 1.94874770429987 89.2
893 1.948050016001388 89.30000000000001
894 1.946848791942003 89.40000000000001
895 1.945120352596933 89.5
896 1.942957218675476 89.60000000000001
897 1.940403229394111 89.7
898 1.937489656280804 89.80000000000001
899 1.93434802088625 89.90000000000001
900 1.931017658742611 90
901 1.927646015715453 90.10000000000001
902 1.924347370798662 90.2
903 1.921257627735194 90.30000000000001
904 1.918487015720528 90.40000000000001
905 1.916109290551036 90.5
906 1.914260082127973 90.60000000000001
907 1.912955982112943 90.7
908 1.912240535388047 90.80000000000001
909 1.912099247752512 90.90000000000001
910 1.912504337418899 91
911 1.913483468070374 91.10000000000001
912 1.91498779535461 91.2
913 1.916905206278295 91.30000000000001
914 1.919182231608604 91.40000000000001
915 1.921788068629866 91.5
916 1.924654134430388 91.60000000000001
917 1.927721044995557 91.7
918 1.93084620411202 91.80000000000001
919 1.933987979103968 91.90000000000001
920 1.93704677967497 92
921 1.939918847671254 92.10000000000001
922 1.942550768491287 92.2
923 1.944863074437477 92.30000000000001
924 1.946800012522573 92.40000000000001
925 1.948319136543531 92.5
926 1.949346417045067 92.60000000000001
927 1.949913474971599 92.7
928 1.950001150557315 92.80000000000001
929 1.94966620856256 92.90000000000001
930 1.948814661944133 93
931 1.947518690526533 93.10000000000001
932 1.94585640680206 93.2
933 1.943796619120784 93.30000000000001
934 1.94142334478629 93.40000000000001
935 1.938782979567924 93.5
936 1.935959804917917 93.60000000000001
937 1.933072567147083 93.7
938 1.930190951831341 93.80000000000001
939 1.927425593864474 93.90000000000001
940 1.924850986653168 94
941 1.922756829301659 94.10000000000001
942 1.920949550660556 94.2
943 1.919654908834517 94.30000000000001
944 1.918880336620005 94.40000000000001
945 1.918681840464821 94.5
946 1.918994346431358 94.60000000000001
947 1.919858991348435 94.7
948 1.921238075606069 94.80000000000001
949 1.923001357703798 94.90000000000001
950 1.925225595593633 95
951 1.927774116294029 95.10000000000001
952 1.930620806260035 95.2
953 1.933690190380553 95.30000000000001
954 1.936898494428704 95.40000000000001
955 1.940164183011131 95.5
956 1.943393782618043 95.60000000000001
957 1.946522584344038 95.7
958 1.949388835265242 95.80000000000001
959 1.951990314577735 95.90000000000001
960 1.954275422004105 96
961 1.956121814657988 96.10000000000001
962 1.957502417383439 96.2
963 1.958414472187121 96.30000000000001
964 1.958844905336854 96.40000000000001
965 1.958797871033233 96.5
966 1.958222616082908 96.60000000000001
967 1.957162429156263 96.7
968 1.955662334908546 96.80000000000001
969 1.953713207476758 96.90000000000001
970 1.951420754547422 97
971 1.948728515981809 97.10000000000001
972 1.945893835897296 97.2
973 1.942817744188915 97.30000000000001
974 1.939678780145996 97.40000000000001
975 1.93661059377276 97.5
976 1.933700850067723 97.60000000000001
977 1.931045321675849 97.7
978 1.928845974999945 97.80000000000001
979 1.927068769158987 97.90000000000001
980 1.925746069973463 98
981 1.925120954487726 98.10000000000001
982 1.924984117478038 98.2
983 1.9254011470436 98.30000000000001
984 1.92634513153038 98.40000000000001
985 1.927757235378332 98.5
986 1.929645773983883 98.60000000000001
987 1.931864676887207 98.7
988 1.934367252381526 98.80000000000001
989 1.937143165176992 98.90000000000001
990 1.940084394914624 99
991 1.943102504240374 99.10000000000001
992 1.946121783201616 99.2
993 1.949053176085874 99.30000000000001
994 1.951778547465542 99.40000000000001
995 1.95425475474835 99.5
996 1.956402018919725 99.60000000000001
997 1.958149218752868 99.7
998 1.959488399354966 99.80000000000001
999 1.960335267212673 99.90000000000001
1000 1.960744627076016 100
