"report-def-0-rfile"
"Time Step" "cd etc.."
("Time Step" "cd" "flow-time")
0 0 0
1 5.671580069948943 0.1
2 4.681427297741786 0.2
3 4.080905117205761 0.3
4 3.671183287911703 0.4
5 3.364956505930057 0.5
6 3.125561761150476 0.6000000000000001
7 2.932999117728932 0.7000000000000001
8 2.77342424836248 0.8
9 2.637863022489364 0.9
10 2.519928357895298 1
11 2.415550992079262 1.1
12 2.322103475260265 1.2
13 2.237905275052702 1.3
14 2.161628927145523 1.4
15 2.092120543327024 1.5
16 2.028403921223904 1.6
17 1.969560856645359 1.7
18 1.914899133793414 1.8
19 1.86397344359959 1.9
20 1.816534089050908 2
21 1.772544720483721 2.1
22 1.731891981389712 2.2
23 1.694553899266225 2.3
24 1.660421967020878 2.4
25 1.629346270236842 2.5
26 1.601174878660956 2.6
27 1.575745677672637 2.7
28 1.552803345373556 2.8
29 1.532158032773339 2.9
30 1.513590273711332 3
31 1.496916983711657 3.1
32 1.481966425511799 3.2
33 1.468547366909892 3.3
34 1.456592536125306 3.4
35 1.44590291324797 3.5
36 1.43637989660122 3.6
37 1.427880829549102 3.7
38 1.420279437897893 3.8
39 1.413519990505607 3.9
40 1.407572812722221 4
41 1.402459759132423 4.100000000000001
42 1.398054654865116 4.2
43 1.394321916367426 4.3
44 1.391211926942986 4.4
45 1.388739955184853 4.5
46 1.386865113921494 4.600000000000001
47 1.385593133530268 4.7
48 1.384853760674946 4.800000000000001
49 1.384633865351531 4.9
50 1.384933170814399 5
51 1.385704964059157 5.100000000000001
52 1.386911803968114 5.2
53 1.388504220912333 5.300000000000001
54 1.390479402111858 5.4
55 1.392809679932548 5.5
56 1.395462036938715 5.600000000000001
57 1.398346607522919 5.7
58 1.401544929320476 5.800000000000001
59 1.404912853649795 5.9
60 1.408544849151089 6
61 1.412392474833776 6.100000000000001
62 1.416359586121909 6.2
63 1.420413991675957 6.300000000000001
64 1.424569602910174 6.4
65 1.428833379623006 6.5
66 1.433166324727817 6.600000000000001
67 1.437586662252742 6.7
68 1.442116438659892 6.800000000000001
69 1.44676612327355 6.9
70 1.451592112944675 7
71 1.45653964741519 7.100000000000001
72 1.461683229905532 7.2
73 1.466954459785389 7.300000000000001
74 1.472447781486242 7.4
75 1.47808866444628 7.5
76 1.483936519717747 7.600000000000001
77 1.489979775625322 7.7
78 1.496236058782176 7.800000000000001
79 1.502635306202279 7.9
80 1.509251865781356 8
81 1.516018353660055 8.1
82 1.522995379786138 8.200000000000001
83 1.530110336278085 8.300000000000001
84 1.537391659281542 8.4
85 1.544755916563272 8.5
86 1.552241457743551 8.6
87 1.559847075121113 8.700000000000001
88 1.567577084564519 8.800000000000001
89 1.575415030271523 8.9
90 1.583339628419942 9
91 1.591340629137127 9.1
92 1.599400351848542 9.200000000000001
93 1.607470401071538 9.300000000000001
94 1.615593107936142 9.4
95 1.623711111786807 9.5
96 1.631809765092822 9.600000000000001
97 1.639932460524946 9.700000000000001
98 1.648030445861976 9.800000000000001
99 1.656040747356541 9.9
100 1.663964346116091 10
101 1.671789946071795 10.1
102 1.679481850295588 10.2
103 1.687038962826591 10.3
104 1.694460898371747 10.4
105 1.701712372660567 10.5
106 1.708818845942797 10.6
107 1.715760958030581 10.7
108 1.722544790651864 10.8
109 1.729143516951329 10.9
110 1.735578979796448 11
111 1.74186779520514 11.1
112 1.747978855475157 11.2
113 1.753945576729586 11.3
114 1.759743302754412 11.4
115 1.765388933913716 11.5
116 1.77094695305271 11.6
117 1.776317846012782 11.7
118 1.781606561472682 11.8
119 1.786799351063436 11.9
120 1.791834506244531 12
121 1.796756423910823 12.1
122 1.80155071249118 12.2
123 1.806191911930954 12.3
124 1.810743014407743 12.4
125 1.815192698825513 12.5
126 1.819570273404749 12.6
127 1.823850498935936 12.7
128 1.828066549533323 12.8
129 1.832232895095895 12.9
130 1.836306833838335 13
131 1.840332361426464 13.1
132 1.844287264381808 13.2
133 1.848192686764039 13.3
134 1.852060955738916 13.4
135 1.855853135259473 13.5
136 1.859612376816841 13.6
137 1.863339580737665 13.7
138 1.867005060245895 13.8
139 1.870648369709781 13.9
140 1.874244149854693 14
141 1.877795480186655 14.1
142 1.881300184781141 14.2
143 1.884752746424075 14.3
144 1.888189200988507 14.4
145 1.891571752825915 14.5
146 1.894926499928659 14.6
147 1.898241420555811 14.7
148 1.901541370639967 14.8
149 1.904790789949202 14.9
150 1.908002878388588 15
151 1.911213879079139 15.1
152 1.914376148080163 15.2
153 1.917519131268547 15.3
154 1.920625671745666 15.4
155 1.923712532152747 15.5
156 1.926767698397085 15.6
157 1.92979743452809 15.7
158 1.932798431566727 15.8
159 1.935779392052219 15.9
160 1.938709120815905 16
161 1.941654376810173 16.1
162 1.944527879701659 16.2
163 1.947399954523027 16.3
164 1.950237534702447 16.4
165 1.953026387660383 16.5
166 1.955775587734063 16.6
167 1.95852985365202 16.7
168 1.961210839162101 16.8
169 1.963871301662912 16.9
170 1.966478405173437 17
171 1.969077866988641 17.1
172 1.971622805690843 17.2
173 1.974148601241986 17.3
174 1.976611603243469 17.4
175 1.979061524997735 17.5
176 1.981464018587923 17.6
177 1.983828996361913 17.7
178 1.986167507058001 17.8
179 1.98846451992913 17.9
180 1.990700668530912 18
181 1.992934245999558 18.1
182 1.995131024861015 18.2
183 1.997267857079364 18.3
184 1.999400131545866 18.4
185 2.001468998768288 18.5
186 2.003501910238013 18.6
187 2.005518609454337 18.7
188 2.007482870447403 18.8
189 2.00943318187216 18.9
190 2.011335651689822 19
191 2.013206077711019 19.1
192 2.01504489618213 19.2
193 2.016847972682406 19.3
194 2.018626931475737 19.4
195 2.020362757689259 19.5
196 2.022070294108843 19.6
197 2.023749104633293 19.7
198 2.025397210647708 19.8
199 2.027017742653394 19.9
200 2.028598579288658 20
201 2.030159696551877 20.1
202 2.031664636677149 20.2
203 2.033181244388685 20.3
204 2.034639122892504 20.4
205 2.0360885738372 20.5
206 2.037478703166526 20.6
207 2.038863898059262 20.7
208 2.04022567263889 20.8
209 2.041549310691256 20.9
210 2.04284583456927 21
211 2.044134332984499 21.1
212 2.045375041304404 21.2
213 2.046583263844386 21.3
214 2.047791895536422 21.4
215 2.048956921951676 21.5
216 2.050099897206797 21.6
217 2.05120701771578 21.7
218 2.052311921709416 21.8
219 2.053377539815791 21.9
220 2.054426251535741 22
221 2.055450457298266 22.1
222 2.056446201931533 22.2
223 2.057416985761769 22.3
224 2.058352227837845 22.4
225 2.05928082841732 22.5
226 2.060177634157058 22.6
227 2.061066103900728 22.7
228 2.061914334623213 22.8
229 2.062751187566622 22.9
230 2.063556884473618 23
231 2.064323048573137 23.1
232 2.065094155411884 23.2
233 2.065832575683059 23.3
234 2.066552323704178 23.4
235 2.067247063077696 23.5
236 2.067914270607638 23.6
237 2.068572366923695 23.7
238 2.069204547344226 23.8
239 2.069768788526309 23.9
240 2.070574127890438 24
241 2.070912662565278 24.1
242 2.071699009552622 24.2
243 2.072017583239014 24.3
244 2.072436347541137 24.4
245 2.073112261038446 24.5
246 2.073918431210805 24.6
247 2.074574318949046 24.7
248 2.074643582544763 24.8
249 2.074797435722649 24.9
250 2.075918587621037 25
251 2.075885881372581 25.1
252 2.076409391525043 25.2
253 2.076595223487275 25.3
254 2.077699043339027 25.4
255 2.077647895026484 25.5
256 2.077802733794561 25.6
257 2.078248442977142 25.7
258 2.078792286772338 25.8
259 2.079018488719659 25.9
260 2.079956025189266 26
261 2.079750321216982 26.1
262 2.079498342455166 26.2
263 2.080771659886075 26.3
264 2.081847455610036 26.4
265 2.079549580868825 26.5
266 2.081814342974466 26.6
267 2.081120449056288 26.7
268 2.082843497211143 26.8
269 2.081389100007167 26.9
270 2.080349842180472 27
271 2.084139551376761 27.1
272 2.082649568613726 27.2
273 2.081234203929742 27.3
274 2.082921402278086 27.4
275 2.082519246174962 27.5
276 2.083134378178421 27.6
277 2.082928066147849 27.7
278 2.083928782259623 27.8
279 2.083186214893084 27.9
280 2.083236818958111 28
281 2.08383691618724 28.1
282 2.083864423114771 28.2
283 2.08271498393212 28.3
284 2.084944695752999 28.4
285 2.083272268204987 28.5
286 2.084770323658747 28.6
287 2.0846445276379 28.7
288 2.084596793777751 28.8
289 2.084910113872294 28.9
290 2.085451698990824 29
291 2.084691780782324 29.1
292 2.084239221212968 29.2
293 2.086119767882836 29.3
294 2.084805025756808 29.4
295 2.085530058981922 29.5
296 2.086419900197057 29.6
297 2.086285147883753 29.7
298 2.084931085037822 29.8
299 2.087017393752358 29.9
300 2.087609655643503 30
301 2.086775778665724 30.1
302 2.085835928382446 30.2
303 2.087418505213285 30.3
304 2.087959149433016 30.4
305 2.087047829992791 30.5
306 2.087613637351497 30.6
307 2.087281596146845 30.7
308 2.087951348292706 30.8
309 2.088241364144829 30.9
310 2.088328981797107 31
311 2.089531540690588 31.1
312 2.087788026021026 31.2
313 2.089169589565056 31.3
314 2.08860845881438 31.4
315 2.089873646803882 31.5
316 2.088708487006759 31.6
317 2.090416591997549 31.7
318 2.08997276216336 31.8
319 2.089412520076547 31.9
320 2.090563539766866 32
321 2.091506753841739 32.1
322 2.090957445215873 32.2
323 2.091452101468769 32.3
324 2.091979976897478 32.4
325 2.092568516937039 32.5
326 2.092478062414633 32.6
327 2.09380283301018 32.7
328 2.093978334576511 32.8
329 2.094746600803751 32.9
330 2.094440271948952 33
331 2.096198986861654 33.1
332 2.09649333566333 33.2
333 2.097532052834993 33.3
334 2.097674519645512 33.4
335 2.098203602453108 33.5
336 2.099931279257845 33.6
337 2.099923330992107 33.7
338 2.101678513886379 33.8
339 2.102078930270278 33.9
340 2.103191473617689 34
341 2.103704131846289 34.1
342 2.105810491187837 34.2
343 2.105820318447408 34.3
344 2.107354049115052 34.4
345 2.10856026218789 34.5
346 2.109181413829843 34.6
347 2.110781657586348 34.7
348 2.111939252966084 34.8
349 2.112837295070505 34.9
350 2.114444764246929 35
351 2.115874243607104 35.1
352 2.11749207962931 35.2
353 2.118377358274877 35.3
354 2.120291350347202 35.4
355 2.121825841783895 35.5
356 2.123514455044661 35.6
357 2.125204665587861 35.7
358 2.126986754160364 35.8
359 2.12901012203712 35.9
360 2.130935109640626 36
361 2.132977253875713 36.1
362 2.135184402977367 36.2
363 2.137617408147251 36.3
364 2.13983123748837 36.4
365 2.142342993084623 36.5
366 2.144843489997248 36.6
367 2.147513006481357 36.7
368 2.150212944401026 36.8
369 2.15297469969765 36.9
370 2.155805251504723 37
371 2.158720289416344 37.1
372 2.161636841454051 37.2
373 2.164630152083091 37.3
374 2.167666484757658 37.4
375 2.170630076633736 37.5
376 2.17372707901298 37.6
377 2.176770652869384 37.7
378 2.1798833364135 37.8
379 2.182839317855456 37.9
380 2.185802300283688 38
381 2.18881353427612 38.1
382 2.191719543196376 38.2
383 2.194632547691279 38.3
384 2.197493900561655 38.40000000000001
385 2.200298515524931 38.5
386 2.203067889784485 38.6
387 2.205745099376289 38.7
388 2.208395324035142 38.8
389 2.210962415024996 38.90000000000001
390 2.213494269638883 39
391 2.215948940865132 39.1
392 2.218321167902024 39.2
393 2.220664120665335 39.3
394 2.222915897096092 39.40000000000001
395 2.225107139045911 39.5
396 2.227262874351885 39.6
397 2.229326567459667 39.7
398 2.231320007040776 39.8
399 2.233270707272299 39.90000000000001
400 2.235148907595285 40
401 2.236945701986019 40.1
402 2.238687660508254 40.2
403 2.240395173932834 40.3
404 2.242025809458136 40.40000000000001
405 2.243562250944649 40.5
406 2.245085849439297 40.6
407 2.246542167736485 40.7
408 2.24794965700938 40.8
409 2.249306176160217 40.90000000000001
410 2.250630239421022 41
411 2.251858459652333 41.1
412 2.253106832137866 41.2
413 2.254287838998323 41.3
414 2.255419804824631 41.40000000000001
415 2.25650331888383 41.5
416 2.257578302620644 41.6
417 2.258595128752411 41.7
418 2.259603617322756 41.8
419 2.260560618062285 41.90000000000001
420 2.261487869330363 42
421 2.262391251808963 42.1
422 2.263269951701481 42.2
423 2.264140141539281 42.3
424 2.26495789352343 42.40000000000001
425 2.265760434624843 42.5
426 2.266542693796995 42.6
427 2.267299044789751 42.7
428 2.26803549236343 42.8
429 2.268752344778167 42.90000000000001
430 2.269443908140882 43
431 2.270142455279391 43.1
432 2.270772796231912 43.2
433 2.271424906476368 43.3
434 2.272022374356517 43.40000000000001
435 2.272594536086187 43.5
436 2.273142645137363 43.6
437 2.27366775392797 43.7
438 2.274169105163455 43.8
439 2.274643391421709 43.90000000000001
440 2.275114391022845 44
441 2.275525899115828 44.1
442 2.275918976966076 44.2
443 2.27629227783736 44.3
444 2.276638471738679 44.40000000000001
445 2.276970563838969 44.5
446 2.277260431909065 44.6
447 2.277564113518038 44.7
448 2.277821644678047 44.8
449 2.278044205697033 44.90000000000001
450 2.278305523372667 45
451 2.278524527499278 45.1
452 2.278725582724363 45.2
453 2.278906233080725 45.3
454 2.279107267777344 45.40000000000001
455 2.279281456984898 45.5
456 2.279444110634207 45.6
457 2.27960415396571 45.7
458 2.279761197072898 45.8
459 2.279807270797338 45.90000000000001
460 2.279985678433602 46
461 2.280144852403295 46.1
462 2.280291521384581 46.2
463 2.28041665291829 46.3
464 2.280544940090117 46.40000000000001
465 2.280665700756993 46.5
466 2.280783208508937 46.6
467 2.280807551967973 46.7
468 2.280949387463657 46.8
469 2.281088694423156 46.90000000000001
470 2.281178919309433 47
471 2.28128840945203 47.1
472 2.281380623082714 47.2
473 2.281474313750046 47.3
474 2.281555371681282 47.40000000000001
475 2.281643347484454 47.5
476 2.281717301062077 47.6
477 2.281784529619126 47.7
478 2.281785295281053 47.8
479 2.281878933376169 47.90000000000001
480 2.281984080355907 48
481 2.282038564941077 48.1
482 2.28209066639485 48.2
483 2.282138597816748 48.3
484 2.282184504254533 48.40000000000001
485 2.282226040064489 48.5
486 2.282264207001116 48.6
487 2.282297708083803 48.7
488 2.282328045131345 48.8
489 2.282356046464561 48.90000000000001
490 2.282379843920613 49
491 2.28240060908902 49.1
492 2.28241844501607 49.2
493 2.282435949311652 49.3
494 2.282450171303613 49.40000000000001
495 2.282462389367935 49.5
496 2.282472175080598 49.6
497 2.28247929105911 49.7
498 2.282485116902139 49.8
499 2.282489622674302 49.90000000000001
500 2.282492254507416 50
501 2.282493058970532 50.1
502 2.282466848656128 50.2
503 2.28244463432295 50.3
504 2.282506275112894 50.40000000000001
505 2.282475953599481 50.5
506 2.282439598409777 50.6
507 2.282495371799514 50.7
508 2.28246452840114 50.8
509 2.282422904596212 50.90000000000001
510 2.282473754392498 51
511 2.282442033697051 51.1
512 2.282390842514119 51.2
513 2.282442269598329 51.3
514 2.282408490878985 51.40000000000001
515 2.282357751094037 51.5
516 2.282402687945855 51.6
517 2.282370687847624 51.7
518 2.282314563761835 51.8
519 2.282324269443709 51.90000000000001
520 2.282301450676891 52
521 2.28230365795809 52.1
522 2.282271511247757 52.2
523 2.282271692969542 52.3
524 2.282238748039457 52.40000000000001
525 2.282239598311361 52.5
526 2.282203361168583 52.6
527 2.282201898388021 52.7
528 2.282167059446452 52.8
529 2.28216489829029 52.90000000000001
530 2.282127421393378 53
531 2.282125172408629 53.1
532 2.282086321671931 53.2
533 2.282082455397807 53.3
534 2.282041818440408 53.40000000000001
535 2.282038619744593 53.5
536 2.281997171650836 53.6
537 2.281993190610393 53.7
538 2.28194956157181 53.8
539 2.281943967513287 53.90000000000001
540 2.281896997033246 54
541 2.281890316944739 54.1
542 2.281843842258549 54.2
543 2.281837533177439 54.3
544 2.281788548881273 54.40000000000001
545 2.281781844114784 54.5
546 2.281732218127593 54.6
547 2.281724496316211 54.7
548 2.281675290860836 54.8
549 2.28166764830156 54.90000000000001
550 2.281613816614609 55
551 2.281606228984373 55.1
552 2.281557921983902 55.2
553 2.281550985627595 55.3
554 2.281498200897123 55.40000000000001
555 2.281489452172549 55.5
556 2.28143812009494 55.6
557 2.281428327933375 55.7
558 2.281376444701066 55.8
559 2.281367050304878 55.90000000000001
560 2.281314962466162 56
561 2.281305230508212 56.1
562 2.281251065436553 56.2
563 2.281242297824915 56.3
564 2.281189197285171 56.40000000000001
565 2.281179631596838 56.5
566 2.281124883541586 56.6
567 2.281114995814692 56.7
568 2.28106103530454 56.8
569 2.281049972540043 56.90000000000001
570 2.28100627298649 57
571 2.280962562316356 57.1
572 2.2809574634352 57.2
573 2.280917177352978 57.3
574 2.280875102706444 57.40000000000001
575 2.280868122168488 57.5
576 2.280827691842695 57.6
577 2.280783910901719 57.7
578 2.280777494350569 57.8
579 2.280737927820951 57.90000000000001
580 2.280694875262173 58
581 2.280688497421733 58.1
582 2.280649755822106 58.2
583 2.28060836960577 58.3
584 2.280595178184012 58.40000000000001
585 2.28055964612461 58.5
586 2.280522721837106 58.6
587 2.28051106414776 58.7
588 2.280476622585454 58.8
589 2.28044626755778 58.90000000000001
590 2.280416644631742 59
591 2.280404985677411 59.1
592 2.28037232725183 59.2
593 2.280341743735758 59.3
594 2.280315106393732 59.40000000000001
595 2.280292669911919 59.5
596 2.280258759940737 59.6
597 2.280247223067717 59.7
598 2.280214010198093 59.8
599 2.280184111993373 59.90000000000001
600 2.280157367262055 60
601 2.28013270340479 60.1
602 2.280108527007656 60.2
603 2.280085042911669 60.3
604 2.280060589316898 60.40000000000001
605 2.280036788826793 60.5
606 2.280013068126796 60.6
607 2.279990411707852 60.7
608 2.279967298603311 60.8
609 2.279943844399338 60.90000000000001
610 2.279922499844179 61
611 2.279895869037762 61.1
612 2.279874079714221 61.2
613 2.279848219132664 61.3
614 2.279827685622336 61.40000000000001
615 2.279801774283114 61.5
616 2.279780263077581 61.6
617 2.279755311669588 61.7
618 2.279734708110561 61.8
619 2.279711207775563 61.90000000000001
620 2.279685039823872 62
621 2.279663931714691 62.1
622 2.279638432080781 62.2
623 2.27961800892415 62.3
624 2.279592255918301 62.40000000000001
625 2.279571305854743 62.5
626 2.279546477897587 62.6
627 2.27952545079695 62.7
628 2.279500858372616 62.8
629 2.279480118622757 62.90000000000001
630 2.279457076310115 63
631 2.279432319408623 63.1
632 2.279411758227587 63.2
633 2.279389056050312 63.3
634 2.279365796414823 63.40000000000001
635 2.279343186820547 63.5
636 2.279319962693225 63.6
637 2.279297056627086 63.7
638 2.279274382114394 63.8
639 2.279251944654957 63.90000000000001
640 2.279228636501556 64
641 2.279209119303025 64.10000000000001
642 2.279187278129036 64.2
643 2.279165031658261 64.3
644 2.279142118961407 64.40000000000001
645 2.279120325744557 64.5
646 2.279099924882418 64.60000000000001
647 2.279079134042045 64.7
648 2.279058146575944 64.8
649 2.279036956458782 64.90000000000001
650 2.27901552307427 65
651 2.278995461383397 65.10000000000001
652 2.278975748869035 65.2
653 2.278955913420109 65.3
654 2.278936970145994 65.40000000000001
655 2.278917434712699 65.5
656 2.278897040303627 65.60000000000001
657 2.278877544688838 65.7
658 2.278858554012319 65.8
659 2.278839687010611 65.90000000000001
660 2.278821206684157 66
661 2.278803856650308 66.10000000000001
662 2.278785610315232 66.2
663 2.278767665130777 66.3
664 2.278749543700292 66.40000000000001
665 2.278732846795054 66.5
666 2.278716454124111 66.60000000000001
667 2.278700691120743 66.7
668 2.27868530879438 66.8
669 2.27867024669092 66.90000000000001
670 2.278655780706384 67
671 2.278641377667598 67.10000000000001
672 2.278627488643016 67.2
673 2.278613492653389 67.3
674 2.278599685157402 67.40000000000001
675 2.278586776105977 67.5
676 2.278574074762196 67.60000000000001
677 2.278561737337039 67.7
678 2.278549743167204 67.8
679 2.278538462862225 67.90000000000001
680 2.27852707592371 68
681 2.278515940633299 68.10000000000001
682 2.278505557842211 68.2
683 2.278495896894551 68.3
684 2.278486532195441 68.40000000000001
685 2.278477499581667 68.5
686 2.278469055858535 68.60000000000001
687 2.278460759706706 68.7
688 2.278453095572311 68.8
689 2.278445740748007 68.90000000000001
690 2.278439486345087 69
691 2.27843315362664 69.10000000000001
692 2.278427086402249 69.2
693 2.278421386151548 69.3
694 2.27841680800306 69.40000000000001
695 2.278412053215384 69.5
696 2.278406907975558 69.60000000000001
697 2.278403512509453 69.7
698 2.278400063233553 69.8
699 2.278396530275835 69.90000000000001
700 2.278394058611096 70
701 2.278391957184275 70.10000000000001
702 2.278390185847699 70.2
703 2.278389004599805 70.3
704 2.278388243802442 70.40000000000001
705 2.278387864954137 70.5
706 2.278387978670917 70.60000000000001
707 2.278388554894011 70.7
708 2.278389291320645 70.8
709 2.278390252568272 70.90000000000001
710 2.278391420731692 71
711 2.278393429026029 71.10000000000001
712 2.278395886395383 71.2
713 2.278398596346388 71.3
714 2.278401759368834 71.40000000000001
715 2.278405747553616 71.5
716 2.278409607204973 71.60000000000001
717 2.278413592010746 71.7
718 2.278418146047565 71.8
719 2.278422920390641 71.90000000000001
720 2.278428020895853 72
721 2.278433410864201 72.10000000000001
722 2.278439089630485 72.2
723 2.27844489512325 72.3
724 2.278451252998092 72.40000000000001
725 2.278457877907783 72.5
726 2.278465020911729 72.60000000000001
727 2.278472195747636 72.7
728 2.278479709103874 72.8
729 2.278487357409596 72.90000000000001
730 2.278495371631722 73
731 2.278503698837954 73.10000000000001
732 2.278511983197573 73.2
733 2.278520895301233 73.3
734 2.278529731815997 73.40000000000001
735 2.278538745827056 73.5
736 2.278548021803903 73.60000000000001
737 2.278557404415048 73.7
738 2.278567066991565 73.8
739 2.278577024516354 73.90000000000001
740 2.278587059118705 74
741 2.278597215211856 74.10000000000001
742 2.27860757039107 74.2
743 2.278618007866644 74.3
744 2.278628546662714 74.40000000000001
745 2.27863922119324 74.5
746 2.278649904231233 74.60000000000001
747 2.278660805516757 74.7
748 2.278671732930641 74.8
749 2.278682989594705 74.90000000000001
750 2.278694160216613 75
751 2.278705209826832 75.10000000000001
752 2.278716477488057 75.2
753 2.278727808183805 75.3
754 2.27873916316975 75.40000000000001
755 2.278750448301607 75.5
756 2.278761889383315 75.60000000000001
757 2.278773216368742 75.7
758 2.278784623443634 75.8
759 2.278796090322617 75.90000000000001
760 2.278807317221398 76
761 2.278818478496576 76.10000000000001
762 2.278829519066973 76.2
763 2.278840648213752 76.3
764 2.278851721331327 76.40000000000001
765 2.278862693520191 76.5
766 2.278873141882769 76.60000000000001
767 2.278883850062375 76.7
768 2.278894880092989 76.80000000000001
769 2.278905638798955 76.90000000000001
770 2.278915975354709 77
771 2.278926127522147 77.10000000000001
772 2.278936162845898 77.2
773 2.278946105314695 77.30000000000001
774 2.278955824491618 77.40000000000001
775 2.27896550081483 77.5
776 2.278975105741059 77.60000000000001
777 2.278984505560491 77.7
778 2.278993632454506 77.80000000000001
779 2.279002572845675 77.90000000000001
780 2.279011385163004 78
781 2.279019953500421 78.10000000000001
782 2.279028542795785 78.2
783 2.279037006571766 78.30000000000001
784 2.279045531829759 78.40000000000001
785 2.279053535689857 78.5
786 2.279061277717071 78.60000000000001
787 2.27906883552108 78.7
788 2.279076123822732 78.80000000000001
789 2.279083459477419 78.90000000000001
790 2.279090461294204 79
791 2.279097558955381 79.10000000000001
792 2.279104550895085 79.2
793 2.279111380132662 79.30000000000001
794 2.279118032407408 79.40000000000001
795 2.279124519190867 79.5
796 2.279130850960036 79.60000000000001
797 2.279137017904452 79.7
798 2.279142940928955 79.80000000000001
799 2.279148819739997 79.90000000000001
800 2.279154590287226 80
801 2.279160220177713 80.10000000000001
802 2.279165703086554 80.2
803 2.279171037404523 80.30000000000001
804 2.279176222911238 80.40000000000001
805 2.279181284478609 80.5
806 2.279186169323832 80.60000000000001
807 2.279190908272252 80.7
808 2.279195512464099 80.80000000000001
809 2.279199986858841 80.90000000000001
810 2.279204333409781 81
811 2.279208554312703 81.10000000000001
812 2.279212651439257 81.2
813 2.279216626616694 81.30000000000001
814 2.279220481049125 81.40000000000001
815 2.279224216792264 81.5
816 2.279227835699964 81.60000000000001
817 2.27923134195481 81.7
818 2.279235004412267 81.80000000000001
819 2.279238267033545 81.90000000000001
820 2.279241340110022 82
821 2.27924431236364 82.10000000000001
822 2.279247221029295 82.2
823 2.279250069512546 82.30000000000001
824 2.279252855098867 82.40000000000001
825 2.279255578071096 82.5
826 2.27925823809641 82.60000000000001
827 2.27926083621189 82.7
828 2.279263352943559 82.80000000000001
829 2.279265837464494 82.90000000000001
830 2.279268277305823 83
831 2.279270658767986 83.10000000000001
832 2.279273027884502 83.2
833 2.279275369566852 83.30000000000001
834 2.279277682101164 83.40000000000001
835 2.279279965995586 83.5
836 2.279282224442766 83.60000000000001
837 2.279284481147181 83.7
838 2.279286697926593 83.80000000000001
839 2.279288894191313 83.90000000000001
840 2.279291020141074 84
841 2.279293198945135 84.10000000000001
842 2.279295373102037 84.2
843 2.279297535874862 84.30000000000001
844 2.2792996973799 84.40000000000001
845 2.279301828457757 84.5
846 2.279303946859466 84.60000000000001
847 2.279306060348675 84.7
848 2.279308172920019 84.80000000000001
849 2.279310288073854 84.90000000000001
850 2.279312408568813 85
851 2.27931453766676 85.10000000000001
852 2.279316678606346 85.2
853 2.279318834774267 85.30000000000001
854 2.279321008995562 85.40000000000001
855 2.279323204058582 85.5
856 2.279325422276441 85.60000000000001
857 2.279327665371953 85.7
858 2.279329934856405 85.80000000000001
859 2.279332232453305 85.90000000000001
860 2.279334508238507 86
861 2.279336939066786 86.10000000000001
862 2.279339429267881 86.2
863 2.279341877452812 86.30000000000001
864 2.279344335247286 86.40000000000001
865 2.27934688641904 86.5
866 2.279349486645772 86.60000000000001
867 2.279352126315043 86.7
868 2.279354821740837 86.80000000000001
869 2.279357535378624 86.90000000000001
870 2.279360139889143 87
871 2.279362938129867 87.10000000000001
872 2.279365808088022 87.2
873 2.27936874920695 87.30000000000001
874 2.27937166822056 87.40000000000001
875 2.279374553006721 87.5
876 2.279377497605104 87.60000000000001
877 2.279380484404661 87.7
878 2.27938354213013 87.80000000000001
879 2.279386570736766 87.90000000000001
880 2.279389610702109 88
881 2.279392671260407 88.10000000000001
882 2.279395754713332 88.2
883 2.279398858947374 88.30000000000001
884 2.279401954413602 88.40000000000001
885 2.279405107160857 88.5
886 2.279408265514782 88.60000000000001
887 2.279411431401484 88.7
888 2.279414603496949 88.80000000000001
889 2.279417781643185 88.90000000000001
890 2.279420965512123 89
891 2.279424155258039 89.10000000000001
892 2.279427350882405 89.2
893 2.279430553861481 89.30000000000001
894 2.279433767715012 89.40000000000001
895 2.279436984213228 89.5
896 2.279440205981501 89.60000000000001
897 2.27944345161681 89.7
898 2.279446681236665 89.80000000000001
899 2.279449908324525 89.90000000000001
900 2.279453147273231 90
901 2.279456392802071 90.10000000000001
902 2.279459634836626 90.2
903 2.279462892574327 90.30000000000001
904 2.279466150923072 90.40000000000001
905 2.279469405135487 90.5
906 2.279472638837177 90.60000000000001
907 2.279475893035567 90.7
908 2.279479151595779 90.80000000000001
909 2.279482409060884 90.90000000000001
910 2.279485664059008 91
911 2.2794889176134 91.10000000000001
912 2.279492169206673 91.2
913 2.279495418335064 91.30000000000001
914 2.279498663546 91.40000000000001
915 2.27950190342351 91.5
916 2.279505137717339 91.60000000000001
917 2.279508362747671 91.7
918 2.279511579181569 91.80000000000001
919 2.279514786196652 91.90000000000001
920 2.279517982831278 92
921 2.279521168787458 92.10000000000001
922 2.279524343907045 92.2
923 2.279527508262452 92.30000000000001
924 2.279530681625456 92.40000000000001
925 2.279533828597153 92.5
926 2.279536958141049 92.60000000000001
927 2.279540078244758 92.7
928 2.27954319075599 92.80000000000001
929 2.279546296093263 92.90000000000001
930 2.279549394886042 93
931 2.279552486925053 93.10000000000001
932 2.279555562982297 93.2
933 2.279558625244801 93.30000000000001
934 2.279561700153895 93.40000000000001
935 2.279564774105827 93.5
936 2.27956785477807 93.60000000000001
937 2.27957093309131 93.7
938 2.27957400281543 93.80000000000001
939 2.279577059395077 93.90000000000001
940 2.279580101939864 94
941 2.279583124434688 94.10000000000001
942 2.279586133920657 94.2
943 2.279589148378927 94.30000000000001
944 2.279592129012384 94.40000000000001
945 2.279595092081498 94.5
946 2.279598035348835 94.60000000000001
947 2.279600971567218 94.7
948 2.279603896441932 94.80000000000001
949 2.2796068077664 94.90000000000001
950 2.279609704400118 95
951 2.279612586483635 95.10000000000001
952 2.279615453852565 95.2
953 2.279618305784874 95.30000000000001
954 2.279621141852177 95.40000000000001
955 2.279623958252428 95.5
956 2.279626762820678 95.60000000000001
957 2.279629546033217 95.7
958 2.279632320959843 95.80000000000001
959 2.27963508147509 95.90000000000001
960 2.279637825845071 96
961 2.279640553931782 96.10000000000001
962 2.279643265691572 96.2
963 2.279645961363435 96.30000000000001
964 2.279648611668702 96.40000000000001
965 2.279651279983624 96.5
966 2.279653940429373 96.60000000000001
967 2.279656585222347 96.7
968 2.27965921117557 96.80000000000001
969 2.279661818195197 96.90000000000001
970 2.279664433353157 97
971 2.27966699894948 97.10000000000001
972 2.279669541930014 97.2
973 2.279672069759361 97.30000000000001
974 2.279674584835296 97.40000000000001
975 2.279677062385495 97.5
976 2.279679553757152 97.60000000000001
977 2.279682036035906 97.7
978 2.2796845019041 97.80000000000001
979 2.279686948522174 97.90000000000001
980 2.279689375560252 98
981 2.279691783310005 98.10000000000001
982 2.279694172113081 98.2
983 2.279696542704703 98.30000000000001
984 2.27969888995973 98.40000000000001
985 2.279701224732048 98.5
986 2.279703543664793 98.60000000000001
987 2.27970586974791 98.7
988 2.279708155353716 98.80000000000001
989 2.279710421190583 98.90000000000001
990 2.279712671036115 99
991 2.279714888176197 99.10000000000001
992 2.279717111023821 99.2
993 2.279719317577019 99.30000000000001
994 2.279721507053613 99.40000000000001
995 2.279723678905481 99.5
996 2.279725836245657 99.60000000000001
997 2.279727972306202 99.7
998 2.279730089890332 99.80000000000001
999 2.279732189698346 99.90000000000001
1000 2.279734271712865 100
