"report-def-0-rfile"
"Time Step" "cd etc.."
("Time Step" "cd" "flow-time")
0 2.679561427123513e-29 0
1 8.144375075814805 0.1
2 6.564059985152777 0.2
3 5.560567630852621 0.3
4 4.879782274637469 0.4
5 4.381798082674105 0.5
6 3.999641337195254 0.6000000000000001
7 3.696038238339491 0.7000000000000001
8 3.445588608597193 0.8
9 3.232229060275331 0.9
10 3.046830919718151 1
11 2.884296450175034 1.1
12 2.741391670831498 1.2
13 2.615242937367892 1.3
14 2.503520751722577 1.4
15 2.403686568004217 1.5
16 2.31384413510433 1.6
17 2.232274752285759 1.7
18 2.157801286954717 1.8
19 2.089669866914678 1.9
20 2.027266940563114 2
21 1.97019089606461 2.1
22 1.918100442112088 2.2
23 1.87077455421684 2.3
24 1.828150794446886 2.4
25 1.790027448148543 2.5
26 1.756334452076747 2.6
27 1.726951309123095 2.7
28 1.701802739127674 2.8
29 1.681036649739107 2.9
30 1.665149148921466 3
31 1.654672946468009 3.1
32 1.650062416926354 3.2
33 1.651993582755559 3.3
34 1.661023485019513 3.4
35 1.677928470425022 3.5
36 1.703309365261779 3.6
37 1.737673735811255 3.7
38 1.781402644325888 3.8
39 1.834460465769952 3.9
40 1.896919431107503 4
41 1.968505610542034 4.100000000000001
42 2.048060126196121 4.2
43 2.13276694942254 4.3
44 2.216026761170662 4.4
45 2.292923012740273 4.5
46 2.362760102231269 4.600000000000001
47 2.418312370190859 4.7
48 2.451132949641122 4.800000000000001
49 2.451371470099819 4.9
50 2.414086871112907 5
51 2.332843508065405 5.100000000000001
52 2.203691609583669 5.2
53 2.022557215447971 5.300000000000001
54 1.814491741463819 5.4
55 1.677808689040445 5.5
56 1.712653582580707 5.600000000000001
57 1.906615955292465 5.7
58 2.16787636805506 5.800000000000001
59 2.409815630968891 5.9
60 2.587812327240578 6
61 2.695049923856375 6.100000000000001
62 2.73981881013161 6.2
63 2.733749805458249 6.300000000000001
64 2.690720013853415 6.4
65 2.623164681766907 6.5
66 2.542043477581331 6.600000000000001
67 2.455651888795249 6.7
68 2.369661653411222 6.800000000000001
69 2.287490151651243 6.9
70 2.210899898633564 7
71 2.140835987550445 7.100000000000001
72 2.077697202966801 7.2
73 2.021863271682026 7.300000000000001
74 1.973408545235386 7.4
75 1.932432230690404 7.5
76 1.899072938945955 7.600000000000001
77 1.873927990219209 7.7
78 1.857103228165149 7.800000000000001
79 1.849383831787113 7.9
80 1.850288901850562 8
81 1.857112434749108 8.1
82 1.866778535787559 8.200000000000001
83 1.875771815323097 8.300000000000001
84 1.881164720626701 8.4
85 1.881979791329913 8.5
86 1.878789633570235 8.6
87 1.873084056739568 8.700000000000001
88 1.866757992013513 8.800000000000001
89 1.860870614909764 8.9
90 1.856312498684473 9
91 1.853311502814811 9.1
92 1.851862143795225 9.200000000000001
93 1.851964861575629 9.300000000000001
94 1.853608272058577 9.4
95 1.856680480292671 9.5
96 1.86122329924692 9.600000000000001
97 1.867070895892817 9.700000000000001
98 1.874071498434621 9.800000000000001
99 1.882052793556021 9.9
100 1.8908517243021 10
101 1.900078630898203 10.1
102 1.909230991820066 10.2
103 1.917785965815032 10.3
104 1.924988855932075 10.4
105 1.93018954206735 10.5
106 1.93287656804503 10.6
107 1.93276799230966 10.7
108 1.93001332411317 10.8
109 1.924908233872088 10.9
110 1.918132388169637 11
111 1.91031973539721 11.1
112 1.902158120365911 11.2
113 1.894087187261284 11.3
114 1.886506790216576 11.4
115 1.879578722689548 11.5
116 1.873450241162468 11.6
117 1.868160892206807 11.7
118 1.863540972263765 11.8
119 1.859443998029483 11.9
120 1.855576979853486 12
121 1.851641181189164 12.1
122 1.847333454271098 12.2
123 1.84258259815191 12.3
124 1.837361389779425 12.4
125 1.831834869940271 12.5
126 1.826127745658493 12.6
127 1.820345822617822 12.7
128 1.814620132922938 12.8
129 1.809003698848203 12.9
130 1.803584906209101 13
131 1.798345528438874 13.1
132 1.793407571373319 13.2
133 1.788718478339238 13.3
134 1.784300373458764 13.4
135 1.780156517315399 13.5
136 1.776244287846522 13.6
137 1.772540836663222 13.7
138 1.769072611961756 13.8
139 1.765782857246422 13.9
140 1.76269058933394 14
141 1.759806841133333 14.1
142 1.757245743121532 14.2
143 1.754901536331636 14.3
144 1.752853021754426 14.4
145 1.751077706271237 14.5
146 1.749618388438084 14.6
147 1.748375428955696 14.7
148 1.747398372062664 14.8
149 1.746639207470386 14.9
150 1.745937082873734 15
151 1.7453457136376 15.1
152 1.74471553809417 15.2
153 1.744104499044926 15.3
154 1.743299615854905 15.4
155 1.742402967570831 15.5
156 1.741210141336407 15.6
157 1.739795434604142 15.7
158 1.738107406747675 15.8
159 1.736181823582016 15.9
160 1.73394502510986 16
161 1.731483719110564 16.1
162 1.728844134604974 16.2
163 1.726007469165488 16.3
164 1.723144411217673 16.4
165 1.720167453100369 16.5
166 1.717176859056077 16.6
167 1.714210618135364 16.7
168 1.711333970644856 16.8
169 1.708548392479851 16.9
170 1.705807504188542 17
171 1.703217136521494 17.1
172 1.700713278637684 17.2
173 1.69833238734813 17.3
174 1.696005926321952 17.4
175 1.693734585451269 17.5
176 1.691508511411952 17.6
177 1.689293288301942 17.7
178 1.687105965528079 17.8
179 1.684896621041558 17.9
180 1.682668126414427 18
181 1.680426717271894 18.1
182 1.678143361135274 18.2
183 1.675883940648361 18.3
184 1.673574811679125 18.4
185 1.671313884575763 18.5
186 1.66903415769186 18.6
187 1.666833693232213 18.7
188 1.664638912171626 18.8
189 1.662554212904936 18.9
190 1.660504724329206 19
191 1.658579280117044 19.1
192 1.656734211112948 19.2
193 1.655022149873925 19.3
194 1.653402069001509 19.4
195 1.651905910257071 19.5
196 1.650535584877134 19.6
197 1.649316825729271 19.7
198 1.648154956305689 19.8
199 1.647169080918123 19.9
200 1.646325151469145 20
201 1.645565295048476 20.1
202 1.644913791957766 20.2
203 1.64441072706759 20.3
204 1.644004871918583 20.4
205 1.643708904030919 20.5
206 1.643455926847801 20.6
207 1.64331970022074 20.7
208 1.643257021528194 20.8
209 1.6432113139829 20.9
210 1.64320017144951 21
211 1.643240565829396 21.1
212 1.643268774101739 21.2
213 1.643300178152914 21.3
214 1.643296394318909 21.4
215 1.643314165274669 21.5
216 1.643255421550992 21.6
217 1.643203750134404 21.7
218 1.643084677087828 21.8
219 1.642926966739748 21.9
220 1.642729994493007 22
221 1.642496554048753 22.1
222 1.642261613985849 22.2
223 1.641968423063741 22.3
224 1.641662289905069 22.4
225 1.641342062695975 22.5
226 1.641006515171674 22.6
227 1.6406529198114 22.7
228 1.640309956270604 22.8
229 1.639973940526608 22.9
230 1.639635766325426 23
231 1.639323263521025 23.1
232 1.639030805864964 23.2
233 1.638710894477696 23.3
234 1.638435697371502 23.4
235 1.638183750303814 23.5
236 1.637899014594489 23.6
237 1.637669711950413 23.7
238 1.637419411323309 23.8
239 1.637179520475747 23.9
240 1.636946741232066 24
241 1.636709076945993 24.1
242 1.636473006485482 24.2
243 1.636241575584385 24.3
244 1.635988181677166 24.4
245 1.635728584525155 24.5
246 1.63547445196909 24.6
247 1.635209102845083 24.7
248 1.634947876754046 24.8
249 1.634667930764768 24.9
250 1.634379319702767 25
251 1.634094921768064 25.1
252 1.633798380802453 25.2
253 1.633537321290076 25.3
254 1.633246106263558 25.4
255 1.632998453168898 25.5
256 1.632745576188101 25.6
257 1.632489529261392 25.7
258 1.632283072980702 25.8
259 1.632091150141461 25.9
260 1.631936976335807 26
261 1.631782647357253 26.1
262 1.63167926673415 26.2
263 1.631619292922398 26.3
264 1.631560078720286 26.4
265 1.631581330838157 26.5
266 1.631608111896745 26.6
267 1.631670338528969 26.7
268 1.63179795364281 26.8
269 1.631954608658805 26.9
270 1.632130484895941 27
271 1.632351072810923 27.1
272 1.63260128246437 27.2
273 1.632892728472881 27.3
274 1.633210103098531 27.4
275 1.633538733905256 27.5
276 1.633908491491484 27.6
277 1.634298678440234 27.7
278 1.634695697440636 27.8
279 1.635131299241955 27.9
280 1.635559091186515 28
281 1.636008349602308 28.1
282 1.636473773796334 28.2
283 1.636924141445679 28.3
284 1.637395890178176 28.4
285 1.637879718522625 28.5
286 1.638330732707839 28.6
287 1.638809678118942 28.7
288 1.639275057107867 28.8
289 1.63974971494983 28.9
290 1.640214145723978 29
291 1.640679042235779 29.1
292 1.641133605042562 29.2
293 1.6415769295469 29.3
294 1.642028852185497 29.4
295 1.642483571957184 29.5
296 1.642923846162745 29.6
297 1.643369284455667 29.7
298 1.643804981477444 29.8
299 1.64423603555485 29.9
300 1.644668893205889 30
301 1.64509786963271 30.1
302 1.645528575061907 30.2
303 1.645955147537942 30.3
304 1.646382711659322 30.4
305 1.646812594073256 30.5
306 1.647253458816254 30.6
307 1.647662983810413 30.7
308 1.648085104783663 30.8
309 1.648520436145362 30.9
310 1.648947587037299 31
311 1.649366734658189 31.1
312 1.649796873281004 31.2
313 1.650226481707907 31.3
314 1.650656893556326 31.4
315 1.65108137657258 31.5
316 1.651517658626894 31.6
317 1.651958859653948 31.7
318 1.652403353794891 31.8
319 1.652863933057243 31.9
320 1.65331251744306 32
321 1.653792519339254 32.1
322 1.654285591888881 32.2
323 1.654777757758334 32.3
324 1.655309733900456 32.4
325 1.655869497300351 32.5
326 1.656441875461631 32.6
327 1.657054387340361 32.7
328 1.657701675784761 32.8
329 1.658382660885506 32.9
330 1.659103942312008 33
331 1.659862902636504 33.1
332 1.660655883325814 33.2
333 1.661480833991886 33.3
334 1.662343130862371 33.4
335 1.663262402412431 33.5
336 1.664184279472587 33.6
337 1.665115554521715 33.7
338 1.666075548395939 33.8
339 1.667030272564695 33.9
340 1.667959768052437 34
341 1.668871444862971 34.1
342 1.66975880774385 34.2
343 1.670599084585795 34.3
344 1.671384307390646 34.4
345 1.672101826421651 34.5
346 1.672740478321702 34.6
347 1.673299358843776 34.7
348 1.67378578406387 34.8
349 1.674181600588262 34.9
350 1.674484982142143 35
351 1.674698670358014 35.1
352 1.674860754107028 35.2
353 1.674924627285348 35.3
354 1.674924614007569 35.4
355 1.67489955378473 35.5
356 1.67480736628168 35.6
357 1.674694665902308 35.7
358 1.674594502843781 35.8
359 1.674482997906501 35.9
360 1.674362822279148 36
361 1.674293290906202 36.1
362 1.6742822290683 36.2
363 1.674323869854105 36.3
364 1.674399383993732 36.4
365 1.674552546952628 36.5
366 1.674816464280113 36.6
367 1.675137155167497 36.7
368 1.675540776922534 36.8
369 1.67604756859757 36.9
370 1.67661665390253 37
371 1.677236696483537 37.1
372 1.677929773912635 37.2
373 1.678691052627886 37.3
374 1.679536141628737 37.4
375 1.680405893953138 37.5
376 1.681329374158205 37.6
377 1.682299145261982 37.7
378 1.683315415809195 37.8
379 1.68437465206652 37.9
380 1.685441467604338 38
381 1.686548171660655 38.1
382 1.687680228476893 38.2
383 1.688825094104949 38.3
384 1.69002342558389 38.40000000000001
385 1.691232327530783 38.5
386 1.692502393563931 38.6
387 1.693754425453349 38.7
388 1.695073467374566 38.8
389 1.696389324606191 38.90000000000001
390 1.697718193194937 39
391 1.699067043487579 39.1
392 1.700443168788145 39.2
393 1.701836629162269 39.3
394 1.703239436680351 39.40000000000001
395 1.704640709232207 39.5
396 1.706034564195125 39.6
397 1.707464089251551 39.7
398 1.708879689122316 39.8
399 1.710298972700038 39.90000000000001
400 1.711682289506032 40
401 1.713064614884988 40.1
402 1.714448943398728 40.2
403 1.715830951121108 40.3
404 1.71718812079526 40.40000000000001
405 1.718514789284916 40.5
406 1.719824505774626 40.6
407 1.721128905059355 40.7
408 1.722438801294764 40.8
409 1.723718771033748 40.90000000000001
410 1.724979920312362 41
411 1.726228619541062 41.1
412 1.727475984131715 41.2
413 1.728690065807794 41.3
414 1.729911236739507 41.40000000000001
415 1.73113716288984 41.5
416 1.732362158600597 41.6
417 1.733559045705032 41.7
418 1.734750230543839 41.8
419 1.735934653246011 41.90000000000001
420 1.737102661897033 42
421 1.738265599732703 42.1
422 1.73943470016336 42.2
423 1.740563495567155 42.3
424 1.741727632079732 42.40000000000001
425 1.742856463742525 42.5
426 1.743972841431411 42.6
427 1.745071664919385 42.7
428 1.7461715618101 42.8
429 1.747258367819653 42.90000000000001
430 1.748348994964621 43
431 1.749431974684142 43.1
432 1.750466211993641 43.2
433 1.751504934726392 43.3
434 1.752545546508889 43.40000000000001
435 1.753593804913371 43.5
436 1.754603798182509 43.6
437 1.755609474647467 43.7
438 1.756633460018692 43.8
439 1.757629684061896 43.90000000000001
440 1.758615007190553 44
441 1.759630619896129 44.1
442 1.760616260362547 44.2
443 1.761613053903648 44.3
444 1.76259026493233 44.40000000000001
445 1.763590304607921 44.5
446 1.764579248229164 44.6
447 1.765585840975018 44.7
448 1.766573827101442 44.8
449 1.767560512760546 44.90000000000001
450 1.768570920064276 45
451 1.769568426472602 45.1
452 1.770563225399054 45.2
453 1.771566751327269 45.3
454 1.772571478856264 45.40000000000001
455 1.77358301994918 45.5
456 1.774578105166247 45.6
457 1.775566863109811 45.7
458 1.776574531045392 45.8
459 1.777577303046064 45.90000000000001
460 1.778569317282277 46
461 1.779568974117377 46.1
462 1.780566931859634 46.2
463 1.781543099629131 46.3
464 1.78253168615278 46.40000000000001
465 1.783516556201511 46.5
466 1.78448591368201 46.6
467 1.785450906122519 46.7
468 1.786409101868996 46.8
469 1.787370751367737 46.90000000000001
470 1.788330768937526 47
471 1.789275790583354 47.1
472 1.790216971689043 47.2
473 1.79115795333552 47.3
474 1.792101175228341 47.40000000000001
475 1.793024902888479 47.5
476 1.793964015225912 47.6
477 1.79487830038588 47.7
478 1.795795819451232 47.8
479 1.796712995441396 47.90000000000001
480 1.79762684113573 48
481 1.798523609143378 48.1
482 1.799423502819827 48.2
483 1.800316123963923 48.3
484 1.801200303928066 48.40000000000001
485 1.802076050074169 48.5
486 1.802931331486478 48.6
487 1.80379629532663 48.7
488 1.804654787179884 48.8
489 1.805493332308317 48.90000000000001
490 1.806315949668913 49
491 1.807130767967543 49.1
492 1.807934655628389 49.2
493 1.808726481045602 49.3
494 1.809500566494041 49.40000000000001
495 1.810260644062932 49.5
496 1.811009092935959 49.6
497 1.811740479873789 49.7
498 1.812472665921647 49.8
499 1.813172469925755 49.90000000000001
500 1.813847658289848 50
501 1.814539265965158 50.1
502 1.815189286646756 50.2
503 1.815851360850137 50.3
504 1.816475009394389 50.40000000000001
505 1.817099916173892 50.5
506 1.817719925337171 50.6
507 1.81831753718216 50.7
508 1.8189061630916 50.8
509 1.819493977656303 50.90000000000001
510 1.82005546673296 51
511 1.820618784245296 51.1
512 1.821165728818355 51.2
513 1.821693312720818 51.3
514 1.822223452008809 51.40000000000001
515 1.822754924465835 51.5
516 1.823245907601067 51.6
517 1.823738743669226 51.7
518 1.824236336528229 51.8
519 1.82470316236583 51.90000000000001
520 1.825148966838286 52
521 1.825601132913834 52.1
522 1.826046673766909 52.2
523 1.826457162821615 52.3
524 1.826873531566379 52.40000000000001
525 1.827267595629432 52.5
526 1.827640495513464 52.6
527 1.82802012096888 52.7
528 1.82836245624413 52.8
529 1.828716939246011 52.90000000000001
530 1.829045426126244 53
531 1.829352085807933 53.1
532 1.829657203052628 53.2
533 1.82996728320143 53.3
534 1.830241921668494 53.40000000000001
535 1.830521905136065 53.5
536 1.830773732330832 53.6
537 1.831043050353934 53.7
538 1.831283272081168 53.8
539 1.831509567267878 53.90000000000001
540 1.831756583927435 54
541 1.83199872662084 54.1
542 1.832230752038909 54.2
543 1.832453437897158 54.3
544 1.832678346455481 54.40000000000001
545 1.832898801329086 54.5
546 1.83311484831227 54.6
547 1.833344904000304 54.7
548 1.833571856477023 54.8
549 1.833810990071494 54.90000000000001
550 1.834032966741361 55
551 1.834266021041677 55.1
552 1.834506475364073 55.2
553 1.834752185733471 55.3
554 1.835003752822654 55.40000000000001
555 1.835256872665772 55.5
556 1.835529702470418 55.6
557 1.835785157752303 55.7
558 1.836063984391722 55.8
559 1.83633204032414 55.90000000000001
560 1.836622017052931 56
561 1.836922430653197 56.1
562 1.837224730837401 56.2
563 1.837531651410458 56.3
564 1.837859586520468 56.40000000000001
565 1.838172044955987 56.5
566 1.838503466680464 56.6
567 1.838843773653511 56.7
568 1.839206346125428 56.8
569 1.839548591107909 56.90000000000001
570 1.839907003578859 57
571 1.840294863110044 57.1
572 1.840672581316511 57.2
573 1.841048802018756 57.3
574 1.841443100805651 57.40000000000001
575 1.841850678317526 57.5
576 1.84226606361298 57.6
577 1.842685338904223 57.7
578 1.843112475406729 57.8
579 1.843546705571228 57.90000000000001
580 1.844004027809497 58
581 1.844451050205177 58.1
582 1.84490765566399 58.2
583 1.845364770044446 58.3
584 1.845838967196691 58.40000000000001
585 1.846319861457525 58.5
586 1.846812559194708 58.6
587 1.847302653119683 58.7
588 1.847804615621365 58.8
589 1.848302973288842 58.90000000000001
590 1.848807348826999 59
591 1.849332499125861 59.1
592 1.849866729072749 59.2
593 1.850403133590333 59.3
594 1.850924886196115 59.40000000000001
595 1.851469854308261 59.5
596 1.852005472218295 59.6
597 1.852543116865882 59.7
598 1.853113109784982 59.8
599 1.853656746368015 59.90000000000001
600 1.854224023907846 60
601 1.854786791788992 60.1
602 1.85535467939118 60.2
603 1.855917701202392 60.3
604 1.856489031290132 60.40000000000001
605 1.857065229267016 60.5
606 1.857648466532921 60.6
607 1.858236699934084 60.7
608 1.858816912775294 60.8
609 1.859394316775449 60.90000000000001
610 1.859977314287835 61
611 1.860577460015694 61.1
612 1.861159872660046 61.2
613 1.861748922520669 61.3
614 1.862331602012331 61.40000000000001
615 1.86291926601495 61.5
616 1.863513003950019 61.6
617 1.864107732745857 61.7
618 1.864693943187736 61.8
619 1.86528367970211 61.90000000000001
620 1.865868999219493 62
621 1.866460982076547 62.1
622 1.86704607544109 62.2
623 1.867632759410156 62.3
624 1.868218213839811 62.40000000000001
625 1.868799649291297 62.5
626 1.869381879040771 62.6
627 1.869958623462814 62.7
628 1.870531701208776 62.8
629 1.871105862464054 62.90000000000001
630 1.871671509562051 63
631 1.87223435252123 63.1
632 1.872791666102757 63.2
633 1.873349606934499 63.3
634 1.873901646325401 63.40000000000001
635 1.874448699643052 63.5
636 1.874992093185163 63.6
637 1.875527987021947 63.7
638 1.876062966542978 63.8
639 1.876592425260152 63.90000000000001
640 1.877109417109161 64
641 1.877623417316953 64.10000000000001
642 1.878136732631892 64.2
643 1.878641789380561 64.3
644 1.87914279994687 64.40000000000001
645 1.879628457652221 64.5
646 1.880109392375216 64.60000000000001
647 1.880591755561064 64.7
648 1.88106455889422 64.8
649 1.88152835304103 64.90000000000001
650 1.881986518180875 65
651 1.882439232749523 65.10000000000001
652 1.882885014102552 65.2
653 1.883326730453637 65.3
654 1.883757713481369 65.40000000000001
655 1.884191522278228 65.5
656 1.884609640832057 65.60000000000001
657 1.885022895166716 65.7
658 1.885430587472134 65.8
659 1.88583664989104 65.90000000000001
660 1.886233788080945 66
661 1.886626382490206 66.10000000000001
662 1.887013432166282 66.2
663 1.887398190109919 66.3
664 1.887775992800315 66.40000000000001
665 1.888149762736527 66.5
666 1.888520383358369 66.60000000000001
667 1.888879844960041 66.7
668 1.889248283280712 66.8
669 1.88960735157274 66.90000000000001
670 1.889955738213591 67
671 1.890307624820714 67.10000000000001
672 1.890654856233197 67.2
673 1.89099905921289 67.3
674 1.891341514759854 67.40000000000001
675 1.891677798264484 67.5
676 1.892014004296571 67.60000000000001
677 1.892346851138468 67.7
678 1.892672851402335 67.8
679 1.893004830556903 67.90000000000001
680 1.893325584470523 68
681 1.89364208417029 68.10000000000001
682 1.893959578870076 68.2
683 1.894273284243542 68.3
684 1.894581372421042 68.40000000000001
685 1.894880517469549 68.5
686 1.895192128542014 68.60000000000001
687 1.895504060293462 68.7
688 1.895805492251006 68.8
689 1.8960930350241 68.90000000000001
690 1.896393554973536 69
691 1.896670604297489 69.10000000000001
692 1.896964111578239 69.2
693 1.897258836082739 69.3
694 1.897543104181561 69.40000000000001
695 1.89781974695792 69.5
696 1.898096440001001 69.60000000000001
697 1.898368853777358 69.7
698 1.898638550941582 69.8
699 1.898910573521823 69.90000000000001
700 1.89917723971143 70
701 1.899440124647147 70.10000000000001
702 1.899699762815099 70.2
703 1.899957479068832 70.3
704 1.900207370847193 70.40000000000001
705 1.900467277637964 70.5
706 1.900711650892295 70.60000000000001
707 1.900955622107617 70.7
708 1.90119814839016 70.8
709 1.901439246664695 70.90000000000001
710 1.901676862004804 71
711 1.901910366948427 71.10000000000001
712 1.902143305238994 71.2
713 1.902372912068847 71.3
714 1.902599041160344 71.40000000000001
715 1.902822943952643 71.5
716 1.903045219424904 71.60000000000001
717 1.903265190190311 71.7
718 1.903482114318262 71.8
719 1.903698457639385 71.90000000000001
720 1.903911717124007 72
721 1.904124758209332 72.10000000000001
722 1.904331890205992 72.2
723 1.90454065477256 72.3
724 1.904746762445487 72.40000000000001
725 1.904949585594849 72.5
726 1.905148919583927 72.60000000000001
727 1.905233687441696 72.7
728 1.905481498883031 72.8
729 1.905680014322424 72.90000000000001
730 1.905887150322824 73
731 1.906077690971268 73.10000000000001
732 1.906157390714313 73.2
733 1.906397199827149 73.3
734 1.906585667022986 73.40000000000001
735 1.906784673546252 73.5
736 1.906860542326519 73.60000000000001
737 1.907092463748353 73.7
738 1.907271895755158 73.8
739 1.907465151774501 73.90000000000001
740 1.907539224836406 74
741 1.907763981615699 74.10000000000001
742 1.907937619904073 74.2
743 1.908124195535871 74.3
744 1.908197474698687 74.40000000000001
745 1.908414191905803 74.5
746 1.908585331869953 74.60000000000001
747 1.908767098070774 74.7
748 1.908838805741954 74.8
749 1.909045505684393 74.90000000000001
750 1.909214189137246 75
751 1.909389720634552 75.10000000000001
752 1.909460664863469 75.2
753 1.909657958573262 75.3
754 1.909818000292023 75.40000000000001
755 1.909998001251985 75.5
756 1.910066545774601 75.60000000000001
757 1.910260389440338 75.7
758 1.910417924108065 75.8
759 1.910489519034275 75.90000000000001
760 1.910689719623757 76
761 1.910839923770253 76.10000000000001
762 1.910997062129561 76.2
763 1.911154571117699 76.3
764 1.91121579424334 76.40000000000001
765 1.911412425756135 76.5
766 1.911564212932582 76.60000000000001
767 1.911712724128309 76.7
768 1.911772763775417 76.80000000000001
769 1.911967522399755 76.90000000000001
770 1.912114300773035 77
771 1.912259156250551 77.10000000000001
772 1.91231802917129 77.2
773 1.912504285612205 77.30000000000001
774 1.912652077435299 77.40000000000001
775 1.912794762945758 77.5
776 1.912854628117942 77.60000000000001
777 1.913036423244876 77.7
778 1.913180639048406 77.80000000000001
779 1.913319847245769 77.90000000000001
780 1.91337841213765 78
781 1.913558121305855 78.10000000000001
782 1.913698217406553 78.2
783 1.913752409472153 78.30000000000001
784 1.913928090978093 78.40000000000001
785 1.914068247048669 78.5
786 1.914126740723189 78.60000000000001
787 1.91429347240533 78.7
788 1.914435004005546 78.80000000000001
789 1.914490722300527 78.90000000000001
790 1.914656056626563 79
791 1.914792917711683 79.10000000000001
792 1.914851030989279 79.2
793 1.915008635587946 79.30000000000001
794 1.915149248657915 79.40000000000001
795 1.915205868662168 79.5
796 1.91535901571379 79.60000000000001
797 1.915494009959148 79.7
798 1.915549543467355 79.80000000000001
799 1.915708987158216 79.90000000000001
800 1.915827056450762 80
801 1.915886434436114 80.10000000000001
802 1.916044509899946 80.2
803 1.91616869003063 80.30000000000001
804 1.91622810825335 80.40000000000001
805 1.916379472197676 80.5
806 1.916500014233155 80.60000000000001
807 1.916559068013006 80.7
808 1.916705972112376 80.80000000000001
809 1.916828963663212 80.90000000000001
810 1.916883658970325 81
811 1.917036469274882 81.10000000000001
812 1.917151958619689 81.2
813 1.917204306982399 81.30000000000001
814 1.917350830922458 81.40000000000001
815 1.917463932043088 81.5
816 1.917518855029777 81.60000000000001
817 1.917660681139022 81.7
818 1.9177784818801 81.80000000000001
819 1.917832195139448 81.90000000000001
820 1.917975453783983 82
821 1.918087591371275 82.10000000000001
822 1.918138640183458 82.2
823 1.918278030361789 82.30000000000001
824 1.918391415361723 82.40000000000001
825 1.918442357640551 82.5
826 1.918578621742431 82.60000000000001
827 1.918691343592356 82.7
828 1.918740866074078 82.80000000000001
829 1.918875386400391 82.90000000000001
830 1.918991580927126 83
831 1.919038301585503 83.10000000000001
832 1.919171522699758 83.2
833 1.919280610312107 83.30000000000001
834 1.919325892163623 83.40000000000001
835 1.919457866717083 83.5
836 1.919565732548146 83.60000000000001
837 1.919611941470219 83.7
838 1.919743776614312 83.80000000000001
839 1.919850237583341 83.90000000000001
840 1.919894131632871 84
841 1.920021751978495 84.10000000000001
842 1.920128213508196 84.2
843 1.920171447593461 84.30000000000001
844 1.920296578826765 84.40000000000001
845 1.920401894368166 84.5
846 1.920444206719438 84.60000000000001
847 1.920566554365299 84.7
848 1.920670368118248 84.80000000000001
849 1.920711240017491 84.90000000000001
850 1.920833113601393 85
851 1.920935204613116 85.10000000000001
852 1.920974961445596 85.2
853 1.92109430750298 85.30000000000001
854 1.921194603656714 85.40000000000001
855 1.921233467558887 85.5
856 1.921350330682117 85.60000000000001
857 1.921444501128567 85.7
858 1.921484061766602 85.80000000000001
859 1.921596868592547 85.90000000000001
860 1.92169544133897 86
861 1.92173568374413 86.10000000000001
862 1.9218494781225 86.2
863 1.921944741157731 86.30000000000001
864 1.92198106682513 86.40000000000001
865 1.922088024897926 86.5
866 1.922180968408195 86.60000000000001
867 1.922216272268803 86.7
868 1.922322419695481 86.80000000000001
869 1.922415743245919 86.90000000000001
870 1.922450273293191 87
871 1.922553985010484 87.10000000000001
872 1.922586999919266 87.2
873 1.922693235542269 87.30000000000001
874 1.922788950938022 87.40000000000001
875 1.922821309559812 87.5
876 1.922915179724356 87.60000000000001
877 1.922946379448427 87.7
878 1.923050379102123 87.80000000000001
879 1.923144705805487 87.90000000000001
880 1.923175094385614 88
881 1.923258711845812 88.10000000000001
882 1.923289135631358 88.2
883 1.923385709344427 88.30000000000001
884 1.923482834268208 88.40000000000001
885 1.923516438318426 88.5
886 1.923592391632964 88.60000000000001
887 1.923623596820901 88.7
888 1.923713659440322 88.80000000000001
889 1.923808108503781 88.90000000000001
890 1.92383932749098 89
891 1.923911890616116 89.10000000000001
892 1.923941260174574 89.2
893 1.924038262179495 89.30000000000001
894 1.924125454418649 89.40000000000001
895 1.924151592964897 89.5
896 1.924218206194637 89.60000000000001
897 1.924248212211154 89.7
898 1.924335567784224 89.80000000000001
899 1.924419659298042 89.90000000000001
900 1.924445879299468 90
901 1.924510216807824 90.10000000000001
902 1.9245394737424 90.2
903 1.924621330625578 90.30000000000001
904 1.924700754370158 90.40000000000001
905 1.92472646824473 90.5
906 1.9247869573881 90.60000000000001
907 1.924815540832313 90.7
908 1.924893850100146 90.80000000000001
909 1.924972474778103 90.90000000000001
910 1.924995022772248 91
911 1.925051558292195 91.10000000000001
912 1.92507914520607 91.2
913 1.925154772575552 91.30000000000001
914 1.925229095940649 91.40000000000001
915 1.925250088297643 91.5
916 1.925302793756077 91.60000000000001
917 1.925375620319711 91.7
918 1.92539772956832 91.80000000000001
919 1.925451770011984 91.90000000000001
920 1.925524800732992 92
921 1.925546409297677 92.10000000000001
922 1.925588978767775 92.2
923 1.925661050980925 92.30000000000001
924 1.925684063396124 92.40000000000001
925 1.925731986633139 92.5
926 1.925803454847258 92.60000000000001
927 1.925826118163756 92.7
928 1.925751459725693 92.80000000000001
929 1.926049408263361 92.90000000000001
930 1.926070975971672 93
931 1.926072347237223 93.10000000000001
932 1.925891704072278 93.2
933 1.926109208972717 93.30000000000001
934 1.926202274248529 93.40000000000001
935 1.92599289543346 93.5
936 1.926168226506705 93.60000000000001
937 1.926217092931836 93.7
938 1.926461242996488 93.80000000000001
939 1.926467046512557 93.90000000000001
940 1.926517382899011 94
941 1.926144296993898 94.10000000000001
942 1.926395221346878 94.2
943 1.926427807355221 94.30000000000001
944 1.926819168133747 94.40000000000001
945 1.926397876875474 94.5
946 1.926755840816325 94.60000000000001
947 1.9268066310225 94.7
948 1.926756524622036 94.80000000000001
949 1.926625006353319 94.90000000000001
950 1.926743044496455 95
951 1.927158568048069 95.10000000000001
952 1.926842501839376 95.2
953 1.927089755211371 95.30000000000001
954 1.926995601645999 95.40000000000001
955 1.927012330289992 95.5
956 1.927082265107378 95.60000000000001
957 1.927108064183853 95.7
958 1.92687632797 95.80000000000001
959 1.926826326048896 95.90000000000001
960 1.927705970926349 96
961 1.927181201141228 96.10000000000001
962 1.92725829340182 96.2
963 1.927092813916393 96.30000000000001
964 1.927255019470075 96.40000000000001
965 1.927282419067578 96.5
966 1.92736901021327 96.60000000000001
967 1.927558220423482 96.7
968 1.927416830004246 96.80000000000001
969 1.927803357793898 96.90000000000001
970 1.927584612390106 97
971 1.927570675791298 97.10000000000001
972 1.927517646926056 97.2
973 1.927570287963501 97.30000000000001
974 1.927207708482686 97.40000000000001
975 1.928305952976136 97.5
976 1.927706360724843 97.60000000000001
977 1.927981966787945 97.7
978 1.927984746062613 97.80000000000001
979 1.928012293713878 97.90000000000001
980 1.927740020805094 98
981 1.928070354769689 98.10000000000001
982 1.928184980957487 98.2
983 1.927684830070673 98.30000000000001
984 1.928268526585008 98.40000000000001
985 1.927944797131009 98.5
986 1.927863651556523 98.60000000000001
987 1.928073855240582 98.7
988 1.928243966351121 98.80000000000001
989 1.92849993041992 98.90000000000001
990 1.927945916921945 99
991 1.928306030353188 99.10000000000001
992 1.928469532277226 99.2
993 1.92860064301559 99.30000000000001
994 1.928628325308692 99.40000000000001
995 1.928434503685332 99.5
996 1.928172647937451 99.60000000000001
997 1.928524433665596 99.7
998 1.928200808691408 99.80000000000001
999 1.928608080461159 99.90000000000001
1000 1.928516936245853 100
