"report-def-0-rfile"
"Time Step" "cd etc.."
("Time Step" "cd" "flow-time")
0 -9.378464994932279e-29 0
1 8.0412363180796 0.1
2 6.191007950883493 0.2
3 4.959870186861756 0.3
4 4.111909831283362 0.4
5 3.511896614134331 0.5
6 3.091661871333074 0.6000000000000001
7 2.802029476180112 0.7000000000000001
8 2.605675830695176 0.8
9 2.475367951861768 0.9
10 2.392944053896093 1
11 2.340856426773826 1.1
12 2.305096404492116 1.2
13 2.28014571726313 1.3
14 2.264725611232107 1.4
15 2.248617447678963 1.5
16 2.223218022277015 1.6
17 2.193233436333737 1.7
18 2.160212211285851 1.8
19 2.126142164792625 1.9
20 2.095148784723676 2
21 2.069832036536732 2.1
22 2.050879979951548 2.2
23 2.037810654094243 2.3
24 2.029003024089558 2.4
25 2.024011606939815 2.5
26 2.021688557173118 2.6
27 2.021283073943951 2.7
28 2.022240902827912 2.8
29 2.024293870228857 2.9
30 2.027101763889972 3
31 2.030435024695003 3.1
32 2.034097842938067 3.2
33 2.037943395298354 3.3
34 2.041703579737576 3.4
35 2.045436806116498 3.5
36 2.049193508608036 3.6
37 2.05294455035825 3.7
38 2.056663478033674 3.8
39 2.060340823714009 3.9
40 2.063941319834114 4
41 2.067414946752792 4.100000000000001
42 2.070718739580268 4.2
43 2.073783657821555 4.3
44 2.076542023928953 4.4
45 2.078901408606458 4.5
46 2.080796427958414 4.600000000000001
47 2.082162971314761 4.7
48 2.082925682526228 4.800000000000001
49 2.083032083882177 4.9
50 2.08244309281619 5
51 2.081102684547738 5.100000000000001
52 2.078989614974185 5.2
53 2.076081487620876 5.300000000000001
54 2.072366292675695 5.4
55 2.067837772438851 5.5
56 2.062490551216714 5.600000000000001
57 2.056345910671053 5.7
58 2.049433348371812 5.800000000000001
59 2.041774820922729 5.9
60 2.033404379793446 6
61 2.024351924360243 6.100000000000001
62 2.014648803256664 6.2
63 2.004273562512854 6.300000000000001
64 1.993218991232898 6.4
65 1.981469995919705 6.5
66 1.969018014170256 6.600000000000001
67 1.955881623017875 6.7
68 1.942099278418693 6.800000000000001
69 1.927745217133591 6.9
70 1.912907423028841 7
71 1.897799120327545 7.100000000000001
72 1.883095390912898 7.2
73 1.870364773125217 7.300000000000001
74 1.862446681928414 7.4
75 1.863425197136097 7.5
76 1.876440391782045 7.600000000000001
77 1.900849572400156 7.7
78 1.931167882450647 7.800000000000001
79 1.958931130415814 7.9
80 1.975986173509511 8
81 1.977256350793319 8.1
82 1.961772689228723 8.200000000000001
83 1.932139245128643 8.300000000000001
84 1.8929191474069 8.4
85 1.849236661347228 8.5
86 1.805684644884816 8.6
87 1.765689371162041 8.700000000000001
88 1.731259030959649 8.800000000000001
89 1.703286070476173 8.9
90 1.681833808387022 9
91 1.666453764587707 9.1
92 1.6563568999276 9.200000000000001
93 1.6505950769327 9.300000000000001
94 1.648159927025772 9.4
95 1.648099683152457 9.5
96 1.649503324888518 9.600000000000001
97 1.65156469922971 9.700000000000001
98 1.653581979100138 9.800000000000001
99 1.654965671731168 9.9
100 1.65525847592306 10
101 1.654119994685577 10.1
102 1.651357929701662 10.2
103 1.646921913393555 10.3
104 1.640893986042367 10.4
105 1.633417161018642 10.5
106 1.624786316992289 10.6
107 1.615322827144219 10.7
108 1.605383129688006 10.8
109 1.595339964642529 10.9
110 1.585539194328116 11
111 1.576264198292936 11.1
112 1.567761511551089 11.2
113 1.560191606956066 11.3
114 1.553644794451895 11.4
115 1.548156627626892 11.5
116 1.543697891777741 11.6
117 1.540213458327415 11.7
118 1.537609483607063 11.8
119 1.535745301925609 11.9
120 1.534512886955668 12
121 1.533773393020223 12.1
122 1.533376066132198 12.2
123 1.533172236198137 12.3
124 1.533018955863587 12.4
125 1.532784918589807 12.5
126 1.532365874753357 12.6
127 1.531681628504415 12.7
128 1.53070830677813 12.8
129 1.529375759498223 12.9
130 1.527717934581399 13
131 1.525711857465869 13.1
132 1.523372207248541 13.2
133 1.520735105601555 13.3
134 1.517816130041536 13.4
135 1.514632689896155 13.5
136 1.51123978471264 13.6
137 1.507663132026952 13.7
138 1.503940782724914 13.8
139 1.500108538354184 13.9
140 1.49620949349324 14
141 1.492279751568227 14.1
142 1.488336687615362 14.2
143 1.484409165395699 14.3
144 1.480527377725557 14.4
145 1.476696380400786 14.5
146 1.472942697739582 14.6
147 1.469238938978463 14.7
148 1.465653351323331 14.8
149 1.462125225439705 14.9
150 1.458676682989181 15
151 1.455311315182439 15.1
152 1.452028994110592 15.2
153 1.448823423689504 15.3
154 1.445700236849448 15.4
155 1.44264941164045 15.5
156 1.439671957846572 15.6
157 1.43676954331512 15.7
158 1.433939031052109 15.8
159 1.431193614249677 15.9
160 1.428528508495149 16
161 1.425931228999068 16.1
162 1.42343074131322 16.2
163 1.420998151555008 16.3
164 1.41865387993792 16.4
165 1.416380866177207 16.5
166 1.41418400959522 16.6
167 1.412035822011704 16.7
168 1.409932844059892 16.8
169 1.40786748814491 16.9
170 1.405817865183893 17
171 1.403773366211698 17.1
172 1.401714094261027 17.2
173 1.399623048081104 17.3
174 1.397486528613958 17.4
175 1.395302132640058 17.5
176 1.393039933699202 17.6
177 1.390696515361491 17.7
178 1.388272892920505 17.8
179 1.38575856408359 17.9
180 1.383159174959978 18
181 1.38048174030667 18.1
182 1.377715572928008 18.2
183 1.374894511017208 18.3
184 1.372022782920428 18.4
185 1.369131791623108 18.5
186 1.366216682941925 18.6
187 1.363320585919133 18.7
188 1.360463935575104 18.8
189 1.357648642571162 18.9
190 1.354913741702725 19
191 1.352272419490952 19.1
192 1.349747190950965 19.2
193 1.347348379889579 19.3
194 1.345078857948041 19.4
195 1.342948092639035 19.5
196 1.34095689388856 19.6
197 1.339114711713596 19.7
198 1.337399782772478 19.8
199 1.335813630880115 19.9
200 1.334343699606497 20
201 1.332970713277946 20.1
202 1.331680196205258 20.2
203 1.330464195081292 20.3
204 1.329303302168596 20.4
205 1.328188657790075 20.5
206 1.327104553199188 20.6
207 1.32603779225018 20.7
208 1.324981889913631 20.8
209 1.323929653998267 20.9
210 1.3228801269321 21
211 1.321829098170903 21.1
212 1.320767262068194 21.2
213 1.319703853364034 21.3
214 1.318661154482821 21.4
215 1.31761243675663 21.5
216 1.316573918871224 21.6
217 1.315554739331485 21.7
218 1.314558944803475 21.8
219 1.313585579068786 21.9
220 1.312634321759802 22
221 1.31173342379755 22.1
222 1.310854988990952 22.2
223 1.310012515840697 22.3
224 1.309202545448679 22.4
225 1.308421593738484 22.5
226 1.307669677097271 22.6
227 1.306943310769986 22.7
228 1.306231487287837 22.8
229 1.305534887420552 22.9
230 1.304845679041327 23
231 1.304160507840984 23.1
232 1.303477040056938 23.2
233 1.302774615657701 23.3
234 1.302072112750531 23.4
235 1.30134822572765 23.5
236 1.300603556337975 23.6
237 1.299845311714747 23.7
238 1.299062739110796 23.8
239 1.298258036261308 23.9
240 1.297431193627991 24
241 1.296592006612023 24.1
242 1.295732325239654 24.2
243 1.294861358682527 24.3
244 1.293981747425105 24.4
245 1.293092413053421 24.5
246 1.292200537119644 24.6
247 1.291310060201451 24.7
248 1.290422198022006 24.8
249 1.289536746247296 24.9
250 1.288667649098744 25
251 1.287804865783923 25.1
252 1.286955332030372 25.2
253 1.2861230484632 25.3
254 1.285304528641138 25.4
255 1.284502633266967 25.5
256 1.283726117354165 25.6
257 1.282958854220483 25.7
258 1.282210135202766 25.8
259 1.281478176450496 25.9
260 1.28076733395807 26
261 1.280068583216482 26.1
262 1.279384048064144 26.2
263 1.278711610180041 26.3
264 1.27806480350499 26.4
265 1.277421306909946 26.5
266 1.27678890217703 26.6
267 1.276169462549144 26.7
268 1.275560030097271 26.8
269 1.274960823665906 26.9
270 1.274371819775173 27
271 1.273795177432199 27.1
272 1.273225389842491 27.2
273 1.272666290118174 27.3
274 1.272127376420264 27.4
275 1.271584143554385 27.5
276 1.271054615273489 27.6
277 1.27054758489669 27.7
278 1.270044872168468 27.8
279 1.269560992905918 27.9
280 1.269091083721016 28
281 1.26863436940938 28.1
282 1.268192064699749 28.2
283 1.267765925835173 28.3
284 1.267370698490242 28.4
285 1.266977275089928 28.5
286 1.266607178452303 28.6
287 1.266260950743635 28.7
288 1.265929968087475 28.8
289 1.265621027133412 28.9
290 1.265327853405136 29
291 1.265050011146672 29.1
292 1.264799944022422 29.2
293 1.264563211824597 29.3
294 1.264342170372797 29.4
295 1.264137614925071 29.5
296 1.263939542773915 29.6
297 1.263770154699369 29.7
298 1.263609939510479 29.8
299 1.263450487179913 29.9
300 1.263309430279344 30
