"report-def-0-rfile"
"Time Step" "cd etc.."
("Time Step" "cd" "flow-time")
0 0 0
1 3.959840979996364 0.1
2 3.258014380625902 0.2
3 2.791525150886353 0.3
4 2.464505773220487 0.4
5 2.225193181193968 0.5
6 2.045442337031089 0.6000000000000001
7 1.908361459043272 0.7000000000000001
8 1.803994085712542 0.8
9 1.725341094020472 0.9
10 1.666810998707774 1
11 1.624670903812586 1.1
12 1.596183666462582 1.2
13 1.579217404689084 1.3
14 1.571932739148135 1.4
15 1.572314216015459 1.5
16 1.579049661842502 1.6
17 1.591071313991573 1.7
18 1.607383067014753 1.8
19 1.627188496274876 1.9
20 1.649650589642653 2
21 1.674047310052954 2.1
22 1.700005798858669 2.2
23 1.727856548224782 2.3
24 1.757796515589423 2.4
25 1.789816407595307 2.5
26 1.82377158808268 2.6
27 1.858907431243305 2.7
28 1.894132517935805 2.8
29 1.928524953347681 2.9
30 1.961404604966338 3
31 1.992203125893276 3.1
32 2.020544813840808 3.2
33 2.046077559000261 3.3
34 2.068778891785483 3.4
35 2.088636467775737 3.5
36 2.105788599064119 3.6
37 2.120446325681113 3.7
38 2.132947706336245 3.8
39 2.142434398843739 3.9
40 2.151955389776766 4
41 2.158308165000193 4.100000000000001
42 2.16520991104958 4.2
43 2.170805480764294 4.3
44 2.175567130018464 4.4
45 2.180176607844691 4.5
46 2.184504092227317 4.600000000000001
47 2.188627170434111 4.7
48 2.192753805823328 4.800000000000001
49 2.196673457007783 4.9
50 2.200538926639298 5
51 2.204244019585228 5.100000000000001
52 2.207664916305464 5.2
53 2.210866969191952 5.300000000000001
54 2.213799193929022 5.4
55 2.216473916116917 5.5
56 2.218862459874403 5.600000000000001
57 2.220974855242989 5.7
58 2.222828034061994 5.800000000000001
59 2.224408843814339 5.9
60 2.225780603016239 6
61 2.226971631837846 6.100000000000001
62 2.227991877733805 6.2
63 2.22885701628388 6.300000000000001
64 2.229581678176765 6.4
65 2.229993499874194 6.5
66 2.230538017573492 6.600000000000001
67 2.231039825410555 6.7
68 2.231285719057383 6.800000000000001
69 2.231680321140372 6.9
70 2.231854464138598 7
71 2.232181315607864 7.100000000000001
72 2.23230494457902 7.2
73 2.232569168906152 7.300000000000001
74 2.232659150401435 7.4
75 2.232866840661145 7.5
76 2.232940098608316 7.600000000000001
77 2.233037022309623 7.7
78 2.233195100485254 7.800000000000001
79 2.233256595301794 7.9
80 2.233326606515492 8
81 2.233397354100835 8.1
82 2.233461187790305 8.200000000000001
83 2.233522847852188 8.300000000000001
84 2.233579968460263 8.4
85 2.233633647528387 8.5
86 2.233682956365644 8.6
87 2.233729678721691 8.700000000000001
88 2.233772201045563 8.800000000000001
89 2.233810418761057 8.9
90 2.233846620637385 9
91 2.233882319195777 9.1
92 2.233915504097792 9.200000000000001
93 2.233947113957802 9.300000000000001
94 2.233975391597623 9.4
95 2.23400179074538 9.5
96 2.234024667634983 9.600000000000001
97 2.234043883093516 9.700000000000001
98 2.234059856182388 9.800000000000001
99 2.234075148191173 9.9
100 2.234088242156721 10
101 2.234100336709344 10.1
102 2.234109950973421 10.2
103 2.234118333203774 10.3
104 2.234124168601911 10.4
105 2.234129116910335 10.5
106 2.234131931131907 10.6
107 2.234134104256913 10.7
108 2.234134358025765 10.8
109 2.234135495591527 10.9
110 2.234133383828074 11
111 2.234131558070912 11.1
112 2.234128045432427 11.2
113 2.234124375393981 11.3
114 2.23411904229931 11.4
115 2.234113945779189 11.5
116 2.234107637752544 11.6
117 2.234101881160704 11.7
118 2.234095120277173 11.8
119 2.234089018322674 11.9
120 2.234081949905639 12
121 2.234075522148343 12.1
122 2.234068096877989 12.2
123 2.23406144773806 12.3
124 2.23405393381687 12.4
125 2.23404720573738 12.5
126 2.234039650297297 12.6
127 2.234032926858284 12.7
128 2.234025424930714 12.8
129 2.234018683007881 12.9
130 2.23401121238844 13
131 2.234004726590345 13.1
132 2.233997552742221 13.2
133 2.233991343516371 13.3
134 2.233984402823572 13.4
135 2.233978416423202 13.5
136 2.233971698051506 13.6
137 2.233965941893244 13.7
138 2.233959560363027 13.8
139 2.233954130182375 13.9
140 2.233947959092002 14
141 2.233942683574618 14.1
142 2.233936664331277 14.2
143 2.233931623477974 14.3
144 2.233925965878202 14.4
145 2.233921336147052 14.5
146 2.233916065203633 14.6
147 2.233911796174513 14.7
148 2.233906866701529 14.8
149 2.233902928229455 14.9
150 2.233898328864049 15
151 2.233894725216994 15.1
152 2.233890467227761 15.2
153 2.233887215480609 15.3
154 2.233883318889233 15.4
155 2.233880429201223 15.5
156 2.233876890187946 15.6
157 2.2338743490585 15.7
158 2.233871377848546 15.8
159 2.233869348118665 15.9
160 2.233866579942181 16
161 2.233864713206746 16.1
162 2.233862174233755 16.2
163 2.233860521021839 16.3
164 2.233858247336784 16.4
165 2.233856995202165 16.5
166 2.233855054659138 16.6
167 2.233854089073461 16.7
168 2.233852512428118 16.8
169 2.233851863590008 16.9
170 2.233850581287283 17
171 2.233850212844083 17.1
172 2.233849171726487 17.2
173 2.233849042616716 17.3
174 2.233848274677835 17.4
175 2.233848423912943 17.5
176 2.233847857376753 17.6
177 2.23384821742841 17.7
178 2.233847879767286 17.8
179 2.2338484626126 17.9
180 2.23384834407261 18
181 2.233849142377341 18.1
182 2.233849255700763 18.2
183 2.233850228999778 18.3
184 2.233850498494136 18.4
185 2.23385167036871 18.5
186 2.233852128873686 18.6
187 2.23385351983208 18.7
188 2.233854202885351 18.8
189 2.23385574296305 18.9
190 2.233856547949005 19
191 2.233858231600141 19.1
192 2.233859189086619 19.2
193 2.233861026765328 19.3
194 2.233862136119065 19.4
195 2.233864119211108 19.5
196 2.23386536815396 19.6
197 2.233867485262582 19.7
198 2.233868864646675 19.8
199 2.233871110037426 19.9
200 2.233872612532628 20
201 2.233874973134636 20.1
202 2.233876587401864 20.2
203 2.233879060039433 20.3
204 2.233880784585809 20.4
205 2.233883361691331 20.5
206 2.233885184445896 20.6
207 2.233887876277707 20.7
208 2.233889682923554 20.8
209 2.233892359673001 20.9
210 2.2338943226544 21
211 2.233897154890761 21.1
212 2.233899233469935 21.2
213 2.233902242147576 21.3
214 2.233904430384869 21.4
215 2.23390742703743 21.5
216 2.233909607489161 21.6
217 2.233912645460161 21.7
218 2.233914911094161 21.8
219 2.233918005004054 21.9
220 2.233920281667071 22
221 2.233923337773826 22.1
222 2.233925615540202 22.2
223 2.233928745068619 22.3
224 2.233931096866691 22.4
225 2.23393427883602 22.5
226 2.233936662735224 22.6
227 2.233939960619263 22.7
228 2.233942443956797 22.8
229 2.233945694309909 22.9
230 2.23394809523991 23
231 2.233951291495607 23.1
232 2.233953673700854 23.2
233 2.233956873497772 23.3
234 2.233959268676512 23.4
235 2.233962480016989 23.5
236 2.233964880580982 23.6
237 2.233968078878489 23.7
238 2.233970464723476 23.8
239 2.23397366658155 23.9
240 2.233976051533768 24
241 2.233979241131395 24.1
242 2.2339816104964 24.2
243 2.233984782416277 24.3
244 2.233987185051708 24.4
245 2.23399036731665 24.5
246 2.233992714829798 24.6
247 2.233995842063538 24.7
248 2.233998149156803 24.8
249 2.234001246686202 24.9
250 2.234003438759543 25
251 2.234006417624053 25.1
252 2.23400871599967 25.2
253 2.234011889514331 25.3
254 2.23401421146847 25.4
255 2.234017259486975 25.5
256 2.234019452668707 25.6
257 2.234022426321444 25.7
258 2.234024582896922 25.8
259 2.234027532148501 25.9
260 2.234029668151728 26
261 2.234032526474457 26.1
262 2.234034578034537 26.2
263 2.234037388099913 26.3
264 2.23403938179378 26.4
265 2.23404225462085 26.5
266 2.234044340465786 26.6
267 2.234047155943661 26.7
268 2.234049113095748 26.8
269 2.234051820330454 26.9
270 2.234053767843004 27
271 2.234056478663225 27.1
272 2.234058414793096 27.2
273 2.234061072661155 27.3
274 2.234063015539717 27.4
275 2.234065698126099 27.5
276 2.234067570167446 27.6
277 2.234070174991761 27.7
278 2.23407198692826 27.8
279 2.234074546015625 27.9
280 2.234076414645884 28
281 2.234078982316607 28.1
282 2.234080745690981 28.2
283 2.234083223989006 28.3
284 2.234084926846069 28.4
285 2.234087358391457 28.5
286 2.234089026665688 28.6
287 2.234091426150775 28.7
288 2.234093065101303 28.8
289 2.234095431019568 28.9
290 2.234097036859481 29
291 2.234099366131904 29.1
292 2.234100936649325 29.2
293 2.234103227443135 29.3
294 2.234104761917121 29.4
295 2.234107015108238 29.5
296 2.234108514989469 29.6
297 2.234110702669471 29.7
298 2.234112167459163 29.8
299 2.234114412188872 29.9
300 2.234115813909689 30
