"report-def-0-rfile"
"Time Step" "cd etc.."
("Time Step" "cd" "flow-time")
0 -5.001847997297197e-29 0
1 11.17289604803254 0.1
2 8.950199350751767 0.2
3 7.745812734688586 0.3
4 6.967170411922597 0.4
5 6.377584804207813 0.5
6 5.897594894338925 0.6000000000000001
7 5.492738699027533 0.7000000000000001
8 5.143068101961652 0.8
9 4.835687408285962 0.9
10 4.561578417094962 1
11 4.315215129539049 1.1
12 4.093130594380914 1.2
13 3.892930077989176 1.3
14 3.713205802249601 1.4
15 3.552604294810272 1.5
16 3.410630671093708 1.6
17 3.287025887285051 1.7
18 3.181401985740677 1.8
19 3.093958597283356 1.9
20 3.024685000364277 2
21 2.973804919498079 2.1
22 2.941118063697174 2.2
23 2.926407627076979 2.3
24 2.928939107146464 2.4
25 2.948113520776465 2.5
26 2.983495401404036 2.6
27 3.034931448117007 2.7
28 3.102102834109826 2.8
29 3.184330053572392 2.9
30 3.280039922377319 3
31 3.385855659008734 3.1
32 3.49663641383929 3.2
33 3.60504953792147 3.3
34 3.70062601328531 3.4
35 3.768881658318821 3.5
36 3.80031651145767 3.6
37 3.78342360622734 3.7
38 3.707714178920961 3.8
39 3.568357477660284 3.9
40 3.355885922565549 4
41 3.051776189957485 4.100000000000001
42 2.702839127316022 4.2
43 2.446860987205192 4.3
44 2.370080747276503 4.4
45 2.431151289804649 4.5
46 2.538593393437566 4.600000000000001
47 2.625692874911638 4.7
48 2.663615443200476 4.800000000000001
49 2.647139917464136 4.9
50 2.584220597466865 5
51 2.48672276896474 5.100000000000001
52 2.367108967084275 5.2
53 2.23578848152228 5.300000000000001
54 2.104501679792238 5.4
55 1.985934708619184 5.5
56 1.892208234607758 5.600000000000001
57 1.834369224204855 5.7
58 1.820144352185024 5.800000000000001
59 1.848422190242997 5.9
60 1.916141765353712 6
61 2.007928560026828 6.100000000000001
62 2.110698311215584 6.2
63 2.21083596978665 6.300000000000001
64 2.300195679537835 6.4
65 2.372340217734623 6.5
66 2.423599923267393 6.600000000000001
67 2.451385060136498 6.7
68 2.454529180339838 6.800000000000001
69 2.434950494998182 6.9
70 2.397221298665611 7
71 2.346623155456089 7.100000000000001
72 2.289002877018318 7.2
73 2.230266880909399 7.300000000000001
74 2.175472069169246 7.4
75 2.128513299492449 7.5
76 2.091519943813293 7.600000000000001
77 2.065137891394581 7.7
78 2.049000944473311 7.800000000000001
79 2.04190100072999 7.9
80 2.042258971567521 8
81 2.048651203671503 8.1
82 2.059788290120507 8.200000000000001
83 2.074509915810593 8.300000000000001
84 2.091844407649374 8.4
85 2.110702093764394 8.5
86 2.130101033764084 8.6
87 2.148933164750868 8.700000000000001
88 2.166463063573779 8.800000000000001
89 2.18168877290794 8.9
90 2.193537883207674 9
91 2.200330671168248 9.1
92 2.200431183962547 9.200000000000001
93 2.192118328349576 9.300000000000001
94 2.174462190461725 9.4
95 2.147687954444041 9.5
96 2.113615504826246 9.600000000000001
97 2.075418040077031 9.700000000000001
98 2.036855125490023 9.800000000000001
99 2.001313350568747 9.9
100 1.971420336079675 10
101 1.948794855683256 10.1
102 1.934298266097948 10.2
103 1.928382678676079 10.3
104 1.931225021127691 10.4
105 1.942461190702729 10.5
106 1.96080836410432 10.6
107 1.983409683974124 10.7
108 2.005568732272324 10.8
109 2.021758121791393 10.9
110 2.026980652056634 11
111 2.018581203784409 11.1
112 1.997158052271367 11.2
113 1.965961773272697 11.3
114 1.929529264090333 11.4
115 1.892542646041028 11.5
116 1.859195161111064 11.6
117 1.832625560171247 11.7
118 1.815052324267847 11.8
119 1.80751395351119 11.9
120 1.809515927837922 12
121 1.819217218426606 12.1
122 1.834137761061387 12.2
123 1.851820032960683 12.3
124 1.870367534098652 12.4
125 1.888233963388251 12.5
126 1.903999313318998 12.6
127 1.915942475669306 12.7
128 1.922389867015576 12.8
129 1.922010607692875 12.9
130 1.914246949762618 13
131 1.899844646394641 13.1
132 1.880322759347562 13.2
133 1.857382884131392 13.3
134 1.832240924924304 13.4
135 1.80621209749197 13.5
136 1.780925632878546 13.6
137 1.758549741343225 13.7
138 1.741597068882656 13.8
139 1.731963511124587 13.9
140 1.730506576237816 14
141 1.736475577535092 14.1
142 1.747765691620818 14.2
143 1.761830594248881 14.3
144 1.776678967989047 14.4
145 1.791117433901482 14.5
146 1.804914758267022 14.6
147 1.818161746313253 14.7
148 1.830931244408532 14.8
149 1.842841064820668 14.9
150 1.852973321046671 15
151 1.860018040382813 15.1
152 1.862655629506129 15.2
153 1.860208003718375 15.3
154 1.852607499911206 15.4
155 1.840123890703297 15.5
156 1.823161787896059 15.6
157 1.802307194051011 15.7
158 1.778911513576701 15.8
159 1.75535439298361 15.9
160 1.734177840727938 16
161 1.717732050915324 16.1
162 1.707286336995185 16.2
163 1.703216821918342 16.3
164 1.704916943565006 16.4
165 1.711307567457121 16.5
166 1.721062038067874 16.6
167 1.732808448480285 16.7
168 1.745452482767219 16.8
169 1.75798077363369 16.9
170 1.769187753028616 17
171 1.77809622706058 17.1
172 1.783644282220118 17.2
173 1.785353084910905 17.3
174 1.782885174162896 17.4
175 1.776481027623442 17.5
176 1.766560129400173 17.6
177 1.753689501635167 17.7
178 1.738580148273055 17.8
179 1.722295429495702 17.9
180 1.70623306302421 18
181 1.691940908307742 18.1
182 1.680671663323804 18.2
183 1.673436916515595 18.3
184 1.670485159331738 18.4
185 1.671432823553722 18.5
186 1.675502232801267 18.6
187 1.681662745766895 18.7
188 1.688812175328102 18.8
189 1.695859660494959 18.9
190 1.701873898517293 19
191 1.706002718315726 19.1
192 1.707677101600224 19.2
193 1.706642223601561 19.3
194 1.702871357218428 19.4
195 1.696637215202035 19.5
196 1.688194618566493 19.6
197 1.678101784938525 19.7
198 1.666908133111366 19.8
199 1.655488758980127 19.9
200 1.644734391813121 20
201 1.635762621838898 20.1
202 1.629392955299735 20.2
203 1.626029706551436 20.3
204 1.625740607390125 20.4
205 1.62818481030288 20.5
206 1.632534595602849 20.6
207 1.637944431296613 20.7
208 1.643493172034423 20.8
209 1.648333271304026 20.9
210 1.651772761697491 21
211 1.653334280230864 21.1
212 1.652701244931897 21.2
213 1.649821401969319 21.3
214 1.644855001975946 21.4
215 1.638089290161778 21.5
216 1.629979995524428 21.6
217 1.621075549937483 21.7
218 1.612027842974244 21.8
219 1.603703434934274 21.9
220 1.596923752586608 22
221 1.592307575945622 22.1
222 1.590340004982316 22.2
223 1.590937468297605 22.3
224 1.593801852220442 22.4
225 1.598312483306664 22.5
226 1.603649999435164 22.6
227 1.609037634956902 22.7
228 1.613663936934861 22.8
229 1.616911867534969 22.9
230 1.618438338465622 23
231 1.617993923679824 23.1
232 1.615644489924053 23.2
233 1.611568998925135 23.3
234 1.606091338110182 23.4
235 1.599665335307921 23.5
236 1.592846791221973 23.6
237 1.586107360427932 23.7
238 1.580172774155749 23.8
239 1.575727136553247 23.9
240 1.57323508157884 24
241 1.572961882455703 24.1
242 1.574915187134476 24.2
243 1.578723589264901 24.3
244 1.583811800109366 24.4
245 1.589395810663717 24.5
246 1.594804466477359 24.6
247 1.599400518517172 24.7
248 1.602689730751874 24.8
249 1.604352013259821 24.9
250 1.604305961247011 25
251 1.602614321836055 25.1
252 1.599495558708259 25.2
253 1.595198671663568 25.3
254 1.590025986314412 25.4
255 1.584397385166234 25.5
256 1.578703715100596 25.6
257 1.573472045584175 25.7
258 1.569228441217571 25.8
259 1.566447624014444 25.9
260 1.565510810324465 26
261 1.566498482365465 26.1
262 1.569303151673216 26.2
263 1.573414799926817 26.3
264 1.578294085626641 26.4
265 1.583302182883507 26.5
266 1.587856038565512 26.6
267 1.5914747542294 26.7
268 1.593712203560559 26.8
269 1.594503026180777 26.9
270 1.593800162356167 27
271 1.591681172594813 27.1
272 1.588402994765375 27.2
273 1.584214413917588 27.3
274 1.579457192991797 27.4
275 1.574448725400679 27.5
276 1.569557502660418 27.6
277 1.565263698824825 27.7
278 1.56197331556709 27.8
279 1.56005372519381 27.9
280 1.559678064831491 28
281 1.560883726630051 28.1
282 1.563360548889824 28.2
283 1.566707109223917 28.3
284 1.570419512781706 28.4
285 1.573941012663882 28.5
286 1.5768591188374 28.6
287 1.578788545725131 28.7
288 1.579470898931304 28.8
289 1.57889425220742 28.9
290 1.577093452747893 29
291 1.574257673816484 29.1
292 1.570585051115106 29.2
293 1.56637545303597 29.3
294 1.561908913452532 29.4
295 1.557456997337928 29.5
296 1.553435421915903 29.6
297 1.550069335899007 29.7
298 1.547731847686348 29.8
299 1.54652799988804 29.9
300 1.546581781104653 30
301 1.54771192136756 30.1
302 1.549599227254205 30.2
303 1.551890331221283 30.3
304 1.554176641437057 30.4
305 1.556041284488222 30.5
306 1.557143126621229 30.6
307 1.557367437674144 30.7
308 1.556573184387026 30.8
309 1.554844497336597 30.9
310 1.552268345768457 31
311 1.549138916437033 31.1
312 1.545598424238404 31.2
313 1.541856140837498 31.3
314 1.538259212735295 31.4
315 1.534957593279075 31.5
316 1.532250995148282 31.6
317 1.530310190579476 31.7
318 1.529284573692672 31.8
319 1.529174032110525 31.9
320 1.529902837052237 32
321 1.531172272211508 32.1
322 1.532734147077859 32.2
323 1.534290129018356 32.3
324 1.535456054228373 32.4
325 1.536095510308905 32.5
326 1.536030245485029 32.6
327 1.535172432062174 32.7
328 1.533604268672095 32.8
329 1.531470430504787 32.9
330 1.528898124475047 33
331 1.52608791574294 33.1
332 1.523219115154947 33.2
333 1.520437966121182 33.3
334 1.517970323270855 33.4
335 1.515985688883764 33.5
336 1.514628732979935 33.6
337 1.514003298945688 33.7
338 1.514094985947532 33.8
339 1.51481286375338 33.9
340 1.515977028767194 34
341 1.517361628450743 34.1
342 1.518697727315596 34.2
343 1.51975295019315 34.3
344 1.520330144462455 34.4
345 1.520392238168744 34.5
346 1.519847172995308 34.6
347 1.518762481675607 34.7
348 1.517212581447615 34.8
349 1.515332173006442 34.9
350 1.513232110906679 35
351 1.511091224794777 35.1
352 1.509038213434388 35.2
353 1.507226706317349 35.3
354 1.505828650672662 35.4
355 1.504958594908767 35.5
356 1.504692056331276 35.6
357 1.505082508863505 35.7
358 1.50598875743861 35.8
359 1.50733764518812 35.9
360 1.508919090555201 36
361 1.510519886177928 36.1
362 1.511934834706982 36.2
363 1.512969089461781 36.3
364 1.513577227564199 36.4
365 1.513677132000953 36.5
366 1.513266540122394 36.6
367 1.512421340320959 36.7
368 1.511235638228161 36.8
369 1.509821501128121 36.9
370 1.508306617656806 37
371 1.506780214508258 37.1
372 1.505390791767923 37.2
373 1.504292464827897 37.3
374 1.503623748965043 37.4
375 1.503503154622212 37.5
376 1.503986747426487 37.6
377 1.505062091924662 37.7
378 1.506700198690417 37.8
379 1.508760953252476 37.9
380 1.510993592870891 38
381 1.513208342262775 38.1
382 1.515227709363492 38.2
383 1.5168555552129 38.3
384 1.517967927090584 38.40000000000001
385 1.51856847560573 38.5
386 1.518569611623175 38.6
387 1.518052959334594 38.7
388 1.517098661068092 38.8
389 1.515717320515244 38.90000000000001
390 1.514116103984754 39
391 1.51230195630878 39.1
392 1.510425872410889 39.2
393 1.508622374625699 39.3
394 1.507035886391721 39.40000000000001
395 1.50586089797966 39.5
396 1.505315752083502 39.6
397 1.505560540465684 39.7
398 1.506677981222666 39.8
399 1.508718106378515 39.90000000000001
400 1.511611211290691 40
401 1.515226401839318 40.1
402 1.519231384120761 40.2
403 1.523360810528101 40.3
404 1.527422021346945 40.40000000000001
405 1.531002927226258 40.5
406 1.533874725583461 40.6
407 1.535890997319207 40.7
408 1.536894123014617 40.8
409 1.536865950370707 40.90000000000001
410 1.535830253655458 41
411 1.533904135846718 41.1
412 1.531185854468943 41.2
413 1.527808143979004 41.3
414 1.523963571811872 41.40000000000001
415 1.51975505417592 41.5
416 1.515283744434382 41.6
417 1.51070019596806 41.7
418 1.506241633377187 41.8
419 1.502247820911214 41.90000000000001
420 1.4990827038876 42
421 1.497299981626288 42.1
422 1.497345165989016 42.2
423 1.499704440789656 42.3
424 1.504650533791943 42.40000000000001
425 1.512245383775661 42.5
426 1.522280183607875 42.6
427 1.534253097718328 42.7
428 1.547543542274714 42.8
429 1.561367122554551 42.90000000000001
430 1.574883767515597 43
431 1.587434543373978 43.1
432 1.598310891907967 43.2
433 1.606957460701137 43.3
434 1.613067179289968 43.40000000000001
435 1.616477639417988 43.5
436 1.617264420446936 43.6
437 1.615600247694408 43.7
438 1.611767480094624 43.8
439 1.606120841469265 43.90000000000001
440 1.599022329074874 44
441 1.590836932989621 44.1
442 1.582007517648435 44.2
443 1.572950010840301 44.3
444 1.564036966398759 44.40000000000001
445 1.555618898765764 44.5
446 1.547827278583931 44.6
447 1.540734369778262 44.7
448 1.534250237016637 44.8
449 1.528247533839389 44.90000000000001
450 1.522651803166879 45
451 1.51759628087485 45.1
452 1.513352385873133 45.2
453 1.510257365791541 45.3
454 1.508799062985517 45.40000000000001
455 1.50941532314012 45.5
456 1.512428726329993 45.6
457 1.517911223066861 45.7
458 1.525838143127434 45.8
459 1.535924803269695 45.90000000000001
460 1.547740540709083 46
461 1.560795527905675 46.1
462 1.574392781829841 46.2
463 1.588011831532791 46.3
464 1.601157390674815 46.40000000000001
465 1.613204845282352 46.5
466 1.623768579562129 46.6
467 1.632523169274285 46.7
468 1.639055899222393 46.8
469 1.643174292772084 46.90000000000001
470 1.644868244798898 47
471 1.64415407720839 47.1
472 1.641230611800743 47.2
473 1.636351351371765 47.3
474 1.629748524643404 47.40000000000001
475 1.621807194773474 47.5
476 1.612795124336666 47.6
477 1.603054108739063 47.7
478 1.592904894509278 47.8
479 1.582744231265966 47.90000000000001
480 1.572872854506008 48
481 1.563625825367155 48.1
482 1.555205132271967 48.2
483 1.547672741687897 48.3
484 1.540944823444382 48.40000000000001
485 1.534955678649802 48.5
486 1.529690820514826 48.6
487 1.525268794782474 48.7
488 1.52177004146884 48.8
489 1.519495679359614 48.90000000000001
490 1.51877646517377 49
491 1.519814782281125 49.1
492 1.522877698724212 49.2
493 1.527813990429884 49.3
494 1.534611552260716 49.40000000000001
495 1.542907008466927 49.5
496 1.552308085693454 49.6
497 1.562340459013956 49.7
498 1.572591385815145 49.8
499 1.582604108757714 49.90000000000001
500 1.591956261360755 50
501 1.600295115303278 50.1
502 1.607334150893315 50.2
503 1.61282054021342 50.3
504 1.616526243959803 50.40000000000001
505 1.618395792311033 50.5
506 1.618417484345502 50.6
507 1.616588831741675 50.7
508 1.613027536053781 50.8
509 1.60804057101981 50.90000000000001
510 1.601720366307686 51
511 1.594384498499679 51.1
512 1.586284592118765 51.2
513 1.577824729367574 51.3
514 1.569175531470276 51.40000000000001
515 1.56064803839978 51.5
516 1.552558006072231 51.6
517 1.545095310815127 51.7
518 1.538316516528189 51.8
519 1.53226726803179 51.90000000000001
520 1.526998186274128 52
521 1.522381737588352 52.1
522 1.518611694045137 52.2
523 1.515790165695065 52.3
524 1.514115942527416 52.40000000000001
525 1.513872860576761 52.5
526 1.515314711205757 52.6
527 1.518536896210253 52.7
528 1.523549504921201 52.8
529 1.530278248310734 52.90000000000001
530 1.538420365231749 53
531 1.547662961015981 53.1
532 1.557610823128226 53.2
533 1.567800510576639 53.3
534 1.577869536969489 53.40000000000001
535 1.587381564638891 53.5
536 1.596048094149764 53.6
537 1.603543855568399 53.7
538 1.609645007090788 53.8
539 1.614112182283203 53.90000000000001
540 1.616811363597869 54
541 1.617680919200669 54.1
542 1.61668748052579 54.2
543 1.614014480548598 54.3
544 1.609745557408324 54.40000000000001
545 1.604078413091648 54.5
546 1.597215687402893 54.6
547 1.589437744104495 54.7
548 1.581046515351731 54.8
549 1.572341340700656 54.90000000000001
550 1.563590745125704 55
551 1.555001926215424 55.1
552 1.546897226796127 55.2
553 1.539385987271557 55.3
554 1.532555936254109 55.40000000000001
555 1.526368469404726 55.5
556 1.520825036251569 55.6
557 1.515838390586119 55.7
558 1.51164196334048 55.8
559 1.508218227076063 55.90000000000001
560 1.505792443629711 56
561 1.504638330337001 56.1
562 1.505022722425209 56.2
563 1.507225286527937 56.3
564 1.511363582828746 56.40000000000001
565 1.517561535422798 56.5
566 1.525814745725269 56.6
567 1.535928066560757 56.7
568 1.547698043041291 56.8
569 1.560838409871125 56.90000000000001
570 1.574925004063628 57
571 1.589541821008821 57.1
572 1.604332543398715 57.2
573 1.618942459382194 57.3
574 1.632961929359606 57.40000000000001
575 1.646010367086071 57.5
576 1.657728808178658 57.6
577 1.667841430915795 57.7
578 1.676016376293269 57.8
579 1.682177958996506 57.90000000000001
580 1.686169450168374 58
581 1.68795354848355 58.1
582 1.687671284827033 58.2
583 1.685422741535382 58.3
584 1.681396286053917 58.40000000000001
585 1.675804130135979 58.5
586 1.668706171800784 58.6
587 1.660410210365632 58.7
588 1.651082706890861 58.8
589 1.640762929323461 58.90000000000001
590 1.629758364206014 59
591 1.618254181967515 59.1
592 1.606448271567964 59.2
593 1.594653944243669 59.3
594 1.58314746371783 59.40000000000001
595 1.57215722918225 59.5
596 1.56189666206159 59.6
597 1.552534877174146 59.7
598 1.544136864002297 59.8
599 1.536658913791994 59.90000000000001
600 1.530074160047131 60
601 1.524266957918567 60.1
602 1.519238125761457 60.2
603 1.515073118982832 60.3
604 1.511875904308684 60.40000000000001
605 1.50981924761379 60.5
606 1.509225947119329 60.6
607 1.510208806502355 60.7
608 1.513187545899014 60.8
609 1.518267497552466 60.90000000000001
610 1.525493963155222 61
611 1.535073450735021 61.1
612 1.546786502201593 61.2
613 1.560627365999613 61.3
614 1.576221083649228 61.40000000000001
615 1.593343745752527 61.5
616 1.611605820183123 61.6
617 1.630535471295518 61.7
618 1.649652877901189 61.8
619 1.66873317007767 61.90000000000001
620 1.687210310263099 62
621 1.704730364982433 62.1
622 1.720926782371777 62.2
623 1.735503534792064 62.3
624 1.748163665732775 62.40000000000001
625 1.758698824411443 62.5
626 1.766956321176694 62.6
627 1.772896483923104 62.7
628 1.776522768758349 62.8
629 1.777863850107986 62.90000000000001
630 1.777033731740445 63
631 1.774157688128641 63.1
632 1.769464187035647 63.2
633 1.763129155128823 63.3
634 1.755330793779154 63.40000000000001
635 1.74626460958054 63.5
636 1.73620951656747 63.6
637 1.725260209474934 63.7
638 1.713637159879444 63.8
639 1.701492803329829 63.90000000000001
640 1.688947849778072 64
641 1.676091878082909 64.10000000000001
642 1.663100541099774 64.2
643 1.650095810675921 64.3
644 1.637169486870377 64.40000000000001
645 1.624520426928142 64.5
646 1.612322251677348 64.60000000000001
647 1.600807559437787 64.7
648 1.590137167019986 64.8
649 1.580530679022061 64.90000000000001
650 1.571985808266395 65
651 1.564573601240624 65.10000000000001
652 1.558359020699268 65.2
653 1.553139420187376 65.3
654 1.548989101038878 65.40000000000001
655 1.54585800399871 65.5
656 1.543873804099138 65.60000000000001
657 1.543080181239384 65.7
658 1.543548816860183 65.8
659 1.545398016925966 65.90000000000001
660 1.548708712612244 66
661 1.553493970861663 66.10000000000001
662 1.559798627297292 66.2
663 1.567487411546155 66.3
664 1.576636870129127 66.40000000000001
665 1.587015197595953 66.5
666 1.598476504544675 66.60000000000001
667 1.610892170764873 66.7
668 1.624035311966891 66.8
669 1.63773095498037 66.90000000000001
670 1.651612520138357 67
671 1.665533242742579 67.10000000000001
672 1.679157128355914 67.2
673 1.692218335301441 67.3
674 1.704451504383709 67.40000000000001
675 1.715592458755566 67.5
676 1.72550584396628 67.60000000000001
677 1.733918351902093 67.7
678 1.740954540962534 67.8
679 1.746406308581196 67.90000000000001
680 1.750296516858418 68
681 1.752666166927499 68.10000000000001
682 1.753534628866265 68.2
683 1.752972917561422 68.3
684 1.751157884557448 68.40000000000001
685 1.747981293694517 68.5
686 1.743701970795336 68.60000000000001
687 1.738414190302279 68.7
688 1.732066960221117 68.8
689 1.72485961008994 68.90000000000001
690 1.716852335017888 69
691 1.708119826528847 69.10000000000001
692 1.698754295416392 69.2
693 1.688827103783823 69.3
694 1.678460534776937 69.40000000000001
695 1.66767890621781 69.5
696 1.656655042230819 69.60000000000001
697 1.645486468658894 69.7
698 1.63433349555232 69.8
699 1.623296024051373 69.90000000000001
700 1.61268287272683 70
701 1.602642432999794 70.10000000000001
702 1.593360989320356 70.2
703 1.584941878978151 70.3
704 1.577478667683703 70.40000000000001
705 1.570914935302672 70.5
706 1.565347529519083 70.60000000000001
707 1.560711747537485 70.7
708 1.557065284865418 70.8
709 1.554417066644966 70.90000000000001
710 1.552830133774973 71
711 1.552447292911678 71.10000000000001
712 1.5532885858443 71.2
713 1.55548631422138 71.3
714 1.559084121951487 71.40000000000001
715 1.564133397209255 71.5
716 1.570640170967282 71.60000000000001
717 1.578594928674445 71.7
718 1.587979937622888 71.8
719 1.598710571060604 71.90000000000001
720 1.610675703851856 72
721 1.623764845548169 72.10000000000001
722 1.63785167787084 72.2
723 1.652647101810927 72.3
724 1.667925044843376 72.40000000000001
725 1.683452465467193 72.5
726 1.698951451574312 72.60000000000001
727 1.714080321943893 72.7
728 1.728526684113834 72.8
729 1.742002824208306 72.90000000000001
730 1.754283930520459 73
731 1.765270394916886 73.10000000000001
732 1.774769957288746 73.2
733 1.782758911533763 73.3
734 1.78912330853503 73.40000000000001
735 1.793983796664999 73.5
736 1.797386132678596 73.60000000000001
737 1.799312445993686 73.7
738 1.79983242794964 73.8
739 1.799152226253011 73.90000000000001
740 1.797286138827763 74
741 1.794232611543756 74.10000000000001
742 1.790227537540829 74.2
743 1.785283707168546 74.3
744 1.779463000378104 74.40000000000001
745 1.772879893513581 74.5
746 1.765584336088301 74.60000000000001
747 1.757635007583485 74.7
748 1.74913012251955 74.8
749 1.740065327667962 74.90000000000001
750 1.730524512169306 75
751 1.720542416684688 75.10000000000001
752 1.710143987590045 75.2
753 1.699402585585648 75.3
754 1.688440291014699 75.40000000000001
755 1.67733496035606 75.5
756 1.666202082851725 75.60000000000001
757 1.65523427179765 75.7
758 1.644605696675172 75.8
759 1.634455521524349 75.90000000000001
760 1.624960995633673 76
761 1.616260203781295 76.10000000000001
762 1.608427530642587 76.2
763 1.60148747183839 76.3
764 1.595495074582753 76.40000000000001
765 1.590436584806347 76.5
766 1.586344570930899 76.60000000000001
767 1.583191500563685 76.7
768 1.58095494398724 76.80000000000001
769 1.579807012073856 76.90000000000001
770 1.579667288190368 77
771 1.580551822666669 77.10000000000001
772 1.582601575238207 77.2
773 1.5857305236163 77.30000000000001
774 1.590079911987317 77.40000000000001
775 1.595565293192781 77.5
776 1.602229107941595 77.60000000000001
777 1.61003430162401 77.7
778 1.61900185062116 77.80000000000001
779 1.629059035545396 77.90000000000001
780 1.640188875289645 78
781 1.652340323512464 78.10000000000001
782 1.665291504268252 78.2
783 1.679012366557532 78.30000000000001
784 1.693276187868764 78.40000000000001
785 1.707871975152758 78.5
786 1.72247265287212 78.60000000000001
787 1.736879646607789 78.7
788 1.750773884631634 78.80000000000001
789 1.763906056449986 78.90000000000001
790 1.7760936968597 79
791 1.787145442899119 79.10000000000001
792 1.796949049797814 79.2
793 1.805441010417977 79.30000000000001
794 1.812664646926554 79.40000000000001
795 1.818588016828761 79.5
796 1.823211337859691 79.60000000000001
797 1.826668952672058 79.7
798 1.829028815258356 79.80000000000001
799 1.830313206810444 79.90000000000001
800 1.830653376232873 80
801 1.83013672381179 80.10000000000001
802 1.828672003159781 80.2
803 1.826477167101265 80.30000000000001
804 1.82346008432523 80.40000000000001
805 1.819784650158421 80.5
806 1.815384995804627 80.60000000000001
807 1.810328191431211 80.7
808 1.804655923181412 80.80000000000001
809 1.798397059528623 80.90000000000001
810 1.791607271170304 81
811 1.784278095212472 81.10000000000001
812 1.77653467413839 81.2
813 1.768314969345348 81.30000000000001
814 1.759763246286443 81.40000000000001
815 1.750876152255402 81.5
816 1.741682058592554 81.60000000000001
817 1.732213053679393 81.7
818 1.722464966880962 81.80000000000001
819 1.712628272120783 81.90000000000001
820 1.70267733829002 82
821 1.692783442292067 82.10000000000001
822 1.683035831410284 82.2
823 1.673564081588867 82.30000000000001
824 1.664552675425817 82.40000000000001
825 1.656032584380698 82.5
826 1.648151184525596 82.60000000000001
827 1.641032171076632 82.7
828 1.634634152941006 82.80000000000001
829 1.6290574058764 82.90000000000001
830 1.624335715779198 83
831 1.62043028091018 83.10000000000001
832 1.617369619915467 83.2
833 1.615235055479489 83.30000000000001
834 1.61382851542971 83.40000000000001
835 1.613307658006817 83.5
836 1.613682031455665 83.60000000000001
837 1.61496135879031 83.7
838 1.617130956710754 83.80000000000001
839 1.620214154208561 83.90000000000001
840 1.624285072214073 84
841 1.629304035618926 84.10000000000001
842 1.635318194583765 84.2
843 1.642318975915038 84.30000000000001
844 1.650269846371 84.40000000000001
845 1.659242201742754 84.5
846 1.669137400006209 84.60000000000001
847 1.679907159611321 84.7
848 1.691531284183502 84.80000000000001
849 1.703821159324584 84.90000000000001
850 1.716677134858421 85
851 1.729852206510395 85.10000000000001
852 1.743160734378979 85.2
853 1.75639598076389 85.30000000000001
854 1.769308997476073 85.40000000000001
855 1.781702941053608 85.5
856 1.793425954972503 85.60000000000001
857 1.804350143369522 85.7
858 1.814401033318417 85.80000000000001
859 1.823461013667956 85.90000000000001
860 1.831590290624425 86
861 1.838708543771342 86.10000000000001
862 1.844832450464155 86.2
863 1.850030661868344 86.30000000000001
864 1.854417748289099 86.40000000000001
865 1.85778113575751 86.5
866 1.8603981078831 86.60000000000001
867 1.862141056915389 86.7
868 1.863139146672301 86.80000000000001
869 1.863345519694542 86.90000000000001
870 1.862766462087732 87
871 1.861452687857993 87.10000000000001
872 1.859412951052233 87.2
873 1.856780807457171 87.30000000000001
874 1.853523485367886 87.40000000000001
875 1.849571891009689 87.5
876 1.845098395548895 87.60000000000001
877 1.84016588827242 87.7
878 1.834778987781568 87.80000000000001
879 1.828994597729082 87.90000000000001
880 1.822823465805521 88
881 1.816373799738305 88.10000000000001
882 1.809622404203713 88.2
883 1.802539494216864 88.30000000000001
884 1.795271501290699 88.40000000000001
885 1.78774791093221 88.5
886 1.780022472295703 88.60000000000001
887 1.772068225668719 88.7
888 1.76390529392724 88.80000000000001
889 1.755585322206347 88.90000000000001
890 1.74712691297369 89
891 1.738549161028072 89.10000000000001
892 1.729851631480319 89.2
893 1.721167051972209 89.30000000000001
894 1.712436085654988 89.40000000000001
895 1.703845893891325 89.5
896 1.695372358743644 89.60000000000001
897 1.687128562279132 89.7
898 1.679186379274906 89.80000000000001
899 1.671565103819428 89.90000000000001
900 1.664373046998122 90
901 1.65763728992391 90.10000000000001
902 1.651559583663804 90.2
903 1.646069937091145 90.30000000000001
904 1.641285272971153 90.40000000000001
905 1.637239233722202 90.5
906 1.633866078243674 90.60000000000001
907 1.631260351874448 90.7
908 1.629478158814295 90.80000000000001
909 1.628473098248751 90.90000000000001
910 1.628236657284342 91
911 1.628738268155336 91.10000000000001
912 1.63006352319958 91.2
913 1.632281800530318 91.30000000000001
914 1.635372332664788 91.40000000000001
915 1.639291988446511 91.5
916 1.644111624536874 91.60000000000001
917 1.649911392775697 91.7
918 1.656689374783853 91.80000000000001
919 1.664552735584318 91.90000000000001
920 1.673346969934451 92
921 1.683120778833966 92.10000000000001
922 1.693877241344988 92.2
923 1.705516743163158 92.30000000000001
924 1.717957626484776 92.40000000000001
925 1.731052310124019 92.5
926 1.744713420221585 92.60000000000001
927 1.758694913430719 92.7
928 1.772837683067918 92.80000000000001
929 1.786984664112612 92.90000000000001
930 1.800917390943855 93
931 1.814460215651326 93.10000000000001
932 1.82749032574604 93.2
933 1.839916802947317 93.30000000000001
934 1.85169858130911 93.40000000000001
935 1.862821164665975 93.5
936 1.873204043430984 93.60000000000001
937 1.882895963796002 93.7
938 1.891914201729717 93.80000000000001
939 1.900172561052957 93.90000000000001
940 1.907784720680673 94
941 1.914645182034615 94.10000000000001
942 1.920852882971116 94.2
943 1.926353876333961 94.30000000000001
944 1.93109848700834 94.40000000000001
945 1.935097070602368 94.5
946 1.938387088960592 94.60000000000001
947 1.940946560490614 94.7
948 1.942852078040342 94.80000000000001
949 1.944017688128185 94.90000000000001
950 1.944533640990488 95
951 1.944380432637305 95.10000000000001
952 1.943715210137566 95.2
953 1.942472793786777 95.30000000000001
954 1.940741616915585 95.40000000000001
955 1.938623345726576 95.5
956 1.936032539944549 95.60000000000001
957 1.933102909244903 95.7
958 1.929800203310035 95.80000000000001
959 1.926251225465451 95.90000000000001
960 1.922403716863703 96
961 1.918385277083247 96.10000000000001
962 1.914096869540283 96.2
963 1.909646052198839 96.30000000000001
964 1.904986058186795 96.40000000000001
965 1.90013285506437 96.5
966 1.895143171620221 96.60000000000001
967 1.889996096836291 96.7
968 1.88468533523789 96.80000000000001
969 1.879230821874551 96.90000000000001
970 1.873681470402689 97
971 1.867941361057833 97.10000000000001
972 1.862039404531944 97.2
973 1.856005599116091 97.30000000000001
974 1.849815735439586 97.40000000000001
975 1.843444767574218 97.5
976 1.836861777263975 97.60000000000001
977 1.8301891231214 97.7
978 1.823281033610283 97.80000000000001
979 1.816243397235051 97.90000000000001
980 1.809001840710575 98
981 1.801663727117244 98.10000000000001
982 1.794128647884184 98.2
983 1.78649877645127 98.30000000000001
984 1.778790893080311 98.40000000000001
985 1.770988337508771 98.5
986 1.763139816729453 98.60000000000001
987 1.755349964925448 98.7
988 1.747573721468436 98.80000000000001
989 1.739941269173297 98.90000000000001
990 1.732507930648898 99
991 1.725271822409741 99.10000000000001
992 1.718336491023957 99.2
993 1.711796142870781 99.30000000000001
994 1.705756398952344 99.40000000000001
995 1.70019030763832 99.5
996 1.69516884719992 99.60000000000001
997 1.690715368107677 99.7
998 1.686938589531705 99.80000000000001
999 1.683777485272579 99.90000000000001
1000 1.681197205806689 100
