"report-def-0-rfile"
"Time Step" "cd etc.."
("Time Step" "cd" "flow-time")
0 0 0
1 6.756869896770689 0.1
2 5.121249038875005 0.2
3 4.114735161066119 0.3
4 3.417174151494238 0.4
5 2.919680400902082 0.5
6 2.564164905334886 0.6000000000000001
7 2.311147521381722 0.7000000000000001
8 2.129248276096992 0.8
9 1.997765829330265 0.9
10 1.903515661124066 1
11 1.837472589498965 1.1
12 1.792254343335107 1.2
13 1.76226446933974 1.3
14 1.741189292739028 1.4
15 1.724282819740431 1.5
16 1.70978123813604 1.6
17 1.69938023196136 1.7
18 1.691531965610677 1.8
19 1.683880218897789 1.9
20 1.676132631818829 2
21 1.668233689665856 2.1
22 1.659018997775942 2.2
23 1.64873959856064 2.3
24 1.637531643863987 2.4
25 1.626282972520051 2.5
26 1.61597591449883 2.6
27 1.606736148902907 2.7
28 1.599493984378276 2.8
29 1.594400313173955 2.9
30 1.591509228323823 3
31 1.59137896256745 3.1
32 1.592870731790358 3.2
33 1.596082674263668 3.3
34 1.600823812708425 3.4
35 1.606821893380754 3.5
36 1.613693306044603 3.6
37 1.621070500444221 3.7
38 1.628657241226691 3.8
39 1.636294460616854 3.9
40 1.64378677851659 4
41 1.651074465907551 4.100000000000001
42 1.658092828888827 4.2
43 1.664784489235725 4.3
44 1.671088204747878 4.4
45 1.676978560083942 4.5
46 1.682443853397799 4.600000000000001
47 1.687435911389511 4.7
48 1.691914336248185 4.800000000000001
49 1.695831035252738 4.9
50 1.699139065347394 5
51 1.701785858989924 5.100000000000001
52 1.703719995656338 5.2
53 1.704898555636372 5.300000000000001
54 1.70527702554995 5.4
55 1.704868839976876 5.5
56 1.703632584022093 5.600000000000001
57 1.701605551462969 5.7
58 1.698809090491535 5.800000000000001
59 1.695279940915241 5.9
60 1.691051398530178 6
61 1.686204055489956 6.100000000000001
62 1.680814054697566 6.2
63 1.674962273042626 6.300000000000001
64 1.668731943983677 6.4
65 1.662219406585489 6.5
66 1.655486862498566 6.600000000000001
67 1.648593762210909 6.7
68 1.641601786514343 6.800000000000001
69 1.634596522343292 6.9
70 1.627670518072368 7
71 1.620992375298018 7.100000000000001
72 1.614842224416837 7.2
73 1.609866370598503 7.300000000000001
74 1.607512947879898 7.4
75 1.610601439518239 7.5
76 1.623451982704319 7.600000000000001
77 1.649844928429564 7.7
78 1.689423235849194 7.800000000000001
79 1.736881342162842 7.9
80 1.785029955237547 8
81 1.826944657431235 8.1
82 1.857440499397659 8.200000000000001
83 1.874190812326624 8.300000000000001
84 1.877637554873852 8.4
85 1.869885476454655 8.5
86 1.853695528055735 8.6
87 1.831971068834604 8.700000000000001
88 1.807489662250351 8.800000000000001
89 1.782653041617371 8.9
90 1.75933262562006 9
91 1.738787310715512 9.1
92 1.721801347198556 9.200000000000001
93 1.70874315362034 9.300000000000001
94 1.699652714888822 9.4
95 1.694320929021051 9.5
96 1.692349316032529 9.600000000000001
97 1.693207599297684 9.700000000000001
98 1.696306964801445 9.800000000000001
99 1.700963547607547 9.9
100 1.706474529000161 10
101 1.712103272641011 10.1
102 1.717166589667692 10.2
103 1.721054140789484 10.3
104 1.723279306618619 10.4
105 1.723528657558081 10.5
106 1.721698418828605 10.6
107 1.717889595908107 10.7
108 1.712379667239198 10.8
109 1.705587994611387 10.9
110 1.69802335812851 11
111 1.690217198562607 11.1
112 1.682681639323473 11.2
113 1.675880621828655 11.3
114 1.670219981037889 11.4
115 1.6659928511783 11.5
116 1.663330401147563 11.6
117 1.662124909978631 11.7
118 1.662022129964432 11.8
119 1.662502892829973 11.9
120 1.662995584566945 12
121 1.662917284872408 12.1
122 1.661811010490178 12.2
123 1.659348925401964 12.3
124 1.655472950950555 12.4
125 1.650360029090809 12.5
126 1.644428131454184 12.6
127 1.63820651531905 12.7
128 1.632240263875473 12.8
129 1.626978862004383 12.9
130 1.622712995743909 13
131 1.619577918221131 13.1
132 1.617555070011143 13.2
133 1.616519381969932 13.3
134 1.616273932636915 13.4
135 1.616579558224054 13.5
136 1.617208665526631 13.6
137 1.617903436946777 13.7
138 1.618461981723924 13.8
139 1.61869914369104 13.9
140 1.61849255696771 14
141 1.617730398348734 14.1
142 1.616390743491596 14.2
143 1.614489268731926 14.3
144 1.612079316629708 14.4
145 1.609234022000811 14.5
146 1.606086594959465 14.6
147 1.602740657378319 14.7
148 1.599328594676475 14.8
149 1.595940977361425 14.9
150 1.59268224718382 15
151 1.589601160094699 15.1
152 1.586749716470312 15.2
153 1.584143451772008 15.3
154 1.581758410001781 15.4
155 1.579594549461432 15.5
156 1.577614414636953 15.6
157 1.575765281918057 15.7
158 1.574034405147943 15.8
159 1.572367756333587 15.9
160 1.570749969653546 16
161 1.569166781559677 16.1
162 1.567611380698264 16.2
163 1.566095559149913 16.3
164 1.564621261475343 16.4
165 1.563222791219382 16.5
166 1.561912584651587 16.6
167 1.560726209355446 16.7
168 1.559676599592169 16.8
169 1.558785909909283 16.9
170 1.558067309257287 17
171 1.557490972823683 17.1
172 1.557072424534826 17.2
173 1.556792773123982 17.3
174 1.556602817315119 17.4
175 1.556485592877094 17.5
176 1.556400153635292 17.6
177 1.556327042075285 17.7
178 1.556237838719299 17.8
179 1.55607944317768 17.9
180 1.555859993497154 18
181 1.555567040545961 18.1
182 1.555169108278765 18.2
183 1.554702891282475 18.3
184 1.554146575983128 18.4
185 1.553525608744898 18.5
186 1.552859179022781 18.6
187 1.552157716402154 18.7
188 1.551446300083739 18.8
189 1.550738361696471 18.9
190 1.550055288518749 19
191 1.549409949516827 19.1
192 1.548812538664374 19.2
193 1.548264214681442 19.3
194 1.547784808569926 19.4
195 1.547356138452761 19.5
196 1.546994866101927 19.6
197 1.54667944023188 19.7
198 1.546420696980344 19.8
199 1.546203352565464 19.9
200 1.546010992491006 20
201 1.54585573360781 20.1
202 1.545729772857495 20.2
203 1.545609329974461 20.3
204 1.545499362717319 20.4
205 1.545399826018218 20.5
206 1.545311524393883 20.6
207 1.545227200947704 20.7
208 1.545146802039855 20.8
209 1.545082579428116 20.9
210 1.545027146232878 21
211 1.544997776816248 21.1
212 1.544988549128167 21.2
213 1.54500698863156 21.3
214 1.54505649960319 21.4
215 1.545142814454683 21.5
216 1.545270212047529 21.6
217 1.545440467771557 21.7
218 1.545654173363222 21.8
219 1.545911413747307 21.9
220 1.546206556569548 22
221 1.546556404857355 22.1
222 1.546935112344757 22.2
223 1.547350017930427 22.3
224 1.547791280869038 22.4
225 1.548273086787414 22.5
226 1.548769336072967 22.6
227 1.549282723072171 22.7
228 1.549814117918003 22.8
229 1.550362697580993 22.9
230 1.550909026896366 23
231 1.551457920623975 23.1
232 1.552006988807934 23.2
233 1.552560315404894 23.3
234 1.553101502230298 23.4
235 1.553640107510837 23.5
236 1.554178505758931 23.6
237 1.554699545627082 23.7
238 1.555216318929632 23.8
239 1.555725051462147 23.9
240 1.556218508718819 24
241 1.556718891057143 24.1
242 1.557214253168406 24.2
243 1.557698865221675 24.3
244 1.558179935711404 24.4
245 1.5586632350875 24.5
246 1.559144284031414 24.6
247 1.55962662770998 24.7
248 1.560109414040792 24.8
249 1.560593814808755 24.9
250 1.561078973617467 25
251 1.561564661199581 25.1
252 1.562059666642832 25.2
253 1.562557064462804 25.3
254 1.56304958551877 25.4
255 1.563548519282331 25.5
256 1.564047045611635 25.6
257 1.564550685509549 25.7
258 1.5650471121474 25.8
259 1.565550287976479 25.9
260 1.566054142883565 26
261 1.56655557211582 26.1
262 1.567054550894449 26.2
263 1.567551792054577 26.3
264 1.568049230313617 26.4
265 1.568540954588112 26.5
266 1.569029832118014 26.6
267 1.56951653421986 26.7
268 1.569998431833107 26.8
269 1.570477576062124 26.9
270 1.570957844167351 27
271 1.571446026469326 27.1
272 1.571927434152725 27.2
273 1.572413437377961 27.3
274 1.572908041406576 27.4
275 1.57341063800317 27.5
276 1.573926064584408 27.6
277 1.574457607445391 27.7
278 1.575026079177461 27.8
279 1.575612064803946 27.9
280 1.576219904537249 28
281 1.576875550480697 28.1
282 1.577582838719572 28.2
283 1.578328913830625 28.3
284 1.579125747632677 28.4
285 1.579978827567833 28.5
286 1.580899380797406 28.6
287 1.581885333420072 28.7
288 1.582935195921818 28.8
289 1.584052560370953 28.9
290 1.585253848548564 29
291 1.586527405920708 29.1
292 1.587877274873476 29.2
293 1.589291172910237 29.3
294 1.590788103092753 29.4
295 1.59233877081396 29.5
296 1.593951012439214 29.6
297 1.595605762799576 29.7
298 1.597287439448416 29.8
299 1.598969551717213 29.9
300 1.600639156079968 30
