"report-def-0-rfile"
"Time Step" "cd etc.."
("Time Step" "cd" "flow-time")
0 -3.001108798378325e-28 0
1 7.162814220044107 0.1
2 5.800014368948265 0.2
3 5.137485736243317 0.3
4 4.721966124928752 0.4
5 4.406624995776051 0.5
6 4.144052213471415 0.6000000000000001
7 3.919048622811121 0.7000000000000001
8 3.723862420963962 0.8
9 3.553352454118839 0.9
10 3.403523730030099 1
11 3.270806830164005 1.1
12 3.152342604419024 1.2
13 3.045774722753378 1.3
14 2.949230497093912 1.4
15 2.861140117533214 1.5
16 2.780312478476904 1.6
17 2.705799469255579 1.7
18 2.636810121349675 1.8
19 2.572731574646053 1.9
20 2.513143763504503 2
21 2.45761107662761 2.1
22 2.405765499421406 2.2
23 2.357515644304578 2.3
24 2.312650543487804 2.4
25 2.271025341510032 2.5
26 2.232500546183091 2.6
27 2.196825185660985 2.7
28 2.163791891174307 2.8
29 2.132955114879581 2.9
30 2.104149837835789 3
31 2.076886878724809 3.1
32 2.050887509132074 3.2
33 2.025875552377566 3.3
34 2.001547173084301 3.4
35 1.97770354820621 3.5
36 1.954183110674899 3.6
37 1.93087020812197 3.7
38 1.907706767743663 3.8
39 1.884755893914421 3.9
40 1.86195875173898 4
41 1.839540228936929 4.100000000000001
42 1.81756580766219 4.2
43 1.796145709266808 4.3
44 1.775396547722026 4.4
45 1.755346732254152 4.5
46 1.73605309074529 4.600000000000001
47 1.717495389363328 4.7
48 1.699711350850383 4.800000000000001
49 1.682636513307741 4.9
50 1.666194839341668 5
51 1.650418076214778 5.100000000000001
52 1.635188196892843 5.2
53 1.620517283480046 5.300000000000001
54 1.606398360727698 5.4
55 1.592867378010793 5.5
56 1.579912316779844 5.600000000000001
57 1.567555170821924 5.7
58 1.555835218252445 5.800000000000001
59 1.544713460937402 5.9
60 1.534281877192708 6
61 1.524473198082101 6.100000000000001
62 1.515323377617489 6.2
63 1.50682217087894 6.300000000000001
64 1.498991955526182 6.4
65 1.491749425649136 6.5
66 1.485177459353652 6.600000000000001
67 1.479194723187112 6.7
68 1.473765970148647 6.800000000000001
69 1.468888852145276 6.9
70 1.464468586281558 7
71 1.460521753837354 7.100000000000001
72 1.456902769586414 7.2
73 1.453700915946075 7.300000000000001
74 1.45077014358039 7.4
75 1.448047589669797 7.5
76 1.445612126886582 7.600000000000001
77 1.443264121725163 7.7
78 1.441063684670182 7.800000000000001
79 1.438989322774644 7.9
80 1.436949021923994 8
81 1.435026907118433 8.1
82 1.433121987644767 8.200000000000001
83 1.431321433056402 8.300000000000001
84 1.42952462381559 8.4
85 1.427810559070334 8.5
86 1.426180030828821 8.6
87 1.424560359481828 8.700000000000001
88 1.423056648720185 8.800000000000001
89 1.421651351760699 8.9
90 1.420320581219358 9
91 1.419107521315972 9.1
92 1.418069050242312 9.200000000000001
93 1.41708377060301 9.300000000000001
94 1.41628938557747 9.4
95 1.415668445812328 9.5
96 1.415173485241335 9.600000000000001
97 1.4148739910598 9.700000000000001
98 1.414751831847161 9.800000000000001
99 1.414795223829625 9.9
100 1.415081288607148 10
101 1.415514403891633 10.1
102 1.416161186786596 10.2
103 1.417007281519334 10.3
104 1.418007149166379 10.4
105 1.419231983427443 10.5
106 1.4205875329796 10.6
107 1.422130942911413 10.7
108 1.423781971658817 10.8
109 1.425602274353979 10.9
110 1.427502241844117 11
111 1.42952539921791 11.1
112 1.431629396291826 11.2
113 1.433831244207913 11.3
114 1.436060029809299 11.4
115 1.438362491053363 11.5
116 1.440709772740438 11.6
117 1.443074911725075 11.7
118 1.445440772107474 11.8
119 1.447853952106963 11.9
120 1.450269534425154 12
121 1.452701383288609 12.1
122 1.455118052288246 12.2
123 1.457587300582084 12.3
124 1.460082137915925 12.4
125 1.462598592805613 12.5
126 1.465146452317561 12.6
127 1.467736050871554 12.7
128 1.470335796135087 12.8
129 1.473013487190853 12.9
130 1.475745741972986 13
131 1.478518694901122 13.1
132 1.481341672093602 13.2
133 1.484199787688652 13.3
134 1.487099301254792 13.4
135 1.490043674782127 13.5
136 1.493042292672767 13.6
137 1.496007931026771 13.7
138 1.499051973660571 13.8
139 1.502089240044684 13.9
140 1.505155500730446 14
141 1.508212577605798 14.1
142 1.511216223099435 14.2
143 1.514234225334021 14.3
144 1.517203406127955 14.4
145 1.52015617052902 14.5
146 1.52306319707985 14.6
147 1.525885242015688 14.7
148 1.528684780439056 14.8
149 1.53144031826039 14.9
150 1.534099457662583 15
151 1.536735156043644 15.1
152 1.539286055327294 15.2
153 1.541793432568228 15.3
154 1.544237190664994 15.4
155 1.546601884847802 15.5
156 1.54898383953067 15.6
157 1.551252087606157 15.7
158 1.553533180282531 15.8
159 1.555745170100719 15.9
160 1.557934087156017 16
161 1.560078043497632 16.1
162 1.562224609526456 16.2
163 1.564347470204958 16.3
164 1.566401886023834 16.4
165 1.568528410445744 16.5
166 1.570533197560183 16.6
167 1.572605903334681 16.7
168 1.574626625506706 16.8
169 1.57664376502048 16.9
170 1.578645697117472 17
171 1.580606429318815 17.1
172 1.582525875821708 17.2
173 1.584485655503506 17.3
174 1.586375761694352 17.4
175 1.588295511662567 17.5
176 1.590178551534454 17.6
177 1.592038377048083 17.7
178 1.593901876909967 17.8
179 1.595771446200535 17.9
180 1.597597242360034 18
181 1.599446062521391 18.1
182 1.601268644656385 18.2
183 1.603056700987942 18.3
184 1.604865081866437 18.4
185 1.606618085822383 18.5
186 1.608376409013459 18.6
187 1.610113518444653 18.7
188 1.611845833209928 18.8
189 1.6135468439735 18.9
190 1.615238959894009 19
191 1.616888164085916 19.1
192 1.618589306766647 19.2
193 1.620269935137734 19.3
194 1.621907763224772 19.4
195 1.623528264990646 19.5
196 1.62517875244262 19.6
197 1.626841669937754 19.7
198 1.628469670566512 19.8
199 1.630119783057639 19.9
200 1.63171216707271 20
201 1.633406716817281 20.1
202 1.635049010948423 20.2
203 1.636702748017309 20.3
204 1.638310427350427 20.4
205 1.639989674972419 20.5
206 1.641637688007293 20.6
207 1.643280203126985 20.7
208 1.644966749995745 20.8
209 1.646588118769025 20.9
210 1.648260837907191 21
211 1.649906462234001 21.1
212 1.651579972132204 21.2
213 1.653222513481215 21.3
214 1.654897044388846 21.4
215 1.656558420010894 21.5
216 1.658217591930466 21.6
217 1.659838736366307 21.7
218 1.661460468271054 21.8
219 1.663121125585577 21.9
220 1.6647439022514 22
221 1.666336386863738 22.1
222 1.667976360550439 22.2
223 1.669565142098503 22.3
224 1.671127513567773 22.4
225 1.672732288051109 22.5
226 1.674234267690886 22.6
227 1.675791992589823 22.7
228 1.677358656774078 22.8
229 1.678927132233325 22.9
230 1.680460245433365 23
231 1.681920600146593 23.1
232 1.683416568884431 23.2
233 1.685006329918392 23.3
234 1.686505489939441 23.4
235 1.687983596227987 23.5
236 1.689470706984874 23.6
237 1.690927446312382 23.7
238 1.692427526724021 23.8
239 1.693888341834433 23.9
240 1.695341887170005 24
241 1.696824025893231 24.1
242 1.698284460949777 24.2
243 1.699731622170974 24.3
244 1.701179513948128 24.4
245 1.702623073894542 24.5
246 1.704102057827672 24.6
247 1.705492634886575 24.7
248 1.706919423597273 24.8
249 1.708366062322918 24.9
250 1.709779360264351 25
251 1.711265136452945 25.1
252 1.712665451821138 25.2
253 1.714045944702267 25.3
254 1.715492526362692 25.4
255 1.716907828707821 25.5
256 1.718308587521591 25.6
257 1.719722469595029 25.7
258 1.721139450496048 25.8
259 1.722558456593598 25.9
260 1.723963637234062 26
261 1.725355197901929 26.1
262 1.726766267660262 26.2
263 1.728125219988131 26.3
264 1.72954169438643 26.4
265 1.730960244776074 26.5
266 1.732358582857356 26.6
267 1.733780502879837 26.7
268 1.735163661357016 26.8
269 1.736544787490748 26.9
270 1.737936431611142 27
271 1.739353465109731 27.1
272 1.740744188551173 27.2
273 1.742198722149138 27.3
274 1.743553978617733 27.4
275 1.744995410414154 27.5
276 1.746397752688019 27.6
277 1.747790593584718 27.7
278 1.749171359445699 27.8
279 1.750574984184488 27.9
280 1.75203766014728 28
281 1.753467549704514 28.1
282 1.754873924762537 28.2
283 1.756296904201987 28.3
284 1.757694661564986 28.4
285 1.759124356635606 28.5
286 1.760515828851761 28.6
287 1.761921454229648 28.7
288 1.763359805035197 28.8
289 1.764788052664749 28.9
290 1.766196076998444 29
291 1.767614459588349 29.1
292 1.769032183867628 29.2
293 1.770507463190456 29.3
294 1.771916817570399 29.4
295 1.773329563302259 29.5
296 1.774724955242908 29.6
297 1.776210271476954 29.7
298 1.777613545745614 29.8
299 1.7790077610452 29.9
300 1.780450711368285 30
301 1.781886984601413 30.1
302 1.783286546374549 30.2
303 1.784732736845212 30.3
304 1.786140201936385 30.4
305 1.787564910810239 30.5
306 1.78900791644043 30.6
307 1.790411013053862 30.7
308 1.791822722183199 30.8
309 1.793194952532574 30.9
310 1.794609656376162 31
311 1.796060797932237 31.1
312 1.797464417357954 31.2
313 1.798876970399566 31.3
314 1.800263444821178 31.4
315 1.801663503748779 31.5
316 1.80308370847361 31.6
317 1.804488170088163 31.7
318 1.805886981790803 31.8
319 1.807268255715874 31.9
320 1.808632640724976 32
321 1.810031314960133 32.1
322 1.811433347047945 32.2
323 1.812805465476997 32.3
324 1.814188601544578 32.4
325 1.815562782909818 32.5
326 1.816924973549259 32.6
327 1.818302686263772 32.7
328 1.819649591580492 32.8
329 1.821020394325404 32.9
330 1.822384385771167 33
331 1.823726964376523 33.1
332 1.825076488187587 33.2
333 1.826419461272831 33.3
334 1.827771844642232 33.4
335 1.829096308950026 33.5
336 1.830422255967844 33.6
337 1.83174510991447 33.7
338 1.833100767858393 33.8
339 1.834414376935436 33.9
340 1.835715334589929 34
341 1.836994117179897 34.1
342 1.838303104016576 34.2
343 1.839590055701923 34.3
344 1.840899367597364 34.4
345 1.842193258808806 34.5
346 1.843453048037879 34.6
347 1.844744664028641 34.7
348 1.846011339003272 34.8
349 1.847263603822891 34.9
350 1.84854314659985 35
351 1.849786679843675 35.1
352 1.851041428326085 35.2
353 1.852279363794967 35.3
354 1.853516676246492 35.4
355 1.85474772287535 35.5
356 1.855958957968957 35.6
357 1.857186597169279 35.7
358 1.858414006890829 35.8
359 1.85960871494357 35.9
360 1.860822127140112 36
361 1.862001022579836 36.1
362 1.863201481549478 36.2
363 1.864378944548035 36.3
364 1.865568501315083 36.4
365 1.866734024170346 36.5
366 1.86788481271239 36.6
367 1.869061488044994 36.7
368 1.870211367700152 36.8
369 1.871374035217391 36.9
370 1.872510418707586 37
371 1.873644803423707 37.1
372 1.874771552818208 37.2
373 1.875905111405523 37.3
374 1.877010527370448 37.4
375 1.878124018308645 37.5
376 1.879240922577805 37.6
377 1.880350116510802 37.7
378 1.881426581540574 37.8
379 1.882523440766351 37.9
380 1.883579702709648 38
381 1.884676307243415 38.1
382 1.885763973054928 38.2
383 1.886819867170098 38.3
384 1.887863355077156 38.40000000000001
385 1.888920629388203 38.5
386 1.889975128680508 38.6
387 1.890994680971983 38.7
388 1.892042189877454 38.8
389 1.893076680458629 38.90000000000001
390 1.894098580824963 39
391 1.895117655048608 39.1
392 1.896132602423814 39.2
393 1.89714027135888 39.3
394 1.898127997421211 39.40000000000001
395 1.89912194340963 39.5
396 1.900115698554027 39.6
397 1.901101125729866 39.7
398 1.902072115640342 39.8
399 1.903062303640404 39.90000000000001
400 1.904025452128478 40
401 1.904965747874902 40.1
402 1.905912133956788 40.2
403 1.906877421959367 40.3
404 1.907821843872411 40.40000000000001
405 1.908742697692381 40.5
406 1.90966461216198 40.6
407 1.910594102012642 40.7
408 1.911523877348326 40.8
409 1.912439869024292 40.90000000000001
410 1.913341592955973 41
411 1.914242146725194 41.1
412 1.915133847147157 41.2
413 1.916019286587074 41.3
414 1.916901827121057 41.40000000000001
415 1.917781015674982 41.5
416 1.918640108113028 41.6
417 1.919511964164291 41.7
418 1.920370995088896 41.8
419 1.921223276764176 41.90000000000001
420 1.922075296462533 42
421 1.922920559760179 42.1
422 1.923761053672634 42.2
423 1.924592282480587 42.3
424 1.925416937300009 42.40000000000001
425 1.926237601946348 42.5
426 1.927043681227392 42.6
427 1.927846970745812 42.7
428 1.928670700944995 42.8
429 1.929459231751786 42.90000000000001
430 1.930230211817347 43
431 1.931042966328874 43.1
432 1.931816869608332 43.2
433 1.932606322385071 43.3
434 1.933369951251201 43.40000000000001
435 1.934127644371293 43.5
436 1.934896581186531 43.6
437 1.935649375851236 43.7
438 1.936394272432032 43.8
439 1.937130961324669 43.90000000000001
440 1.937888739411404 44
441 1.938608558301389 44.1
442 1.93934870505593 44.2
443 1.94007488919508 44.3
444 1.940792682040199 44.40000000000001
445 1.941490229865828 44.5
446 1.94221592865639 44.6
447 1.942915032192712 44.7
448 1.9436218044744 44.8
449 1.944314168795964 44.90000000000001
450 1.945007025531048 45
451 1.945693639026698 45.1
452 1.946376716452937 45.2
453 1.947054138339768 45.3
454 1.947723697131088 45.40000000000001
455 1.948378199631673 45.5
456 1.949048082176112 45.6
457 1.949705457578024 45.7
458 1.95035389585698 45.8
459 1.951002018809752 45.90000000000001
460 1.951646683882259 46
461 1.952271211948686 46.1
462 1.952922130748741 46.2
463 1.953556106528028 46.3
464 1.953757917247683 46.40000000000001
465 1.954592662340764 46.5
466 1.955217328236941 46.6
467 1.955834390696378 46.7
468 1.956445804475908 46.8
469 1.956636215006629 46.90000000000001
470 1.95745796235927 47
471 1.958056711294241 47.1
472 1.958650483633291 47.2
473 1.958842636902011 47.3
474 1.959618202337653 47.40000000000001
475 1.960218557247505 47.5
476 1.960814097764566 47.6
477 1.961375008836604 47.7
478 1.961551943730521 47.8
479 1.962325169774935 47.90000000000001
480 1.962894115928323 48
481 1.963446640700861 48.1
482 1.963631941944799 48.2
483 1.964365805473895 48.3
484 1.964932721737032 48.40000000000001
485 1.965487662535547 48.5
486 1.965659239657641 48.6
487 1.96637033470218 48.7
488 1.966915503375769 48.8
489 1.967446734394612 48.90000000000001
490 1.967967096668929 49
491 1.968129729935982 49.1
492 1.968837272894918 49.2
493 1.969361886518676 49.3
494 1.969874619413842 49.40000000000001
495 1.970047116911406 49.5
496 1.970716198203517 49.6
497 1.97123292751193 49.7
498 1.971734067635761 49.8
499 1.971900461745181 49.90000000000001
500 1.972540269217108 50
501 1.973028208378647 50.1
502 1.97353139051991 50.2
503 1.974024258849553 50.3
504 1.974187420381603 50.40000000000001
505 1.974822650664019 50.5
506 1.975305175244234 50.6
507 1.975771988916977 50.7
508 1.975928172377014 50.8
509 1.976542800778004 50.90000000000001
510 1.977021103282846 51
511 1.977482317921092 51.1
512 1.97764055845329 51.2
513 1.978211982952067 51.3
514 1.978694776175707 51.40000000000001
515 1.979149538851532 51.5
516 1.979303209441704 51.6
517 1.97987206191171 51.7
518 1.980331800223768 51.8
519 1.980773582725745 51.90000000000001
520 1.980926687359251 52
521 1.981474422796837 52.1
522 1.981926382333746 52.2
523 1.982081629886919 52.3
524 1.982624058750706 52.40000000000001
525 1.983062622467488 52.5
526 1.983218034847964 52.6
527 1.983744407576935 52.7
528 1.984185063062025 52.8
529 1.98433654490701 52.90000000000001
530 1.984851727231119 53
531 1.985295063893955 53.1
532 1.98543949588099 53.2
533 1.985946634799179 53.3
534 1.986356304903629 53.40000000000001
535 1.986504541112035 53.5
536 1.987020218282688 53.6
537 1.987428051516481 53.7
538 1.987568873386803 53.8
539 1.988069820120203 53.90000000000001
540 1.988477994211409 54
541 1.988615601906843 54.1
542 1.989094420204385 54.2
543 1.989489623288575 54.3
544 1.989624140569633 54.40000000000001
545 1.990103638473448 54.5
546 1.990493654309285 54.6
547 1.990627766983979 54.7
548 1.991092378425388 54.8
549 1.991480184473897 54.90000000000001
550 1.9916109040347 55
551 1.992066305426924 55.1
552 1.992448222558198 55.2
553 1.992582165251375 55.3
554 1.993015995632795 55.40000000000001
555 1.993394989252334 55.5
556 1.993520561920642 55.6
557 1.993965538606908 55.7
558 1.994323244153676 55.8
559 1.99444565261229 55.90000000000001
560 1.994882825559323 56
561 1.995236851048991 56.1
562 1.99535741053091 56.2
563 1.995777419676418 56.3
564 1.996128070899317 56.40000000000001
565 1.996254435629589 56.5
566 1.996649326698917 56.6
567 1.997018717527307 56.7
568 1.997138551703738 56.8
569 1.997528787154665 56.90000000000001
570 1.997872796311637 57
571 1.997993725813881 57.1
572 1.998382808124794 57.2
573 1.998723175881987 57.3
574 1.998834548010934 57.40000000000001
575 1.999223864627526 57.5
576 1.999552723949705 57.6
577 1.999662111160696 57.7
578 2.000043906461343 57.8
579 2.000371845772912 57.90000000000001
580 2.000482366459087 58
581 2.000851635100504 58.1
582 2.001167595838245 58.2
583 2.001276486906547 58.3
584 2.001642752424337 58.40000000000001
585 2.001953932253353 58.5
586 2.002071075850605 58.6
587 2.002407757550156 58.7
588 2.002723834711309 58.8
589 2.002831369973908 58.90000000000001
590 2.003183907432409 59
591 2.003476723743635 59.1
592 2.003583948436575 59.2
593 2.003912846351729 59.3
594 2.004230861971354 59.40000000000001
595 2.004335904200777 59.5
596 2.004659590936902 59.6
597 2.004957630369744 59.7
598 2.005059479525007 59.8
599 2.005380393588328 59.90000000000001
600 2.005673370814213 60
601 2.005775880266541 60.1
602 2.006091889509804 60.2
603 2.006378108533753 60.3
604 2.006480425795636 60.40000000000001
605 2.006776165563236 60.5
606 2.007064370979692 60.6
607 2.007171460537193 60.7
608 2.007463156707932 60.8
609 2.007742810860895 60.90000000000001
610 2.007837575411449 61
611 2.008134646806804 61.1
612 2.008427349463154 61.2
613 2.008512609508928 61.3
614 2.008794467140358 61.40000000000001
615 2.009059335396816 61.5
616 2.009146768839589 61.6
617 2.009439614052686 61.7
618 2.00970898058288 61.8
619 2.009788167716394 61.90000000000001
620 2.010078610891185 62
621 2.010336440538148 62.1
622 2.010416895064607 62.2
623 2.010700380474916 62.3
624 2.01094986393305 62.40000000000001
625 2.011031425767933 62.5
626 2.01131654990879 62.6
627 2.011561103767612 62.7
628 2.011635556846039 62.8
629 2.011904992427845 62.90000000000001
630 2.012153947023573 63
631 2.012229872606986 63.1
632 2.012504864769487 63.2
633 2.012732226687996 63.3
634 2.012807430490422 63.40000000000001
635 2.013061873613717 63.5
636 2.013309037134395 63.6
637 2.013380589684755 63.7
638 2.013642168569431 63.8
639 2.013866837381421 63.90000000000001
640 2.013936864879353 64
641 2.014198329288727 64.10000000000001
642 2.014416406554574 64.2
643 2.014487120565158 64.3
644 2.014732381581752 64.40000000000001
645 2.014958198477572 64.5
646 2.015026917300581 64.60000000000001
647 2.015266875801796 64.7
648 2.015485504570594 64.8
649 2.01555400534571 64.90000000000001
650 2.015785399559725 65
651 2.015996697218779 65.10000000000001
652 2.01606414287893 65.2
653 2.016311326367492 65.3
654 2.016520222455079 65.40000000000001
655 2.016583890896993 65.5
656 2.016804272317079 65.60000000000001
657 2.017017198848084 65.7
658 2.017081554531236 65.8
659 2.017296737360473 65.90000000000001
660 2.017501325963901 66
661 2.017569802712432 66.10000000000001
662 2.017779748946889 66.2
663 2.017993264752922 66.3
664 2.01805365530562 66.40000000000001
665 2.018242975762897 66.5
666 2.018451690557704 66.60000000000001
667 2.018516073246476 66.7
668 2.018729105658851 66.8
669 2.018927878975925 66.90000000000001
670 2.018986390823245 67
671 2.019174325559524 67.10000000000001
672 2.019373917737412 67.2
673 2.019433239040608 67.3
674 2.019623169096166 67.40000000000001
675 2.019819675707208 67.5
676 2.019875691640181 67.60000000000001
677 2.020062475111855 67.7
678 2.020253354498476 67.8
679 2.020309695362662 67.90000000000001
680 2.020491855153901 68
681 2.020681434445886 68.10000000000001
682 2.020736013462052 68.2
683 2.020912220087448 68.3
684 2.021091342971086 68.40000000000001
685 2.021149926756218 68.5
686 2.021325147140752 68.60000000000001
687 2.02151457200687 68.7
688 2.021565524403274 68.8
689 2.021722164434574 68.90000000000001
690 2.021908563877618 69
691 2.021958949698167 69.10000000000001
692 2.022129058889709 69.2
693 2.022304913172839 69.3
694 2.022349990895807 69.40000000000001
695 2.02251080961456 69.5
696 2.02268653684691 69.60000000000001
697 2.022732128044717 69.7
698 2.022882857066503 69.8
699 2.023064663556229 69.90000000000001
700 2.023116909287743 70
701 2.023262422565254 70.10000000000001
702 2.023427162267758 70.2
703 2.023479106361277 70.3
704 2.023623060025053 70.40000000000001
705 2.023779266188494 70.5
706 2.023835128730534 70.60000000000001
707 2.023993507687683 70.7
708 2.024148714459622 70.8
709 2.024191099075273 70.90000000000001
710 2.024328567741041 71
711 2.024497188894495 71.10000000000001
712 2.024536378533962 71.2
713 2.024669886942732 71.3
714 2.024830082939324 71.40000000000001
715 2.024882288414529 71.5
716 2.025005743748524 71.60000000000001
717 2.025166144456012 71.7
718 2.025215564600689 71.8
719 2.025330054837301 71.90000000000001
720 2.025491721535471 72
721 2.025540507693654 72.10000000000001
722 2.025656024108218 72.2
723 2.025810433409215 72.3
724 2.025859509924002 72.40000000000001
725 2.025972552301501 72.5
726 2.026114156618212 72.60000000000001
727 2.026166294570219 72.7
728 2.026284325911727 72.8
729 2.026434348840917 72.90000000000001
730 2.026479136722555 73
731 2.026569922124583 73.10000000000001
732 2.026731532862616 73.2
733 2.026775323214788 73.3
734 2.026881881782707 73.40000000000001
735 2.027028028889949 73.5
736 2.027066809150506 73.60000000000001
737 2.027171415524933 73.7
738 2.027307228245175 73.8
739 2.027352067230772 73.90000000000001
740 2.027455574420771 74
741 2.027600146141419 74.10000000000001
742 2.027637730743399 74.2
743 2.027728821472305 74.3
744 2.027870393456475 74.40000000000001
745 2.027910622644217 74.5
746 2.028003767106472 74.60000000000001
747 2.028142714108941 74.7
748 2.028181759373134 74.8
749 2.028269266782217 74.90000000000001
750 2.028408126695058 75
751 2.028446684444521 75.10000000000001
752 2.028530669060446 75.2
753 2.028665558649247 75.3
754 2.028703370118161 75.40000000000001
755 2.028786903603006 75.5
756 2.028917012938454 75.60000000000001
757 2.028953912300554 75.7
758 2.029032714853605 75.8
759 2.029167426756076 75.90000000000001
760 2.029203192568398 76
761 2.02927773932542 76.10000000000001
762 2.029405557269875 76.2
763 2.02944374360502 76.3
764 2.02951219631643 76.40000000000001
765 2.029640327982535 76.5
766 2.029677499230597 76.60000000000001
767 2.02974172561711 76.7
768 2.029870009053013 76.80000000000001
769 2.02990396833625 76.90000000000001
770 2.02996769992061 77
771 2.030096509850631 77.10000000000001
772 2.030126297183468 77.2
773 2.030193693867806 77.30000000000001
774 2.03030645994246 77.40000000000001
775 2.030336352075923 77.5
776 2.030410839724488 77.60000000000001
777 2.030513797987112 77.7
778 2.030543634796402 77.80000000000001
779 2.030619948483821 77.90000000000001
780 2.030733522238795 78
781 2.030760672675695 78.10000000000001
782 2.03081024466119 78.2
783 2.030923549787909 78.30000000000001
784 2.030954627781482 78.40000000000001
785 2.030996582344001 78.5
786 2.031125519528057 78.60000000000001
787 2.03115274537975 78.7
788 2.031201471000287 78.80000000000001
789 2.031307594590555 78.90000000000001
790 2.031334695214711 79
791 2.03138671742197 79.10000000000001
792 2.031492029460418 79.2
793 2.031517051012507 79.30000000000001
794 2.031561290956417 79.40000000000001
795 2.031670555745615 79.5
796 2.031696166211481 79.60000000000001
797 2.031718854102551 79.7
798 2.031834889491303 79.80000000000001
799 2.031867260770486 79.90000000000001
800 2.031894990014964 80
801 2.032005347483668 80.10000000000001
802 2.032035081493464 80.2
803 2.032071091590387 80.30000000000001
804 2.032165977319816 80.40000000000001
805 2.032191690405618 80.5
806 2.032217681519317 80.60000000000001
807 2.032320078944002 80.7
808 2.03234530297294 80.80000000000001
809 2.032359782940406 80.90000000000001
810 2.032464652898586 81
811 2.032491328593983 81.10000000000001
812 2.032509342183977 81.2
813 2.032622932322 81.30000000000001
814 2.032639920453408 81.40000000000001
815 2.032665757105041 81.5
816 2.032752381327551 81.60000000000001
817 2.032768756624796 81.7
818 2.032787939172187 81.80000000000001
819 2.032880692701373 81.90000000000001
820 2.032902512634017 82
821 2.032927936290827 82.10000000000001
822 2.033011667435662 82.2
823 2.033028860500299 82.30000000000001
824 2.033041619454482 82.40000000000001
825 2.033148928601087 82.5
826 2.033160780375183 82.60000000000001
827 2.033174604362117 82.7
828 2.033259628125745 82.80000000000001
829 2.033271931076535 82.90000000000001
830 2.033287284941663 83
831 2.033375187360434 83.10000000000001
832 2.033386163903453 83.2
833 2.033398626449733 83.30000000000001
834 2.033482248001974 83.40000000000001
835 2.0334921129741 83.5
836 2.033491446032975 83.60000000000001
837 2.033582077426626 83.7
838 2.033595379674336 83.80000000000001
839 2.033614689500113 83.90000000000001
840 2.033691059006927 84
841 2.033700283475854 84.10000000000001
842 2.033703410336086 84.2
843 2.033780703492276 84.30000000000001
844 2.033787964436134 84.40000000000001
845 2.033781769817709 84.5
846 2.033873149713324 84.60000000000001
847 2.033884038880905 84.7
848 2.033873210997128 84.80000000000001
849 2.033970067297644 84.90000000000001
850 2.033973716397634 85
851 2.033952201275493 85.10000000000001
852 2.034040958142769 85.2
853 2.034049733449 85.30000000000001
854 2.03403554290736 85.40000000000001
855 2.034119807291399 85.5
856 2.034128362215732 85.60000000000001
857 2.03412473030265 85.7
858 2.034198191504632 85.80000000000001
859 2.03420177452781 85.90000000000001
860 2.03418891760871 86
861 2.034261520413505 86.10000000000001
862 2.034267724643207 86.2
863 2.034255516149022 86.30000000000001
864 2.034329755229415 86.40000000000001
865 2.03433382073327 86.5
866 2.034313580533708 86.60000000000001
867 2.034385740175306 86.7
868 2.034389140170604 86.80000000000001
869 2.034371235264471 86.90000000000001
870 2.034432570794269 87
871 2.034436258972368 87.10000000000001
872 2.034416914716552 87.2
873 2.034500882863499 87.30000000000001
874 2.034501206495785 87.40000000000001
875 2.034466319237285 87.5
876 2.034534896978536 87.60000000000001
877 2.034534984748206 87.7
878 2.034499300675579 87.80000000000001
879 2.034583779675155 87.90000000000001
880 2.034582296487597 88
881 2.03454249218179 88.10000000000001
882 2.034616859954347 88.2
883 2.034615176998023 88.30000000000001
884 2.034583517491507 88.40000000000001
885 2.034615994598518 88.5
886 2.034617672935948 88.60000000000001
887 2.034663005103576 88.7
888 2.034660067341772 88.80000000000001
889 2.034619234153774 88.90000000000001
890 2.034651204041742 89
891 2.034656066992932 89.10000000000001
892 2.034694661228368 89.2
893 2.034687235596624 89.30000000000001
894 2.034649738062802 89.40000000000001
895 2.034680496609175 89.5
896 2.034674848162785 89.60000000000001
897 2.034714943934341 89.7
898 2.034703603012734 89.80000000000001
899 2.034673577975253 89.90000000000001
900 2.034695939953371 90
901 2.034679615093063 90.10000000000001
902 2.034715579965924 90.2
903 2.034705018943286 90.30000000000001
904 2.034663261923602 90.40000000000001
905 2.034710655389652 90.5
906 2.034697518137865 90.60000000000001
907 2.034655170524755 90.7
908 2.034675755332331 90.80000000000001
909 2.034658331168652 90.90000000000001
910 2.034689083518294 91
911 2.034672666331827 91.10000000000001
912 2.034624853512911 91.2
913 2.034637206012957 91.30000000000001
914 2.034619700992492 91.40000000000001
915 2.034649681663453 91.5
916 2.034629130421407 91.60000000000001
917 2.033919418015319 91.7
918 2.034141266090181 91.80000000000001
919 2.03484310462362 91.90000000000001
920 2.034785029388672 92
921 2.034821480836268 92.10000000000001
922 2.034167215517394 92.2
923 2.034687319237304 92.30000000000001
924 2.03433629926286 92.40000000000001
925 2.034410259570357 92.5
926 2.034816683116265 92.60000000000001
927 2.034748438865092 92.7
928 2.033719686113658 92.80000000000001
929 2.035299742243089 92.90000000000001
930 2.033971564643923 93
931 2.034476916321553 93.10000000000001
932 2.034356954771115 93.2
933 2.034503338551614 93.30000000000001
934 2.034621998090619 93.40000000000001
935 2.034019900803518 93.5
936 2.034520937814346 93.60000000000001
937 2.034248622844062 93.7
938 2.034539268159393 93.80000000000001
939 2.034326655611227 93.90000000000001
940 2.034655155997916 94
941 2.034350115884186 94.10000000000001
942 2.034593430567872 94.2
943 2.034565426126543 94.30000000000001
944 2.034101010570758 94.40000000000001
945 2.033703473520281 94.5
946 2.034464689396541 94.60000000000001
947 2.034081306346884 94.7
948 2.033429035604796 94.80000000000001
949 2.034323480421103 94.90000000000001
950 2.03424654297051 95
951 2.033923881181901 95.10000000000001
952 2.03402089604578 95.2
953 2.033452552428692 95.30000000000001
954 2.034098256341699 95.40000000000001
955 2.03474147508415 95.5
956 2.03384834804037 95.60000000000001
957 2.033093429881615 95.7
958 2.034463949067395 95.80000000000001
959 2.033558418548293 95.90000000000001
960 2.033687766484194 96
961 2.033796276836211 96.10000000000001
962 2.033449654986102 96.2
963 2.03391520222308 96.30000000000001
964 2.033786914817146 96.40000000000001
965 2.033803322342433 96.5
966 2.033760003190107 96.60000000000001
967 2.033236157409736 96.7
968 2.032568934044581 96.80000000000001
969 2.03438020471436 96.90000000000001
970 2.034473148367304 97
971 2.032441396215876 97.10000000000001
972 2.034111651987872 97.2
973 2.033716558513325 97.30000000000001
974 2.033537910687449 97.40000000000001
975 2.033268737110482 97.5
976 2.033472366541051 97.60000000000001
977 2.033821769497267 97.7
978 2.033804115350888 97.80000000000001
979 2.032578857541412 97.90000000000001
980 2.034424692471986 98
981 2.033378675157155 98.10000000000001
982 2.032217506205634 98.2
983 2.03402624791582 98.30000000000001
984 2.033347548059276 98.40000000000001
985 2.033055182155976 98.5
986 2.033435413767289 98.60000000000001
987 2.032454084452406 98.7
988 2.033814901093735 98.80000000000001
989 2.033322846052928 98.90000000000001
990 2.033298644347732 99
991 2.032422559644527 99.10000000000001
992 2.033172195603824 99.2
993 2.03259938991532 99.30000000000001
994 2.033843224014027 99.40000000000001
995 2.033746916991307 99.5
996 2.032119305929196 99.60000000000001
997 2.032478004727255 99.7
998 2.033113152800478 99.80000000000001
999 2.032027947632807 99.90000000000001
1000 2.033811982074079 100
